# JRE version: Java(TM) SE Runtime Environment (8.0_66-b18) (build 1.8.0_66-b18)
# Java VM: Java HotSpot(TM) 64-Bit Server VM (25.66-b18 mixed mode windows-amd64 compressed oops)
Heap:
 PSYoungGen      total 148992K, used 77704K [0x00000000f5580000, 0x0000000100000000, 0x0000000100000000)
  eden space 121856K, 63% used [0x00000000f5580000,0x00000000fa162060,0x00000000fcc80000)
  from space 27136K, 0% used [0x00000000fe580000,0x00000000fe580000,0x0000000100000000)
  to   space 25600K, 0% used [0x00000000fcc80000,0x00000000fcc80000,0x00000000fe580000)
 ParOldGen       total 102400K, used 57889K [0x00000000e0000000, 0x00000000e6400000, 0x00000000f5580000)
  object space 102400K, 56% used [0x00000000e0000000,0x00000000e3888568,0x00000000e6400000)
 Metaspace       used 75949K, capacity 82694K, committed 82776K, reserved 1120256K
  class space    used 8984K, capacity 11325K, committed 11392K, reserved 1048576K
GC Heap History (10 events):
Event: 46.168 GC heap before
{Heap before GC invocations=20 (full 4):
 PSYoungGen      total 141824K, used 4323K [0x00000000f5580000, 0x0000000100000000, 0x0000000100000000)
  eden space 119296K, 0% used [0x00000000f5580000,0x00000000f5580000,0x00000000fca00000)
  from space 22528K, 19% used [0x00000000fea00000,0x00000000fee38f90,0x0000000100000000)
  to   space 27648K, 0% used [0x00000000fca00000,0x00000000fca00000,0x00000000fe500000)
 ParOldGen       total 87552K, used 60685K [0x00000000e0000000, 0x00000000e5580000, 0x00000000f5580000)
  object space 87552K, 69% used [0x00000000e0000000,0x00000000e3b43450,0x00000000e5580000)
 Metaspace       used 63351K, capacity 69272K, committed 69336K, reserved 1110016K
  class space    used 7528K, capacity 9437K, committed 9472K, reserved 1048576K
Event: 46.266 GC heap after
Heap after GC invocations=20 (full 4):
 PSYoungGen      total 141824K, used 0K [0x00000000f5580000, 0x0000000100000000, 0x0000000100000000)
  eden space 119296K, 0% used [0x00000000f5580000,0x00000000f5580000,0x00000000fca00000)
  from space 22528K, 0% used [0x00000000fea00000,0x00000000fea00000,0x0000000100000000)
  to   space 27648K, 0% used [0x00000000fca00000,0x00000000fca00000,0x00000000fe500000)
 ParOldGen       total 102400K, used 48062K [0x00000000e0000000, 0x00000000e6400000, 0x00000000f5580000)
  object space 102400K, 46% used [0x00000000e0000000,0x00000000e2eef8b0,0x00000000e6400000)
 Metaspace       used 63351K, capacity 69272K, committed 69336K, reserved 1110016K
  class space    used 7528K, capacity 9437K, committed 9472K, reserved 1048576K
}
Event: 81.033 GC heap before
{Heap before GC invocations=21 (full 4):
 PSYoungGen      total 141824K, used 24010K [0x00000000f5580000, 0x0000000100000000, 0x0000000100000000)
  eden space 119296K, 20% used [0x00000000f5580000,0x00000000f6cf2920,0x00000000fca00000)
  from space 22528K, 0% used [0x00000000fea00000,0x00000000fea00000,0x0000000100000000)
  to   space 27648K, 0% used [0x00000000fca00000,0x00000000fca00000,0x00000000fe500000)
 ParOldGen       total 102400K, used 48062K [0x00000000e0000000, 0x00000000e6400000, 0x00000000f5580000)
  object space 102400K, 46% used [0x00000000e0000000,0x00000000e2eef8b0,0x00000000e6400000)
 Metaspace       used 66674K, capacity 72934K, committed 73048K, reserved 1112064K
  class space    used 7990K, capacity 10083K, committed 10112K, reserved 1048576K
Event: 81.045 GC heap after
Heap after GC invocations=21 (full 4):
 PSYoungGen      total 146944K, used 4205K [0x00000000f5580000, 0x0000000100000000, 0x0000000100000000)
  eden space 119296K, 0% used [0x00000000f5580000,0x00000000f5580000,0x00000000fca00000)
  from space 27648K, 15% used [0x00000000fca00000,0x00000000fce1b418,0x00000000fe500000)
  to   space 27136K, 0% used [0x00000000fe580000,0x00000000fe580000,0x0000000100000000)
 ParOldGen       total 102400K, used 48070K [0x00000000e0000000, 0x00000000e6400000, 0x00000000f5580000)
  object space 102400K, 46% used [0x00000000e0000000,0x00000000e2ef18b0,0x00000000e6400000)
 Metaspace       used 66674K, capacity 72934K, committed 73048K, reserved 1112064K
  class space    used 7990K, capacity 10083K, committed 10112K, reserved 1048576K
}
Event: 81.045 GC heap before
{Heap before GC invocations=22 (full 5):
 PSYoungGen      total 146944K, used 4205K [0x00000000f5580000, 0x0000000100000000, 0x0000000100000000)
  eden space 119296K, 0% used [0x00000000f5580000,0x00000000f5580000,0x00000000fca00000)
  from space 27648K, 15% used [0x00000000fca00000,0x00000000fce1b418,0x00000000fe500000)
  to   space 27136K, 0% used [0x00000000fe580000,0x00000000fe580000,0x0000000100000000)
 ParOldGen       total 102400K, used 48070K [0x00000000e0000000, 0x00000000e6400000, 0x00000000f5580000)
  object space 102400K, 46% used [0x00000000e0000000,0x00000000e2ef18b0,0x00000000e6400000)
 Metaspace       used 66674K, capacity 72934K, committed 73048K, reserved 1112064K
  class space    used 7990K, capacity 10083K, committed 10112K, reserved 1048576K
Event: 81.406 GC heap after
Heap after GC invocations=22 (full 5):
 PSYoungGen      total 146944K, used 0K [0x00000000f5580000, 0x0000000100000000, 0x0000000100000000)
  eden space 119296K, 0% used [0x00000000f5580000,0x00000000f5580000,0x00000000fca00000)
  from space 27648K, 0% used [0x00000000fca00000,0x00000000fca00000,0x00000000fe500000)
  to   space 27136K, 0% used [0x00000000fe580000,0x00000000fe580000,0x0000000100000000)
 ParOldGen       total 102400K, used 49539K [0x00000000e0000000, 0x00000000e6400000, 0x00000000f5580000)
  object space 102400K, 48% used [0x00000000e0000000,0x00000000e3060e70,0x00000000e6400000)
 Metaspace       used 66674K, capacity 72934K, committed 73048K, reserved 1112064K
  class space    used 7990K, capacity 10083K, committed 10112K, reserved 1048576K
}
Event: 239.049 GC heap before
{Heap before GC invocations=23 (full 5):
 PSYoungGen      total 146944K, used 82636K [0x00000000f5580000, 0x0000000100000000, 0x0000000100000000)
  eden space 119296K, 69% used [0x00000000f5580000,0x00000000fa633248,0x00000000fca00000)
  from space 27648K, 0% used [0x00000000fca00000,0x00000000fca00000,0x00000000fe500000)
  to   space 27136K, 0% used [0x00000000fe580000,0x00000000fe580000,0x0000000100000000)
 ParOldGen       total 102400K, used 49539K [0x00000000e0000000, 0x00000000e6400000, 0x00000000f5580000)
  object space 102400K, 48% used [0x00000000e0000000,0x00000000e3060e70,0x00000000e6400000)
 Metaspace       used 74450K, capacity 81424K, committed 81624K, reserved 1120256K
  class space    used 8873K, capacity 11226K, committed 11264K, reserved 1048576K
Event: 239.074 GC heap after
Heap after GC invocations=23 (full 5):
 PSYoungGen      total 148992K, used 11213K [0x00000000f5580000, 0x0000000100000000, 0x0000000100000000)
  eden space 121856K, 0% used [0x00000000f5580000,0x00000000f5580000,0x00000000fcc80000)
  from space 27136K, 41% used [0x00000000fe580000,0x00000000ff073748,0x0000000100000000)
  to   space 25600K, 0% used [0x00000000fcc80000,0x00000000fcc80000,0x00000000fe580000)
 ParOldGen       total 102400K, used 49547K [0x00000000e0000000, 0x00000000e6400000, 0x00000000f5580000)
  object space 102400K, 48% used [0x00000000e0000000,0x00000000e3062e70,0x00000000e6400000)
 Metaspace       used 74450K, capacity 81424K, committed 81624K, reserved 1120256K
  class space    used 8873K, capacity 11226K, committed 11264K, reserved 1048576K
}
Event: 239.074 GC heap before
{Heap before GC invocations=24 (full 6):
 PSYoungGen      total 148992K, used 11213K [0x00000000f5580000, 0x0000000100000000, 0x0000000100000000)
  eden space 121856K, 0% used [0x00000000f5580000,0x00000000f5580000,0x00000000fcc80000)
  from space 27136K, 41% used [0x00000000fe580000,0x00000000ff073748,0x0000000100000000)
  to   space 25600K, 0% used [0x00000000fcc80000,0x00000000fcc80000,0x00000000fe580000)
 ParOldGen       total 102400K, used 49547K [0x00000000e0000000, 0x00000000e6400000, 0x00000000f5580000)
  object space 102400K, 48% used [0x00000000e0000000,0x00000000e3062e70,0x00000000e6400000)
 Metaspace       used 74450K, capacity 81424K, committed 81624K, reserved 1120256K
  class space    used 8873K, capacity 11226K, committed 11264K, reserved 1048576K
Event: 239.410 GC heap after
Heap after GC invocations=24 (full 6):
 PSYoungGen      total 148992K, used 0K [0x00000000f5580000, 0x0000000100000000, 0x0000000100000000)
  eden space 121856K, 0% used [0x00000000f5580000,0x00000000f5580000,0x00000000fcc80000)
  from space 27136K, 0% used [0x00000000fe580000,0x00000000fe580000,0x0000000100000000)
  to   space 25600K, 0% used [0x00000000fcc80000,0x00000000fcc80000,0x00000000fe580000)
 ParOldGen       total 102400K, used 57889K [0x00000000e0000000, 0x00000000e6400000, 0x00000000f5580000)
  object space 102400K, 56% used [0x00000000e0000000,0x00000000e3888568,0x00000000e6400000)
 Metaspace       used 74450K, capacity 81424K, committed 81624K, reserved 1120256K
  class space    used 8873K, capacity 11226K, committed 11264K, reserved 1048576K
}

