# JRE version: Java(TM) SE Runtime Environment (8.0_66-b18) (build 1.8.0_66-b18)
# Java VM: Java HotSpot(TM) 64-Bit Server VM (25.66-b18 mixed mode windows-amd64 compressed oops)
Heap:
 PSYoungGen      total 120832K, used 32274K [0x00000000f5580000, 0x00000000ff680000, 0x0000000100000000)
  eden space 96256K, 10% used [0x00000000f5580000,0x00000000f5f2fbf0,0x00000000fb380000)
  from space 24576K, 90% used [0x00000000fde80000,0x00000000ff454c30,0x00000000ff680000)
  to   space 34304K, 0% used [0x00000000fb380000,0x00000000fb380000,0x00000000fd500000)
 ParOldGen       total 108032K, used 44949K [0x00000000e0000000, 0x00000000e6980000, 0x00000000f5580000)
  object space 108032K, 41% used [0x00000000e0000000,0x00000000e2be5460,0x00000000e6980000)
 Metaspace       used 86223K, capacity 93752K, committed 93992K, reserved 1130496K
  class space    used 10374K, capacity 12811K, committed 12848K, reserved 1048576K
GC Heap History (10 events):
Event: 18.273 GC heap before
{Heap before GC invocations=15 (full 3):
 PSYoungGen      total 103424K, used 98718K [0x00000000f5580000, 0x00000000fe200000, 0x0000000100000000)
  eden space 79872K, 100% used [0x00000000f5580000,0x00000000fa380000,0x00000000fa380000)
  from space 23552K, 80% used [0x00000000fa380000,0x00000000fb5e7aa8,0x00000000fba80000)
  to   space 25088K, 0% used [0x00000000fc980000,0x00000000fc980000,0x00000000fe200000)
 ParOldGen       total 108032K, used 44845K [0x00000000e0000000, 0x00000000e6980000, 0x00000000f5580000)
  object space 108032K, 41% used [0x00000000e0000000,0x00000000e2bcb450,0x00000000e6980000)
 Metaspace       used 76962K, capacity 83494K, committed 83752K, reserved 1122304K
  class space    used 9337K, capacity 11460K, committed 11568K, reserved 1048576K
Event: 18.291 GC heap after
Heap after GC invocations=15 (full 3):
 PSYoungGen      total 116224K, used 22785K [0x00000000f5580000, 0x00000000fe480000, 0x0000000100000000)
  eden space 91136K, 0% used [0x00000000f5580000,0x00000000f5580000,0x00000000fae80000)
  from space 25088K, 90% used [0x00000000fc980000,0x00000000fdfc04a0,0x00000000fe200000)
  to   space 27648K, 0% used [0x00000000fae80000,0x00000000fae80000,0x00000000fc980000)
 ParOldGen       total 108032K, used 44853K [0x00000000e0000000, 0x00000000e6980000, 0x00000000f5580000)
  object space 108032K, 41% used [0x00000000e0000000,0x00000000e2bcd450,0x00000000e6980000)
 Metaspace       used 76962K, capacity 83494K, committed 83752K, reserved 1122304K
  class space    used 9337K, capacity 11460K, committed 11568K, reserved 1048576K
}
Event: 63.853 GC heap before
{Heap before GC invocations=16 (full 3):
 PSYoungGen      total 116224K, used 113921K [0x00000000f5580000, 0x00000000fe480000, 0x0000000100000000)
  eden space 91136K, 100% used [0x00000000f5580000,0x00000000fae80000,0x00000000fae80000)
  from space 25088K, 90% used [0x00000000fc980000,0x00000000fdfc04a0,0x00000000fe200000)
  to   space 27648K, 0% used [0x00000000fae80000,0x00000000fae80000,0x00000000fc980000)
 ParOldGen       total 108032K, used 44853K [0x00000000e0000000, 0x00000000e6980000, 0x00000000f5580000)
  object space 108032K, 41% used [0x00000000e0000000,0x00000000e2bcd450,0x00000000e6980000)
 Metaspace       used 81725K, capacity 88868K, committed 89128K, reserved 1126400K
  class space    used 9935K, capacity 12306K, committed 12336K, reserved 1048576K
Event: 63.866 GC heap after
Heap after GC invocations=16 (full 3):
 PSYoungGen      total 118784K, used 25451K [0x00000000f5580000, 0x00000000ff580000, 0x0000000100000000)
  eden space 91136K, 0% used [0x00000000f5580000,0x00000000f5580000,0x00000000fae80000)
  from space 27648K, 92% used [0x00000000fae80000,0x00000000fc75aee0,0x00000000fc980000)
  to   space 31232K, 0% used [0x00000000fd700000,0x00000000fd700000,0x00000000ff580000)
 ParOldGen       total 108032K, used 44861K [0x00000000e0000000, 0x00000000e6980000, 0x00000000f5580000)
  object space 108032K, 41% used [0x00000000e0000000,0x00000000e2bcf450,0x00000000e6980000)
 Metaspace       used 81725K, capacity 88868K, committed 89128K, reserved 1126400K
  class space    used 9935K, capacity 12306K, committed 12336K, reserved 1048576K
}
Event: 114.061 GC heap before
{Heap before GC invocations=17 (full 3):
 PSYoungGen      total 118784K, used 116587K [0x00000000f5580000, 0x00000000ff580000, 0x0000000100000000)
  eden space 91136K, 100% used [0x00000000f5580000,0x00000000fae80000,0x00000000fae80000)
  from space 27648K, 92% used [0x00000000fae80000,0x00000000fc75aee0,0x00000000fc980000)
  to   space 31232K, 0% used [0x00000000fd700000,0x00000000fd700000,0x00000000ff580000)
 ParOldGen       total 108032K, used 44861K [0x00000000e0000000, 0x00000000e6980000, 0x00000000f5580000)
  object space 108032K, 41% used [0x00000000e0000000,0x00000000e2bcf450,0x00000000e6980000)
 Metaspace       used 82987K, capacity 90572K, committed 90792K, reserved 1128448K
  class space    used 10083K, capacity 12445K, committed 12464K, reserved 1048576K
Event: 114.075 GC heap after
Heap after GC invocations=17 (full 3):
 PSYoungGen      total 130560K, used 23360K [0x00000000f5580000, 0x00000000ff680000, 0x0000000100000000)
  eden space 99328K, 0% used [0x00000000f5580000,0x00000000f5580000,0x00000000fb680000)
  from space 31232K, 74% used [0x00000000fd700000,0x00000000fedd0110,0x00000000ff580000)
  to   space 32768K, 0% used [0x00000000fb680000,0x00000000fb680000,0x00000000fd680000)
 ParOldGen       total 108032K, used 44869K [0x00000000e0000000, 0x00000000e6980000, 0x00000000f5580000)
  object space 108032K, 41% used [0x00000000e0000000,0x00000000e2bd1450,0x00000000e6980000)
 Metaspace       used 82987K, capacity 90572K, committed 90792K, reserved 1128448K
  class space    used 10083K, capacity 12445K, committed 12464K, reserved 1048576K
}
Event: 209.334 GC heap before
{Heap before GC invocations=18 (full 3):
 PSYoungGen      total 130560K, used 122688K [0x00000000f5580000, 0x00000000ff680000, 0x0000000100000000)
  eden space 99328K, 100% used [0x00000000f5580000,0x00000000fb680000,0x00000000fb680000)
  from space 31232K, 74% used [0x00000000fd700000,0x00000000fedd0110,0x00000000ff580000)
  to   space 32768K, 0% used [0x00000000fb680000,0x00000000fb680000,0x00000000fd680000)
 ParOldGen       total 108032K, used 44869K [0x00000000e0000000, 0x00000000e6980000, 0x00000000f5580000)
  object space 108032K, 41% used [0x00000000e0000000,0x00000000e2bd1450,0x00000000e6980000)
 Metaspace       used 83991K, capacity 91516K, committed 91688K, reserved 1128448K
  class space    used 10147K, capacity 12517K, committed 12592K, reserved 1048576K
Event: 209.349 GC heap after
Heap after GC invocations=18 (full 3):
 PSYoungGen      total 132096K, used 23523K [0x00000000f5580000, 0x00000000fff80000, 0x0000000100000000)
  eden space 99328K, 0% used [0x00000000f5580000,0x00000000f5580000,0x00000000fb680000)
  from space 32768K, 71% used [0x00000000fb680000,0x00000000fcd78f88,0x00000000fd680000)
  to   space 33792K, 0% used [0x00000000fde80000,0x00000000fde80000,0x00000000fff80000)
 ParOldGen       total 108032K, used 44877K [0x00000000e0000000, 0x00000000e6980000, 0x00000000f5580000)
  object space 108032K, 41% used [0x00000000e0000000,0x00000000e2bd3450,0x00000000e6980000)
 Metaspace       used 83991K, capacity 91516K, committed 91688K, reserved 1128448K
  class space    used 10147K, capacity 12517K, committed 12592K, reserved 1048576K
}
Event: 256.864 GC heap before
{Heap before GC invocations=19 (full 3):
 PSYoungGen      total 132096K, used 122851K [0x00000000f5580000, 0x00000000fff80000, 0x0000000100000000)
  eden space 99328K, 100% used [0x00000000f5580000,0x00000000fb680000,0x00000000fb680000)
  from space 32768K, 71% used [0x00000000fb680000,0x00000000fcd78f88,0x00000000fd680000)
  to   space 33792K, 0% used [0x00000000fde80000,0x00000000fde80000,0x00000000fff80000)
 ParOldGen       total 108032K, used 44877K [0x00000000e0000000, 0x00000000e6980000, 0x00000000f5580000)
  object space 108032K, 41% used [0x00000000e0000000,0x00000000e2bd3450,0x00000000e6980000)
 Metaspace       used 85866K, capacity 93588K, committed 93736K, reserved 1130496K
  class space    used 10336K, capacity 12779K, committed 12848K, reserved 1048576K
Event: 256.877 GC heap after
Heap after GC invocations=19 (full 3):
 PSYoungGen      total 120832K, used 22355K [0x00000000f5580000, 0x00000000ff680000, 0x0000000100000000)
  eden space 96256K, 0% used [0x00000000f5580000,0x00000000f5580000,0x00000000fb380000)
  from space 24576K, 90% used [0x00000000fde80000,0x00000000ff454c30,0x00000000ff680000)
  to   space 34304K, 0% used [0x00000000fb380000,0x00000000fb380000,0x00000000fd500000)
 ParOldGen       total 108032K, used 44949K [0x00000000e0000000, 0x00000000e6980000, 0x00000000f5580000)
  object space 108032K, 41% used [0x00000000e0000000,0x00000000e2be5460,0x00000000e6980000)
 Metaspace       used 85866K, capacity 93588K, committed 93736K, reserved 1130496K
  class space    used 10336K, capacity 12779K, committed 12848K, reserved 1048576K
}

