# JRE version: Java(TM) SE Runtime Environment (8.0_66-b18) (build 1.8.0_66-b18)
# Java VM: Java HotSpot(TM) 64-Bit Server VM (25.66-b18 mixed mode windows-amd64 compressed oops)
Heap:
 PSYoungGen      total 149504K, used 52518K [0x00000000f5580000, 0x0000000100000000, 0x0000000100000000)
  eden space 123392K, 42% used [0x00000000f5580000,0x00000000f88c9a40,0x00000000fce00000)
  from space 26112K, 0% used [0x00000000fe680000,0x00000000fe680000,0x0000000100000000)
  to   space 25088K, 0% used [0x00000000fce00000,0x00000000fce00000,0x00000000fe680000)
 ParOldGen       total 110080K, used 46704K [0x00000000e0000000, 0x00000000e6b80000, 0x00000000f5580000)
  object space 110080K, 42% used [0x00000000e0000000,0x00000000e2d9c210,0x00000000e6b80000)
 Metaspace       used 77820K, capacity 84812K, committed 85208K, reserved 1122304K
  class space    used 9241K, capacity 11699K, committed 11776K, reserved 1048576K
GC Heap History (10 events):
Event: 376.836 GC heap before
{Heap before GC invocations=33 (full 9):
 PSYoungGen      total 147968K, used 1088K [0x00000000f5580000, 0x0000000100000000, 0x0000000100000000)
  eden space 120832K, 0% used [0x00000000f5580000,0x00000000f5580000,0x00000000fcb80000)
  from space 27136K, 4% used [0x00000000fe580000,0x00000000fe690058,0x0000000100000000)
  to   space 26624K, 0% used [0x00000000fcb80000,0x00000000fcb80000,0x00000000fe580000)
 ParOldGen       total 110080K, used 53071K [0x00000000e0000000, 0x00000000e6b80000, 0x00000000f5580000)
  object space 110080K, 48% used [0x00000000e0000000,0x00000000e33d3da0,0x00000000e6b80000)
 Metaspace       used 76946K, capacity 83868K, committed 84056K, reserved 1122304K
  class space    used 9171K, capacity 11525K, committed 11648K, reserved 1048576K
Event: 377.023 GC heap after
Heap after GC invocations=33 (full 9):
 PSYoungGen      total 147968K, used 0K [0x00000000f5580000, 0x0000000100000000, 0x0000000100000000)
  eden space 120832K, 0% used [0x00000000f5580000,0x00000000f5580000,0x00000000fcb80000)
  from space 27136K, 0% used [0x00000000fe580000,0x00000000fe580000,0x0000000100000000)
  to   space 26624K, 0% used [0x00000000fcb80000,0x00000000fcb80000,0x00000000fe580000)
 ParOldGen       total 110080K, used 53791K [0x00000000e0000000, 0x00000000e6b80000, 0x00000000f5580000)
  object space 110080K, 48% used [0x00000000e0000000,0x00000000e3487c30,0x00000000e6b80000)
 Metaspace       used 76946K, capacity 83868K, committed 84056K, reserved 1122304K
  class space    used 9171K, capacity 11525K, committed 11648K, reserved 1048576K
}
Event: 436.846 GC heap before
{Heap before GC invocations=34 (full 9):
 PSYoungGen      total 147968K, used 5464K [0x00000000f5580000, 0x0000000100000000, 0x0000000100000000)
  eden space 120832K, 4% used [0x00000000f5580000,0x00000000f5ad61b8,0x00000000fcb80000)
  from space 27136K, 0% used [0x00000000fe580000,0x00000000fe580000,0x0000000100000000)
  to   space 26624K, 0% used [0x00000000fcb80000,0x00000000fcb80000,0x00000000fe580000)
 ParOldGen       total 110080K, used 53791K [0x00000000e0000000, 0x00000000e6b80000, 0x00000000f5580000)
  object space 110080K, 48% used [0x00000000e0000000,0x00000000e3487c30,0x00000000e6b80000)
 Metaspace       used 76952K, capacity 83868K, committed 84056K, reserved 1122304K
  class space    used 9171K, capacity 11525K, committed 11648K, reserved 1048576K
Event: 436.849 GC heap after
Heap after GC invocations=34 (full 9):
 PSYoungGen      total 147456K, used 288K [0x00000000f5580000, 0x0000000100000000, 0x0000000100000000)
  eden space 120832K, 0% used [0x00000000f5580000,0x00000000f5580000,0x00000000fcb80000)
  from space 26624K, 1% used [0x00000000fcb80000,0x00000000fcbc8000,0x00000000fe580000)
  to   space 26112K, 0% used [0x00000000fe680000,0x00000000fe680000,0x0000000100000000)
 ParOldGen       total 110080K, used 53799K [0x00000000e0000000, 0x00000000e6b80000, 0x00000000f5580000)
  object space 110080K, 48% used [0x00000000e0000000,0x00000000e3489c30,0x00000000e6b80000)
 Metaspace       used 76952K, capacity 83868K, committed 84056K, reserved 1122304K
  class space    used 9171K, capacity 11525K, committed 11648K, reserved 1048576K
}
Event: 436.849 GC heap before
{Heap before GC invocations=35 (full 10):
 PSYoungGen      total 147456K, used 288K [0x00000000f5580000, 0x0000000100000000, 0x0000000100000000)
  eden space 120832K, 0% used [0x00000000f5580000,0x00000000f5580000,0x00000000fcb80000)
  from space 26624K, 1% used [0x00000000fcb80000,0x00000000fcbc8000,0x00000000fe580000)
  to   space 26112K, 0% used [0x00000000fe680000,0x00000000fe680000,0x0000000100000000)
 ParOldGen       total 110080K, used 53799K [0x00000000e0000000, 0x00000000e6b80000, 0x00000000f5580000)
  object space 110080K, 48% used [0x00000000e0000000,0x00000000e3489c30,0x00000000e6b80000)
 Metaspace       used 76952K, capacity 83868K, committed 84056K, reserved 1122304K
  class space    used 9171K, capacity 11525K, committed 11648K, reserved 1048576K
Event: 436.947 GC heap after
Heap after GC invocations=35 (full 10):
 PSYoungGen      total 147456K, used 0K [0x00000000f5580000, 0x0000000100000000, 0x0000000100000000)
  eden space 120832K, 0% used [0x00000000f5580000,0x00000000f5580000,0x00000000fcb80000)
  from space 26624K, 0% used [0x00000000fcb80000,0x00000000fcb80000,0x00000000fe580000)
  to   space 26112K, 0% used [0x00000000fe680000,0x00000000fe680000,0x0000000100000000)
 ParOldGen       total 110080K, used 53515K [0x00000000e0000000, 0x00000000e6b80000, 0x00000000f5580000)
  object space 110080K, 48% used [0x00000000e0000000,0x00000000e3442ea8,0x00000000e6b80000)
 Metaspace       used 76952K, capacity 83868K, committed 84056K, reserved 1122304K
  class space    used 9171K, capacity 11525K, committed 11648K, reserved 1048576K
}
Event: 496.855 GC heap before
{Heap before GC invocations=36 (full 10):
 PSYoungGen      total 147456K, used 5002K [0x00000000f5580000, 0x0000000100000000, 0x0000000100000000)
  eden space 120832K, 4% used [0x00000000f5580000,0x00000000f5a629c0,0x00000000fcb80000)
  from space 26624K, 0% used [0x00000000fcb80000,0x00000000fcb80000,0x00000000fe580000)
  to   space 26112K, 0% used [0x00000000fe680000,0x00000000fe680000,0x0000000100000000)
 ParOldGen       total 110080K, used 53515K [0x00000000e0000000, 0x00000000e6b80000, 0x00000000f5580000)
  object space 110080K, 48% used [0x00000000e0000000,0x00000000e3442ea8,0x00000000e6b80000)
 Metaspace       used 76967K, capacity 83932K, committed 84312K, reserved 1122304K
  class space    used 9171K, capacity 11525K, committed 11648K, reserved 1048576K
Event: 496.858 GC heap after
Heap after GC invocations=36 (full 10):
 PSYoungGen      total 149504K, used 192K [0x00000000f5580000, 0x0000000100000000, 0x0000000100000000)
  eden space 123392K, 0% used [0x00000000f5580000,0x00000000f5580000,0x00000000fce00000)
  from space 26112K, 0% used [0x00000000fe680000,0x00000000fe6b0000,0x0000000100000000)
  to   space 25088K, 0% used [0x00000000fce00000,0x00000000fce00000,0x00000000fe680000)
 ParOldGen       total 110080K, used 53515K [0x00000000e0000000, 0x00000000e6b80000, 0x00000000f5580000)
  object space 110080K, 48% used [0x00000000e0000000,0x00000000e3442ea8,0x00000000e6b80000)
 Metaspace       used 76967K, capacity 83932K, committed 84312K, reserved 1122304K
  class space    used 9171K, capacity 11525K, committed 11648K, reserved 1048576K
}
Event: 496.858 GC heap before
{Heap before GC invocations=37 (full 11):
 PSYoungGen      total 149504K, used 192K [0x00000000f5580000, 0x0000000100000000, 0x0000000100000000)
  eden space 123392K, 0% used [0x00000000f5580000,0x00000000f5580000,0x00000000fce00000)
  from space 26112K, 0% used [0x00000000fe680000,0x00000000fe6b0000,0x0000000100000000)
  to   space 25088K, 0% used [0x00000000fce00000,0x00000000fce00000,0x00000000fe680000)
 ParOldGen       total 110080K, used 53515K [0x00000000e0000000, 0x00000000e6b80000, 0x00000000f5580000)
  object space 110080K, 48% used [0x00000000e0000000,0x00000000e3442ea8,0x00000000e6b80000)
 Metaspace       used 76967K, capacity 83932K, committed 84312K, reserved 1122304K
  class space    used 9171K, capacity 11525K, committed 11648K, reserved 1048576K
Event: 497.080 GC heap after
Heap after GC invocations=37 (full 11):
 PSYoungGen      total 149504K, used 0K [0x00000000f5580000, 0x0000000100000000, 0x0000000100000000)
  eden space 123392K, 0% used [0x00000000f5580000,0x00000000f5580000,0x00000000fce00000)
  from space 26112K, 0% used [0x00000000fe680000,0x00000000fe680000,0x0000000100000000)
  to   space 25088K, 0% used [0x00000000fce00000,0x00000000fce00000,0x00000000fe680000)
 ParOldGen       total 110080K, used 46704K [0x00000000e0000000, 0x00000000e6b80000, 0x00000000f5580000)
  object space 110080K, 42% used [0x00000000e0000000,0x00000000e2d9c210,0x00000000e6b80000)
 Metaspace       used 76905K, capacity 83826K, committed 84312K, reserved 1122304K
  class space    used 9159K, capacity 11504K, committed 11648K, reserved 1048576K
}

