# JRE version: Java(TM) SE Runtime Environment (8.0_66-b18) (build 1.8.0_66-b18)
# Java VM: Java HotSpot(TM) 64-Bit Server VM (25.66-b18 mixed mode windows-amd64 compressed oops)
Heap:
 PSYoungGen      total 145408K, used 120683K [0x00000000f5580000, 0x0000000100000000, 0x0000000100000000)
  eden space 116224K, 78% used [0x00000000f5580000,0x00000000faee00c0,0x00000000fc700000)
  from space 29184K, 99% used [0x00000000fc700000,0x00000000fe37ad58,0x00000000fe380000)
  to   space 29184K, 0% used [0x00000000fe380000,0x00000000fe380000,0x0000000100000000)
 ParOldGen       total 100352K, used 43811K [0x00000000e0000000, 0x00000000e6200000, 0x00000000f5580000)
  object space 100352K, 43% used [0x00000000e0000000,0x00000000e2ac8c70,0x00000000e6200000)
 Metaspace       used 82189K, capacity 89638K, committed 89944K, reserved 1126400K
  class space    used 9990K, capacity 12547K, committed 12672K, reserved 1048576K
GC Heap History (10 events):
Event: 9.717 GC heap before
{Heap before GC invocations=8 (full 2):
 PSYoungGen      total 68096K, used 65536K [0x00000000f5580000, 0x00000000fef80000, 0x0000000100000000)
  eden space 65536K, 100% used [0x00000000f5580000,0x00000000f9580000,0x00000000f9580000)
  from space 2560K, 0% used [0x00000000f9580000,0x00000000f9580000,0x00000000f9800000)
  to   space 20992K, 0% used [0x00000000fdb00000,0x00000000fdb00000,0x00000000fef80000)
 ParOldGen       total 81408K, used 31874K [0x00000000e0000000, 0x00000000e4f80000, 0x00000000f5580000)
  object space 81408K, 39% used [0x00000000e0000000,0x00000000e1f20a30,0x00000000e4f80000)
 Metaspace       used 44368K, capacity 47886K, committed 48128K, reserved 1091584K
  class space    used 5160K, capacity 6344K, committed 6400K, reserved 1048576K
Event: 9.728 GC heap after
Heap after GC invocations=8 (full 2):
 PSYoungGen      total 109056K, used 16780K [0x00000000f5580000, 0x00000000feb80000, 0x0000000100000000)
  eden space 92160K, 0% used [0x00000000f5580000,0x00000000f5580000,0x00000000faf80000)
  from space 16896K, 99% used [0x00000000fdb00000,0x00000000feb633c8,0x00000000feb80000)
  to   space 23040K, 0% used [0x00000000fbe80000,0x00000000fbe80000,0x00000000fd500000)
 ParOldGen       total 81408K, used 31882K [0x00000000e0000000, 0x00000000e4f80000, 0x00000000f5580000)
  object space 81408K, 39% used [0x00000000e0000000,0x00000000e1f22a30,0x00000000e4f80000)
 Metaspace       used 44368K, capacity 47886K, committed 48128K, reserved 1091584K
  class space    used 5160K, capacity 6344K, committed 6400K, reserved 1048576K
}
Event: 10.385 GC heap before
{Heap before GC invocations=9 (full 2):
 PSYoungGen      total 109056K, used 51736K [0x00000000f5580000, 0x00000000feb80000, 0x0000000100000000)
  eden space 92160K, 37% used [0x00000000f5580000,0x00000000f77a3030,0x00000000faf80000)
  from space 16896K, 99% used [0x00000000fdb00000,0x00000000feb633c8,0x00000000feb80000)
  to   space 23040K, 0% used [0x00000000fbe80000,0x00000000fbe80000,0x00000000fd500000)
 ParOldGen       total 81408K, used 31882K [0x00000000e0000000, 0x00000000e4f80000, 0x00000000f5580000)
  object space 81408K, 39% used [0x00000000e0000000,0x00000000e1f22a30,0x00000000e4f80000)
 Metaspace       used 50681K, capacity 55154K, committed 55256K, reserved 1097728K
  class space    used 5973K, capacity 7423K, committed 7424K, reserved 1048576K
Event: 10.393 GC heap after
Heap after GC invocations=9 (full 2):
 PSYoungGen      total 130560K, used 13620K [0x00000000f5580000, 0x00000000fff00000, 0x0000000100000000)
  eden space 107520K, 0% used [0x00000000f5580000,0x00000000f5580000,0x00000000fbe80000)
  from space 23040K, 59% used [0x00000000fbe80000,0x00000000fcbcd308,0x00000000fd500000)
  to   space 23040K, 0% used [0x00000000fe880000,0x00000000fe880000,0x00000000fff00000)
 ParOldGen       total 81408K, used 31890K [0x00000000e0000000, 0x00000000e4f80000, 0x00000000f5580000)
  object space 81408K, 39% used [0x00000000e0000000,0x00000000e1f24a30,0x00000000e4f80000)
 Metaspace       used 50681K, capacity 55154K, committed 55256K, reserved 1097728K
  class space    used 5973K, capacity 7423K, committed 7424K, reserved 1048576K
}
Event: 10.393 GC heap before
{Heap before GC invocations=10 (full 3):
 PSYoungGen      total 130560K, used 13620K [0x00000000f5580000, 0x00000000fff00000, 0x0000000100000000)
  eden space 107520K, 0% used [0x00000000f5580000,0x00000000f5580000,0x00000000fbe80000)
  from space 23040K, 59% used [0x00000000fbe80000,0x00000000fcbcd308,0x00000000fd500000)
  to   space 23040K, 0% used [0x00000000fe880000,0x00000000fe880000,0x00000000fff00000)
 ParOldGen       total 81408K, used 31890K [0x00000000e0000000, 0x00000000e4f80000, 0x00000000f5580000)
  object space 81408K, 39% used [0x00000000e0000000,0x00000000e1f24a30,0x00000000e4f80000)
 Metaspace       used 50681K, capacity 55154K, committed 55256K, reserved 1097728K
  class space    used 5973K, capacity 7423K, committed 7424K, reserved 1048576K
Event: 10.554 GC heap after
Heap after GC invocations=10 (full 3):
 PSYoungGen      total 130560K, used 0K [0x00000000f5580000, 0x00000000fff00000, 0x0000000100000000)
  eden space 107520K, 0% used [0x00000000f5580000,0x00000000f5580000,0x00000000fbe80000)
  from space 23040K, 0% used [0x00000000fbe80000,0x00000000fbe80000,0x00000000fd500000)
  to   space 23040K, 0% used [0x00000000fe880000,0x00000000fe880000,0x00000000fff00000)
 ParOldGen       total 100352K, used 37193K [0x00000000e0000000, 0x00000000e6200000, 0x00000000f5580000)
  object space 100352K, 37% used [0x00000000e0000000,0x00000000e24527d8,0x00000000e6200000)
 Metaspace       used 50681K, capacity 55154K, committed 55256K, reserved 1097728K
  class space    used 5973K, capacity 7423K, committed 7424K, reserved 1048576K
}
Event: 12.109 GC heap before
{Heap before GC invocations=11 (full 3):
 PSYoungGen      total 130560K, used 107520K [0x00000000f5580000, 0x00000000fff00000, 0x0000000100000000)
  eden space 107520K, 100% used [0x00000000f5580000,0x00000000fbe80000,0x00000000fbe80000)
  from space 23040K, 0% used [0x00000000fbe80000,0x00000000fbe80000,0x00000000fd500000)
  to   space 23040K, 0% used [0x00000000fe880000,0x00000000fe880000,0x00000000fff00000)
 ParOldGen       total 100352K, used 37193K [0x00000000e0000000, 0x00000000e6200000, 0x00000000f5580000)
  object space 100352K, 37% used [0x00000000e0000000,0x00000000e24527d8,0x00000000e6200000)
 Metaspace       used 68858K, capacity 74976K, committed 75096K, reserved 1114112K
  class space    used 8337K, capacity 10250K, committed 10368K, reserved 1048576K
Event: 12.125 GC heap after
Heap after GC invocations=11 (full 3):
 PSYoungGen      total 139264K, used 23010K [0x00000000f5580000, 0x0000000100000000, 0x0000000100000000)
  eden space 116224K, 0% used [0x00000000f5580000,0x00000000f5580000,0x00000000fc700000)
  from space 23040K, 99% used [0x00000000fe880000,0x00000000ffef8870,0x00000000fff00000)
  to   space 29184K, 0% used [0x00000000fc700000,0x00000000fc700000,0x00000000fe380000)
 ParOldGen       total 100352K, used 43007K [0x00000000e0000000, 0x00000000e6200000, 0x00000000f5580000)
  object space 100352K, 42% used [0x00000000e0000000,0x00000000e29ffed0,0x00000000e6200000)
 Metaspace       used 68858K, capacity 74976K, committed 75096K, reserved 1114112K
  class space    used 8337K, capacity 10250K, committed 10368K, reserved 1048576K
}
Event: 31.203 GC heap before
{Heap before GC invocations=12 (full 3):
 PSYoungGen      total 139264K, used 139234K [0x00000000f5580000, 0x0000000100000000, 0x0000000100000000)
  eden space 116224K, 100% used [0x00000000f5580000,0x00000000fc700000,0x00000000fc700000)
  from space 23040K, 99% used [0x00000000fe880000,0x00000000ffef8870,0x00000000fff00000)
  to   space 29184K, 0% used [0x00000000fc700000,0x00000000fc700000,0x00000000fe380000)
 ParOldGen       total 100352K, used 43007K [0x00000000e0000000, 0x00000000e6200000, 0x00000000f5580000)
  object space 100352K, 42% used [0x00000000e0000000,0x00000000e29ffed0,0x00000000e6200000)
 Metaspace       used 77846K, capacity 84742K, committed 84952K, reserved 1122304K
  class space    used 9482K, capacity 11732K, committed 11776K, reserved 1048576K
Event: 31.220 GC heap after
Heap after GC invocations=12 (full 3):
 PSYoungGen      total 145408K, used 29163K [0x00000000f5580000, 0x0000000100000000, 0x0000000100000000)
  eden space 116224K, 0% used [0x00000000f5580000,0x00000000f5580000,0x00000000fc700000)
  from space 29184K, 99% used [0x00000000fc700000,0x00000000fe37ad58,0x00000000fe380000)
  to   space 29184K, 0% used [0x00000000fe380000,0x00000000fe380000,0x0000000100000000)
 ParOldGen       total 100352K, used 43811K [0x00000000e0000000, 0x00000000e6200000, 0x00000000f5580000)
  object space 100352K, 43% used [0x00000000e0000000,0x00000000e2ac8c70,0x00000000e6200000)
 Metaspace       used 77846K, capacity 84742K, committed 84952K, reserved 1122304K
  class space    used 9482K, capacity 11732K, committed 11776K, reserved 1048576K
}

