# JRE version: Java(TM) SE Runtime Environment (8.0_66-b18) (build 1.8.0_66-b18)
# Java VM: Java HotSpot(TM) 64-Bit Server VM (25.66-b18 mixed mode windows-amd64 compressed oops)
Heap:
 PSYoungGen      total 146944K, used 11556K [0x00000000f5580000, 0x00000000fff00000, 0x0000000100000000)
  eden space 120832K, 3% used [0x00000000f5580000,0x00000000f5a23680,0x00000000fcb80000)
  from space 26112K, 26% used [0x00000000fcb80000,0x00000000fd225bf0,0x00000000fe500000)
  to   space 25088K, 0% used [0x00000000fe680000,0x00000000fe680000,0x00000000fff00000)
 ParOldGen       total 104448K, used 61537K [0x00000000e0000000, 0x00000000e6600000, 0x00000000f5580000)
  object space 104448K, 58% used [0x00000000e0000000,0x00000000e3c18770,0x00000000e6600000)
 Metaspace       used 86616K, capacity 94014K, committed 94296K, reserved 1130496K
  class space    used 10380K, capacity 12837K, committed 12928K, reserved 1048576K
GC Heap History (10 events):
Event: 62.643 GC heap before
{Heap before GC invocations=17 (full 4):
 PSYoungGen      total 145408K, used 9916K [0x00000000f5580000, 0x0000000100000000, 0x0000000100000000)
  eden space 116224K, 0% used [0x00000000f5580000,0x00000000f5580000,0x00000000fc700000)
  from space 29184K, 33% used [0x00000000fc700000,0x00000000fd0af340,0x00000000fe380000)
  to   space 27648K, 0% used [0x00000000fe500000,0x00000000fe500000,0x0000000100000000)
 ParOldGen       total 104448K, used 84124K [0x00000000e0000000, 0x00000000e6600000, 0x00000000f5580000)
  object space 104448K, 80% used [0x00000000e0000000,0x00000000e5227118,0x00000000e6600000)
 Metaspace       used 79309K, capacity 86062K, committed 86360K, reserved 1124352K
  class space    used 9611K, capacity 11860K, committed 11904K, reserved 1048576K
Event: 62.881 GC heap after
Heap after GC invocations=17 (full 4):
 PSYoungGen      total 145408K, used 0K [0x00000000f5580000, 0x0000000100000000, 0x0000000100000000)
  eden space 116224K, 0% used [0x00000000f5580000,0x00000000f5580000,0x00000000fc700000)
  from space 29184K, 0% used [0x00000000fc700000,0x00000000fc700000,0x00000000fe380000)
  to   space 27648K, 0% used [0x00000000fe500000,0x00000000fe500000,0x0000000100000000)
 ParOldGen       total 104448K, used 61444K [0x00000000e0000000, 0x00000000e6600000, 0x00000000f5580000)
  object space 104448K, 58% used [0x00000000e0000000,0x00000000e3c01040,0x00000000e6600000)
 Metaspace       used 79309K, capacity 86062K, committed 86360K, reserved 1124352K
  class space    used 9611K, capacity 11860K, committed 11904K, reserved 1048576K
}
Event: 242.311 GC heap before
{Heap before GC invocations=18 (full 4):
 PSYoungGen      total 145408K, used 116224K [0x00000000f5580000, 0x0000000100000000, 0x0000000100000000)
  eden space 116224K, 100% used [0x00000000f5580000,0x00000000fc700000,0x00000000fc700000)
  from space 29184K, 0% used [0x00000000fc700000,0x00000000fc700000,0x00000000fe380000)
  to   space 27648K, 0% used [0x00000000fe500000,0x00000000fe500000,0x0000000100000000)
 ParOldGen       total 104448K, used 61444K [0x00000000e0000000, 0x00000000e6600000, 0x00000000f5580000)
  object space 104448K, 58% used [0x00000000e0000000,0x00000000e3c01040,0x00000000e6600000)
 Metaspace       used 82779K, capacity 90196K, committed 90328K, reserved 1126400K
  class space    used 10046K, capacity 12429K, committed 12544K, reserved 1048576K
Event: 242.318 GC heap after
Heap after GC invocations=18 (full 4):
 PSYoungGen      total 142848K, used 5877K [0x00000000f5580000, 0x00000000ffd80000, 0x0000000100000000)
  eden space 117760K, 0% used [0x00000000f5580000,0x00000000f5580000,0x00000000fc880000)
  from space 25088K, 23% used [0x00000000fe500000,0x00000000feabd548,0x00000000ffd80000)
  to   space 27136K, 0% used [0x00000000fc880000,0x00000000fc880000,0x00000000fe300000)
 ParOldGen       total 104448K, used 61452K [0x00000000e0000000, 0x00000000e6600000, 0x00000000f5580000)
  object space 104448K, 58% used [0x00000000e0000000,0x00000000e3c03040,0x00000000e6600000)
 Metaspace       used 82779K, capacity 90196K, committed 90328K, reserved 1126400K
  class space    used 10046K, capacity 12429K, committed 12544K, reserved 1048576K
}
Event: 343.784 GC heap before
{Heap before GC invocations=19 (full 4):
 PSYoungGen      total 142848K, used 123637K [0x00000000f5580000, 0x00000000ffd80000, 0x0000000100000000)
  eden space 117760K, 100% used [0x00000000f5580000,0x00000000fc880000,0x00000000fc880000)
  from space 25088K, 23% used [0x00000000fe500000,0x00000000feabd548,0x00000000ffd80000)
  to   space 27136K, 0% used [0x00000000fc880000,0x00000000fc880000,0x00000000fe300000)
 ParOldGen       total 104448K, used 61452K [0x00000000e0000000, 0x00000000e6600000, 0x00000000f5580000)
  object space 104448K, 58% used [0x00000000e0000000,0x00000000e3c03190,0x00000000e6600000)
 Metaspace       used 83804K, capacity 91354K, committed 91608K, reserved 1128448K
  class space    used 10093K, capacity 12470K, committed 12544K, reserved 1048576K
Event: 343.792 GC heap after
Heap after GC invocations=19 (full 4):
 PSYoungGen      total 144896K, used 5491K [0x00000000f5580000, 0x0000000100000000, 0x0000000100000000)
  eden space 117760K, 0% used [0x00000000f5580000,0x00000000f5580000,0x00000000fc880000)
  from space 27136K, 20% used [0x00000000fc880000,0x00000000fcddce40,0x00000000fe300000)
  to   space 26624K, 0% used [0x00000000fe600000,0x00000000fe600000,0x0000000100000000)
 ParOldGen       total 104448K, used 61460K [0x00000000e0000000, 0x00000000e6600000, 0x00000000f5580000)
  object space 104448K, 58% used [0x00000000e0000000,0x00000000e3c05190,0x00000000e6600000)
 Metaspace       used 83804K, capacity 91354K, committed 91608K, reserved 1128448K
  class space    used 10093K, capacity 12470K, committed 12544K, reserved 1048576K
}
Event: 429.969 GC heap before
{Heap before GC invocations=20 (full 4):
 PSYoungGen      total 144896K, used 123251K [0x00000000f5580000, 0x0000000100000000, 0x0000000100000000)
  eden space 117760K, 100% used [0x00000000f5580000,0x00000000fc880000,0x00000000fc880000)
  from space 27136K, 20% used [0x00000000fc880000,0x00000000fcddce40,0x00000000fe300000)
  to   space 26624K, 0% used [0x00000000fe600000,0x00000000fe600000,0x0000000100000000)
 ParOldGen       total 104448K, used 61521K [0x00000000e0000000, 0x00000000e6600000, 0x00000000f5580000)
  object space 104448K, 58% used [0x00000000e0000000,0x00000000e3c14770,0x00000000e6600000)
 Metaspace       used 84280K, capacity 91636K, committed 91864K, reserved 1128448K
  class space    used 10098K, capacity 12476K, committed 12544K, reserved 1048576K
Event: 429.976 GC heap after
Heap after GC invocations=20 (full 4):
 PSYoungGen      total 145920K, used 5294K [0x00000000f5580000, 0x00000000ffe80000, 0x0000000100000000)
  eden space 120832K, 0% used [0x00000000f5580000,0x00000000f5580000,0x00000000fcb80000)
  from space 25088K, 21% used [0x00000000fe600000,0x00000000feb2b910,0x00000000ffe80000)
  to   space 26112K, 0% used [0x00000000fcb80000,0x00000000fcb80000,0x00000000fe500000)
 ParOldGen       total 104448K, used 61529K [0x00000000e0000000, 0x00000000e6600000, 0x00000000f5580000)
  object space 104448K, 58% used [0x00000000e0000000,0x00000000e3c16770,0x00000000e6600000)
 Metaspace       used 84280K, capacity 91636K, committed 91864K, reserved 1128448K
  class space    used 10098K, capacity 12476K, committed 12544K, reserved 1048576K
}
Event: 497.849 GC heap before
{Heap before GC invocations=21 (full 4):
 PSYoungGen      total 145920K, used 126126K [0x00000000f5580000, 0x00000000ffe80000, 0x0000000100000000)
  eden space 120832K, 100% used [0x00000000f5580000,0x00000000fcb80000,0x00000000fcb80000)
  from space 25088K, 21% used [0x00000000fe600000,0x00000000feb2b910,0x00000000ffe80000)
  to   space 26112K, 0% used [0x00000000fcb80000,0x00000000fcb80000,0x00000000fe500000)
 ParOldGen       total 104448K, used 61529K [0x00000000e0000000, 0x00000000e6600000, 0x00000000f5580000)
  object space 104448K, 58% used [0x00000000e0000000,0x00000000e3c16770,0x00000000e6600000)
 Metaspace       used 86555K, capacity 94014K, committed 94296K, reserved 1130496K
  class space    used 10375K, capacity 12837K, committed 12928K, reserved 1048576K
Event: 497.857 GC heap after
Heap after GC invocations=21 (full 4):
 PSYoungGen      total 146944K, used 6806K [0x00000000f5580000, 0x00000000fff00000, 0x0000000100000000)
  eden space 120832K, 0% used [0x00000000f5580000,0x00000000f5580000,0x00000000fcb80000)
  from space 26112K, 26% used [0x00000000fcb80000,0x00000000fd225bf0,0x00000000fe500000)
  to   space 25088K, 0% used [0x00000000fe680000,0x00000000fe680000,0x00000000fff00000)
 ParOldGen       total 104448K, used 61537K [0x00000000e0000000, 0x00000000e6600000, 0x00000000f5580000)
  object space 104448K, 58% used [0x00000000e0000000,0x00000000e3c18770,0x00000000e6600000)
 Metaspace       used 86555K, capacity 94014K, committed 94296K, reserved 1130496K
  class space    used 10375K, capacity 12837K, committed 12928K, reserved 1048576K
}

