# JRE version: Java(TM) SE Runtime Environment (8.0_66-b18) (build 1.8.0_66-b18)
# Java VM: Java HotSpot(TM) 64-Bit Server VM (25.66-b18 mixed mode windows-amd64 compressed oops)
Heap:
 PSYoungGen      total 148992K, used 117649K [0x00000000f5580000, 0x0000000100000000, 0x0000000100000000)
  eden space 122368K, 96% used [0x00000000f5580000,0x00000000fc8645b8,0x00000000fcd00000)
  from space 26624K, 0% used [0x00000000fe600000,0x00000000fe600000,0x0000000100000000)
  to   space 25600K, 0% used [0x00000000fcd00000,0x00000000fcd00000,0x00000000fe600000)
 ParOldGen       total 103424K, used 49838K [0x00000000e0000000, 0x00000000e6500000, 0x00000000f5580000)
  object space 103424K, 48% used [0x00000000e0000000,0x00000000e30ab838,0x00000000e6500000)
 Metaspace       used 76953K, capacity 84398K, committed 84648K, reserved 1122304K
  class space    used 9246K, capacity 11685K, committed 11696K, reserved 1048576K
GC Heap History (10 events):
Event: 7.635 GC heap before
{Heap before GC invocations=11 (full 3):
 PSYoungGen      total 150016K, used 10232K [0x00000000f5580000, 0x0000000100000000, 0x0000000100000000)
  eden space 123904K, 0% used [0x00000000f5580000,0x00000000f5580000,0x00000000fce80000)
  from space 26112K, 39% used [0x00000000fe680000,0x00000000ff07e2f8,0x0000000100000000)
  to   space 24576K, 0% used [0x00000000fce80000,0x00000000fce80000,0x00000000fe680000)
 ParOldGen       total 91648K, used 38846K [0x00000000e0000000, 0x00000000e5980000, 0x00000000f5580000)
  object space 91648K, 42% used [0x00000000e0000000,0x00000000e25efa78,0x00000000e5980000)
 Metaspace       used 54357K, capacity 59124K, committed 59160K, reserved 1099776K
  class space    used 6519K, capacity 8112K, committed 8112K, reserved 1048576K
Event: 7.812 GC heap after
Heap after GC invocations=11 (full 3):
 PSYoungGen      total 150016K, used 0K [0x00000000f5580000, 0x0000000100000000, 0x0000000100000000)
  eden space 123904K, 0% used [0x00000000f5580000,0x00000000f5580000,0x00000000fce80000)
  from space 26112K, 0% used [0x00000000fe680000,0x00000000fe680000,0x0000000100000000)
  to   space 24576K, 0% used [0x00000000fce80000,0x00000000fce80000,0x00000000fe680000)
 ParOldGen       total 103424K, used 35603K [0x00000000e0000000, 0x00000000e6500000, 0x00000000f5580000)
  object space 103424K, 34% used [0x00000000e0000000,0x00000000e22c4d78,0x00000000e6500000)
 Metaspace       used 54357K, capacity 59124K, committed 59160K, reserved 1099776K
  class space    used 6519K, capacity 8112K, committed 8112K, reserved 1048576K
}
Event: 68.352 GC heap before
{Heap before GC invocations=12 (full 3):
 PSYoungGen      total 150016K, used 101540K [0x00000000f5580000, 0x0000000100000000, 0x0000000100000000)
  eden space 123904K, 81% used [0x00000000f5580000,0x00000000fb8a9370,0x00000000fce80000)
  from space 26112K, 0% used [0x00000000fe680000,0x00000000fe680000,0x0000000100000000)
  to   space 24576K, 0% used [0x00000000fce80000,0x00000000fce80000,0x00000000fe680000)
 ParOldGen       total 103424K, used 35603K [0x00000000e0000000, 0x00000000e6500000, 0x00000000f5580000)
  object space 103424K, 34% used [0x00000000e0000000,0x00000000e22c4d78,0x00000000e6500000)
 Metaspace       used 68512K, capacity 75226K, committed 75432K, reserved 1114112K
  class space    used 8336K, capacity 10581K, committed 10672K, reserved 1048576K
Event: 68.368 GC heap after
Heap after GC invocations=12 (full 3):
 PSYoungGen      total 143872K, used 19851K [0x00000000f5580000, 0x0000000100000000, 0x0000000100000000)
  eden space 123904K, 0% used [0x00000000f5580000,0x00000000f5580000,0x00000000fce80000)
  from space 19968K, 99% used [0x00000000fce80000,0x00000000fe1e2f00,0x00000000fe200000)
  to   space 26624K, 0% used [0x00000000fe600000,0x00000000fe600000,0x0000000100000000)
 ParOldGen       total 103424K, used 35611K [0x00000000e0000000, 0x00000000e6500000, 0x00000000f5580000)
  object space 103424K, 34% used [0x00000000e0000000,0x00000000e22c6d78,0x00000000e6500000)
 Metaspace       used 68512K, capacity 75226K, committed 75432K, reserved 1114112K
  class space    used 8336K, capacity 10581K, committed 10672K, reserved 1048576K
}
Event: 68.368 GC heap before
{Heap before GC invocations=13 (full 4):
 PSYoungGen      total 143872K, used 19851K [0x00000000f5580000, 0x0000000100000000, 0x0000000100000000)
  eden space 123904K, 0% used [0x00000000f5580000,0x00000000f5580000,0x00000000fce80000)
  from space 19968K, 99% used [0x00000000fce80000,0x00000000fe1e2f00,0x00000000fe200000)
  to   space 26624K, 0% used [0x00000000fe600000,0x00000000fe600000,0x0000000100000000)
 ParOldGen       total 103424K, used 35611K [0x00000000e0000000, 0x00000000e6500000, 0x00000000f5580000)
  object space 103424K, 34% used [0x00000000e0000000,0x00000000e22c6d78,0x00000000e6500000)
 Metaspace       used 68512K, capacity 75226K, committed 75432K, reserved 1114112K
  class space    used 8336K, capacity 10581K, committed 10672K, reserved 1048576K
Event: 68.653 GC heap after
Heap after GC invocations=13 (full 4):
 PSYoungGen      total 143872K, used 0K [0x00000000f5580000, 0x0000000100000000, 0x0000000100000000)
  eden space 123904K, 0% used [0x00000000f5580000,0x00000000f5580000,0x00000000fce80000)
  from space 19968K, 0% used [0x00000000fce80000,0x00000000fce80000,0x00000000fe200000)
  to   space 26624K, 0% used [0x00000000fe600000,0x00000000fe600000,0x0000000100000000)
 ParOldGen       total 103424K, used 53247K [0x00000000e0000000, 0x00000000e6500000, 0x00000000f5580000)
  object space 103424K, 51% used [0x00000000e0000000,0x00000000e33fffb8,0x00000000e6500000)
 Metaspace       used 68512K, capacity 75226K, committed 75432K, reserved 1114112K
  class space    used 8336K, capacity 10581K, committed 10672K, reserved 1048576K
}
Event: 134.859 GC heap before
{Heap before GC invocations=14 (full 4):
 PSYoungGen      total 143872K, used 55436K [0x00000000f5580000, 0x0000000100000000, 0x0000000100000000)
  eden space 123904K, 44% used [0x00000000f5580000,0x00000000f8ba3020,0x00000000fce80000)
  from space 19968K, 0% used [0x00000000fce80000,0x00000000fce80000,0x00000000fe200000)
  to   space 26624K, 0% used [0x00000000fe600000,0x00000000fe600000,0x0000000100000000)
 ParOldGen       total 103424K, used 53247K [0x00000000e0000000, 0x00000000e6500000, 0x00000000f5580000)
  object space 103424K, 51% used [0x00000000e0000000,0x00000000e33fffb8,0x00000000e6500000)
 Metaspace       used 72334K, capacity 79208K, committed 79400K, reserved 1118208K
  class space    used 8741K, capacity 11047K, committed 11056K, reserved 1048576K
Event: 134.865 GC heap after
Heap after GC invocations=14 (full 4):
 PSYoungGen      total 148992K, used 8286K [0x00000000f5580000, 0x0000000100000000, 0x0000000100000000)
  eden space 122368K, 0% used [0x00000000f5580000,0x00000000f5580000,0x00000000fcd00000)
  from space 26624K, 31% used [0x00000000fe600000,0x00000000fee17950,0x0000000100000000)
  to   space 25600K, 0% used [0x00000000fcd00000,0x00000000fcd00000,0x00000000fe600000)
 ParOldGen       total 103424K, used 53255K [0x00000000e0000000, 0x00000000e6500000, 0x00000000f5580000)
  object space 103424K, 51% used [0x00000000e0000000,0x00000000e3401fb8,0x00000000e6500000)
 Metaspace       used 72334K, capacity 79208K, committed 79400K, reserved 1118208K
  class space    used 8741K, capacity 11047K, committed 11056K, reserved 1048576K
}
Event: 134.865 GC heap before
{Heap before GC invocations=15 (full 5):
 PSYoungGen      total 148992K, used 8286K [0x00000000f5580000, 0x0000000100000000, 0x0000000100000000)
  eden space 122368K, 0% used [0x00000000f5580000,0x00000000f5580000,0x00000000fcd00000)
  from space 26624K, 31% used [0x00000000fe600000,0x00000000fee17950,0x0000000100000000)
  to   space 25600K, 0% used [0x00000000fcd00000,0x00000000fcd00000,0x00000000fe600000)
 ParOldGen       total 103424K, used 53255K [0x00000000e0000000, 0x00000000e6500000, 0x00000000f5580000)
  object space 103424K, 51% used [0x00000000e0000000,0x00000000e3401fb8,0x00000000e6500000)
 Metaspace       used 72334K, capacity 79208K, committed 79400K, reserved 1118208K
  class space    used 8741K, capacity 11047K, committed 11056K, reserved 1048576K
Event: 135.140 GC heap after
Heap after GC invocations=15 (full 5):
 PSYoungGen      total 148992K, used 0K [0x00000000f5580000, 0x0000000100000000, 0x0000000100000000)
  eden space 122368K, 0% used [0x00000000f5580000,0x00000000f5580000,0x00000000fcd00000)
  from space 26624K, 0% used [0x00000000fe600000,0x00000000fe600000,0x0000000100000000)
  to   space 25600K, 0% used [0x00000000fcd00000,0x00000000fcd00000,0x00000000fe600000)
 ParOldGen       total 103424K, used 49838K [0x00000000e0000000, 0x00000000e6500000, 0x00000000f5580000)
  object space 103424K, 48% used [0x00000000e0000000,0x00000000e30ab838,0x00000000e6500000)
 Metaspace       used 72334K, capacity 79208K, committed 79400K, reserved 1118208K
  class space    used 8741K, capacity 11047K, committed 11056K, reserved 1048576K
}

