# JRE version: Java(TM) SE Runtime Environment (8.0_66-b18) (build 1.8.0_66-b18)
# Java VM: Java HotSpot(TM) 64-Bit Server VM (25.66-b18 mixed mode windows-amd64 compressed oops)
Heap:
 PSYoungGen      total 136704K, used 120516K [0x00000000f5580000, 0x0000000100000000, 0x0000000100000000)
  eden space 119296K, 86% used [0x00000000f5580000,0x00000000fba45370,0x00000000fca00000)
  from space 17408K, 99% used [0x00000000fca00000,0x00000000fdaec010,0x00000000fdb00000)
  to   space 28160K, 0% used [0x00000000fe480000,0x00000000fe480000,0x0000000100000000)
 ParOldGen       total 107520K, used 48003K [0x00000000e0000000, 0x00000000e6900000, 0x00000000f5580000)
  object space 107520K, 44% used [0x00000000e0000000,0x00000000e2ee0d20,0x00000000e6900000)
 Metaspace       used 79260K, capacity 86498K, committed 86616K, reserved 1124352K
  class space    used 9420K, capacity 11832K, committed 11904K, reserved 1048576K
GC Heap History (10 events):
Event: 22.002 GC heap before
{Heap before GC invocations=19 (full 3):
 PSYoungGen      total 147968K, used 18423K [0x00000000f5580000, 0x0000000100000000, 0x0000000100000000)
  eden space 129536K, 0% used [0x00000000f5580000,0x00000000f5580000,0x00000000fd400000)
  from space 18432K, 99% used [0x00000000fee00000,0x00000000ffffdc10,0x0000000100000000)
  to   space 22528K, 0% used [0x00000000fd400000,0x00000000fd400000,0x00000000fea00000)
 ParOldGen       total 69632K, used 36738K [0x00000000e0000000, 0x00000000e4400000, 0x00000000f5580000)
  object space 69632K, 52% used [0x00000000e0000000,0x00000000e23e0a18,0x00000000e4400000)
 Metaspace       used 38403K, capacity 41556K, committed 41600K, reserved 1085440K
  class space    used 4532K, capacity 5632K, committed 5632K, reserved 1048576K
Event: 22.149 GC heap after
Heap after GC invocations=19 (full 3):
 PSYoungGen      total 147968K, used 0K [0x00000000f5580000, 0x0000000100000000, 0x0000000100000000)
  eden space 129536K, 0% used [0x00000000f5580000,0x00000000f5580000,0x00000000fd400000)
  from space 18432K, 0% used [0x00000000fee00000,0x00000000fee00000,0x0000000100000000)
  to   space 22528K, 0% used [0x00000000fd400000,0x00000000fd400000,0x00000000fea00000)
 ParOldGen       total 92160K, used 46484K [0x00000000e0000000, 0x00000000e5a00000, 0x00000000f5580000)
  object space 92160K, 50% used [0x00000000e0000000,0x00000000e2d65060,0x00000000e5a00000)
 Metaspace       used 38403K, capacity 41556K, committed 41600K, reserved 1085440K
  class space    used 4532K, capacity 5632K, committed 5632K, reserved 1048576K
}
Event: 33.686 GC heap before
{Heap before GC invocations=20 (full 3):
 PSYoungGen      total 147968K, used 129536K [0x00000000f5580000, 0x0000000100000000, 0x0000000100000000)
  eden space 129536K, 100% used [0x00000000f5580000,0x00000000fd400000,0x00000000fd400000)
  from space 18432K, 0% used [0x00000000fee00000,0x00000000fee00000,0x0000000100000000)
  to   space 22528K, 0% used [0x00000000fd400000,0x00000000fd400000,0x00000000fea00000)
 ParOldGen       total 92160K, used 46484K [0x00000000e0000000, 0x00000000e5a00000, 0x00000000f5580000)
  object space 92160K, 50% used [0x00000000e0000000,0x00000000e2d65060,0x00000000e5a00000)
 Metaspace       used 60962K, capacity 66922K, committed 67072K, reserved 1107968K
  class space    used 7260K, capacity 9103K, committed 9216K, reserved 1048576K
Event: 33.702 GC heap after
Heap after GC invocations=20 (full 3):
 PSYoungGen      total 152064K, used 22503K [0x00000000f5580000, 0x0000000100000000, 0x0000000100000000)
  eden space 129536K, 0% used [0x00000000f5580000,0x00000000f5580000,0x00000000fd400000)
  from space 22528K, 99% used [0x00000000fd400000,0x00000000fe9f9c58,0x00000000fea00000)
  to   space 22528K, 0% used [0x00000000fea00000,0x00000000fea00000,0x0000000100000000)
 ParOldGen       total 92160K, used 51488K [0x00000000e0000000, 0x00000000e5a00000, 0x00000000f5580000)
  object space 92160K, 55% used [0x00000000e0000000,0x00000000e3248360,0x00000000e5a00000)
 Metaspace       used 60962K, capacity 66922K, committed 67072K, reserved 1107968K
  class space    used 7260K, capacity 9103K, committed 9216K, reserved 1048576K
}
Event: 34.425 GC heap before
{Heap before GC invocations=21 (full 3):
 PSYoungGen      total 152064K, used 53852K [0x00000000f5580000, 0x0000000100000000, 0x0000000100000000)
  eden space 129536K, 24% used [0x00000000f5580000,0x00000000f741d528,0x00000000fd400000)
  from space 22528K, 99% used [0x00000000fd400000,0x00000000fe9f9c58,0x00000000fea00000)
  to   space 22528K, 0% used [0x00000000fea00000,0x00000000fea00000,0x0000000100000000)
 ParOldGen       total 92160K, used 51488K [0x00000000e0000000, 0x00000000e5a00000, 0x00000000f5580000)
  object space 92160K, 55% used [0x00000000e0000000,0x00000000e3248360,0x00000000e5a00000)
 Metaspace       used 63130K, capacity 69234K, committed 69336K, reserved 1110016K
  class space    used 7512K, capacity 9468K, committed 9472K, reserved 1048576K
Event: 34.435 GC heap after
Heap after GC invocations=21 (full 3):
 PSYoungGen      total 141824K, used 4090K [0x00000000f5580000, 0x0000000100000000, 0x0000000100000000)
  eden space 119296K, 0% used [0x00000000f5580000,0x00000000f5580000,0x00000000fca00000)
  from space 22528K, 18% used [0x00000000fea00000,0x00000000fedfebb8,0x0000000100000000)
  to   space 27648K, 0% used [0x00000000fca00000,0x00000000fca00000,0x00000000fe500000)
 ParOldGen       total 92160K, used 60938K [0x00000000e0000000, 0x00000000e5a00000, 0x00000000f5580000)
  object space 92160K, 66% used [0x00000000e0000000,0x00000000e3b82a30,0x00000000e5a00000)
 Metaspace       used 63130K, capacity 69234K, committed 69336K, reserved 1110016K
  class space    used 7512K, capacity 9468K, committed 9472K, reserved 1048576K
}
Event: 34.435 GC heap before
{Heap before GC invocations=22 (full 4):
 PSYoungGen      total 141824K, used 4090K [0x00000000f5580000, 0x0000000100000000, 0x0000000100000000)
  eden space 119296K, 0% used [0x00000000f5580000,0x00000000f5580000,0x00000000fca00000)
  from space 22528K, 18% used [0x00000000fea00000,0x00000000fedfebb8,0x0000000100000000)
  to   space 27648K, 0% used [0x00000000fca00000,0x00000000fca00000,0x00000000fe500000)
 ParOldGen       total 92160K, used 60938K [0x00000000e0000000, 0x00000000e5a00000, 0x00000000f5580000)
  object space 92160K, 66% used [0x00000000e0000000,0x00000000e3b82a30,0x00000000e5a00000)
 Metaspace       used 63130K, capacity 69234K, committed 69336K, reserved 1110016K
  class space    used 7512K, capacity 9468K, committed 9472K, reserved 1048576K
Event: 34.525 GC heap after
Heap after GC invocations=22 (full 4):
 PSYoungGen      total 141824K, used 0K [0x00000000f5580000, 0x0000000100000000, 0x0000000100000000)
  eden space 119296K, 0% used [0x00000000f5580000,0x00000000f5580000,0x00000000fca00000)
  from space 22528K, 0% used [0x00000000fea00000,0x00000000fea00000,0x0000000100000000)
  to   space 27648K, 0% used [0x00000000fca00000,0x00000000fca00000,0x00000000fe500000)
 ParOldGen       total 107520K, used 47995K [0x00000000e0000000, 0x00000000e6900000, 0x00000000f5580000)
  object space 107520K, 44% used [0x00000000e0000000,0x00000000e2eded20,0x00000000e6900000)
 Metaspace       used 63130K, capacity 69234K, committed 69336K, reserved 1110016K
  class space    used 7512K, capacity 9468K, committed 9472K, reserved 1048576K
}
Event: 84.065 GC heap before
{Heap before GC invocations=23 (full 4):
 PSYoungGen      total 141824K, used 119296K [0x00000000f5580000, 0x0000000100000000, 0x0000000100000000)
  eden space 119296K, 100% used [0x00000000f5580000,0x00000000fca00000,0x00000000fca00000)
  from space 22528K, 0% used [0x00000000fea00000,0x00000000fea00000,0x0000000100000000)
  to   space 27648K, 0% used [0x00000000fca00000,0x00000000fca00000,0x00000000fe500000)
 ParOldGen       total 107520K, used 47995K [0x00000000e0000000, 0x00000000e6900000, 0x00000000f5580000)
  object space 107520K, 44% used [0x00000000e0000000,0x00000000e2eded20,0x00000000e6900000)
 Metaspace       used 75947K, capacity 82786K, committed 83032K, reserved 1120256K
  class space    used 9090K, capacity 11351K, committed 11392K, reserved 1048576K
Event: 84.076 GC heap after
Heap after GC invocations=23 (full 4):
 PSYoungGen      total 136704K, used 17328K [0x00000000f5580000, 0x0000000100000000, 0x0000000100000000)
  eden space 119296K, 0% used [0x00000000f5580000,0x00000000f5580000,0x00000000fca00000)
  from space 17408K, 99% used [0x00000000fca00000,0x00000000fdaec010,0x00000000fdb00000)
  to   space 28160K, 0% used [0x00000000fe480000,0x00000000fe480000,0x0000000100000000)
 ParOldGen       total 107520K, used 48003K [0x00000000e0000000, 0x00000000e6900000, 0x00000000f5580000)
  object space 107520K, 44% used [0x00000000e0000000,0x00000000e2ee0d20,0x00000000e6900000)
 Metaspace       used 75947K, capacity 82786K, committed 83032K, reserved 1120256K
  class space    used 9090K, capacity 11351K, committed 11392K, reserved 1048576K
}

