# JRE version: Java(TM) SE Runtime Environment (8.0_66-b18) (build 1.8.0_66-b18)
# Java VM: Java HotSpot(TM) 64-Bit Server VM (25.66-b18 mixed mode windows-amd64 compressed oops)
Heap:
 PSYoungGen      total 140800K, used 15883K [0x00000000f5580000, 0x0000000100000000, 0x0000000100000000)
  eden space 110080K, 7% used [0x00000000f5580000,0x00000000f5d887c8,0x00000000fc100000)
  from space 30720K, 24% used [0x00000000fc100000,0x00000000fc87a748,0x00000000fdf00000)
  to   space 30208K, 0% used [0x00000000fe280000,0x00000000fe280000,0x0000000100000000)
 ParOldGen       total 113152K, used 58311K [0x00000000e0000000, 0x00000000e6e80000, 0x00000000f5580000)
  object space 113152K, 51% used [0x00000000e0000000,0x00000000e38f1f70,0x00000000e6e80000)
 Metaspace       used 87311K, capacity 95086K, committed 95256K, reserved 1132544K
  class space    used 10498K, capacity 12987K, committed 13104K, reserved 1048576K
GC Heap History (10 events):
Event: 61.932 GC heap before
{Heap before GC invocations=13 (full 3):
 PSYoungGen      total 144896K, used 109045K [0x00000000f5580000, 0x0000000100000000, 0x0000000100000000)
  eden space 120832K, 70% used [0x00000000f5580000,0x00000000fa880448,0x00000000fcb80000)
  from space 24064K, 99% used [0x00000000fcb80000,0x00000000fe2fd0d8,0x00000000fe300000)
  to   space 29696K, 0% used [0x00000000fe300000,0x00000000fe300000,0x0000000100000000)
 ParOldGen       total 113152K, used 42659K [0x00000000e0000000, 0x00000000e6e80000, 0x00000000f5580000)
  object space 113152K, 37% used [0x00000000e0000000,0x00000000e29a8fc0,0x00000000e6e80000)
 Metaspace       used 77588K, capacity 84338K, committed 84504K, reserved 1122304K
  class space    used 9478K, capacity 11717K, committed 11824K, reserved 1048576K
Event: 61.947 GC heap after
Heap after GC invocations=13 (full 3):
 PSYoungGen      total 138752K, used 24148K [0x00000000f5580000, 0x0000000100000000, 0x0000000100000000)
  eden space 109056K, 0% used [0x00000000f5580000,0x00000000f5580000,0x00000000fc000000)
  from space 29696K, 81% used [0x00000000fe300000,0x00000000ffa951c8,0x0000000100000000)
  to   space 32768K, 0% used [0x00000000fc000000,0x00000000fc000000,0x00000000fe000000)
 ParOldGen       total 113152K, used 42667K [0x00000000e0000000, 0x00000000e6e80000, 0x00000000f5580000)
  object space 113152K, 37% used [0x00000000e0000000,0x00000000e29aafc0,0x00000000e6e80000)
 Metaspace       used 77588K, capacity 84338K, committed 84504K, reserved 1122304K
  class space    used 9478K, capacity 11717K, committed 11824K, reserved 1048576K
}
Event: 61.947 GC heap before
{Heap before GC invocations=14 (full 4):
 PSYoungGen      total 138752K, used 24148K [0x00000000f5580000, 0x0000000100000000, 0x0000000100000000)
  eden space 109056K, 0% used [0x00000000f5580000,0x00000000f5580000,0x00000000fc000000)
  from space 29696K, 81% used [0x00000000fe300000,0x00000000ffa951c8,0x0000000100000000)
  to   space 32768K, 0% used [0x00000000fc000000,0x00000000fc000000,0x00000000fe000000)
 ParOldGen       total 113152K, used 42667K [0x00000000e0000000, 0x00000000e6e80000, 0x00000000f5580000)
  object space 113152K, 37% used [0x00000000e0000000,0x00000000e29aafc0,0x00000000e6e80000)
 Metaspace       used 77588K, capacity 84338K, committed 84504K, reserved 1122304K
  class space    used 9478K, capacity 11717K, committed 11824K, reserved 1048576K
Event: 62.186 GC heap after
Heap after GC invocations=14 (full 4):
 PSYoungGen      total 138752K, used 0K [0x00000000f5580000, 0x0000000100000000, 0x0000000100000000)
  eden space 109056K, 0% used [0x00000000f5580000,0x00000000f5580000,0x00000000fc000000)
  from space 29696K, 0% used [0x00000000fe300000,0x00000000fe300000,0x0000000100000000)
  to   space 32768K, 0% used [0x00000000fc000000,0x00000000fc000000,0x00000000fe000000)
 ParOldGen       total 113152K, used 58287K [0x00000000e0000000, 0x00000000e6e80000, 0x00000000f5580000)
  object space 113152K, 51% used [0x00000000e0000000,0x00000000e38ebf70,0x00000000e6e80000)
 Metaspace       used 77588K, capacity 84338K, committed 84504K, reserved 1122304K
  class space    used 9478K, capacity 11717K, committed 11824K, reserved 1048576K
}
Event: 85.103 GC heap before
{Heap before GC invocations=15 (full 4):
 PSYoungGen      total 138752K, used 109056K [0x00000000f5580000, 0x0000000100000000, 0x0000000100000000)
  eden space 109056K, 100% used [0x00000000f5580000,0x00000000fc000000,0x00000000fc000000)
  from space 29696K, 0% used [0x00000000fe300000,0x00000000fe300000,0x0000000100000000)
  to   space 32768K, 0% used [0x00000000fc000000,0x00000000fc000000,0x00000000fe000000)
 ParOldGen       total 113152K, used 58287K [0x00000000e0000000, 0x00000000e6e80000, 0x00000000f5580000)
  object space 113152K, 51% used [0x00000000e0000000,0x00000000e38ebf70,0x00000000e6e80000)
 Metaspace       used 83513K, capacity 91200K, committed 91544K, reserved 1128448K
  class space    used 10214K, capacity 12619K, committed 12720K, reserved 1048576K
Event: 85.109 GC heap after
Heap after GC invocations=15 (full 4):
 PSYoungGen      total 141824K, used 10197K [0x00000000f5580000, 0x0000000100000000, 0x0000000100000000)
  eden space 109056K, 0% used [0x00000000f5580000,0x00000000f5580000,0x00000000fc000000)
  from space 32768K, 31% used [0x00000000fc000000,0x00000000fc9f56e8,0x00000000fe000000)
  to   space 31744K, 0% used [0x00000000fe100000,0x00000000fe100000,0x0000000100000000)
 ParOldGen       total 113152K, used 58295K [0x00000000e0000000, 0x00000000e6e80000, 0x00000000f5580000)
  object space 113152K, 51% used [0x00000000e0000000,0x00000000e38edf70,0x00000000e6e80000)
 Metaspace       used 83513K, capacity 91200K, committed 91544K, reserved 1128448K
  class space    used 10214K, capacity 12619K, committed 12720K, reserved 1048576K
}
Event: 100.449 GC heap before
{Heap before GC invocations=16 (full 4):
 PSYoungGen      total 141824K, used 119253K [0x00000000f5580000, 0x0000000100000000, 0x0000000100000000)
  eden space 109056K, 100% used [0x00000000f5580000,0x00000000fc000000,0x00000000fc000000)
  from space 32768K, 31% used [0x00000000fc000000,0x00000000fc9f56e8,0x00000000fe000000)
  to   space 31744K, 0% used [0x00000000fe100000,0x00000000fe100000,0x0000000100000000)
 ParOldGen       total 113152K, used 58295K [0x00000000e0000000, 0x00000000e6e80000, 0x00000000f5580000)
  object space 113152K, 51% used [0x00000000e0000000,0x00000000e38edf70,0x00000000e6e80000)
 Metaspace       used 85114K, capacity 92696K, committed 92824K, reserved 1130496K
  class space    used 10300K, capacity 12689K, committed 12720K, reserved 1048576K
Event: 100.455 GC heap after
Heap after GC invocations=16 (full 4):
 PSYoungGen      total 138752K, used 7793K [0x00000000f5580000, 0x00000000ffd00000, 0x0000000100000000)
  eden space 110080K, 0% used [0x00000000f5580000,0x00000000f5580000,0x00000000fc100000)
  from space 28672K, 27% used [0x00000000fe100000,0x00000000fe89c408,0x00000000ffd00000)
  to   space 30720K, 0% used [0x00000000fc100000,0x00000000fc100000,0x00000000fdf00000)
 ParOldGen       total 113152K, used 58303K [0x00000000e0000000, 0x00000000e6e80000, 0x00000000f5580000)
  object space 113152K, 51% used [0x00000000e0000000,0x00000000e38eff70,0x00000000e6e80000)
 Metaspace       used 85114K, capacity 92696K, committed 92824K, reserved 1130496K
  class space    used 10300K, capacity 12689K, committed 12720K, reserved 1048576K
}
Event: 249.922 GC heap before
{Heap before GC invocations=17 (full 4):
 PSYoungGen      total 138752K, used 117873K [0x00000000f5580000, 0x00000000ffd00000, 0x0000000100000000)
  eden space 110080K, 100% used [0x00000000f5580000,0x00000000fc100000,0x00000000fc100000)
  from space 28672K, 27% used [0x00000000fe100000,0x00000000fe89c408,0x00000000ffd00000)
  to   space 30720K, 0% used [0x00000000fc100000,0x00000000fc100000,0x00000000fdf00000)
 ParOldGen       total 113152K, used 58303K [0x00000000e0000000, 0x00000000e6e80000, 0x00000000f5580000)
  object space 113152K, 51% used [0x00000000e0000000,0x00000000e38eff70,0x00000000e6e80000)
 Metaspace       used 87009K, capacity 94794K, committed 95128K, reserved 1132544K
  class space    used 10465K, capacity 12891K, committed 12976K, reserved 1048576K
Event: 249.932 GC heap after
Heap after GC invocations=17 (full 4):
 PSYoungGen      total 140800K, used 7657K [0x00000000f5580000, 0x0000000100000000, 0x0000000100000000)
  eden space 110080K, 0% used [0x00000000f5580000,0x00000000f5580000,0x00000000fc100000)
  from space 30720K, 24% used [0x00000000fc100000,0x00000000fc87a748,0x00000000fdf00000)
  to   space 30208K, 0% used [0x00000000fe280000,0x00000000fe280000,0x0000000100000000)
 ParOldGen       total 113152K, used 58311K [0x00000000e0000000, 0x00000000e6e80000, 0x00000000f5580000)
  object space 113152K, 51% used [0x00000000e0000000,0x00000000e38f1f70,0x00000000e6e80000)
 Metaspace       used 87009K, capacity 94794K, committed 95128K, reserved 1132544K
  class space    used 10465K, capacity 12891K, committed 12976K, reserved 1048576K
}

