# JRE version: Java(TM) SE Runtime Environment (8.0_66-b18) (build 1.8.0_66-b18)
# Java VM: Java HotSpot(TM) 64-Bit Server VM (25.66-b18 mixed mode windows-amd64 compressed oops)
Heap:
 PSYoungGen      total 165888K, used 107292K [0x00000000f5580000, 0x00000000fff80000, 0x0000000100000000)
  eden space 158720K, 67% used [0x00000000f5580000,0x00000000fbd6f260,0x00000000ff080000)
  from space 7168K, 12% used [0x00000000ff880000,0x00000000ff958000,0x00000000fff80000)
  to   space 7680K, 0% used [0x00000000ff080000,0x00000000ff080000,0x00000000ff800000)
 ParOldGen       total 118272K, used 62359K [0x00000000e0000000, 0x00000000e7380000, 0x00000000f5580000)
  object space 118272K, 52% used [0x00000000e0000000,0x00000000e3ce5e50,0x00000000e7380000)
 Metaspace       used 89497K, capacity 96578K, committed 96768K, reserved 1132544K
  class space    used 10603K, capacity 12943K, committed 13056K, reserved 1048576K
GC Heap History (10 events):
Event: 1791.856 GC heap before
{Heap before GC invocations=80 (full 32):
 PSYoungGen      total 140288K, used 130560K [0x00000000f5580000, 0x00000000ffa00000, 0x0000000100000000)
  eden space 129536K, 100% used [0x00000000f5580000,0x00000000fd400000,0x00000000fd400000)
  from space 10752K, 9% used [0x00000000fd400000,0x00000000fd500000,0x00000000fde80000)
  to   space 10240K, 0% used [0x00000000ff000000,0x00000000ff000000,0x00000000ffa00000)
 ParOldGen       total 118272K, used 62359K [0x00000000e0000000, 0x00000000e7380000, 0x00000000f5580000)
  object space 118272K, 52% used [0x00000000e0000000,0x00000000e3ce5e50,0x00000000e7380000)
 Metaspace       used 88721K, capacity 95672K, committed 95744K, reserved 1132544K
  class space    used 10520K, capacity 12750K, committed 12800K, reserved 1048576K
Event: 1791.859 GC heap after
Heap after GC invocations=80 (full 32):
 PSYoungGen      total 150016K, used 832K [0x00000000f5580000, 0x00000000ff500000, 0x0000000100000000)
  eden space 144896K, 0% used [0x00000000f5580000,0x00000000f5580000,0x00000000fe300000)
  from space 5120K, 16% used [0x00000000ff000000,0x00000000ff0d0000,0x00000000ff500000)
  to   space 9216K, 0% used [0x00000000fe300000,0x00000000fe300000,0x00000000fec00000)
 ParOldGen       total 118272K, used 62359K [0x00000000e0000000, 0x00000000e7380000, 0x00000000f5580000)
  object space 118272K, 52% used [0x00000000e0000000,0x00000000e3ce5e50,0x00000000e7380000)
 Metaspace       used 88721K, capacity 95672K, committed 95744K, reserved 1132544K
  class space    used 10520K, capacity 12750K, committed 12800K, reserved 1048576K
}
Event: 1796.843 GC heap before
{Heap before GC invocations=81 (full 32):
 PSYoungGen      total 150016K, used 145728K [0x00000000f5580000, 0x00000000ff500000, 0x0000000100000000)
  eden space 144896K, 100% used [0x00000000f5580000,0x00000000fe300000,0x00000000fe300000)
  from space 5120K, 16% used [0x00000000ff000000,0x00000000ff0d0000,0x00000000ff500000)
  to   space 9216K, 0% used [0x00000000fe300000,0x00000000fe300000,0x00000000fec00000)
 ParOldGen       total 118272K, used 62359K [0x00000000e0000000, 0x00000000e7380000, 0x00000000f5580000)
  object space 118272K, 52% used [0x00000000e0000000,0x00000000e3ce5e50,0x00000000e7380000)
 Metaspace       used 88721K, capacity 95672K, committed 95744K, reserved 1132544K
  class space    used 10520K, capacity 12750K, committed 12800K, reserved 1048576K
Event: 1796.846 GC heap after
Heap after GC invocations=81 (full 32):
 PSYoungGen      total 154112K, used 896K [0x00000000f5580000, 0x0000000100000000, 0x0000000100000000)
  eden space 144896K, 0% used [0x00000000f5580000,0x00000000f5580000,0x00000000fe300000)
  from space 9216K, 9% used [0x00000000fe300000,0x00000000fe3e0000,0x00000000fec00000)
  to   space 8704K, 0% used [0x00000000ff780000,0x00000000ff780000,0x0000000100000000)
 ParOldGen       total 118272K, used 62359K [0x00000000e0000000, 0x00000000e7380000, 0x00000000f5580000)
  object space 118272K, 52% used [0x00000000e0000000,0x00000000e3ce5e50,0x00000000e7380000)
 Metaspace       used 88721K, capacity 95672K, committed 95744K, reserved 1132544K
  class space    used 10520K, capacity 12750K, committed 12800K, reserved 1048576K
}
Event: 1801.884 GC heap before
{Heap before GC invocations=82 (full 32):
 PSYoungGen      total 154112K, used 145792K [0x00000000f5580000, 0x0000000100000000, 0x0000000100000000)
  eden space 144896K, 100% used [0x00000000f5580000,0x00000000fe300000,0x00000000fe300000)
  from space 9216K, 9% used [0x00000000fe300000,0x00000000fe3e0000,0x00000000fec00000)
  to   space 8704K, 0% used [0x00000000ff780000,0x00000000ff780000,0x0000000100000000)
 ParOldGen       total 118272K, used 62359K [0x00000000e0000000, 0x00000000e7380000, 0x00000000f5580000)
  object space 118272K, 52% used [0x00000000e0000000,0x00000000e3ce5e50,0x00000000e7380000)
 Metaspace       used 88721K, capacity 95672K, committed 95744K, reserved 1132544K
  class space    used 10520K, capacity 12750K, committed 12800K, reserved 1048576K
Event: 1801.886 GC heap after
Heap after GC invocations=82 (full 32):
 PSYoungGen      total 162816K, used 864K [0x00000000f5580000, 0x00000000ffe00000, 0x0000000100000000)
  eden space 156160K, 0% used [0x00000000f5580000,0x00000000f5580000,0x00000000fee00000)
  from space 6656K, 12% used [0x00000000ff780000,0x00000000ff858000,0x00000000ffe00000)
  to   space 8192K, 0% used [0x00000000fee00000,0x00000000fee00000,0x00000000ff600000)
 ParOldGen       total 118272K, used 62359K [0x00000000e0000000, 0x00000000e7380000, 0x00000000f5580000)
  object space 118272K, 52% used [0x00000000e0000000,0x00000000e3ce5e50,0x00000000e7380000)
 Metaspace       used 88721K, capacity 95672K, committed 95744K, reserved 1132544K
  class space    used 10520K, capacity 12750K, committed 12800K, reserved 1048576K
}
Event: 1807.223 GC heap before
{Heap before GC invocations=83 (full 32):
 PSYoungGen      total 162816K, used 157024K [0x00000000f5580000, 0x00000000ffe00000, 0x0000000100000000)
  eden space 156160K, 100% used [0x00000000f5580000,0x00000000fee00000,0x00000000fee00000)
  from space 6656K, 12% used [0x00000000ff780000,0x00000000ff858000,0x00000000ffe00000)
  to   space 8192K, 0% used [0x00000000fee00000,0x00000000fee00000,0x00000000ff600000)
 ParOldGen       total 118272K, used 62359K [0x00000000e0000000, 0x00000000e7380000, 0x00000000f5580000)
  object space 118272K, 52% used [0x00000000e0000000,0x00000000e3ce5e50,0x00000000e7380000)
 Metaspace       used 88721K, capacity 95672K, committed 95744K, reserved 1132544K
  class space    used 10520K, capacity 12750K, committed 12800K, reserved 1048576K
Event: 1807.226 GC heap after
Heap after GC invocations=83 (full 32):
 PSYoungGen      total 164352K, used 832K [0x00000000f5580000, 0x0000000100000000, 0x0000000100000000)
  eden space 156160K, 0% used [0x00000000f5580000,0x00000000f5580000,0x00000000fee00000)
  from space 8192K, 10% used [0x00000000fee00000,0x00000000feed0000,0x00000000ff600000)
  to   space 7680K, 0% used [0x00000000ff880000,0x00000000ff880000,0x0000000100000000)
 ParOldGen       total 118272K, used 62359K [0x00000000e0000000, 0x00000000e7380000, 0x00000000f5580000)
  object space 118272K, 52% used [0x00000000e0000000,0x00000000e3ce5e50,0x00000000e7380000)
 Metaspace       used 88721K, capacity 95672K, committed 95744K, reserved 1132544K
  class space    used 10520K, capacity 12750K, committed 12800K, reserved 1048576K
}
Event: 1812.448 GC heap before
{Heap before GC invocations=84 (full 32):
 PSYoungGen      total 164352K, used 156992K [0x00000000f5580000, 0x0000000100000000, 0x0000000100000000)
  eden space 156160K, 100% used [0x00000000f5580000,0x00000000fee00000,0x00000000fee00000)
  from space 8192K, 10% used [0x00000000fee00000,0x00000000feed0000,0x00000000ff600000)
  to   space 7680K, 0% used [0x00000000ff880000,0x00000000ff880000,0x0000000100000000)
 ParOldGen       total 118272K, used 62359K [0x00000000e0000000, 0x00000000e7380000, 0x00000000f5580000)
  object space 118272K, 52% used [0x00000000e0000000,0x00000000e3ce5e50,0x00000000e7380000)
 Metaspace       used 88722K, capacity 95672K, committed 95744K, reserved 1132544K
  class space    used 10520K, capacity 12750K, committed 12800K, reserved 1048576K
Event: 1812.451 GC heap after
Heap after GC invocations=84 (full 32):
 PSYoungGen      total 165888K, used 864K [0x00000000f5580000, 0x00000000fff80000, 0x0000000100000000)
  eden space 158720K, 0% used [0x00000000f5580000,0x00000000f5580000,0x00000000ff080000)
  from space 7168K, 12% used [0x00000000ff880000,0x00000000ff958000,0x00000000fff80000)
  to   space 7680K, 0% used [0x00000000ff080000,0x00000000ff080000,0x00000000ff800000)
 ParOldGen       total 118272K, used 62359K [0x00000000e0000000, 0x00000000e7380000, 0x00000000f5580000)
  object space 118272K, 52% used [0x00000000e0000000,0x00000000e3ce5e50,0x00000000e7380000)
 Metaspace       used 88722K, capacity 95672K, committed 95744K, reserved 1132544K
  class space    used 10520K, capacity 12750K, committed 12800K, reserved 1048576K
}

