# JRE version: Java(TM) SE Runtime Environment (8.0_66-b18) (build 1.8.0_66-b18)
# Java VM: Java HotSpot(TM) 64-Bit Server VM (25.66-b18 mixed mode windows-amd64 compressed oops)
Heap:
 PSYoungGen      total 174080K, used 149720K [0x00000000f5580000, 0x0000000100000000, 0x0000000100000000)
  eden space 173568K, 86% used [0x00000000f5580000,0x00000000fe78e1f0,0x00000000fff00000)
  from space 512K, 31% used [0x00000000fff00000,0x00000000fff28000,0x00000000fff80000)
  to   space 512K, 0% used [0x00000000fff80000,0x00000000fff80000,0x0000000100000000)
 ParOldGen       total 117248K, used 51653K [0x00000000e0000000, 0x00000000e7280000, 0x00000000f5580000)
  object space 117248K, 44% used [0x00000000e0000000,0x00000000e3271688,0x00000000e7280000)
 Metaspace       used 90942K, capacity 98520K, committed 98984K, reserved 1134592K
  class space    used 10687K, capacity 13124K, committed 13232K, reserved 1048576K
GC Heap History (10 events):
Event: 4140.092 GC heap before
{Heap before GC invocations=691 (full 57):
 PSYoungGen      total 174080K, used 7068K [0x00000000f5580000, 0x0000000100000000, 0x0000000100000000)
  eden space 173568K, 3% used [0x00000000f5580000,0x00000000f5c47098,0x00000000fff00000)
  from space 512K, 25% used [0x00000000fff00000,0x00000000fff20000,0x00000000fff80000)
  to   space 512K, 0% used [0x00000000fff80000,0x00000000fff80000,0x0000000100000000)
 ParOldGen       total 117248K, used 51653K [0x00000000e0000000, 0x00000000e7280000, 0x00000000f5580000)
  object space 117248K, 44% used [0x00000000e0000000,0x00000000e3271658,0x00000000e7280000)
 Metaspace       used 90121K, capacity 97646K, committed 98088K, reserved 1134592K
  class space    used 10584K, capacity 13027K, committed 13104K, reserved 1048576K
Event: 4140.094 GC heap after
Heap after GC invocations=691 (full 57):
 PSYoungGen      total 174080K, used 128K [0x00000000f5580000, 0x0000000100000000, 0x0000000100000000)
  eden space 173568K, 0% used [0x00000000f5580000,0x00000000f5580000,0x00000000fff00000)
  from space 512K, 25% used [0x00000000fff80000,0x00000000fffa0000,0x0000000100000000)
  to   space 512K, 0% used [0x00000000fff00000,0x00000000fff00000,0x00000000fff80000)
 ParOldGen       total 117248K, used 51653K [0x00000000e0000000, 0x00000000e7280000, 0x00000000f5580000)
  object space 117248K, 44% used [0x00000000e0000000,0x00000000e3271658,0x00000000e7280000)
 Metaspace       used 90121K, capacity 97646K, committed 98088K, reserved 1134592K
  class space    used 10584K, capacity 13027K, committed 13104K, reserved 1048576K
}
Event: 4140.094 GC heap before
{Heap before GC invocations=692 (full 58):
 PSYoungGen      total 174080K, used 128K [0x00000000f5580000, 0x0000000100000000, 0x0000000100000000)
  eden space 173568K, 0% used [0x00000000f5580000,0x00000000f5580000,0x00000000fff00000)
  from space 512K, 25% used [0x00000000fff80000,0x00000000fffa0000,0x0000000100000000)
  to   space 512K, 0% used [0x00000000fff00000,0x00000000fff00000,0x00000000fff80000)
 ParOldGen       total 117248K, used 51653K [0x00000000e0000000, 0x00000000e7280000, 0x00000000f5580000)
  object space 117248K, 44% used [0x00000000e0000000,0x00000000e3271658,0x00000000e7280000)
 Metaspace       used 90121K, capacity 97646K, committed 98088K, reserved 1134592K
  class space    used 10584K, capacity 13027K, committed 13104K, reserved 1048576K
Event: 4140.187 GC heap after
Heap after GC invocations=692 (full 58):
 PSYoungGen      total 174080K, used 0K [0x00000000f5580000, 0x0000000100000000, 0x0000000100000000)
  eden space 173568K, 0% used [0x00000000f5580000,0x00000000f5580000,0x00000000fff00000)
  from space 512K, 0% used [0x00000000fff80000,0x00000000fff80000,0x0000000100000000)
  to   space 512K, 0% used [0x00000000fff00000,0x00000000fff00000,0x00000000fff80000)
 ParOldGen       total 117248K, used 51653K [0x00000000e0000000, 0x00000000e7280000, 0x00000000f5580000)
  object space 117248K, 44% used [0x00000000e0000000,0x00000000e3271688,0x00000000e7280000)
 Metaspace       used 90121K, capacity 97646K, committed 98088K, reserved 1134592K
  class space    used 10584K, capacity 13027K, committed 13104K, reserved 1048576K
}
Event: 4146.254 GC heap before
{Heap before GC invocations=693 (full 58):
 PSYoungGen      total 174080K, used 173568K [0x00000000f5580000, 0x0000000100000000, 0x0000000100000000)
  eden space 173568K, 100% used [0x00000000f5580000,0x00000000fff00000,0x00000000fff00000)
  from space 512K, 0% used [0x00000000fff80000,0x00000000fff80000,0x0000000100000000)
  to   space 512K, 0% used [0x00000000fff00000,0x00000000fff00000,0x00000000fff80000)
 ParOldGen       total 117248K, used 51653K [0x00000000e0000000, 0x00000000e7280000, 0x00000000f5580000)
  object space 117248K, 44% used [0x00000000e0000000,0x00000000e3271688,0x00000000e7280000)
 Metaspace       used 90121K, capacity 97646K, committed 98088K, reserved 1134592K
  class space    used 10584K, capacity 13027K, committed 13104K, reserved 1048576K
Event: 4146.257 GC heap after
Heap after GC invocations=693 (full 58):
 PSYoungGen      total 174080K, used 160K [0x00000000f5580000, 0x0000000100000000, 0x0000000100000000)
  eden space 173568K, 0% used [0x00000000f5580000,0x00000000f5580000,0x00000000fff00000)
  from space 512K, 31% used [0x00000000fff00000,0x00000000fff28000,0x00000000fff80000)
  to   space 512K, 0% used [0x00000000fff80000,0x00000000fff80000,0x0000000100000000)
 ParOldGen       total 117248K, used 51653K [0x00000000e0000000, 0x00000000e7280000, 0x00000000f5580000)
  object space 117248K, 44% used [0x00000000e0000000,0x00000000e3271688,0x00000000e7280000)
 Metaspace       used 90121K, capacity 97646K, committed 98088K, reserved 1134592K
  class space    used 10584K, capacity 13027K, committed 13104K, reserved 1048576K
}
Event: 4152.223 GC heap before
{Heap before GC invocations=694 (full 58):
 PSYoungGen      total 174080K, used 173728K [0x00000000f5580000, 0x0000000100000000, 0x0000000100000000)
  eden space 173568K, 100% used [0x00000000f5580000,0x00000000fff00000,0x00000000fff00000)
  from space 512K, 31% used [0x00000000fff00000,0x00000000fff28000,0x00000000fff80000)
  to   space 512K, 0% used [0x00000000fff80000,0x00000000fff80000,0x0000000100000000)
 ParOldGen       total 117248K, used 51653K [0x00000000e0000000, 0x00000000e7280000, 0x00000000f5580000)
  object space 117248K, 44% used [0x00000000e0000000,0x00000000e3271688,0x00000000e7280000)
 Metaspace       used 90121K, capacity 97646K, committed 98088K, reserved 1134592K
  class space    used 10584K, capacity 13027K, committed 13104K, reserved 1048576K
Event: 4152.225 GC heap after
Heap after GC invocations=694 (full 58):
 PSYoungGen      total 174080K, used 128K [0x00000000f5580000, 0x0000000100000000, 0x0000000100000000)
  eden space 173568K, 0% used [0x00000000f5580000,0x00000000f5580000,0x00000000fff00000)
  from space 512K, 25% used [0x00000000fff80000,0x00000000fffa0000,0x0000000100000000)
  to   space 512K, 0% used [0x00000000fff00000,0x00000000fff00000,0x00000000fff80000)
 ParOldGen       total 117248K, used 51653K [0x00000000e0000000, 0x00000000e7280000, 0x00000000f5580000)
  object space 117248K, 44% used [0x00000000e0000000,0x00000000e3271688,0x00000000e7280000)
 Metaspace       used 90121K, capacity 97646K, committed 98088K, reserved 1134592K
  class space    used 10584K, capacity 13027K, committed 13104K, reserved 1048576K
}
Event: 4158.267 GC heap before
{Heap before GC invocations=695 (full 58):
 PSYoungGen      total 174080K, used 173696K [0x00000000f5580000, 0x0000000100000000, 0x0000000100000000)
  eden space 173568K, 100% used [0x00000000f5580000,0x00000000fff00000,0x00000000fff00000)
  from space 512K, 25% used [0x00000000fff80000,0x00000000fffa0000,0x0000000100000000)
  to   space 512K, 0% used [0x00000000fff00000,0x00000000fff00000,0x00000000fff80000)
 ParOldGen       total 117248K, used 51653K [0x00000000e0000000, 0x00000000e7280000, 0x00000000f5580000)
  object space 117248K, 44% used [0x00000000e0000000,0x00000000e3271688,0x00000000e7280000)
 Metaspace       used 90122K, capacity 97646K, committed 98088K, reserved 1134592K
  class space    used 10584K, capacity 13027K, committed 13104K, reserved 1048576K
Event: 4158.269 GC heap after
Heap after GC invocations=695 (full 58):
 PSYoungGen      total 174080K, used 160K [0x00000000f5580000, 0x0000000100000000, 0x0000000100000000)
  eden space 173568K, 0% used [0x00000000f5580000,0x00000000f5580000,0x00000000fff00000)
  from space 512K, 31% used [0x00000000fff00000,0x00000000fff28000,0x00000000fff80000)
  to   space 512K, 0% used [0x00000000fff80000,0x00000000fff80000,0x0000000100000000)
 ParOldGen       total 117248K, used 51653K [0x00000000e0000000, 0x00000000e7280000, 0x00000000f5580000)
  object space 117248K, 44% used [0x00000000e0000000,0x00000000e3271688,0x00000000e7280000)
 Metaspace       used 90122K, capacity 97646K, committed 98088K, reserved 1134592K
  class space    used 10584K, capacity 13027K, committed 13104K, reserved 1048576K
}

