# JRE version: Java(TM) SE Runtime Environment (8.0_66-b18) (build 1.8.0_66-b18)
# Java VM: Java HotSpot(TM) 64-Bit Server VM (25.66-b18 mixed mode windows-amd64 compressed oops)
Heap:
 PSYoungGen      total 131584K, used 76189K [0x00000000f5580000, 0x0000000100000000, 0x0000000100000000)
  eden space 105984K, 47% used [0x00000000f5580000,0x00000000f86e8a10,0x00000000fbd00000)
  from space 25600K, 99% used [0x00000000fe700000,0x00000000ffffeda0,0x0000000100000000)
  to   space 34304K, 0% used [0x00000000fbd00000,0x00000000fbd00000,0x00000000fde80000)
 ParOldGen       total 109568K, used 45522K [0x00000000e0000000, 0x00000000e6b00000, 0x00000000f5580000)
  object space 109568K, 41% used [0x00000000e0000000,0x00000000e2c74ab8,0x00000000e6b00000)
 Metaspace       used 83074K, capacity 90298K, committed 90496K, reserved 1126400K
  class space    used 10112K, capacity 12618K, committed 12672K, reserved 1048576K
GC Heap History (10 events):
Event: 4.497 GC heap before
{Heap before GC invocations=9 (full 2):
 PSYoungGen      total 110592K, used 92672K [0x00000000f5580000, 0x00000000fd800000, 0x0000000100000000)
  eden space 92672K, 100% used [0x00000000f5580000,0x00000000fb000000,0x00000000fb000000)
  from space 17920K, 0% used [0x00000000fc680000,0x00000000fc680000,0x00000000fd800000)
  to   space 20480K, 0% used [0x00000000fb000000,0x00000000fb000000,0x00000000fc400000)
 ParOldGen       total 93184K, used 35236K [0x00000000e0000000, 0x00000000e5b00000, 0x00000000f5580000)
  object space 93184K, 37% used [0x00000000e0000000,0x00000000e22692c0,0x00000000e5b00000)
 Metaspace       used 51898K, capacity 56470K, committed 56576K, reserved 1097728K
  class space    used 6143K, capacity 7602K, committed 7680K, reserved 1048576K
Event: 4.510 GC heap after
Heap after GC invocations=9 (full 2):
 PSYoungGen      total 113152K, used 20470K [0x00000000f5580000, 0x0000000100000000, 0x0000000100000000)
  eden space 92672K, 0% used [0x00000000f5580000,0x00000000f5580000,0x00000000fb000000)
  from space 20480K, 99% used [0x00000000fb000000,0x00000000fc3fdaf8,0x00000000fc400000)
  to   space 25600K, 0% used [0x00000000fe700000,0x00000000fe700000,0x0000000100000000)
 ParOldGen       total 93184K, used 37244K [0x00000000e0000000, 0x00000000e5b00000, 0x00000000f5580000)
  object space 93184K, 39% used [0x00000000e0000000,0x00000000e245f1a8,0x00000000e5b00000)
 Metaspace       used 51898K, capacity 56470K, committed 56576K, reserved 1097728K
  class space    used 6143K, capacity 7602K, committed 7680K, reserved 1048576K
}
Event: 4.645 GC heap before
{Heap before GC invocations=10 (full 2):
 PSYoungGen      total 113152K, used 37578K [0x00000000f5580000, 0x0000000100000000, 0x0000000100000000)
  eden space 92672K, 18% used [0x00000000f5580000,0x00000000f6634db0,0x00000000fb000000)
  from space 20480K, 99% used [0x00000000fb000000,0x00000000fc3fdaf8,0x00000000fc400000)
  to   space 25600K, 0% used [0x00000000fe700000,0x00000000fe700000,0x0000000100000000)
 ParOldGen       total 93184K, used 37244K [0x00000000e0000000, 0x00000000e5b00000, 0x00000000f5580000)
  object space 93184K, 39% used [0x00000000e0000000,0x00000000e245f1a8,0x00000000e5b00000)
 Metaspace       used 54360K, capacity 58968K, committed 59028K, reserved 1099776K
  class space    used 6395K, capacity 7924K, committed 7936K, reserved 1048576K
Event: 4.652 GC heap after
Heap after GC invocations=10 (full 2):
 PSYoungGen      total 150528K, used 11281K [0x00000000f5580000, 0x0000000100000000, 0x0000000100000000)
  eden space 124928K, 0% used [0x00000000f5580000,0x00000000f5580000,0x00000000fcf80000)
  from space 25600K, 44% used [0x00000000fe700000,0x00000000ff2047c0,0x0000000100000000)
  to   space 24064K, 0% used [0x00000000fcf80000,0x00000000fcf80000,0x00000000fe700000)
 ParOldGen       total 93184K, used 37252K [0x00000000e0000000, 0x00000000e5b00000, 0x00000000f5580000)
  object space 93184K, 39% used [0x00000000e0000000,0x00000000e24611a8,0x00000000e5b00000)
 Metaspace       used 54360K, capacity 58968K, committed 59028K, reserved 1099776K
  class space    used 6395K, capacity 7924K, committed 7936K, reserved 1048576K
}
Event: 4.652 GC heap before
{Heap before GC invocations=11 (full 3):
 PSYoungGen      total 150528K, used 11281K [0x00000000f5580000, 0x0000000100000000, 0x0000000100000000)
  eden space 124928K, 0% used [0x00000000f5580000,0x00000000f5580000,0x00000000fcf80000)
  from space 25600K, 44% used [0x00000000fe700000,0x00000000ff2047c0,0x0000000100000000)
  to   space 24064K, 0% used [0x00000000fcf80000,0x00000000fcf80000,0x00000000fe700000)
 ParOldGen       total 93184K, used 37252K [0x00000000e0000000, 0x00000000e5b00000, 0x00000000f5580000)
  object space 93184K, 39% used [0x00000000e0000000,0x00000000e24611a8,0x00000000e5b00000)
 Metaspace       used 54360K, capacity 58968K, committed 59028K, reserved 1099776K
  class space    used 6395K, capacity 7924K, committed 7936K, reserved 1048576K
Event: 4.813 GC heap after
Heap after GC invocations=11 (full 3):
 PSYoungGen      total 150528K, used 0K [0x00000000f5580000, 0x0000000100000000, 0x0000000100000000)
  eden space 124928K, 0% used [0x00000000f5580000,0x00000000f5580000,0x00000000fcf80000)
  from space 25600K, 0% used [0x00000000fe700000,0x00000000fe700000,0x0000000100000000)
  to   space 24064K, 0% used [0x00000000fcf80000,0x00000000fcf80000,0x00000000fe700000)
 ParOldGen       total 109568K, used 36743K [0x00000000e0000000, 0x00000000e6b00000, 0x00000000f5580000)
  object space 109568K, 33% used [0x00000000e0000000,0x00000000e23e1d00,0x00000000e6b00000)
 Metaspace       used 54360K, capacity 58968K, committed 59028K, reserved 1099776K
  class space    used 6395K, capacity 7924K, committed 7936K, reserved 1048576K
}
Event: 6.611 GC heap before
{Heap before GC invocations=12 (full 3):
 PSYoungGen      total 150528K, used 124928K [0x00000000f5580000, 0x0000000100000000, 0x0000000100000000)
  eden space 124928K, 100% used [0x00000000f5580000,0x00000000fcf80000,0x00000000fcf80000)
  from space 25600K, 0% used [0x00000000fe700000,0x00000000fe700000,0x0000000100000000)
  to   space 24064K, 0% used [0x00000000fcf80000,0x00000000fcf80000,0x00000000fe700000)
 ParOldGen       total 109568K, used 36745K [0x00000000e0000000, 0x00000000e6b00000, 0x00000000f5580000)
  object space 109568K, 33% used [0x00000000e0000000,0x00000000e23e2450,0x00000000e6b00000)
 Metaspace       used 72210K, capacity 78466K, committed 78592K, reserved 1118208K
  class space    used 8765K, capacity 10721K, committed 10752K, reserved 1048576K
Event: 6.629 GC heap after
Heap after GC invocations=12 (full 3):
 PSYoungGen      total 148992K, used 24051K [0x00000000f5580000, 0x0000000100000000, 0x0000000100000000)
  eden space 124928K, 0% used [0x00000000f5580000,0x00000000f5580000,0x00000000fcf80000)
  from space 24064K, 99% used [0x00000000fcf80000,0x00000000fe6fcee8,0x00000000fe700000)
  to   space 25600K, 0% used [0x00000000fe700000,0x00000000fe700000,0x0000000100000000)
 ParOldGen       total 109568K, used 42080K [0x00000000e0000000, 0x00000000e6b00000, 0x00000000f5580000)
  object space 109568K, 38% used [0x00000000e0000000,0x00000000e29182f0,0x00000000e6b00000)
 Metaspace       used 72210K, capacity 78466K, committed 78592K, reserved 1118208K
  class space    used 8765K, capacity 10721K, committed 10752K, reserved 1048576K
}
Event: 57.976 GC heap before
{Heap before GC invocations=13 (full 3):
 PSYoungGen      total 148992K, used 148979K [0x00000000f5580000, 0x0000000100000000, 0x0000000100000000)
  eden space 124928K, 100% used [0x00000000f5580000,0x00000000fcf80000,0x00000000fcf80000)
  from space 24064K, 99% used [0x00000000fcf80000,0x00000000fe6fcee8,0x00000000fe700000)
  to   space 25600K, 0% used [0x00000000fe700000,0x00000000fe700000,0x0000000100000000)
 ParOldGen       total 109568K, used 42083K [0x00000000e0000000, 0x00000000e6b00000, 0x00000000f5580000)
  object space 109568K, 38% used [0x00000000e0000000,0x00000000e2918c38,0x00000000e6b00000)
 Metaspace       used 80840K, capacity 87640K, committed 87808K, reserved 1124352K
  class space    used 9854K, capacity 12207K, committed 12288K, reserved 1048576K
Event: 57.994 GC heap after
Heap after GC invocations=13 (full 3):
 PSYoungGen      total 131584K, used 25595K [0x00000000f5580000, 0x0000000100000000, 0x0000000100000000)
  eden space 105984K, 0% used [0x00000000f5580000,0x00000000f5580000,0x00000000fbd00000)
  from space 25600K, 99% used [0x00000000fe700000,0x00000000ffffeda0,0x0000000100000000)
  to   space 34304K, 0% used [0x00000000fbd00000,0x00000000fbd00000,0x00000000fde80000)
 ParOldGen       total 109568K, used 45522K [0x00000000e0000000, 0x00000000e6b00000, 0x00000000f5580000)
  object space 109568K, 41% used [0x00000000e0000000,0x00000000e2c74ab8,0x00000000e6b00000)
 Metaspace       used 80840K, capacity 87640K, committed 87808K, reserved 1124352K
  class space    used 9854K, capacity 12207K, committed 12288K, reserved 1048576K
}

