# JRE version: Java(TM) SE Runtime Environment (8.0_66-b18) (build 1.8.0_66-b18)
# Java VM: Java HotSpot(TM) 64-Bit Server VM (25.66-b18 mixed mode windows-amd64 compressed oops)
Heap:
 PSYoungGen      total 146944K, used 43171K [0x00000000f5580000, 0x00000000fe800000, 0x0000000100000000)
  eden space 144896K, 29% used [0x00000000f5580000,0x00000000f7fa8f38,0x00000000fe300000)
  from space 2048K, 0% used [0x00000000fe600000,0x00000000fe600000,0x00000000fe800000)
  to   space 2560K, 0% used [0x00000000fe300000,0x00000000fe300000,0x00000000fe580000)
 ParOldGen       total 123392K, used 50133K [0x00000000e0000000, 0x00000000e7880000, 0x00000000f5580000)
  object space 123392K, 40% used [0x00000000e0000000,0x00000000e30f5528,0x00000000e7880000)
 Metaspace       used 89285K, capacity 96560K, committed 96856K, reserved 1132544K
  class space    used 10662K, capacity 13105K, committed 13184K, reserved 1048576K
GC Heap History (10 events):
Event: 4095.275 GC heap before
{Heap before GC invocations=147 (full 69):
 PSYoungGen      total 147968K, used 160K [0x00000000f5580000, 0x00000000fe900000, 0x0000000100000000)
  eden space 144896K, 0% used [0x00000000f5580000,0x00000000f5580000,0x00000000fe300000)
  from space 3072K, 5% used [0x00000000fe600000,0x00000000fe628000,0x00000000fe900000)
  to   space 3072K, 0% used [0x00000000fe300000,0x00000000fe300000,0x00000000fe600000)
 ParOldGen       total 123392K, used 50015K [0x00000000e0000000, 0x00000000e7880000, 0x00000000f5580000)
  object space 123392K, 40% used [0x00000000e0000000,0x00000000e30d7c08,0x00000000e7880000)
 Metaspace       used 88385K, capacity 95686K, committed 95960K, reserved 1132544K
  class space    used 10561K, capacity 12944K, committed 13056K, reserved 1048576K
Event: 4095.382 GC heap after
Heap after GC invocations=147 (full 69):
 PSYoungGen      total 147968K, used 0K [0x00000000f5580000, 0x00000000fe900000, 0x0000000100000000)
  eden space 144896K, 0% used [0x00000000f5580000,0x00000000f5580000,0x00000000fe300000)
  from space 3072K, 0% used [0x00000000fe600000,0x00000000fe600000,0x00000000fe900000)
  to   space 3072K, 0% used [0x00000000fe300000,0x00000000fe300000,0x00000000fe600000)
 ParOldGen       total 123392K, used 49998K [0x00000000e0000000, 0x00000000e7880000, 0x00000000f5580000)
  object space 123392K, 40% used [0x00000000e0000000,0x00000000e30d39b8,0x00000000e7880000)
 Metaspace       used 88385K, capacity 95686K, committed 95960K, reserved 1132544K
  class space    used 10561K, capacity 12944K, committed 13056K, reserved 1048576K
}
Event: 4155.285 GC heap before
{Heap before GC invocations=148 (full 69):
 PSYoungGen      total 147968K, used 3698K [0x00000000f5580000, 0x00000000fe900000, 0x0000000100000000)
  eden space 144896K, 2% used [0x00000000f5580000,0x00000000f591caf0,0x00000000fe300000)
  from space 3072K, 0% used [0x00000000fe600000,0x00000000fe600000,0x00000000fe900000)
  to   space 3072K, 0% used [0x00000000fe300000,0x00000000fe300000,0x00000000fe600000)
 ParOldGen       total 123392K, used 49998K [0x00000000e0000000, 0x00000000e7880000, 0x00000000f5580000)
  object space 123392K, 40% used [0x00000000e0000000,0x00000000e30d39b8,0x00000000e7880000)
 Metaspace       used 88385K, capacity 95686K, committed 95960K, reserved 1132544K
  class space    used 10561K, capacity 12944K, committed 13056K, reserved 1048576K
Event: 4155.288 GC heap after
Heap after GC invocations=148 (full 69):
 PSYoungGen      total 147968K, used 192K [0x00000000f5580000, 0x00000000fe900000, 0x0000000100000000)
  eden space 144896K, 0% used [0x00000000f5580000,0x00000000f5580000,0x00000000fe300000)
  from space 3072K, 6% used [0x00000000fe300000,0x00000000fe330000,0x00000000fe600000)
  to   space 3072K, 0% used [0x00000000fe600000,0x00000000fe600000,0x00000000fe900000)
 ParOldGen       total 123392K, used 49998K [0x00000000e0000000, 0x00000000e7880000, 0x00000000f5580000)
  object space 123392K, 40% used [0x00000000e0000000,0x00000000e30d39b8,0x00000000e7880000)
 Metaspace       used 88385K, capacity 95686K, committed 95960K, reserved 1132544K
  class space    used 10561K, capacity 12944K, committed 13056K, reserved 1048576K
}
Event: 4155.288 GC heap before
{Heap before GC invocations=149 (full 70):
 PSYoungGen      total 147968K, used 192K [0x00000000f5580000, 0x00000000fe900000, 0x0000000100000000)
  eden space 144896K, 0% used [0x00000000f5580000,0x00000000f5580000,0x00000000fe300000)
  from space 3072K, 6% used [0x00000000fe300000,0x00000000fe330000,0x00000000fe600000)
  to   space 3072K, 0% used [0x00000000fe600000,0x00000000fe600000,0x00000000fe900000)
 ParOldGen       total 123392K, used 49998K [0x00000000e0000000, 0x00000000e7880000, 0x00000000f5580000)
  object space 123392K, 40% used [0x00000000e0000000,0x00000000e30d39b8,0x00000000e7880000)
 Metaspace       used 88385K, capacity 95686K, committed 95960K, reserved 1132544K
  class space    used 10561K, capacity 12944K, committed 13056K, reserved 1048576K
Event: 4155.366 GC heap after
Heap after GC invocations=149 (full 70):
 PSYoungGen      total 147968K, used 0K [0x00000000f5580000, 0x00000000fe900000, 0x0000000100000000)
  eden space 144896K, 0% used [0x00000000f5580000,0x00000000f5580000,0x00000000fe300000)
  from space 3072K, 0% used [0x00000000fe300000,0x00000000fe300000,0x00000000fe600000)
  to   space 3072K, 0% used [0x00000000fe600000,0x00000000fe600000,0x00000000fe900000)
 ParOldGen       total 123392K, used 49998K [0x00000000e0000000, 0x00000000e7880000, 0x00000000f5580000)
  object space 123392K, 40% used [0x00000000e0000000,0x00000000e30d39b8,0x00000000e7880000)
 Metaspace       used 88385K, capacity 95686K, committed 95960K, reserved 1132544K
  class space    used 10561K, capacity 12944K, committed 13056K, reserved 1048576K
}
Event: 4215.297 GC heap before
{Heap before GC invocations=150 (full 70):
 PSYoungGen      total 147968K, used 9290K [0x00000000f5580000, 0x00000000fe900000, 0x0000000100000000)
  eden space 144896K, 6% used [0x00000000f5580000,0x00000000f5e92860,0x00000000fe300000)
  from space 3072K, 0% used [0x00000000fe300000,0x00000000fe300000,0x00000000fe600000)
  to   space 3072K, 0% used [0x00000000fe600000,0x00000000fe600000,0x00000000fe900000)
 ParOldGen       total 123392K, used 49998K [0x00000000e0000000, 0x00000000e7880000, 0x00000000f5580000)
  object space 123392K, 40% used [0x00000000e0000000,0x00000000e30d39b8,0x00000000e7880000)
 Metaspace       used 88385K, capacity 95686K, committed 95960K, reserved 1132544K
  class space    used 10561K, capacity 12944K, committed 13056K, reserved 1048576K
Event: 4215.301 GC heap after
Heap after GC invocations=150 (full 70):
 PSYoungGen      total 146944K, used 512K [0x00000000f5580000, 0x00000000fe800000, 0x0000000100000000)
  eden space 144896K, 0% used [0x00000000f5580000,0x00000000f5580000,0x00000000fe300000)
  from space 2048K, 25% used [0x00000000fe600000,0x00000000fe680000,0x00000000fe800000)
  to   space 2560K, 0% used [0x00000000fe300000,0x00000000fe300000,0x00000000fe580000)
 ParOldGen       total 123392K, used 49998K [0x00000000e0000000, 0x00000000e7880000, 0x00000000f5580000)
  object space 123392K, 40% used [0x00000000e0000000,0x00000000e30d39b8,0x00000000e7880000)
 Metaspace       used 88385K, capacity 95686K, committed 95960K, reserved 1132544K
  class space    used 10561K, capacity 12944K, committed 13056K, reserved 1048576K
}
Event: 4215.301 GC heap before
{Heap before GC invocations=151 (full 71):
 PSYoungGen      total 146944K, used 512K [0x00000000f5580000, 0x00000000fe800000, 0x0000000100000000)
  eden space 144896K, 0% used [0x00000000f5580000,0x00000000f5580000,0x00000000fe300000)
  from space 2048K, 25% used [0x00000000fe600000,0x00000000fe680000,0x00000000fe800000)
  to   space 2560K, 0% used [0x00000000fe300000,0x00000000fe300000,0x00000000fe580000)
 ParOldGen       total 123392K, used 49998K [0x00000000e0000000, 0x00000000e7880000, 0x00000000f5580000)
  object space 123392K, 40% used [0x00000000e0000000,0x00000000e30d39b8,0x00000000e7880000)
 Metaspace       used 88385K, capacity 95686K, committed 95960K, reserved 1132544K
  class space    used 10561K, capacity 12944K, committed 13056K, reserved 1048576K
Event: 4215.392 GC heap after
Heap after GC invocations=151 (full 71):
 PSYoungGen      total 146944K, used 0K [0x00000000f5580000, 0x00000000fe800000, 0x0000000100000000)
  eden space 144896K, 0% used [0x00000000f5580000,0x00000000f5580000,0x00000000fe300000)
  from space 2048K, 0% used [0x00000000fe600000,0x00000000fe600000,0x00000000fe800000)
  to   space 2560K, 0% used [0x00000000fe300000,0x00000000fe300000,0x00000000fe580000)
 ParOldGen       total 123392K, used 50133K [0x00000000e0000000, 0x00000000e7880000, 0x00000000f5580000)
  object space 123392K, 40% used [0x00000000e0000000,0x00000000e30f5528,0x00000000e7880000)
 Metaspace       used 88385K, capacity 95686K, committed 95960K, reserved 1132544K
  class space    used 10561K, capacity 12944K, committed 13056K, reserved 1048576K
}

