# JRE version: Java(TM) SE Runtime Environment (8.0_66-b18) (build 1.8.0_66-b18)
# Java VM: Java HotSpot(TM) 64-Bit Server VM (25.66-b18 mixed mode windows-amd64 compressed oops)
Heap:
 PSYoungGen      total 145408K, used 36962K [0x00000000f5580000, 0x0000000100000000, 0x0000000100000000)
  eden space 117248K, 31% used [0x00000000f5580000,0x00000000f7998858,0x00000000fc800000)
  from space 28160K, 0% used [0x00000000fc800000,0x00000000fc800000,0x00000000fe380000)
  to   space 27136K, 0% used [0x00000000fe580000,0x00000000fe580000,0x0000000100000000)
 ParOldGen       total 119808K, used 57710K [0x00000000e0000000, 0x00000000e7500000, 0x00000000f5580000)
  object space 119808K, 48% used [0x00000000e0000000,0x00000000e385b800,0x00000000e7500000)
 Metaspace       used 84252K, capacity 91108K, committed 91352K, reserved 1128448K
  class space    used 10044K, capacity 12211K, committed 12288K, reserved 1048576K
GC Heap History (10 events):
Event: 448.163 GC heap before
{Heap before GC invocations=36 (full 11):
 PSYoungGen      total 144384K, used 192K [0x00000000f5580000, 0x0000000100000000, 0x0000000100000000)
  eden space 114688K, 0% used [0x00000000f5580000,0x00000000f5580000,0x00000000fc580000)
  from space 29696K, 0% used [0x00000000fc580000,0x00000000fc5b0000,0x00000000fe280000)
  to   space 29184K, 0% used [0x00000000fe380000,0x00000000fe380000,0x0000000100000000)
 ParOldGen       total 119808K, used 63278K [0x00000000e0000000, 0x00000000e7500000, 0x00000000f5580000)
  object space 119808K, 52% used [0x00000000e0000000,0x00000000e3dcb9e0,0x00000000e7500000)
 Metaspace       used 82832K, capacity 89910K, committed 90200K, reserved 1128448K
  class space    used 9903K, capacity 12123K, committed 12160K, reserved 1048576K
Event: 448.300 GC heap after
Heap after GC invocations=36 (full 11):
 PSYoungGen      total 144384K, used 0K [0x00000000f5580000, 0x0000000100000000, 0x0000000100000000)
  eden space 114688K, 0% used [0x00000000f5580000,0x00000000f5580000,0x00000000fc580000)
  from space 29696K, 0% used [0x00000000fc580000,0x00000000fc580000,0x00000000fe280000)
  to   space 29184K, 0% used [0x00000000fe380000,0x00000000fe380000,0x0000000100000000)
 ParOldGen       total 119808K, used 63036K [0x00000000e0000000, 0x00000000e7500000, 0x00000000f5580000)
  object space 119808K, 52% used [0x00000000e0000000,0x00000000e3d8f048,0x00000000e7500000)
 Metaspace       used 82832K, capacity 89910K, committed 90200K, reserved 1128448K
  class space    used 9903K, capacity 12123K, committed 12160K, reserved 1048576K
}
Event: 508.173 GC heap before
{Heap before GC invocations=37 (full 11):
 PSYoungGen      total 144384K, used 4373K [0x00000000f5580000, 0x0000000100000000, 0x0000000100000000)
  eden space 114688K, 3% used [0x00000000f5580000,0x00000000f59c5610,0x00000000fc580000)
  from space 29696K, 0% used [0x00000000fc580000,0x00000000fc580000,0x00000000fe280000)
  to   space 29184K, 0% used [0x00000000fe380000,0x00000000fe380000,0x0000000100000000)
 ParOldGen       total 119808K, used 63036K [0x00000000e0000000, 0x00000000e7500000, 0x00000000f5580000)
  object space 119808K, 52% used [0x00000000e0000000,0x00000000e3d8f048,0x00000000e7500000)
 Metaspace       used 82835K, capacity 89910K, committed 90200K, reserved 1128448K
  class space    used 9903K, capacity 12123K, committed 12160K, reserved 1048576K
Event: 508.176 GC heap after
Heap after GC invocations=37 (full 11):
 PSYoungGen      total 146432K, used 192K [0x00000000f5580000, 0x0000000100000000, 0x0000000100000000)
  eden space 117248K, 0% used [0x00000000f5580000,0x00000000f5580000,0x00000000fc800000)
  from space 29184K, 0% used [0x00000000fe380000,0x00000000fe3b0000,0x0000000100000000)
  to   space 28160K, 0% used [0x00000000fc800000,0x00000000fc800000,0x00000000fe380000)
 ParOldGen       total 119808K, used 63044K [0x00000000e0000000, 0x00000000e7500000, 0x00000000f5580000)
  object space 119808K, 52% used [0x00000000e0000000,0x00000000e3d91048,0x00000000e7500000)
 Metaspace       used 82835K, capacity 89910K, committed 90200K, reserved 1128448K
  class space    used 9903K, capacity 12123K, committed 12160K, reserved 1048576K
}
Event: 508.176 GC heap before
{Heap before GC invocations=38 (full 12):
 PSYoungGen      total 146432K, used 192K [0x00000000f5580000, 0x0000000100000000, 0x0000000100000000)
  eden space 117248K, 0% used [0x00000000f5580000,0x00000000f5580000,0x00000000fc800000)
  from space 29184K, 0% used [0x00000000fe380000,0x00000000fe3b0000,0x0000000100000000)
  to   space 28160K, 0% used [0x00000000fc800000,0x00000000fc800000,0x00000000fe380000)
 ParOldGen       total 119808K, used 63044K [0x00000000e0000000, 0x00000000e7500000, 0x00000000f5580000)
  object space 119808K, 52% used [0x00000000e0000000,0x00000000e3d91048,0x00000000e7500000)
 Metaspace       used 82835K, capacity 89910K, committed 90200K, reserved 1128448K
  class space    used 9903K, capacity 12123K, committed 12160K, reserved 1048576K
Event: 508.415 GC heap after
Heap after GC invocations=38 (full 12):
 PSYoungGen      total 146432K, used 0K [0x00000000f5580000, 0x0000000100000000, 0x0000000100000000)
  eden space 117248K, 0% used [0x00000000f5580000,0x00000000f5580000,0x00000000fc800000)
  from space 29184K, 0% used [0x00000000fe380000,0x00000000fe380000,0x0000000100000000)
  to   space 28160K, 0% used [0x00000000fc800000,0x00000000fc800000,0x00000000fe380000)
 ParOldGen       total 119808K, used 57061K [0x00000000e0000000, 0x00000000e7500000, 0x00000000f5580000)
  object space 119808K, 47% used [0x00000000e0000000,0x00000000e37b97d0,0x00000000e7500000)
 Metaspace       used 82794K, capacity 89840K, committed 90200K, reserved 1128448K
  class space    used 9895K, capacity 12108K, committed 12160K, reserved 1048576K
}
Event: 572.796 GC heap before
{Heap before GC invocations=39 (full 12):
 PSYoungGen      total 146432K, used 20312K [0x00000000f5580000, 0x0000000100000000, 0x0000000100000000)
  eden space 117248K, 17% used [0x00000000f5580000,0x00000000f69560a0,0x00000000fc800000)
  from space 29184K, 0% used [0x00000000fe380000,0x00000000fe380000,0x0000000100000000)
  to   space 28160K, 0% used [0x00000000fc800000,0x00000000fc800000,0x00000000fe380000)
 ParOldGen       total 119808K, used 57061K [0x00000000e0000000, 0x00000000e7500000, 0x00000000f5580000)
  object space 119808K, 47% used [0x00000000e0000000,0x00000000e37b97d0,0x00000000e7500000)
 Metaspace       used 83223K, capacity 90282K, committed 90456K, reserved 1128448K
  class space    used 9934K, capacity 12147K, committed 12160K, reserved 1048576K
Event: 572.800 GC heap after
Heap after GC invocations=39 (full 12):
 PSYoungGen      total 145408K, used 900K [0x00000000f5580000, 0x0000000100000000, 0x0000000100000000)
  eden space 117248K, 0% used [0x00000000f5580000,0x00000000f5580000,0x00000000fc800000)
  from space 28160K, 3% used [0x00000000fc800000,0x00000000fc8e11c0,0x00000000fe380000)
  to   space 27136K, 0% used [0x00000000fe580000,0x00000000fe580000,0x0000000100000000)
 ParOldGen       total 119808K, used 57069K [0x00000000e0000000, 0x00000000e7500000, 0x00000000f5580000)
  object space 119808K, 47% used [0x00000000e0000000,0x00000000e37bb7d0,0x00000000e7500000)
 Metaspace       used 83223K, capacity 90282K, committed 90456K, reserved 1128448K
  class space    used 9934K, capacity 12147K, committed 12160K, reserved 1048576K
}
Event: 572.800 GC heap before
{Heap before GC invocations=40 (full 13):
 PSYoungGen      total 145408K, used 900K [0x00000000f5580000, 0x0000000100000000, 0x0000000100000000)
  eden space 117248K, 0% used [0x00000000f5580000,0x00000000f5580000,0x00000000fc800000)
  from space 28160K, 3% used [0x00000000fc800000,0x00000000fc8e11c0,0x00000000fe380000)
  to   space 27136K, 0% used [0x00000000fe580000,0x00000000fe580000,0x0000000100000000)
 ParOldGen       total 119808K, used 57069K [0x00000000e0000000, 0x00000000e7500000, 0x00000000f5580000)
  object space 119808K, 47% used [0x00000000e0000000,0x00000000e37bb7d0,0x00000000e7500000)
 Metaspace       used 83223K, capacity 90282K, committed 90456K, reserved 1128448K
  class space    used 9934K, capacity 12147K, committed 12160K, reserved 1048576K
Event: 573.080 GC heap after
Heap after GC invocations=40 (full 13):
 PSYoungGen      total 145408K, used 0K [0x00000000f5580000, 0x0000000100000000, 0x0000000100000000)
  eden space 117248K, 0% used [0x00000000f5580000,0x00000000f5580000,0x00000000fc800000)
  from space 28160K, 0% used [0x00000000fc800000,0x00000000fc800000,0x00000000fe380000)
  to   space 27136K, 0% used [0x00000000fe580000,0x00000000fe580000,0x0000000100000000)
 ParOldGen       total 119808K, used 57710K [0x00000000e0000000, 0x00000000e7500000, 0x00000000f5580000)
  object space 119808K, 48% used [0x00000000e0000000,0x00000000e385b800,0x00000000e7500000)
 Metaspace       used 83212K, capacity 90264K, committed 90456K, reserved 1128448K
  class space    used 9932K, capacity 12144K, committed 12160K, reserved 1048576K
}

