# JRE version: Java(TM) SE Runtime Environment (8.0_66-b18) (build 1.8.0_66-b18)
# Java VM: Java HotSpot(TM) 64-Bit Server VM (25.66-b18 mixed mode windows-amd64 compressed oops)
Heap:
 PSYoungGen      total 142336K, used 73281K [0x00000000f5580000, 0x0000000100000000, 0x0000000100000000)
  eden space 114176K, 45% used [0x00000000f5580000,0x00000000f880c510,0x00000000fc500000)
  from space 28160K, 76% used [0x00000000fe480000,0x00000000ff983f00,0x0000000100000000)
  to   space 30208K, 0% used [0x00000000fc500000,0x00000000fc500000,0x00000000fe280000)
 ParOldGen       total 111104K, used 36852K [0x00000000e0000000, 0x00000000e6c80000, 0x00000000f5580000)
  object space 111104K, 33% used [0x00000000e0000000,0x00000000e23fd0a0,0x00000000e6c80000)
 Metaspace       used 78307K, capacity 85410K, committed 85544K, reserved 1122304K
  class space    used 9402K, capacity 11775K, committed 11824K, reserved 1048576K
GC Heap History (10 events):
Event: 4.366 GC heap before
{Heap before GC invocations=9 (full 2):
 PSYoungGen      total 112640K, used 91648K [0x00000000f5580000, 0x00000000fd900000, 0x0000000100000000)
  eden space 91648K, 100% used [0x00000000f5580000,0x00000000faf00000,0x00000000faf00000)
  from space 20992K, 0% used [0x00000000fc300000,0x00000000fc300000,0x00000000fd780000)
  to   space 20480K, 0% used [0x00000000faf00000,0x00000000faf00000,0x00000000fc300000)
 ParOldGen       total 87552K, used 27418K [0x00000000e0000000, 0x00000000e5580000, 0x00000000f5580000)
  object space 87552K, 31% used [0x00000000e0000000,0x00000000e1ac6858,0x00000000e5580000)
 Metaspace       used 51897K, capacity 56634K, committed 56872K, reserved 1097728K
  class space    used 6184K, capacity 7642K, committed 7728K, reserved 1048576K
Event: 4.400 GC heap after
Heap after GC invocations=9 (full 2):
 PSYoungGen      total 112128K, used 20454K [0x00000000f5580000, 0x0000000100000000, 0x0000000100000000)
  eden space 91648K, 0% used [0x00000000f5580000,0x00000000f5580000,0x00000000faf00000)
  from space 20480K, 99% used [0x00000000faf00000,0x00000000fc2f9a58,0x00000000fc300000)
  to   space 25600K, 0% used [0x00000000fe700000,0x00000000fe700000,0x0000000100000000)
 ParOldGen       total 87552K, used 29669K [0x00000000e0000000, 0x00000000e5580000, 0x00000000f5580000)
  object space 87552K, 33% used [0x00000000e0000000,0x00000000e1cf94e0,0x00000000e5580000)
 Metaspace       used 51897K, capacity 56634K, committed 56872K, reserved 1097728K
  class space    used 6184K, capacity 7642K, committed 7728K, reserved 1048576K
}
Event: 10.716 GC heap before
{Heap before GC invocations=10 (full 2):
 PSYoungGen      total 112128K, used 37817K [0x00000000f5580000, 0x0000000100000000, 0x0000000100000000)
  eden space 91648K, 18% used [0x00000000f5580000,0x00000000f66749b0,0x00000000faf00000)
  from space 20480K, 99% used [0x00000000faf00000,0x00000000fc2f9a58,0x00000000fc300000)
  to   space 25600K, 0% used [0x00000000fe700000,0x00000000fe700000,0x0000000100000000)
 ParOldGen       total 87552K, used 29669K [0x00000000e0000000, 0x00000000e5580000, 0x00000000f5580000)
  object space 87552K, 33% used [0x00000000e0000000,0x00000000e1cf94e0,0x00000000e5580000)
 Metaspace       used 54189K, capacity 59090K, committed 59160K, reserved 1099776K
  class space    used 6465K, capacity 8078K, committed 8112K, reserved 1048576K
Event: 10.723 GC heap after
Heap after GC invocations=10 (full 2):
 PSYoungGen      total 142848K, used 10460K [0x00000000f5580000, 0x00000000ffb80000, 0x0000000100000000)
  eden space 121856K, 0% used [0x00000000f5580000,0x00000000f5580000,0x00000000fcc80000)
  from space 20992K, 49% used [0x00000000fe700000,0x00000000ff1371f8,0x00000000ffb80000)
  to   space 24064K, 0% used [0x00000000fcc80000,0x00000000fcc80000,0x00000000fe400000)
 ParOldGen       total 87552K, used 29677K [0x00000000e0000000, 0x00000000e5580000, 0x00000000f5580000)
  object space 87552K, 33% used [0x00000000e0000000,0x00000000e1cfb4e0,0x00000000e5580000)
 Metaspace       used 54189K, capacity 59090K, committed 59160K, reserved 1099776K
  class space    used 6465K, capacity 8078K, committed 8112K, reserved 1048576K
}
Event: 10.723 GC heap before
{Heap before GC invocations=11 (full 3):
 PSYoungGen      total 142848K, used 10460K [0x00000000f5580000, 0x00000000ffb80000, 0x0000000100000000)
  eden space 121856K, 0% used [0x00000000f5580000,0x00000000f5580000,0x00000000fcc80000)
  from space 20992K, 49% used [0x00000000fe700000,0x00000000ff1371f8,0x00000000ffb80000)
  to   space 24064K, 0% used [0x00000000fcc80000,0x00000000fcc80000,0x00000000fe400000)
 ParOldGen       total 87552K, used 29677K [0x00000000e0000000, 0x00000000e5580000, 0x00000000f5580000)
  object space 87552K, 33% used [0x00000000e0000000,0x00000000e1cfb4e0,0x00000000e5580000)
 Metaspace       used 54189K, capacity 59090K, committed 59160K, reserved 1099776K
  class space    used 6465K, capacity 8078K, committed 8112K, reserved 1048576K
Event: 10.967 GC heap after
Heap after GC invocations=11 (full 3):
 PSYoungGen      total 142848K, used 0K [0x00000000f5580000, 0x00000000ffb80000, 0x0000000100000000)
  eden space 121856K, 0% used [0x00000000f5580000,0x00000000f5580000,0x00000000fcc80000)
  from space 20992K, 0% used [0x00000000fe700000,0x00000000fe700000,0x00000000ffb80000)
  to   space 24064K, 0% used [0x00000000fcc80000,0x00000000fcc80000,0x00000000fe400000)
 ParOldGen       total 111104K, used 35860K [0x00000000e0000000, 0x00000000e6c80000, 0x00000000f5580000)
  object space 111104K, 32% used [0x00000000e0000000,0x00000000e2305270,0x00000000e6c80000)
 Metaspace       used 54189K, capacity 59090K, committed 59160K, reserved 1099776K
  class space    used 6465K, capacity 8078K, committed 8112K, reserved 1048576K
}
Event: 43.837 GC heap before
{Heap before GC invocations=12 (full 3):
 PSYoungGen      total 142848K, used 121856K [0x00000000f5580000, 0x00000000ffb80000, 0x0000000100000000)
  eden space 121856K, 100% used [0x00000000f5580000,0x00000000fcc80000,0x00000000fcc80000)
  from space 20992K, 0% used [0x00000000fe700000,0x00000000fe700000,0x00000000ffb80000)
  to   space 24064K, 0% used [0x00000000fcc80000,0x00000000fcc80000,0x00000000fe400000)
 ParOldGen       total 111104K, used 35860K [0x00000000e0000000, 0x00000000e6c80000, 0x00000000f5580000)
  object space 111104K, 32% used [0x00000000e0000000,0x00000000e2305270,0x00000000e6c80000)
 Metaspace       used 70187K, capacity 76626K, committed 76712K, reserved 1116160K
  class space    used 8437K, capacity 10586K, committed 10672K, reserved 1048576K
Event: 43.852 GC heap after
Heap after GC invocations=12 (full 3):
 PSYoungGen      total 145920K, used 24058K [0x00000000f5580000, 0x0000000100000000, 0x0000000100000000)
  eden space 121856K, 0% used [0x00000000f5580000,0x00000000f5580000,0x00000000fcc80000)
  from space 24064K, 99% used [0x00000000fcc80000,0x00000000fe3fe940,0x00000000fe400000)
  to   space 28160K, 0% used [0x00000000fe480000,0x00000000fe480000,0x0000000100000000)
 ParOldGen       total 111104K, used 36844K [0x00000000e0000000, 0x00000000e6c80000, 0x00000000f5580000)
  object space 111104K, 33% used [0x00000000e0000000,0x00000000e23fb0a0,0x00000000e6c80000)
 Metaspace       used 70187K, capacity 76626K, committed 76712K, reserved 1116160K
  class space    used 8437K, capacity 10586K, committed 10672K, reserved 1048576K
}
Event: 302.372 GC heap before
{Heap before GC invocations=13 (full 3):
 PSYoungGen      total 145920K, used 145914K [0x00000000f5580000, 0x0000000100000000, 0x0000000100000000)
  eden space 121856K, 100% used [0x00000000f5580000,0x00000000fcc80000,0x00000000fcc80000)
  from space 24064K, 99% used [0x00000000fcc80000,0x00000000fe3fe940,0x00000000fe400000)
  to   space 28160K, 0% used [0x00000000fe480000,0x00000000fe480000,0x0000000100000000)
 ParOldGen       total 111104K, used 36844K [0x00000000e0000000, 0x00000000e6c80000, 0x00000000f5580000)
  object space 111104K, 33% used [0x00000000e0000000,0x00000000e23fb0a0,0x00000000e6c80000)
 Metaspace       used 77078K, capacity 84130K, committed 84264K, reserved 1122304K
  class space    used 9287K, capacity 11547K, committed 11568K, reserved 1048576K
Event: 302.388 GC heap after
Heap after GC invocations=13 (full 3):
 PSYoungGen      total 142336K, used 21519K [0x00000000f5580000, 0x0000000100000000, 0x0000000100000000)
  eden space 114176K, 0% used [0x00000000f5580000,0x00000000f5580000,0x00000000fc500000)
  from space 28160K, 76% used [0x00000000fe480000,0x00000000ff983f00,0x0000000100000000)
  to   space 30208K, 0% used [0x00000000fc500000,0x00000000fc500000,0x00000000fe280000)
 ParOldGen       total 111104K, used 36852K [0x00000000e0000000, 0x00000000e6c80000, 0x00000000f5580000)
  object space 111104K, 33% used [0x00000000e0000000,0x00000000e23fd0a0,0x00000000e6c80000)
 Metaspace       used 77078K, capacity 84130K, committed 84264K, reserved 1122304K
  class space    used 9287K, capacity 11547K, committed 11568K, reserved 1048576K
}

