# JRE version: Java(TM) SE Runtime Environment (8.0_45-b15) (build 1.8.0_45-b15)
# Java VM: Java HotSpot(TM) 64-Bit Server VM (25.45-b02 mixed mode windows-amd64 compressed oops)
Heap:
 PSYoungGen      total 133632K, used 31195K [0x00000000f5580000, 0x00000000feb80000, 0x0000000100000000)
  eden space 113664K, 27% used [0x00000000f5580000,0x00000000f73f6e00,0x00000000fc480000)
  from space 19968K, 0% used [0x00000000fd800000,0x00000000fd800000,0x00000000feb80000)
  to   space 19968K, 0% used [0x00000000fc480000,0x00000000fc480000,0x00000000fd800000)
 ParOldGen       total 93696K, used 28995K [0x00000000e0000000, 0x00000000e5b80000, 0x00000000f5580000)
  object space 93696K, 30% used [0x00000000e0000000,0x00000000e1c50cd8,0x00000000e5b80000)
 Metaspace       used 74368K, capacity 80986K, committed 81152K, reserved 1120256K
  class space    used 9034K, capacity 11142K, committed 11264K, reserved 1048576K
GC Heap History (10 events):
Event: 506.120 GC heap before
{Heap before GC invocations=23 (full 7):
 PSYoungGen      total 132608K, used 160K [0x00000000f5580000, 0x00000000feb80000, 0x0000000100000000)
  eden space 113152K, 0% used [0x00000000f5580000,0x00000000f5580000,0x00000000fc400000)
  from space 19456K, 0% used [0x00000000fd780000,0x00000000fd7a8000,0x00000000fea80000)
  to   space 19968K, 0% used [0x00000000fc400000,0x00000000fc400000,0x00000000fd780000)
 ParOldGen       total 93696K, used 40709K [0x00000000e0000000, 0x00000000e5b80000, 0x00000000f5580000)
  object space 93696K, 43% used [0x00000000e0000000,0x00000000e27c1400,0x00000000e5b80000)
 Metaspace       used 73584K, capacity 80410K, committed 80512K, reserved 1118208K
  class space    used 8964K, capacity 11052K, committed 11136K, reserved 1048576K
Event: 506.447 GC heap after
Heap after GC invocations=23 (full 7):
 PSYoungGen      total 132608K, used 0K [0x00000000f5580000, 0x00000000feb80000, 0x0000000100000000)
  eden space 113152K, 0% used [0x00000000f5580000,0x00000000f5580000,0x00000000fc400000)
  from space 19456K, 0% used [0x00000000fd780000,0x00000000fd780000,0x00000000fea80000)
  to   space 19968K, 0% used [0x00000000fc400000,0x00000000fc400000,0x00000000fd780000)
 ParOldGen       total 93696K, used 31667K [0x00000000e0000000, 0x00000000e5b80000, 0x00000000f5580000)
  object space 93696K, 33% used [0x00000000e0000000,0x00000000e1eecf98,0x00000000e5b80000)
 Metaspace       used 73557K, capacity 80368K, committed 80512K, reserved 1118208K
  class space    used 8960K, capacity 11045K, committed 11136K, reserved 1048576K
}
Event: 566.131 GC heap before
{Heap before GC invocations=24 (full 7):
 PSYoungGen      total 132608K, used 4722K [0x00000000f5580000, 0x00000000feb80000, 0x0000000100000000)
  eden space 113152K, 4% used [0x00000000f5580000,0x00000000f5a1ca90,0x00000000fc400000)
  from space 19456K, 0% used [0x00000000fd780000,0x00000000fd780000,0x00000000fea80000)
  to   space 19968K, 0% used [0x00000000fc400000,0x00000000fc400000,0x00000000fd780000)
 ParOldGen       total 93696K, used 31667K [0x00000000e0000000, 0x00000000e5b80000, 0x00000000f5580000)
  object space 93696K, 33% used [0x00000000e0000000,0x00000000e1eecf98,0x00000000e5b80000)
 Metaspace       used 73560K, capacity 80368K, committed 80512K, reserved 1118208K
  class space    used 8960K, capacity 11045K, committed 11136K, reserved 1048576K
Event: 566.136 GC heap after
Heap after GC invocations=24 (full 7):
 PSYoungGen      total 133120K, used 192K [0x00000000f5580000, 0x00000000feb80000, 0x0000000100000000)
  eden space 113152K, 0% used [0x00000000f5580000,0x00000000f5580000,0x00000000fc400000)
  from space 19968K, 0% used [0x00000000fc400000,0x00000000fc430000,0x00000000fd780000)
  to   space 19968K, 0% used [0x00000000fd800000,0x00000000fd800000,0x00000000feb80000)
 ParOldGen       total 93696K, used 31667K [0x00000000e0000000, 0x00000000e5b80000, 0x00000000f5580000)
  object space 93696K, 33% used [0x00000000e0000000,0x00000000e1eecf98,0x00000000e5b80000)
 Metaspace       used 73560K, capacity 80368K, committed 80512K, reserved 1118208K
  class space    used 8960K, capacity 11045K, committed 11136K, reserved 1048576K
}
Event: 566.136 GC heap before
{Heap before GC invocations=25 (full 8):
 PSYoungGen      total 133120K, used 192K [0x00000000f5580000, 0x00000000feb80000, 0x0000000100000000)
  eden space 113152K, 0% used [0x00000000f5580000,0x00000000f5580000,0x00000000fc400000)
  from space 19968K, 0% used [0x00000000fc400000,0x00000000fc430000,0x00000000fd780000)
  to   space 19968K, 0% used [0x00000000fd800000,0x00000000fd800000,0x00000000feb80000)
 ParOldGen       total 93696K, used 31667K [0x00000000e0000000, 0x00000000e5b80000, 0x00000000f5580000)
  object space 93696K, 33% used [0x00000000e0000000,0x00000000e1eecf98,0x00000000e5b80000)
 Metaspace       used 73560K, capacity 80368K, committed 80512K, reserved 1118208K
  class space    used 8960K, capacity 11045K, committed 11136K, reserved 1048576K
Event: 566.539 GC heap after
Heap after GC invocations=25 (full 8):
 PSYoungGen      total 133120K, used 0K [0x00000000f5580000, 0x00000000feb80000, 0x0000000100000000)
  eden space 113152K, 0% used [0x00000000f5580000,0x00000000f5580000,0x00000000fc400000)
  from space 19968K, 0% used [0x00000000fc400000,0x00000000fc400000,0x00000000fd780000)
  to   space 19968K, 0% used [0x00000000fd800000,0x00000000fd800000,0x00000000feb80000)
 ParOldGen       total 93696K, used 30267K [0x00000000e0000000, 0x00000000e5b80000, 0x00000000f5580000)
  object space 93696K, 32% used [0x00000000e0000000,0x00000000e1d8ee98,0x00000000e5b80000)
 Metaspace       used 73547K, capacity 80344K, committed 80512K, reserved 1118208K
  class space    used 8958K, capacity 11041K, committed 11136K, reserved 1048576K
}
Event: 626.145 GC heap before
{Heap before GC invocations=26 (full 8):
 PSYoungGen      total 133120K, used 10029K [0x00000000f5580000, 0x00000000feb80000, 0x0000000100000000)
  eden space 113152K, 8% used [0x00000000f5580000,0x00000000f5f4b630,0x00000000fc400000)
  from space 19968K, 0% used [0x00000000fc400000,0x00000000fc400000,0x00000000fd780000)
  to   space 19968K, 0% used [0x00000000fd800000,0x00000000fd800000,0x00000000feb80000)
 ParOldGen       total 93696K, used 30267K [0x00000000e0000000, 0x00000000e5b80000, 0x00000000f5580000)
  object space 93696K, 32% used [0x00000000e0000000,0x00000000e1d8ee98,0x00000000e5b80000)
 Metaspace       used 73599K, capacity 80408K, committed 80768K, reserved 1118208K
  class space    used 8958K, capacity 11041K, committed 11136K, reserved 1048576K
Event: 626.151 GC heap after
Heap after GC invocations=26 (full 8):
 PSYoungGen      total 133632K, used 384K [0x00000000f5580000, 0x00000000feb80000, 0x0000000100000000)
  eden space 113664K, 0% used [0x00000000f5580000,0x00000000f5580000,0x00000000fc480000)
  from space 19968K, 1% used [0x00000000fd800000,0x00000000fd860000,0x00000000feb80000)
  to   space 19968K, 0% used [0x00000000fc480000,0x00000000fc480000,0x00000000fd800000)
 ParOldGen       total 93696K, used 30267K [0x00000000e0000000, 0x00000000e5b80000, 0x00000000f5580000)
  object space 93696K, 32% used [0x00000000e0000000,0x00000000e1d8ee98,0x00000000e5b80000)
 Metaspace       used 73599K, capacity 80408K, committed 80768K, reserved 1118208K
  class space    used 8958K, capacity 11041K, committed 11136K, reserved 1048576K
}
Event: 626.151 GC heap before
{Heap before GC invocations=27 (full 9):
 PSYoungGen      total 133632K, used 384K [0x00000000f5580000, 0x00000000feb80000, 0x0000000100000000)
  eden space 113664K, 0% used [0x00000000f5580000,0x00000000f5580000,0x00000000fc480000)
  from space 19968K, 1% used [0x00000000fd800000,0x00000000fd860000,0x00000000feb80000)
  to   space 19968K, 0% used [0x00000000fc480000,0x00000000fc480000,0x00000000fd800000)
 ParOldGen       total 93696K, used 30267K [0x00000000e0000000, 0x00000000e5b80000, 0x00000000f5580000)
  object space 93696K, 32% used [0x00000000e0000000,0x00000000e1d8ee98,0x00000000e5b80000)
 Metaspace       used 73599K, capacity 80408K, committed 80768K, reserved 1118208K
  class space    used 8958K, capacity 11041K, committed 11136K, reserved 1048576K
Event: 626.420 GC heap after
Heap after GC invocations=27 (full 9):
 PSYoungGen      total 133632K, used 0K [0x00000000f5580000, 0x00000000feb80000, 0x0000000100000000)
  eden space 113664K, 0% used [0x00000000f5580000,0x00000000f5580000,0x00000000fc480000)
  from space 19968K, 0% used [0x00000000fd800000,0x00000000fd800000,0x00000000feb80000)
  to   space 19968K, 0% used [0x00000000fc480000,0x00000000fc480000,0x00000000fd800000)
 ParOldGen       total 93696K, used 28995K [0x00000000e0000000, 0x00000000e5b80000, 0x00000000f5580000)
  object space 93696K, 30% used [0x00000000e0000000,0x00000000e1c50cd8,0x00000000e5b80000)
 Metaspace       used 73599K, capacity 80408K, committed 80768K, reserved 1118208K
  class space    used 8958K, capacity 11041K, committed 11136K, reserved 1048576K
}

