# JRE version: Java(TM) SE Runtime Environment (8.0_66-b18) (build 1.8.0_66-b18)
# Java VM: Java HotSpot(TM) 64-Bit Server VM (25.66-b18 mixed mode windows-amd64 compressed oops)
Heap:
 PSYoungGen      total 30208K, used 11710K [0x00000000f5580000, 0x00000000fa400000, 0x0000000100000000)
  eden space 29184K, 36% used [0x00000000f5580000,0x00000000f5ff3628,0x00000000f7200000)
  from space 1024K, 98% used [0x00000000fa200000,0x00000000fa2fc228,0x00000000fa300000)
  to   space 1024K, 0% used [0x00000000fa300000,0x00000000fa300000,0x00000000fa400000)
 ParOldGen       total 107008K, used 60546K [0x00000000e0000000, 0x00000000e6880000, 0x00000000f5580000)
  object space 107008K, 56% used [0x00000000e0000000,0x00000000e3b20808,0x00000000e6880000)
 Metaspace       used 93135K, capacity 100802K, committed 100904K, reserved 1136640K
  class space    used 10829K, capacity 13333K, committed 13360K, reserved 1048576K
GC Heap History (10 events):
Event: 4880.232 GC heap before
{Heap before GC invocations=374 (full 21):
 PSYoungGen      total 29184K, used 29184K [0x00000000f5580000, 0x00000000fa500000, 0x0000000100000000)
  eden space 28672K, 100% used [0x00000000f5580000,0x00000000f7180000,0x00000000f7180000)
  from space 512K, 100% used [0x00000000fa480000,0x00000000fa500000,0x00000000fa500000)
  to   space 1024K, 0% used [0x00000000fa300000,0x00000000fa300000,0x00000000fa400000)
 ParOldGen       total 107008K, used 60490K [0x00000000e0000000, 0x00000000e6880000, 0x00000000f5580000)
  object space 107008K, 56% used [0x00000000e0000000,0x00000000e3b12808,0x00000000e6880000)
 Metaspace       used 92505K, capacity 100248K, committed 100520K, reserved 1136640K
  class space    used 10750K, capacity 13172K, committed 13232K, reserved 1048576K
Event: 4880.234 GC heap after
Heap after GC invocations=374 (full 21):
 PSYoungGen      total 29696K, used 480K [0x00000000f5580000, 0x00000000fa500000, 0x0000000100000000)
  eden space 28672K, 0% used [0x00000000f5580000,0x00000000f5580000,0x00000000f7180000)
  from space 1024K, 46% used [0x00000000fa300000,0x00000000fa378000,0x00000000fa400000)
  to   space 1024K, 0% used [0x00000000fa400000,0x00000000fa400000,0x00000000fa500000)
 ParOldGen       total 107008K, used 60522K [0x00000000e0000000, 0x00000000e6880000, 0x00000000f5580000)
  object space 107008K, 56% used [0x00000000e0000000,0x00000000e3b1a808,0x00000000e6880000)
 Metaspace       used 92505K, capacity 100248K, committed 100520K, reserved 1136640K
  class space    used 10750K, capacity 13172K, committed 13232K, reserved 1048576K
}
Event: 4881.241 GC heap before
{Heap before GC invocations=375 (full 21):
 PSYoungGen      total 29696K, used 29152K [0x00000000f5580000, 0x00000000fa500000, 0x0000000100000000)
  eden space 28672K, 100% used [0x00000000f5580000,0x00000000f7180000,0x00000000f7180000)
  from space 1024K, 46% used [0x00000000fa300000,0x00000000fa378000,0x00000000fa400000)
  to   space 1024K, 0% used [0x00000000fa400000,0x00000000fa400000,0x00000000fa500000)
 ParOldGen       total 107008K, used 60522K [0x00000000e0000000, 0x00000000e6880000, 0x00000000f5580000)
  object space 107008K, 56% used [0x00000000e0000000,0x00000000e3b1a808,0x00000000e6880000)
 Metaspace       used 92505K, capacity 100248K, committed 100520K, reserved 1136640K
  class space    used 10750K, capacity 13172K, committed 13232K, reserved 1048576K
Event: 4881.243 GC heap after
Heap after GC invocations=375 (full 21):
 PSYoungGen      total 29184K, used 480K [0x00000000f5580000, 0x00000000fa480000, 0x0000000100000000)
  eden space 28672K, 0% used [0x00000000f5580000,0x00000000f5580000,0x00000000f7180000)
  from space 512K, 93% used [0x00000000fa400000,0x00000000fa478000,0x00000000fa480000)
  to   space 1024K, 0% used [0x00000000fa280000,0x00000000fa280000,0x00000000fa380000)
 ParOldGen       total 107008K, used 60522K [0x00000000e0000000, 0x00000000e6880000, 0x00000000f5580000)
  object space 107008K, 56% used [0x00000000e0000000,0x00000000e3b1a808,0x00000000e6880000)
 Metaspace       used 92505K, capacity 100248K, committed 100520K, reserved 1136640K
  class space    used 10750K, capacity 13172K, committed 13232K, reserved 1048576K
}
Event: 4882.171 GC heap before
{Heap before GC invocations=376 (full 21):
 PSYoungGen      total 29184K, used 29152K [0x00000000f5580000, 0x00000000fa480000, 0x0000000100000000)
  eden space 28672K, 100% used [0x00000000f5580000,0x00000000f7180000,0x00000000f7180000)
  from space 512K, 93% used [0x00000000fa400000,0x00000000fa478000,0x00000000fa480000)
  to   space 1024K, 0% used [0x00000000fa280000,0x00000000fa280000,0x00000000fa380000)
 ParOldGen       total 107008K, used 60522K [0x00000000e0000000, 0x00000000e6880000, 0x00000000f5580000)
  object space 107008K, 56% used [0x00000000e0000000,0x00000000e3b1a808,0x00000000e6880000)
 Metaspace       used 92509K, capacity 100248K, committed 100520K, reserved 1136640K
  class space    used 10750K, capacity 13172K, committed 13232K, reserved 1048576K
Event: 4882.174 GC heap after
Heap after GC invocations=376 (full 21):
 PSYoungGen      total 29696K, used 544K [0x00000000f5580000, 0x00000000fa480000, 0x0000000100000000)
  eden space 28672K, 0% used [0x00000000f5580000,0x00000000f5580000,0x00000000f7180000)
  from space 1024K, 53% used [0x00000000fa280000,0x00000000fa308000,0x00000000fa380000)
  to   space 1024K, 0% used [0x00000000fa380000,0x00000000fa380000,0x00000000fa480000)
 ParOldGen       total 107008K, used 60522K [0x00000000e0000000, 0x00000000e6880000, 0x00000000f5580000)
  object space 107008K, 56% used [0x00000000e0000000,0x00000000e3b1a808,0x00000000e6880000)
 Metaspace       used 92509K, capacity 100248K, committed 100520K, reserved 1136640K
  class space    used 10750K, capacity 13172K, committed 13232K, reserved 1048576K
}
Event: 4883.116 GC heap before
{Heap before GC invocations=377 (full 21):
 PSYoungGen      total 29696K, used 29216K [0x00000000f5580000, 0x00000000fa480000, 0x0000000100000000)
  eden space 28672K, 100% used [0x00000000f5580000,0x00000000f7180000,0x00000000f7180000)
  from space 1024K, 53% used [0x00000000fa280000,0x00000000fa308000,0x00000000fa380000)
  to   space 1024K, 0% used [0x00000000fa380000,0x00000000fa380000,0x00000000fa480000)
 ParOldGen       total 107008K, used 60522K [0x00000000e0000000, 0x00000000e6880000, 0x00000000f5580000)
  object space 107008K, 56% used [0x00000000e0000000,0x00000000e3b1a808,0x00000000e6880000)
 Metaspace       used 92516K, capacity 100248K, committed 100520K, reserved 1136640K
  class space    used 10752K, capacity 13172K, committed 13232K, reserved 1048576K
Event: 4883.135 GC heap after
Heap after GC invocations=377 (full 21):
 PSYoungGen      total 30208K, used 512K [0x00000000f5580000, 0x00000000fa400000, 0x0000000100000000)
  eden space 29696K, 0% used [0x00000000f5580000,0x00000000f5580000,0x00000000f7280000)
  from space 512K, 100% used [0x00000000fa380000,0x00000000fa400000,0x00000000fa400000)
  to   space 1024K, 0% used [0x00000000fa200000,0x00000000fa200000,0x00000000fa300000)
 ParOldGen       total 107008K, used 60522K [0x00000000e0000000, 0x00000000e6880000, 0x00000000f5580000)
  object space 107008K, 56% used [0x00000000e0000000,0x00000000e3b1a808,0x00000000e6880000)
 Metaspace       used 92516K, capacity 100248K, committed 100520K, reserved 1136640K
  class space    used 10752K, capacity 13172K, committed 13232K, reserved 1048576K
}
Event: 4884.037 GC heap before
{Heap before GC invocations=378 (full 21):
 PSYoungGen      total 30208K, used 30208K [0x00000000f5580000, 0x00000000fa400000, 0x0000000100000000)
  eden space 29696K, 100% used [0x00000000f5580000,0x00000000f7280000,0x00000000f7280000)
  from space 512K, 100% used [0x00000000fa380000,0x00000000fa400000,0x00000000fa400000)
  to   space 1024K, 0% used [0x00000000fa200000,0x00000000fa200000,0x00000000fa300000)
 ParOldGen       total 107008K, used 60522K [0x00000000e0000000, 0x00000000e6880000, 0x00000000f5580000)
  object space 107008K, 56% used [0x00000000e0000000,0x00000000e3b1a808,0x00000000e6880000)
 Metaspace       used 92789K, capacity 100446K, committed 100648K, reserved 1136640K
  class space    used 10789K, capacity 13237K, committed 13360K, reserved 1048576K
Event: 4884.042 GC heap after
Heap after GC invocations=378 (full 21):
 PSYoungGen      total 30208K, used 1008K [0x00000000f5580000, 0x00000000fa400000, 0x0000000100000000)
  eden space 29184K, 0% used [0x00000000f5580000,0x00000000f5580000,0x00000000f7200000)
  from space 1024K, 98% used [0x00000000fa200000,0x00000000fa2fc228,0x00000000fa300000)
  to   space 1024K, 0% used [0x00000000fa300000,0x00000000fa300000,0x00000000fa400000)
 ParOldGen       total 107008K, used 60546K [0x00000000e0000000, 0x00000000e6880000, 0x00000000f5580000)
  object space 107008K, 56% used [0x00000000e0000000,0x00000000e3b20808,0x00000000e6880000)
 Metaspace       used 92789K, capacity 100446K, committed 100648K, reserved 1136640K
  class space    used 10789K, capacity 13237K, committed 13360K, reserved 1048576K
}

