# JRE version: Java(TM) SE Runtime Environment (8.0_66-b18) (build 1.8.0_66-b18)
# Java VM: Java HotSpot(TM) 64-Bit Server VM (25.66-b18 mixed mode windows-amd64 compressed oops)
Heap:
 PSYoungGen      total 147968K, used 74124K [0x00000000f5580000, 0x0000000100000000, 0x0000000100000000)
  eden space 124416K, 40% used [0x00000000f5580000,0x00000000f86e7180,0x00000000fcf00000)
  from space 23552K, 99% used [0x00000000fcf00000,0x00000000fe5fc178,0x00000000fe600000)
  to   space 26624K, 0% used [0x00000000fe600000,0x00000000fe600000,0x0000000100000000)
 ParOldGen       total 109056K, used 39669K [0x00000000e0000000, 0x00000000e6a80000, 0x00000000f5580000)
  object space 109056K, 36% used [0x00000000e0000000,0x00000000e26bd6c0,0x00000000e6a80000)
 Metaspace       used 73584K, capacity 80594K, committed 80680K, reserved 1118208K
  class space    used 8848K, capacity 11249K, committed 11312K, reserved 1048576K
GC Heap History (10 events):
Event: 2.634 GC heap before
{Heap before GC invocations=8 (full 2):
 PSYoungGen      total 111104K, used 5901K [0x00000000f5580000, 0x00000000fdf80000, 0x0000000100000000)
  eden space 90112K, 0% used [0x00000000f5580000,0x00000000f5580000,0x00000000fad80000)
  from space 20992K, 28% used [0x00000000fc100000,0x00000000fc6c37b8,0x00000000fd580000)
  to   space 19968K, 0% used [0x00000000fad80000,0x00000000fad80000,0x00000000fc100000)
 ParOldGen       total 59392K, used 37315K [0x00000000e0000000, 0x00000000e3a00000, 0x00000000f5580000)
  object space 59392K, 62% used [0x00000000e0000000,0x00000000e2470fd0,0x00000000e3a00000)
 Metaspace       used 32410K, capacity 35250K, committed 35496K, reserved 1079296K
  class space    used 3836K, capacity 4768K, committed 4784K, reserved 1048576K
Event: 2.721 GC heap after
Heap after GC invocations=8 (full 2):
 PSYoungGen      total 111104K, used 0K [0x00000000f5580000, 0x00000000fdf80000, 0x0000000100000000)
  eden space 90112K, 0% used [0x00000000f5580000,0x00000000f5580000,0x00000000fad80000)
  from space 20992K, 0% used [0x00000000fc100000,0x00000000fc100000,0x00000000fd580000)
  to   space 19968K, 0% used [0x00000000fad80000,0x00000000fad80000,0x00000000fc100000)
 ParOldGen       total 93696K, used 34815K [0x00000000e0000000, 0x00000000e5b80000, 0x00000000f5580000)
  object space 93696K, 37% used [0x00000000e0000000,0x00000000e21fff90,0x00000000e5b80000)
 Metaspace       used 32410K, capacity 35250K, committed 35496K, reserved 1079296K
  class space    used 3836K, capacity 4768K, committed 4784K, reserved 1048576K
}
Event: 4.176 GC heap before
{Heap before GC invocations=9 (full 2):
 PSYoungGen      total 111104K, used 90112K [0x00000000f5580000, 0x00000000fdf80000, 0x0000000100000000)
  eden space 90112K, 100% used [0x00000000f5580000,0x00000000fad80000,0x00000000fad80000)
  from space 20992K, 0% used [0x00000000fc100000,0x00000000fc100000,0x00000000fd580000)
  to   space 19968K, 0% used [0x00000000fad80000,0x00000000fad80000,0x00000000fc100000)
 ParOldGen       total 93696K, used 34815K [0x00000000e0000000, 0x00000000e5b80000, 0x00000000f5580000)
  object space 93696K, 37% used [0x00000000e0000000,0x00000000e21fff90,0x00000000e5b80000)
 Metaspace       used 51511K, capacity 56042K, committed 56232K, reserved 1097728K
  class space    used 6123K, capacity 7574K, committed 7600K, reserved 1048576K
Event: 4.189 GC heap after
Heap after GC invocations=9 (full 2):
 PSYoungGen      total 110080K, used 19955K [0x00000000f5580000, 0x0000000100000000, 0x0000000100000000)
  eden space 90112K, 0% used [0x00000000f5580000,0x00000000f5580000,0x00000000fad80000)
  from space 19968K, 99% used [0x00000000fad80000,0x00000000fc0fcc58,0x00000000fc100000)
  to   space 25088K, 0% used [0x00000000fe780000,0x00000000fe780000,0x0000000100000000)
 ParOldGen       total 93696K, used 37195K [0x00000000e0000000, 0x00000000e5b80000, 0x00000000f5580000)
  object space 93696K, 39% used [0x00000000e0000000,0x00000000e2452d78,0x00000000e5b80000)
 Metaspace       used 51511K, capacity 56042K, committed 56232K, reserved 1097728K
  class space    used 6123K, capacity 7574K, committed 7600K, reserved 1048576K
}
Event: 7.773 GC heap before
{Heap before GC invocations=10 (full 2):
 PSYoungGen      total 110080K, used 38344K [0x00000000f5580000, 0x0000000100000000, 0x0000000100000000)
  eden space 90112K, 20% used [0x00000000f5580000,0x00000000f6775510,0x00000000fad80000)
  from space 19968K, 99% used [0x00000000fad80000,0x00000000fc0fcc58,0x00000000fc100000)
  to   space 25088K, 0% used [0x00000000fe780000,0x00000000fe780000,0x0000000100000000)
 ParOldGen       total 93696K, used 37195K [0x00000000e0000000, 0x00000000e5b80000, 0x00000000f5580000)
  object space 93696K, 39% used [0x00000000e0000000,0x00000000e2452d78,0x00000000e5b80000)
 Metaspace       used 54321K, capacity 59124K, committed 59160K, reserved 1099776K
  class space    used 6511K, capacity 8112K, committed 8112K, reserved 1048576K
Event: 7.781 GC heap after
Heap after GC invocations=10 (full 2):
 PSYoungGen      total 146432K, used 11092K [0x00000000f5580000, 0x00000000ffd00000, 0x0000000100000000)
  eden space 124416K, 0% used [0x00000000f5580000,0x00000000f5580000,0x00000000fcf00000)
  from space 22016K, 50% used [0x00000000fe780000,0x00000000ff255320,0x00000000ffd00000)
  to   space 23552K, 0% used [0x00000000fcf00000,0x00000000fcf00000,0x00000000fe600000)
 ParOldGen       total 93696K, used 37203K [0x00000000e0000000, 0x00000000e5b80000, 0x00000000f5580000)
  object space 93696K, 39% used [0x00000000e0000000,0x00000000e2454d78,0x00000000e5b80000)
 Metaspace       used 54321K, capacity 59124K, committed 59160K, reserved 1099776K
  class space    used 6511K, capacity 8112K, committed 8112K, reserved 1048576K
}
Event: 7.781 GC heap before
{Heap before GC invocations=11 (full 3):
 PSYoungGen      total 146432K, used 11092K [0x00000000f5580000, 0x00000000ffd00000, 0x0000000100000000)
  eden space 124416K, 0% used [0x00000000f5580000,0x00000000f5580000,0x00000000fcf00000)
  from space 22016K, 50% used [0x00000000fe780000,0x00000000ff255320,0x00000000ffd00000)
  to   space 23552K, 0% used [0x00000000fcf00000,0x00000000fcf00000,0x00000000fe600000)
 ParOldGen       total 93696K, used 37203K [0x00000000e0000000, 0x00000000e5b80000, 0x00000000f5580000)
  object space 93696K, 39% used [0x00000000e0000000,0x00000000e2454d78,0x00000000e5b80000)
 Metaspace       used 54321K, capacity 59124K, committed 59160K, reserved 1099776K
  class space    used 6511K, capacity 8112K, committed 8112K, reserved 1048576K
Event: 7.957 GC heap after
Heap after GC invocations=11 (full 3):
 PSYoungGen      total 146432K, used 0K [0x00000000f5580000, 0x00000000ffd00000, 0x0000000100000000)
  eden space 124416K, 0% used [0x00000000f5580000,0x00000000f5580000,0x00000000fcf00000)
  from space 22016K, 0% used [0x00000000fe780000,0x00000000fe780000,0x00000000ffd00000)
  to   space 23552K, 0% used [0x00000000fcf00000,0x00000000fcf00000,0x00000000fe600000)
 ParOldGen       total 109056K, used 36470K [0x00000000e0000000, 0x00000000e6a80000, 0x00000000f5580000)
  object space 109056K, 33% used [0x00000000e0000000,0x00000000e239d8d0,0x00000000e6a80000)
 Metaspace       used 54321K, capacity 59124K, committed 59160K, reserved 1099776K
  class space    used 6511K, capacity 8112K, committed 8112K, reserved 1048576K
}
Event: 19.200 GC heap before
{Heap before GC invocations=12 (full 3):
 PSYoungGen      total 146432K, used 124416K [0x00000000f5580000, 0x00000000ffd00000, 0x0000000100000000)
  eden space 124416K, 100% used [0x00000000f5580000,0x00000000fcf00000,0x00000000fcf00000)
  from space 22016K, 0% used [0x00000000fe780000,0x00000000fe780000,0x00000000ffd00000)
  to   space 23552K, 0% used [0x00000000fcf00000,0x00000000fcf00000,0x00000000fe600000)
 ParOldGen       total 109056K, used 36470K [0x00000000e0000000, 0x00000000e6a80000, 0x00000000f5580000)
  object space 109056K, 33% used [0x00000000e0000000,0x00000000e239d8d0,0x00000000e6a80000)
 Metaspace       used 71731K, capacity 78556K, committed 78888K, reserved 1118208K
  class space    used 8639K, capacity 10942K, committed 11056K, reserved 1048576K
Event: 19.217 GC heap after
Heap after GC invocations=12 (full 3):
 PSYoungGen      total 147968K, used 23536K [0x00000000f5580000, 0x0000000100000000, 0x0000000100000000)
  eden space 124416K, 0% used [0x00000000f5580000,0x00000000f5580000,0x00000000fcf00000)
  from space 23552K, 99% used [0x00000000fcf00000,0x00000000fe5fc178,0x00000000fe600000)
  to   space 26624K, 0% used [0x00000000fe600000,0x00000000fe600000,0x0000000100000000)
 ParOldGen       total 109056K, used 39669K [0x00000000e0000000, 0x00000000e6a80000, 0x00000000f5580000)
  object space 109056K, 36% used [0x00000000e0000000,0x00000000e26bd6c0,0x00000000e6a80000)
 Metaspace       used 71731K, capacity 78556K, committed 78888K, reserved 1118208K
  class space    used 8639K, capacity 10942K, committed 11056K, reserved 1048576K
}

