# JRE version: Java(TM) SE Runtime Environment (8.0_66-b18) (build 1.8.0_66-b18)
# Java VM: Java HotSpot(TM) 64-Bit Server VM (25.66-b18 mixed mode windows-amd64 compressed oops)
Heap:
 PSYoungGen      total 145920K, used 29214K [0x00000000f5580000, 0x0000000100000000, 0x0000000100000000)
  eden space 118272K, 10% used [0x00000000f5580000,0x00000000f61491d0,0x00000000fc900000)
  from space 27648K, 62% used [0x00000000fe500000,0x00000000ff5be6e0,0x0000000100000000)
  to   space 28160K, 0% used [0x00000000fc900000,0x00000000fc900000,0x00000000fe480000)
 ParOldGen       total 114688K, used 37887K [0x00000000e0000000, 0x00000000e7000000, 0x00000000f5580000)
  object space 114688K, 33% used [0x00000000e0000000,0x00000000e24ffc60,0x00000000e7000000)
 Metaspace       used 73841K, capacity 80498K, committed 80808K, reserved 1118208K
  class space    used 8825K, capacity 11103K, committed 11184K, reserved 1048576K
GC Heap History (10 events):
Event: 3.859 GC heap before
{Heap before GC invocations=9 (full 2):
 PSYoungGen      total 109056K, used 88064K [0x00000000f5580000, 0x00000000fd600000, 0x0000000100000000)
  eden space 88064K, 100% used [0x00000000f5580000,0x00000000fab80000,0x00000000fab80000)
  from space 20992K, 0% used [0x00000000fbf00000,0x00000000fbf00000,0x00000000fd380000)
  to   space 19968K, 0% used [0x00000000fab80000,0x00000000fab80000,0x00000000fbf00000)
 ParOldGen       total 88576K, used 27252K [0x00000000e0000000, 0x00000000e5680000, 0x00000000f5580000)
  object space 88576K, 30% used [0x00000000e0000000,0x00000000e1a9d088,0x00000000e5680000)
 Metaspace       used 51019K, capacity 55556K, committed 55720K, reserved 1097728K
  class space    used 6020K, capacity 7497K, committed 7600K, reserved 1048576K
Event: 3.873 GC heap after
Heap after GC invocations=9 (full 2):
 PSYoungGen      total 108032K, used 19943K [0x00000000f5580000, 0x00000000ffd00000, 0x0000000100000000)
  eden space 88064K, 0% used [0x00000000f5580000,0x00000000f5580000,0x00000000fab80000)
  from space 19968K, 99% used [0x00000000fab80000,0x00000000fbef9e18,0x00000000fbf00000)
  to   space 25088K, 0% used [0x00000000fe480000,0x00000000fe480000,0x00000000ffd00000)
 ParOldGen       total 88576K, used 29201K [0x00000000e0000000, 0x00000000e5680000, 0x00000000f5580000)
  object space 88576K, 32% used [0x00000000e0000000,0x00000000e1c844a8,0x00000000e5680000)
 Metaspace       used 51019K, capacity 55556K, committed 55720K, reserved 1097728K
  class space    used 6020K, capacity 7497K, committed 7600K, reserved 1048576K
}
Event: 7.618 GC heap before
{Heap before GC invocations=10 (full 2):
 PSYoungGen      total 108032K, used 43827K [0x00000000f5580000, 0x00000000ffd00000, 0x0000000100000000)
  eden space 88064K, 27% used [0x00000000f5580000,0x00000000f6cd2fa0,0x00000000fab80000)
  from space 19968K, 99% used [0x00000000fab80000,0x00000000fbef9e18,0x00000000fbf00000)
  to   space 25088K, 0% used [0x00000000fe480000,0x00000000fe480000,0x00000000ffd00000)
 ParOldGen       total 88576K, used 29201K [0x00000000e0000000, 0x00000000e5680000, 0x00000000f5580000)
  object space 88576K, 32% used [0x00000000e0000000,0x00000000e1c844a8,0x00000000e5680000)
 Metaspace       used 54241K, capacity 59124K, committed 59160K, reserved 1099776K
  class space    used 6497K, capacity 8112K, committed 8112K, reserved 1048576K
Event: 7.626 GC heap after
Heap after GC invocations=10 (full 2):
 PSYoungGen      total 133120K, used 11260K [0x00000000f5580000, 0x00000000ff500000, 0x0000000100000000)
  eden space 116224K, 0% used [0x00000000f5580000,0x00000000f5580000,0x00000000fc700000)
  from space 16896K, 66% used [0x00000000fe480000,0x00000000fef7f0b0,0x00000000ff500000)
  to   space 23552K, 0% used [0x00000000fc700000,0x00000000fc700000,0x00000000fde00000)
 ParOldGen       total 88576K, used 29209K [0x00000000e0000000, 0x00000000e5680000, 0x00000000f5580000)
  object space 88576K, 32% used [0x00000000e0000000,0x00000000e1c864a8,0x00000000e5680000)
 Metaspace       used 54241K, capacity 59124K, committed 59160K, reserved 1099776K
  class space    used 6497K, capacity 8112K, committed 8112K, reserved 1048576K
}
Event: 7.626 GC heap before
{Heap before GC invocations=11 (full 3):
 PSYoungGen      total 133120K, used 11260K [0x00000000f5580000, 0x00000000ff500000, 0x0000000100000000)
  eden space 116224K, 0% used [0x00000000f5580000,0x00000000f5580000,0x00000000fc700000)
  from space 16896K, 66% used [0x00000000fe480000,0x00000000fef7f0b0,0x00000000ff500000)
  to   space 23552K, 0% used [0x00000000fc700000,0x00000000fc700000,0x00000000fde00000)
 ParOldGen       total 88576K, used 29209K [0x00000000e0000000, 0x00000000e5680000, 0x00000000f5580000)
  object space 88576K, 32% used [0x00000000e0000000,0x00000000e1c864a8,0x00000000e5680000)
 Metaspace       used 54241K, capacity 59124K, committed 59160K, reserved 1099776K
  class space    used 6497K, capacity 8112K, committed 8112K, reserved 1048576K
Event: 7.843 GC heap after
Heap after GC invocations=11 (full 3):
 PSYoungGen      total 133120K, used 0K [0x00000000f5580000, 0x00000000ff500000, 0x0000000100000000)
  eden space 116224K, 0% used [0x00000000f5580000,0x00000000f5580000,0x00000000fc700000)
  from space 16896K, 0% used [0x00000000fe480000,0x00000000fe480000,0x00000000ff500000)
  to   space 23552K, 0% used [0x00000000fc700000,0x00000000fc700000,0x00000000fde00000)
 ParOldGen       total 114688K, used 36583K [0x00000000e0000000, 0x00000000e7000000, 0x00000000f5580000)
  object space 114688K, 31% used [0x00000000e0000000,0x00000000e23b9d98,0x00000000e7000000)
 Metaspace       used 54241K, capacity 59124K, committed 59160K, reserved 1099776K
  class space    used 6497K, capacity 8112K, committed 8112K, reserved 1048576K
}
Event: 22.224 GC heap before
{Heap before GC invocations=12 (full 3):
 PSYoungGen      total 133120K, used 116224K [0x00000000f5580000, 0x00000000ff500000, 0x0000000100000000)
  eden space 116224K, 100% used [0x00000000f5580000,0x00000000fc700000,0x00000000fc700000)
  from space 16896K, 0% used [0x00000000fe480000,0x00000000fe480000,0x00000000ff500000)
  to   space 23552K, 0% used [0x00000000fc700000,0x00000000fc700000,0x00000000fde00000)
 ParOldGen       total 114688K, used 36583K [0x00000000e0000000, 0x00000000e7000000, 0x00000000f5580000)
  object space 114688K, 31% used [0x00000000e0000000,0x00000000e23b9d98,0x00000000e7000000)
 Metaspace       used 70072K, capacity 76580K, committed 76712K, reserved 1116160K
  class space    used 8430K, capacity 10573K, committed 10672K, reserved 1048576K
Event: 22.239 GC heap after
Heap after GC invocations=12 (full 3):
 PSYoungGen      total 139776K, used 23520K [0x00000000f5580000, 0x0000000100000000, 0x0000000100000000)
  eden space 116224K, 0% used [0x00000000f5580000,0x00000000f5580000,0x00000000fc700000)
  from space 23552K, 99% used [0x00000000fc700000,0x00000000fddf80d0,0x00000000fde00000)
  to   space 27648K, 0% used [0x00000000fe500000,0x00000000fe500000,0x0000000100000000)
 ParOldGen       total 114688K, used 37879K [0x00000000e0000000, 0x00000000e7000000, 0x00000000f5580000)
  object space 114688K, 33% used [0x00000000e0000000,0x00000000e24fdc60,0x00000000e7000000)
 Metaspace       used 70072K, capacity 76580K, committed 76712K, reserved 1116160K
  class space    used 8430K, capacity 10573K, committed 10672K, reserved 1048576K
}
Event: 1719.087 GC heap before
{Heap before GC invocations=13 (full 3):
 PSYoungGen      total 139776K, used 139744K [0x00000000f5580000, 0x0000000100000000, 0x0000000100000000)
  eden space 116224K, 100% used [0x00000000f5580000,0x00000000fc700000,0x00000000fc700000)
  from space 23552K, 99% used [0x00000000fc700000,0x00000000fddf80d0,0x00000000fde00000)
  to   space 27648K, 0% used [0x00000000fe500000,0x00000000fe500000,0x0000000100000000)
 ParOldGen       total 114688K, used 37879K [0x00000000e0000000, 0x00000000e7000000, 0x00000000f5580000)
  object space 114688K, 33% used [0x00000000e0000000,0x00000000e24fdc60,0x00000000e7000000)
 Metaspace       used 73530K, capacity 80234K, committed 80424K, reserved 1118208K
  class space    used 8790K, capacity 11035K, committed 11056K, reserved 1048576K
Event: 1719.099 GC heap after
Heap after GC invocations=13 (full 3):
 PSYoungGen      total 145920K, used 17145K [0x00000000f5580000, 0x0000000100000000, 0x0000000100000000)
  eden space 118272K, 0% used [0x00000000f5580000,0x00000000f5580000,0x00000000fc900000)
  from space 27648K, 62% used [0x00000000fe500000,0x00000000ff5be6e0,0x0000000100000000)
  to   space 28160K, 0% used [0x00000000fc900000,0x00000000fc900000,0x00000000fe480000)
 ParOldGen       total 114688K, used 37887K [0x00000000e0000000, 0x00000000e7000000, 0x00000000f5580000)
  object space 114688K, 33% used [0x00000000e0000000,0x00000000e24ffc60,0x00000000e7000000)
 Metaspace       used 73530K, capacity 80234K, committed 80424K, reserved 1118208K
  class space    used 8790K, capacity 11035K, committed 11056K, reserved 1048576K
}

