# JRE version: Java(TM) SE Runtime Environment (8.0_66-b18) (build 1.8.0_66-b18)
# Java VM: Java HotSpot(TM) 64-Bit Server VM (25.66-b18 mixed mode windows-amd64 compressed oops)
Heap:
 PSYoungGen      total 94720K, used 58903K [0x00000000f5580000, 0x00000000fcf00000, 0x0000000100000000)
  eden space 68096K, 85% used [0x00000000f5580000,0x00000000f8ea5d70,0x00000000f9800000)
  from space 26624K, 1% used [0x00000000fb500000,0x00000000fb560000,0x00000000fcf00000)
  to   space 28160K, 0% used [0x00000000f9800000,0x00000000f9800000,0x00000000fb380000)
 ParOldGen       total 92672K, used 64860K [0x00000000e0000000, 0x00000000e5a80000, 0x00000000f5580000)
  object space 92672K, 69% used [0x00000000e0000000,0x00000000e3f57098,0x00000000e5a80000)
 Metaspace       used 100893K, capacity 108670K, committed 108928K, reserved 1144832K
  class space    used 11834K, capacity 14379K, committed 14464K, reserved 1048576K
GC Heap History (10 events):
Event: 3732.447 GC heap before
{Heap before GC invocations=48 (full 8):
 PSYoungGen      total 70656K, used 66560K [0x00000000f5580000, 0x00000000fd780000, 0x0000000100000000)
  eden space 66560K, 100% used [0x00000000f5580000,0x00000000f9680000,0x00000000f9680000)
  from space 4096K, 0% used [0x00000000f9680000,0x00000000f9680000,0x00000000f9a80000)
  to   space 33280K, 0% used [0x00000000fb700000,0x00000000fb700000,0x00000000fd780000)
 ParOldGen       total 92672K, used 64852K [0x00000000e0000000, 0x00000000e5a80000, 0x00000000f5580000)
  object space 92672K, 69% used [0x00000000e0000000,0x00000000e3f55098,0x00000000e5a80000)
 Metaspace       used 100172K, capacity 108002K, committed 108288K, reserved 1142784K
  class space    used 11747K, capacity 14247K, committed 14336K, reserved 1048576K
Event: 3732.450 GC heap after
Heap after GC invocations=48 (full 8):
 PSYoungGen      total 99840K, used 96K [0x00000000f5580000, 0x00000000fd700000, 0x0000000100000000)
  eden space 67072K, 0% used [0x00000000f5580000,0x00000000f5580000,0x00000000f9700000)
  from space 32768K, 0% used [0x00000000fb700000,0x00000000fb718000,0x00000000fd700000)
  to   space 32768K, 0% used [0x00000000f9700000,0x00000000f9700000,0x00000000fb700000)
 ParOldGen       total 92672K, used 64852K [0x00000000e0000000, 0x00000000e5a80000, 0x00000000f5580000)
  object space 92672K, 69% used [0x00000000e0000000,0x00000000e3f55098,0x00000000e5a80000)
 Metaspace       used 100172K, capacity 108002K, committed 108288K, reserved 1142784K
  class space    used 11747K, capacity 14247K, committed 14336K, reserved 1048576K
}
Event: 3734.754 GC heap before
{Heap before GC invocations=49 (full 8):
 PSYoungGen      total 99840K, used 67168K [0x00000000f5580000, 0x00000000fd700000, 0x0000000100000000)
  eden space 67072K, 100% used [0x00000000f5580000,0x00000000f9700000,0x00000000f9700000)
  from space 32768K, 0% used [0x00000000fb700000,0x00000000fb718000,0x00000000fd700000)
  to   space 32768K, 0% used [0x00000000f9700000,0x00000000f9700000,0x00000000fb700000)
 ParOldGen       total 92672K, used 64852K [0x00000000e0000000, 0x00000000e5a80000, 0x00000000f5580000)
  object space 92672K, 69% used [0x00000000e0000000,0x00000000e3f55098,0x00000000e5a80000)
 Metaspace       used 100172K, capacity 108002K, committed 108288K, reserved 1142784K
  class space    used 11747K, capacity 14247K, committed 14336K, reserved 1048576K
Event: 3734.757 GC heap after
Heap after GC invocations=49 (full 8):
 PSYoungGen      total 67584K, used 192K [0x00000000f5580000, 0x00000000fd580000, 0x0000000100000000)
  eden space 67072K, 0% used [0x00000000f5580000,0x00000000f5580000,0x00000000f9700000)
  from space 512K, 37% used [0x00000000f9700000,0x00000000f9730000,0x00000000f9780000)
  to   space 31744K, 0% used [0x00000000fb680000,0x00000000fb680000,0x00000000fd580000)
 ParOldGen       total 92672K, used 64852K [0x00000000e0000000, 0x00000000e5a80000, 0x00000000f5580000)
  object space 92672K, 69% used [0x00000000e0000000,0x00000000e3f55098,0x00000000e5a80000)
 Metaspace       used 100172K, capacity 108002K, committed 108288K, reserved 1142784K
  class space    used 11747K, capacity 14247K, committed 14336K, reserved 1048576K
}
Event: 3737.031 GC heap before
{Heap before GC invocations=50 (full 8):
 PSYoungGen      total 67584K, used 67264K [0x00000000f5580000, 0x00000000fd580000, 0x0000000100000000)
  eden space 67072K, 100% used [0x00000000f5580000,0x00000000f9700000,0x00000000f9700000)
  from space 512K, 37% used [0x00000000f9700000,0x00000000f9730000,0x00000000f9780000)
  to   space 31744K, 0% used [0x00000000fb680000,0x00000000fb680000,0x00000000fd580000)
 ParOldGen       total 92672K, used 64852K [0x00000000e0000000, 0x00000000e5a80000, 0x00000000f5580000)
  object space 92672K, 69% used [0x00000000e0000000,0x00000000e3f55098,0x00000000e5a80000)
 Metaspace       used 100172K, capacity 108002K, committed 108288K, reserved 1142784K
  class space    used 11747K, capacity 14247K, committed 14336K, reserved 1048576K
Event: 3737.034 GC heap after
Heap after GC invocations=50 (full 8):
 PSYoungGen      total 97280K, used 160K [0x00000000f5580000, 0x00000000fd380000, 0x0000000100000000)
  eden space 67584K, 0% used [0x00000000f5580000,0x00000000f5580000,0x00000000f9780000)
  from space 29696K, 0% used [0x00000000fb680000,0x00000000fb6a8000,0x00000000fd380000)
  to   space 30720K, 0% used [0x00000000f9780000,0x00000000f9780000,0x00000000fb580000)
 ParOldGen       total 92672K, used 64852K [0x00000000e0000000, 0x00000000e5a80000, 0x00000000f5580000)
  object space 92672K, 69% used [0x00000000e0000000,0x00000000e3f55098,0x00000000e5a80000)
 Metaspace       used 100172K, capacity 108002K, committed 108288K, reserved 1142784K
  class space    used 11747K, capacity 14247K, committed 14336K, reserved 1048576K
}
Event: 3739.263 GC heap before
{Heap before GC invocations=51 (full 8):
 PSYoungGen      total 97280K, used 67744K [0x00000000f5580000, 0x00000000fd380000, 0x0000000100000000)
  eden space 67584K, 100% used [0x00000000f5580000,0x00000000f9780000,0x00000000f9780000)
  from space 29696K, 0% used [0x00000000fb680000,0x00000000fb6a8000,0x00000000fd380000)
  to   space 30720K, 0% used [0x00000000f9780000,0x00000000f9780000,0x00000000fb580000)
 ParOldGen       total 92672K, used 64852K [0x00000000e0000000, 0x00000000e5a80000, 0x00000000f5580000)
  object space 92672K, 69% used [0x00000000e0000000,0x00000000e3f55098,0x00000000e5a80000)
 Metaspace       used 100173K, capacity 108002K, committed 108288K, reserved 1142784K
  class space    used 11747K, capacity 14247K, committed 14336K, reserved 1048576K
Event: 3739.266 GC heap after
Heap after GC invocations=51 (full 8):
 PSYoungGen      total 68096K, used 224K [0x00000000f5580000, 0x00000000fd200000, 0x0000000100000000)
  eden space 67584K, 0% used [0x00000000f5580000,0x00000000f5580000,0x00000000f9780000)
  from space 512K, 43% used [0x00000000f9780000,0x00000000f97b8000,0x00000000f9800000)
  to   space 29696K, 0% used [0x00000000fb500000,0x00000000fb500000,0x00000000fd200000)
 ParOldGen       total 92672K, used 64852K [0x00000000e0000000, 0x00000000e5a80000, 0x00000000f5580000)
  object space 92672K, 69% used [0x00000000e0000000,0x00000000e3f55098,0x00000000e5a80000)
 Metaspace       used 100173K, capacity 108002K, committed 108288K, reserved 1142784K
  class space    used 11747K, capacity 14247K, committed 14336K, reserved 1048576K
}
Event: 3741.133 GC heap before
{Heap before GC invocations=52 (full 8):
 PSYoungGen      total 68096K, used 67808K [0x00000000f5580000, 0x00000000fd200000, 0x0000000100000000)
  eden space 67584K, 100% used [0x00000000f5580000,0x00000000f9780000,0x00000000f9780000)
  from space 512K, 43% used [0x00000000f9780000,0x00000000f97b8000,0x00000000f9800000)
  to   space 29696K, 0% used [0x00000000fb500000,0x00000000fb500000,0x00000000fd200000)
 ParOldGen       total 92672K, used 64852K [0x00000000e0000000, 0x00000000e5a80000, 0x00000000f5580000)
  object space 92672K, 69% used [0x00000000e0000000,0x00000000e3f55098,0x00000000e5a80000)
 Metaspace       used 100267K, capacity 108066K, committed 108416K, reserved 1142784K
  class space    used 11758K, capacity 14311K, committed 14464K, reserved 1048576K
Event: 3741.136 GC heap after
Heap after GC invocations=52 (full 8):
 PSYoungGen      total 94720K, used 384K [0x00000000f5580000, 0x00000000fcf00000, 0x0000000100000000)
  eden space 68096K, 0% used [0x00000000f5580000,0x00000000f5580000,0x00000000f9800000)
  from space 26624K, 1% used [0x00000000fb500000,0x00000000fb560000,0x00000000fcf00000)
  to   space 28160K, 0% used [0x00000000f9800000,0x00000000f9800000,0x00000000fb380000)
 ParOldGen       total 92672K, used 64860K [0x00000000e0000000, 0x00000000e5a80000, 0x00000000f5580000)
  object space 92672K, 69% used [0x00000000e0000000,0x00000000e3f57098,0x00000000e5a80000)
 Metaspace       used 100267K, capacity 108066K, committed 108416K, reserved 1142784K
  class space    used 11758K, capacity 14311K, committed 14464K, reserved 1048576K
}

