# JRE version: Java(TM) SE Runtime Environment (8.0_66-b18) (build 1.8.0_66-b18)
# Java VM: Java HotSpot(TM) 64-Bit Server VM (25.66-b18 mixed mode windows-amd64 compressed oops)
Heap:
 PSYoungGen      total 147456K, used 12749K [0x00000000f5580000, 0x00000000fe980000, 0x0000000100000000)
  eden space 143872K, 7% used [0x00000000f5580000,0x00000000f5fde148,0x00000000fe200000)
  from space 3584K, 59% used [0x00000000fe580000,0x00000000fe795448,0x00000000fe900000)
  to   space 3584K, 0% used [0x00000000fe200000,0x00000000fe200000,0x00000000fe580000)
 ParOldGen       total 113664K, used 56247K [0x00000000e0000000, 0x00000000e6f00000, 0x00000000f5580000)
  object space 113664K, 49% used [0x00000000e0000000,0x00000000e36ede68,0x00000000e6f00000)
 Metaspace       used 86654K, capacity 93960K, committed 94464K, reserved 1130496K
  class space    used 10311K, capacity 12688K, committed 12800K, reserved 1048576K
GC Heap History (10 events):
Event: 694.220 GC heap before
{Heap before GC invocations=64 (full 8):
 PSYoungGen      total 145920K, used 140928K [0x00000000f5580000, 0x00000000fe900000, 0x0000000100000000)
  eden space 140800K, 100% used [0x00000000f5580000,0x00000000fdf00000,0x00000000fdf00000)
  from space 5120K, 2% used [0x00000000fdf00000,0x00000000fdf20000,0x00000000fe400000)
  to   space 4608K, 0% used [0x00000000fe480000,0x00000000fe480000,0x00000000fe900000)
 ParOldGen       total 113664K, used 56231K [0x00000000e0000000, 0x00000000e6f00000, 0x00000000f5580000)
  object space 113664K, 49% used [0x00000000e0000000,0x00000000e36e9e68,0x00000000e6f00000)
 Metaspace       used 85597K, capacity 92888K, committed 93312K, reserved 1130496K
  class space    used 10194K, capacity 12526K, committed 12672K, reserved 1048576K
Event: 694.223 GC heap after
Heap after GC invocations=64 (full 8):
 PSYoungGen      total 145408K, used 192K [0x00000000f5580000, 0x00000000fe800000, 0x0000000100000000)
  eden space 141824K, 0% used [0x00000000f5580000,0x00000000f5580000,0x00000000fe000000)
  from space 3584K, 5% used [0x00000000fe480000,0x00000000fe4b0000,0x00000000fe800000)
  to   space 4096K, 0% used [0x00000000fe000000,0x00000000fe000000,0x00000000fe400000)
 ParOldGen       total 113664K, used 56231K [0x00000000e0000000, 0x00000000e6f00000, 0x00000000f5580000)
  object space 113664K, 49% used [0x00000000e0000000,0x00000000e36e9e68,0x00000000e6f00000)
 Metaspace       used 85597K, capacity 92888K, committed 93312K, reserved 1130496K
  class space    used 10194K, capacity 12526K, committed 12672K, reserved 1048576K
}
Event: 699.179 GC heap before
{Heap before GC invocations=65 (full 8):
 PSYoungGen      total 145408K, used 142016K [0x00000000f5580000, 0x00000000fe800000, 0x0000000100000000)
  eden space 141824K, 100% used [0x00000000f5580000,0x00000000fe000000,0x00000000fe000000)
  from space 3584K, 5% used [0x00000000fe480000,0x00000000fe4b0000,0x00000000fe800000)
  to   space 4096K, 0% used [0x00000000fe000000,0x00000000fe000000,0x00000000fe400000)
 ParOldGen       total 113664K, used 56231K [0x00000000e0000000, 0x00000000e6f00000, 0x00000000f5580000)
  object space 113664K, 49% used [0x00000000e0000000,0x00000000e36e9e68,0x00000000e6f00000)
 Metaspace       used 85597K, capacity 92888K, committed 93312K, reserved 1130496K
  class space    used 10194K, capacity 12526K, committed 12672K, reserved 1048576K
Event: 699.182 GC heap after
Heap after GC invocations=65 (full 8):
 PSYoungGen      total 145920K, used 128K [0x00000000f5580000, 0x00000000fe900000, 0x0000000100000000)
  eden space 141824K, 0% used [0x00000000f5580000,0x00000000f5580000,0x00000000fe000000)
  from space 4096K, 3% used [0x00000000fe000000,0x00000000fe020000,0x00000000fe400000)
  to   space 4096K, 0% used [0x00000000fe500000,0x00000000fe500000,0x00000000fe900000)
 ParOldGen       total 113664K, used 56231K [0x00000000e0000000, 0x00000000e6f00000, 0x00000000f5580000)
  object space 113664K, 49% used [0x00000000e0000000,0x00000000e36e9e68,0x00000000e6f00000)
 Metaspace       used 85597K, capacity 92888K, committed 93312K, reserved 1130496K
  class space    used 10194K, capacity 12526K, committed 12672K, reserved 1048576K
}
Event: 704.098 GC heap before
{Heap before GC invocations=66 (full 8):
 PSYoungGen      total 145920K, used 141952K [0x00000000f5580000, 0x00000000fe900000, 0x0000000100000000)
  eden space 141824K, 100% used [0x00000000f5580000,0x00000000fe000000,0x00000000fe000000)
  from space 4096K, 3% used [0x00000000fe000000,0x00000000fe020000,0x00000000fe400000)
  to   space 4096K, 0% used [0x00000000fe500000,0x00000000fe500000,0x00000000fe900000)
 ParOldGen       total 113664K, used 56231K [0x00000000e0000000, 0x00000000e6f00000, 0x00000000f5580000)
  object space 113664K, 49% used [0x00000000e0000000,0x00000000e36e9e68,0x00000000e6f00000)
 Metaspace       used 85605K, capacity 92888K, committed 93312K, reserved 1130496K
  class space    used 10195K, capacity 12526K, committed 12672K, reserved 1048576K
Event: 704.101 GC heap after
Heap after GC invocations=66 (full 8):
 PSYoungGen      total 145920K, used 128K [0x00000000f5580000, 0x00000000fe800000, 0x0000000100000000)
  eden space 142848K, 0% used [0x00000000f5580000,0x00000000f5580000,0x00000000fe100000)
  from space 3072K, 4% used [0x00000000fe500000,0x00000000fe520000,0x00000000fe800000)
  to   space 3584K, 0% used [0x00000000fe100000,0x00000000fe100000,0x00000000fe480000)
 ParOldGen       total 113664K, used 56239K [0x00000000e0000000, 0x00000000e6f00000, 0x00000000f5580000)
  object space 113664K, 49% used [0x00000000e0000000,0x00000000e36ebe68,0x00000000e6f00000)
 Metaspace       used 85605K, capacity 92888K, committed 93312K, reserved 1130496K
  class space    used 10195K, capacity 12526K, committed 12672K, reserved 1048576K
}
Event: 708.974 GC heap before
{Heap before GC invocations=67 (full 8):
 PSYoungGen      total 145920K, used 142976K [0x00000000f5580000, 0x00000000fe800000, 0x0000000100000000)
  eden space 142848K, 100% used [0x00000000f5580000,0x00000000fe100000,0x00000000fe100000)
  from space 3072K, 4% used [0x00000000fe500000,0x00000000fe520000,0x00000000fe800000)
  to   space 3584K, 0% used [0x00000000fe100000,0x00000000fe100000,0x00000000fe480000)
 ParOldGen       total 113664K, used 56239K [0x00000000e0000000, 0x00000000e6f00000, 0x00000000f5580000)
  object space 113664K, 49% used [0x00000000e0000000,0x00000000e36ebe68,0x00000000e6f00000)
 Metaspace       used 85620K, capacity 92952K, committed 93312K, reserved 1130496K
  class space    used 10195K, capacity 12526K, committed 12672K, reserved 1048576K
Event: 708.977 GC heap after
Heap after GC invocations=67 (full 8):
 PSYoungGen      total 146432K, used 160K [0x00000000f5580000, 0x00000000fe900000, 0x0000000100000000)
  eden space 142848K, 0% used [0x00000000f5580000,0x00000000f5580000,0x00000000fe100000)
  from space 3584K, 4% used [0x00000000fe100000,0x00000000fe128000,0x00000000fe480000)
  to   space 3584K, 0% used [0x00000000fe580000,0x00000000fe580000,0x00000000fe900000)
 ParOldGen       total 113664K, used 56239K [0x00000000e0000000, 0x00000000e6f00000, 0x00000000f5580000)
  object space 113664K, 49% used [0x00000000e0000000,0x00000000e36ebe68,0x00000000e6f00000)
 Metaspace       used 85620K, capacity 92952K, committed 93312K, reserved 1130496K
  class space    used 10195K, capacity 12526K, committed 12672K, reserved 1048576K
}
Event: 713.129 GC heap before
{Heap before GC invocations=68 (full 8):
 PSYoungGen      total 146432K, used 143008K [0x00000000f5580000, 0x00000000fe900000, 0x0000000100000000)
  eden space 142848K, 100% used [0x00000000f5580000,0x00000000fe100000,0x00000000fe100000)
  from space 3584K, 4% used [0x00000000fe100000,0x00000000fe128000,0x00000000fe480000)
  to   space 3584K, 0% used [0x00000000fe580000,0x00000000fe580000,0x00000000fe900000)
 ParOldGen       total 113664K, used 56239K [0x00000000e0000000, 0x00000000e6f00000, 0x00000000f5580000)
  object space 113664K, 49% used [0x00000000e0000000,0x00000000e36ebe68,0x00000000e6f00000)
 Metaspace       used 86606K, capacity 93896K, committed 94208K, reserved 1130496K
  class space    used 10307K, capacity 12688K, committed 12800K, reserved 1048576K
Event: 713.133 GC heap after
Heap after GC invocations=68 (full 8):
 PSYoungGen      total 147456K, used 2133K [0x00000000f5580000, 0x00000000fe980000, 0x0000000100000000)
  eden space 143872K, 0% used [0x00000000f5580000,0x00000000f5580000,0x00000000fe200000)
  from space 3584K, 59% used [0x00000000fe580000,0x00000000fe795448,0x00000000fe900000)
  to   space 3584K, 0% used [0x00000000fe200000,0x00000000fe200000,0x00000000fe580000)
 ParOldGen       total 113664K, used 56247K [0x00000000e0000000, 0x00000000e6f00000, 0x00000000f5580000)
  object space 113664K, 49% used [0x00000000e0000000,0x00000000e36ede68,0x00000000e6f00000)
 Metaspace       used 86606K, capacity 93896K, committed 94208K, reserved 1130496K
  class space    used 10307K, capacity 12688K, committed 12800K, reserved 1048576K
}

