# JRE version: Java(TM) SE Runtime Environment (8.0_66-b18) (build 1.8.0_66-b18)
# Java VM: Java HotSpot(TM) 64-Bit Server VM (25.66-b18 mixed mode windows-amd64 compressed oops)
Heap:
 PSYoungGen      total 144896K, used 79137K [0x00000000f5580000, 0x0000000100000000, 0x0000000100000000)
  eden space 117248K, 52% used [0x00000000f5580000,0x00000000f9125db0,0x00000000fc800000)
  from space 27648K, 65% used [0x00000000fe500000,0x00000000ff6a26a8,0x0000000100000000)
  to   space 28672K, 0% used [0x00000000fc800000,0x00000000fc800000,0x00000000fe400000)
 ParOldGen       total 95744K, used 48725K [0x00000000e0000000, 0x00000000e5d80000, 0x00000000f5580000)
  object space 95744K, 50% used [0x00000000e0000000,0x00000000e2f95710,0x00000000e5d80000)
 Metaspace       used 78473K, capacity 85626K, committed 85748K, reserved 1124352K
  class space    used 9362K, capacity 11758K, committed 11816K, reserved 1048576K
GC Heap History (10 events):
Event: 22.502 GC heap before
{Heap before GC invocations=20 (full 3):
 PSYoungGen      total 156672K, used 17917K [0x00000000f5580000, 0x0000000100000000, 0x0000000100000000)
  eden space 138752K, 0% used [0x00000000f5580000,0x00000000f5580000,0x00000000fdd00000)
  from space 17920K, 99% used [0x00000000fdd00000,0x00000000fee7f6d0,0x00000000fee80000)
  to   space 17920K, 0% used [0x00000000fee80000,0x00000000fee80000,0x0000000100000000)
 ParOldGen       total 57344K, used 31264K [0x00000000e0000000, 0x00000000e3800000, 0x00000000f5580000)
  object space 57344K, 54% used [0x00000000e0000000,0x00000000e1e882d0,0x00000000e3800000)
 Metaspace       used 39127K, capacity 42134K, committed 42156K, reserved 1085440K
  class space    used 4614K, capacity 5738K, committed 5760K, reserved 1048576K
Event: 22.624 GC heap after
Heap after GC invocations=20 (full 3):
 PSYoungGen      total 156672K, used 0K [0x00000000f5580000, 0x0000000100000000, 0x0000000100000000)
  eden space 138752K, 0% used [0x00000000f5580000,0x00000000f5580000,0x00000000fdd00000)
  from space 17920K, 0% used [0x00000000fdd00000,0x00000000fdd00000,0x00000000fee80000)
  to   space 17920K, 0% used [0x00000000fee80000,0x00000000fee80000,0x0000000100000000)
 ParOldGen       total 82944K, used 46748K [0x00000000e0000000, 0x00000000e5100000, 0x00000000f5580000)
  object space 82944K, 56% used [0x00000000e0000000,0x00000000e2da7138,0x00000000e5100000)
 Metaspace       used 39127K, capacity 42134K, committed 42156K, reserved 1085440K
  class space    used 4614K, capacity 5738K, committed 5760K, reserved 1048576K
}
Event: 33.889 GC heap before
{Heap before GC invocations=21 (full 3):
 PSYoungGen      total 156672K, used 138752K [0x00000000f5580000, 0x0000000100000000, 0x0000000100000000)
  eden space 138752K, 100% used [0x00000000f5580000,0x00000000fdd00000,0x00000000fdd00000)
  from space 17920K, 0% used [0x00000000fdd00000,0x00000000fdd00000,0x00000000fee80000)
  to   space 17920K, 0% used [0x00000000fee80000,0x00000000fee80000,0x0000000100000000)
 ParOldGen       total 82944K, used 46748K [0x00000000e0000000, 0x00000000e5100000, 0x00000000f5580000)
  object space 82944K, 56% used [0x00000000e0000000,0x00000000e2da7138,0x00000000e5100000)
 Metaspace       used 61139K, capacity 66882K, committed 67020K, reserved 1107968K
  class space    used 7282K, capacity 9110K, committed 9216K, reserved 1048576K
Event: 33.906 GC heap after
Heap after GC invocations=21 (full 3):
 PSYoungGen      total 136192K, used 17888K [0x00000000f5580000, 0x0000000100000000, 0x0000000100000000)
  eden space 118272K, 0% used [0x00000000f5580000,0x00000000f5580000,0x00000000fc900000)
  from space 17920K, 99% used [0x00000000fee80000,0x00000000ffff82b8,0x0000000100000000)
  to   space 28160K, 0% used [0x00000000fc900000,0x00000000fc900000,0x00000000fe480000)
 ParOldGen       total 82944K, used 56607K [0x00000000e0000000, 0x00000000e5100000, 0x00000000f5580000)
  object space 82944K, 68% used [0x00000000e0000000,0x00000000e3747d18,0x00000000e5100000)
 Metaspace       used 61139K, capacity 66882K, committed 67020K, reserved 1107968K
  class space    used 7282K, capacity 9110K, committed 9216K, reserved 1048576K
}
Event: 36.362 GC heap before
{Heap before GC invocations=22 (full 3):
 PSYoungGen      total 136192K, used 40647K [0x00000000f5580000, 0x0000000100000000, 0x0000000100000000)
  eden space 118272K, 19% used [0x00000000f5580000,0x00000000f6bb9ae8,0x00000000fc900000)
  from space 17920K, 99% used [0x00000000fee80000,0x00000000ffff82b8,0x0000000100000000)
  to   space 28160K, 0% used [0x00000000fc900000,0x00000000fc900000,0x00000000fe480000)
 ParOldGen       total 82944K, used 56607K [0x00000000e0000000, 0x00000000e5100000, 0x00000000f5580000)
  object space 82944K, 68% used [0x00000000e0000000,0x00000000e3747d18,0x00000000e5100000)
 Metaspace       used 64087K, capacity 70074K, committed 70260K, reserved 1110016K
  class space    used 7659K, capacity 9620K, committed 9640K, reserved 1048576K
Event: 36.372 GC heap after
Heap after GC invocations=22 (full 3):
 PSYoungGen      total 146432K, used 3874K [0x00000000f5580000, 0x0000000100000000, 0x0000000100000000)
  eden space 118272K, 0% used [0x00000000f5580000,0x00000000f5580000,0x00000000fc900000)
  from space 28160K, 13% used [0x00000000fc900000,0x00000000fccc8860,0x00000000fe480000)
  to   space 27648K, 0% used [0x00000000fe500000,0x00000000fe500000,0x0000000100000000)
 ParOldGen       total 82944K, used 66903K [0x00000000e0000000, 0x00000000e5100000, 0x00000000f5580000)
  object space 82944K, 80% used [0x00000000e0000000,0x00000000e4155f78,0x00000000e5100000)
 Metaspace       used 64087K, capacity 70074K, committed 70260K, reserved 1110016K
  class space    used 7659K, capacity 9620K, committed 9640K, reserved 1048576K
}
Event: 36.372 GC heap before
{Heap before GC invocations=23 (full 4):
 PSYoungGen      total 146432K, used 3874K [0x00000000f5580000, 0x0000000100000000, 0x0000000100000000)
  eden space 118272K, 0% used [0x00000000f5580000,0x00000000f5580000,0x00000000fc900000)
  from space 28160K, 13% used [0x00000000fc900000,0x00000000fccc8860,0x00000000fe480000)
  to   space 27648K, 0% used [0x00000000fe500000,0x00000000fe500000,0x0000000100000000)
 ParOldGen       total 82944K, used 66903K [0x00000000e0000000, 0x00000000e5100000, 0x00000000f5580000)
  object space 82944K, 80% used [0x00000000e0000000,0x00000000e4155f78,0x00000000e5100000)
 Metaspace       used 64087K, capacity 70074K, committed 70260K, reserved 1110016K
  class space    used 7659K, capacity 9620K, committed 9640K, reserved 1048576K
Event: 36.463 GC heap after
Heap after GC invocations=23 (full 4):
 PSYoungGen      total 146432K, used 0K [0x00000000f5580000, 0x0000000100000000, 0x0000000100000000)
  eden space 118272K, 0% used [0x00000000f5580000,0x00000000f5580000,0x00000000fc900000)
  from space 28160K, 0% used [0x00000000fc900000,0x00000000fc900000,0x00000000fe480000)
  to   space 27648K, 0% used [0x00000000fe500000,0x00000000fe500000,0x0000000100000000)
 ParOldGen       total 95744K, used 48717K [0x00000000e0000000, 0x00000000e5d80000, 0x00000000f5580000)
  object space 95744K, 50% used [0x00000000e0000000,0x00000000e2f93710,0x00000000e5d80000)
 Metaspace       used 64087K, capacity 70074K, committed 70260K, reserved 1110016K
  class space    used 7659K, capacity 9620K, committed 9640K, reserved 1048576K
}
Event: 57.223 GC heap before
{Heap before GC invocations=24 (full 4):
 PSYoungGen      total 146432K, used 118272K [0x00000000f5580000, 0x0000000100000000, 0x0000000100000000)
  eden space 118272K, 100% used [0x00000000f5580000,0x00000000fc900000,0x00000000fc900000)
  from space 28160K, 0% used [0x00000000fc900000,0x00000000fc900000,0x00000000fe480000)
  to   space 27648K, 0% used [0x00000000fe500000,0x00000000fe500000,0x0000000100000000)
 ParOldGen       total 95744K, used 48717K [0x00000000e0000000, 0x00000000e5d80000, 0x00000000f5580000)
  object space 95744K, 50% used [0x00000000e0000000,0x00000000e2f93710,0x00000000e5d80000)
 Metaspace       used 77116K, capacity 84288K, committed 84596K, reserved 1122304K
  class space    used 9248K, capacity 11595K, committed 11688K, reserved 1048576K
Event: 57.233 GC heap after
Heap after GC invocations=24 (full 4):
 PSYoungGen      total 144896K, used 18057K [0x00000000f5580000, 0x0000000100000000, 0x0000000100000000)
  eden space 117248K, 0% used [0x00000000f5580000,0x00000000f5580000,0x00000000fc800000)
  from space 27648K, 65% used [0x00000000fe500000,0x00000000ff6a26a8,0x0000000100000000)
  to   space 28672K, 0% used [0x00000000fc800000,0x00000000fc800000,0x00000000fe400000)
 ParOldGen       total 95744K, used 48725K [0x00000000e0000000, 0x00000000e5d80000, 0x00000000f5580000)
  object space 95744K, 50% used [0x00000000e0000000,0x00000000e2f95710,0x00000000e5d80000)
 Metaspace       used 77116K, capacity 84288K, committed 84596K, reserved 1122304K
  class space    used 9248K, capacity 11595K, committed 11688K, reserved 1048576K
}

