# JRE version: Java(TM) SE Runtime Environment (8.0_66-b18) (build 1.8.0_66-b18)
# Java VM: Java HotSpot(TM) 64-Bit Server VM (25.66-b18 mixed mode windows-amd64 compressed oops)
Heap:
 PSYoungGen      total 135680K, used 16371K [0x00000000f5580000, 0x00000000fff00000, 0x0000000100000000)
  eden space 98816K, 11% used [0x00000000f5580000,0x00000000f6042f10,0x00000000fb600000)
  from space 36864K, 14% used [0x00000000fdb00000,0x00000000fe039d68,0x00000000fff00000)
  to   space 37376K, 0% used [0x00000000fb600000,0x00000000fb600000,0x00000000fda80000)
 ParOldGen       total 115200K, used 64432K [0x00000000e0000000, 0x00000000e7080000, 0x00000000f5580000)
  object space 115200K, 55% used [0x00000000e0000000,0x00000000e3eec1a8,0x00000000e7080000)
 Metaspace       used 88402K, capacity 95994K, committed 96168K, reserved 1132544K
  class space    used 10734K, capacity 13176K, committed 13232K, reserved 1048576K
GC Heap History (10 events):
Event: 69.525 GC heap before
{Heap before GC invocations=15 (full 3):
 PSYoungGen      total 137216K, used 67445K [0x00000000f5580000, 0x0000000100000000, 0x0000000100000000)
  eden space 110080K, 36% used [0x00000000f5580000,0x00000000f7cea2f8,0x00000000fc100000)
  from space 27136K, 99% used [0x00000000fc100000,0x00000000fdb73140,0x00000000fdb80000)
  to   space 35328K, 0% used [0x00000000fdd80000,0x00000000fdd80000,0x0000000100000000)
 ParOldGen       total 115200K, used 38900K [0x00000000e0000000, 0x00000000e7080000, 0x00000000f5580000)
  object space 115200K, 33% used [0x00000000e0000000,0x00000000e25fd110,0x00000000e7080000)
 Metaspace       used 81028K, capacity 87538K, committed 87720K, reserved 1124352K
  class space    used 9860K, capacity 11927K, committed 11952K, reserved 1048576K
Event: 69.542 GC heap after
Heap after GC invocations=15 (full 3):
 PSYoungGen      total 134144K, used 27570K [0x00000000f5580000, 0x0000000100000000, 0x0000000100000000)
  eden space 98816K, 0% used [0x00000000f5580000,0x00000000f5580000,0x00000000fb600000)
  from space 35328K, 78% used [0x00000000fdd80000,0x00000000ff86ca60,0x0000000100000000)
  to   space 37888K, 0% used [0x00000000fb600000,0x00000000fb600000,0x00000000fdb00000)
 ParOldGen       total 115200K, used 38927K [0x00000000e0000000, 0x00000000e7080000, 0x00000000f5580000)
  object space 115200K, 33% used [0x00000000e0000000,0x00000000e2603d60,0x00000000e7080000)
 Metaspace       used 81028K, capacity 87538K, committed 87720K, reserved 1124352K
  class space    used 9860K, capacity 11927K, committed 11952K, reserved 1048576K
}
Event: 69.542 GC heap before
{Heap before GC invocations=16 (full 4):
 PSYoungGen      total 134144K, used 27570K [0x00000000f5580000, 0x0000000100000000, 0x0000000100000000)
  eden space 98816K, 0% used [0x00000000f5580000,0x00000000f5580000,0x00000000fb600000)
  from space 35328K, 78% used [0x00000000fdd80000,0x00000000ff86ca60,0x0000000100000000)
  to   space 37888K, 0% used [0x00000000fb600000,0x00000000fb600000,0x00000000fdb00000)
 ParOldGen       total 115200K, used 38927K [0x00000000e0000000, 0x00000000e7080000, 0x00000000f5580000)
  object space 115200K, 33% used [0x00000000e0000000,0x00000000e2603d60,0x00000000e7080000)
 Metaspace       used 81028K, capacity 87538K, committed 87720K, reserved 1124352K
  class space    used 9860K, capacity 11927K, committed 11952K, reserved 1048576K
Event: 69.793 GC heap after
Heap after GC invocations=16 (full 4):
 PSYoungGen      total 134144K, used 0K [0x00000000f5580000, 0x0000000100000000, 0x0000000100000000)
  eden space 98816K, 0% used [0x00000000f5580000,0x00000000f5580000,0x00000000fb600000)
  from space 35328K, 0% used [0x00000000fdd80000,0x00000000fdd80000,0x0000000100000000)
  to   space 37888K, 0% used [0x00000000fb600000,0x00000000fb600000,0x00000000fdb00000)
 ParOldGen       total 115200K, used 60438K [0x00000000e0000000, 0x00000000e7080000, 0x00000000f5580000)
  object space 115200K, 52% used [0x00000000e0000000,0x00000000e3b058d8,0x00000000e7080000)
 Metaspace       used 81028K, capacity 87538K, committed 87720K, reserved 1124352K
  class space    used 9860K, capacity 11927K, committed 11952K, reserved 1048576K
}
Event: 129.529 GC heap before
{Heap before GC invocations=17 (full 4):
 PSYoungGen      total 134144K, used 69268K [0x00000000f5580000, 0x0000000100000000, 0x0000000100000000)
  eden space 98816K, 70% used [0x00000000f5580000,0x00000000f9925300,0x00000000fb600000)
  from space 35328K, 0% used [0x00000000fdd80000,0x00000000fdd80000,0x0000000100000000)
  to   space 37888K, 0% used [0x00000000fb600000,0x00000000fb600000,0x00000000fdb00000)
 ParOldGen       total 115200K, used 60438K [0x00000000e0000000, 0x00000000e7080000, 0x00000000f5580000)
  object space 115200K, 52% used [0x00000000e0000000,0x00000000e3b058d8,0x00000000e7080000)
 Metaspace       used 84317K, capacity 91242K, committed 91432K, reserved 1128448K
  class space    used 10237K, capacity 12333K, committed 12336K, reserved 1048576K
Event: 129.535 GC heap after
Heap after GC invocations=17 (full 4):
 PSYoungGen      total 136704K, used 4955K [0x00000000f5580000, 0x0000000100000000, 0x0000000100000000)
  eden space 98816K, 0% used [0x00000000f5580000,0x00000000f5580000,0x00000000fb600000)
  from space 37888K, 13% used [0x00000000fb600000,0x00000000fbad6d18,0x00000000fdb00000)
  to   space 37888K, 0% used [0x00000000fdb00000,0x00000000fdb00000,0x0000000100000000)
 ParOldGen       total 115200K, used 60446K [0x00000000e0000000, 0x00000000e7080000, 0x00000000f5580000)
  object space 115200K, 52% used [0x00000000e0000000,0x00000000e3b078d8,0x00000000e7080000)
 Metaspace       used 84317K, capacity 91242K, committed 91432K, reserved 1128448K
  class space    used 10237K, capacity 12333K, committed 12336K, reserved 1048576K
}
Event: 129.535 GC heap before
{Heap before GC invocations=18 (full 5):
 PSYoungGen      total 136704K, used 4955K [0x00000000f5580000, 0x0000000100000000, 0x0000000100000000)
  eden space 98816K, 0% used [0x00000000f5580000,0x00000000f5580000,0x00000000fb600000)
  from space 37888K, 13% used [0x00000000fb600000,0x00000000fbad6d18,0x00000000fdb00000)
  to   space 37888K, 0% used [0x00000000fdb00000,0x00000000fdb00000,0x0000000100000000)
 ParOldGen       total 115200K, used 60446K [0x00000000e0000000, 0x00000000e7080000, 0x00000000f5580000)
  object space 115200K, 52% used [0x00000000e0000000,0x00000000e3b078d8,0x00000000e7080000)
 Metaspace       used 84317K, capacity 91242K, committed 91432K, reserved 1128448K
  class space    used 10237K, capacity 12333K, committed 12336K, reserved 1048576K
Event: 129.922 GC heap after
Heap after GC invocations=18 (full 5):
 PSYoungGen      total 136704K, used 0K [0x00000000f5580000, 0x0000000100000000, 0x0000000100000000)
  eden space 98816K, 0% used [0x00000000f5580000,0x00000000f5580000,0x00000000fb600000)
  from space 37888K, 0% used [0x00000000fb600000,0x00000000fb600000,0x00000000fdb00000)
  to   space 37888K, 0% used [0x00000000fdb00000,0x00000000fdb00000,0x0000000100000000)
 ParOldGen       total 115200K, used 64424K [0x00000000e0000000, 0x00000000e7080000, 0x00000000f5580000)
  object space 115200K, 55% used [0x00000000e0000000,0x00000000e3eea1a8,0x00000000e7080000)
 Metaspace       used 84317K, capacity 91242K, committed 91432K, reserved 1128448K
  class space    used 10237K, capacity 12333K, committed 12336K, reserved 1048576K
}
Event: 236.936 GC heap before
{Heap before GC invocations=19 (full 5):
 PSYoungGen      total 136704K, used 98816K [0x00000000f5580000, 0x0000000100000000, 0x0000000100000000)
  eden space 98816K, 100% used [0x00000000f5580000,0x00000000fb600000,0x00000000fb600000)
  from space 37888K, 0% used [0x00000000fb600000,0x00000000fb600000,0x00000000fdb00000)
  to   space 37888K, 0% used [0x00000000fdb00000,0x00000000fdb00000,0x0000000100000000)
 ParOldGen       total 115200K, used 64424K [0x00000000e0000000, 0x00000000e7080000, 0x00000000f5580000)
  object space 115200K, 55% used [0x00000000e0000000,0x00000000e3eea1a8,0x00000000e7080000)
 Metaspace       used 88054K, capacity 95606K, committed 95912K, reserved 1132544K
  class space    used 10696K, capacity 13112K, committed 13232K, reserved 1048576K
Event: 236.942 GC heap after
Heap after GC invocations=19 (full 5):
 PSYoungGen      total 135680K, used 5351K [0x00000000f5580000, 0x00000000fff00000, 0x0000000100000000)
  eden space 98816K, 0% used [0x00000000f5580000,0x00000000f5580000,0x00000000fb600000)
  from space 36864K, 14% used [0x00000000fdb00000,0x00000000fe039d68,0x00000000fff00000)
  to   space 37376K, 0% used [0x00000000fb600000,0x00000000fb600000,0x00000000fda80000)
 ParOldGen       total 115200K, used 64432K [0x00000000e0000000, 0x00000000e7080000, 0x00000000f5580000)
  object space 115200K, 55% used [0x00000000e0000000,0x00000000e3eec1a8,0x00000000e7080000)
 Metaspace       used 88054K, capacity 95606K, committed 95912K, reserved 1132544K
  class space    used 10696K, capacity 13112K, committed 13232K, reserved 1048576K
}

