# JRE version: Java(TM) SE Runtime Environment (8.0_66-b18) (build 1.8.0_66-b18)
# Java VM: Java HotSpot(TM) 64-Bit Server VM (25.66-b18 mixed mode windows-amd64 compressed oops)
Heap:
 PSYoungGen      total 110592K, used 29210K [0x00000000f5580000, 0x00000000ff500000, 0x0000000100000000)
  eden space 92672K, 12% used [0x00000000f5580000,0x00000000f609fd70,0x00000000fb000000)
  from space 17920K, 99% used [0x00000000fb300000,0x00000000fc466e38,0x00000000fc480000)
  to   space 35328K, 0% used [0x00000000fd280000,0x00000000fd280000,0x00000000ff500000)
 ParOldGen       total 107520K, used 47511K [0x00000000e0000000, 0x00000000e6900000, 0x00000000f5580000)
  object space 107520K, 44% used [0x00000000e0000000,0x00000000e2e65f18,0x00000000e6900000)
 Metaspace       used 87281K, capacity 94404K, committed 94720K, reserved 1130496K
  class space    used 10538K, capacity 12977K, committed 13056K, reserved 1048576K
GC Heap History (10 events):
Event: 1712.591 GC heap before
{Heap before GC invocations=25 (full 4):
 PSYoungGen      total 138240K, used 136042K [0x00000000f5580000, 0x0000000100000000, 0x0000000100000000)
  eden space 109056K, 100% used [0x00000000f5580000,0x00000000fc000000,0x00000000fc000000)
  from space 29184K, 92% used [0x00000000fe380000,0x00000000ffdda910,0x0000000100000000)
  to   space 32768K, 0% used [0x00000000fc000000,0x00000000fc000000,0x00000000fe000000)
 ParOldGen       total 107520K, used 47495K [0x00000000e0000000, 0x00000000e6900000, 0x00000000f5580000)
  object space 107520K, 44% used [0x00000000e0000000,0x00000000e2e61f18,0x00000000e6900000)
 Metaspace       used 85999K, capacity 93162K, committed 93440K, reserved 1130496K
  class space    used 10416K, capacity 12718K, committed 12800K, reserved 1048576K
Event: 1712.607 GC heap after
Heap after GC invocations=25 (full 4):
 PSYoungGen      total 128512K, used 22949K [0x00000000f5580000, 0x0000000100000000, 0x0000000100000000)
  eden space 105472K, 0% used [0x00000000f5580000,0x00000000f5580000,0x00000000fbc80000)
  from space 23040K, 99% used [0x00000000fc000000,0x00000000fd669638,0x00000000fd680000)
  to   space 34816K, 0% used [0x00000000fde00000,0x00000000fde00000,0x0000000100000000)
 ParOldGen       total 107520K, used 47503K [0x00000000e0000000, 0x00000000e6900000, 0x00000000f5580000)
  object space 107520K, 44% used [0x00000000e0000000,0x00000000e2e63f18,0x00000000e6900000)
 Metaspace       used 85999K, capacity 93162K, committed 93440K, reserved 1130496K
  class space    used 10416K, capacity 12718K, committed 12800K, reserved 1048576K
}
Event: 3316.352 GC heap before
{Heap before GC invocations=26 (full 4):
 PSYoungGen      total 128512K, used 128421K [0x00000000f5580000, 0x0000000100000000, 0x0000000100000000)
  eden space 105472K, 100% used [0x00000000f5580000,0x00000000fbc80000,0x00000000fbc80000)
  from space 23040K, 99% used [0x00000000fc000000,0x00000000fd669638,0x00000000fd680000)
  to   space 34816K, 0% used [0x00000000fde00000,0x00000000fde00000,0x0000000100000000)
 ParOldGen       total 107520K, used 47503K [0x00000000e0000000, 0x00000000e6900000, 0x00000000f5580000)
  object space 107520K, 44% used [0x00000000e0000000,0x00000000e2e63f18,0x00000000e6900000)
 Metaspace       used 86065K, capacity 93162K, committed 93440K, reserved 1130496K
  class space    used 10416K, capacity 12718K, committed 12800K, reserved 1048576K
Event: 3316.369 GC heap after
Heap after GC invocations=26 (full 4):
 PSYoungGen      total 135680K, used 22971K [0x00000000f5580000, 0x00000000fff00000, 0x0000000100000000)
  eden space 101888K, 0% used [0x00000000f5580000,0x00000000f5580000,0x00000000fb900000)
  from space 33792K, 67% used [0x00000000fde00000,0x00000000ff46ed68,0x00000000fff00000)
  to   space 35840K, 0% used [0x00000000fb900000,0x00000000fb900000,0x00000000fdc00000)
 ParOldGen       total 107520K, used 47503K [0x00000000e0000000, 0x00000000e6900000, 0x00000000f5580000)
  object space 107520K, 44% used [0x00000000e0000000,0x00000000e2e63f18,0x00000000e6900000)
 Metaspace       used 86065K, capacity 93162K, committed 93440K, reserved 1130496K
  class space    used 10416K, capacity 12718K, committed 12800K, reserved 1048576K
}
Event: 4816.356 GC heap before
{Heap before GC invocations=27 (full 4):
 PSYoungGen      total 135680K, used 124839K [0x00000000f5580000, 0x00000000fff00000, 0x0000000100000000)
  eden space 101888K, 99% used [0x00000000f5580000,0x00000000fb8fb050,0x00000000fb900000)
  from space 33792K, 67% used [0x00000000fde00000,0x00000000ff46ed68,0x00000000fff00000)
  to   space 35840K, 0% used [0x00000000fb900000,0x00000000fb900000,0x00000000fdc00000)
 ParOldGen       total 107520K, used 47503K [0x00000000e0000000, 0x00000000e6900000, 0x00000000f5580000)
  object space 107520K, 44% used [0x00000000e0000000,0x00000000e2e63f18,0x00000000e6900000)
 Metaspace       used 86183K, capacity 93162K, committed 93440K, reserved 1130496K
  class space    used 10421K, capacity 12718K, committed 12800K, reserved 1048576K
Event: 4816.372 GC heap after
Heap after GC invocations=27 (full 4):
 PSYoungGen      total 121856K, used 22843K [0x00000000f5580000, 0x00000000ffe00000, 0x0000000100000000)
  eden space 98816K, 0% used [0x00000000f5580000,0x00000000f5580000,0x00000000fb600000)
  from space 23040K, 99% used [0x00000000fb900000,0x00000000fcf4ed78,0x00000000fcf80000)
  to   space 36864K, 0% used [0x00000000fda00000,0x00000000fda00000,0x00000000ffe00000)
 ParOldGen       total 107520K, used 47503K [0x00000000e0000000, 0x00000000e6900000, 0x00000000f5580000)
  object space 107520K, 44% used [0x00000000e0000000,0x00000000e2e63f18,0x00000000e6900000)
 Metaspace       used 86183K, capacity 93162K, committed 93440K, reserved 1130496K
  class space    used 10421K, capacity 12718K, committed 12800K, reserved 1048576K
}
Event: 6349.495 GC heap before
{Heap before GC invocations=28 (full 4):
 PSYoungGen      total 121856K, used 121659K [0x00000000f5580000, 0x00000000ffe00000, 0x0000000100000000)
  eden space 98816K, 100% used [0x00000000f5580000,0x00000000fb600000,0x00000000fb600000)
  from space 23040K, 99% used [0x00000000fb900000,0x00000000fcf4ed78,0x00000000fcf80000)
  to   space 36864K, 0% used [0x00000000fda00000,0x00000000fda00000,0x00000000ffe00000)
 ParOldGen       total 107520K, used 47503K [0x00000000e0000000, 0x00000000e6900000, 0x00000000f5580000)
  object space 107520K, 44% used [0x00000000e0000000,0x00000000e2e63f18,0x00000000e6900000)
 Metaspace       used 86209K, capacity 93226K, committed 93440K, reserved 1130496K
  class space    used 10421K, capacity 12718K, committed 12800K, reserved 1048576K
Event: 6349.511 GC heap after
Heap after GC invocations=28 (full 4):
 PSYoungGen      total 129536K, used 21691K [0x00000000f5580000, 0x00000000ffb00000, 0x0000000100000000)
  eden space 95744K, 0% used [0x00000000f5580000,0x00000000f5580000,0x00000000fb300000)
  from space 33792K, 64% used [0x00000000fda00000,0x00000000fef2ee58,0x00000000ffb00000)
  to   space 36864K, 0% used [0x00000000fb300000,0x00000000fb300000,0x00000000fd700000)
 ParOldGen       total 107520K, used 47503K [0x00000000e0000000, 0x00000000e6900000, 0x00000000f5580000)
  object space 107520K, 44% used [0x00000000e0000000,0x00000000e2e63f18,0x00000000e6900000)
 Metaspace       used 86209K, capacity 93226K, committed 93440K, reserved 1130496K
  class space    used 10421K, capacity 12718K, committed 12800K, reserved 1048576K
}
Event: 7296.627 GC heap before
{Heap before GC invocations=29 (full 4):
 PSYoungGen      total 129536K, used 117435K [0x00000000f5580000, 0x00000000ffb00000, 0x0000000100000000)
  eden space 95744K, 100% used [0x00000000f5580000,0x00000000fb300000,0x00000000fb300000)
  from space 33792K, 64% used [0x00000000fda00000,0x00000000fef2ee58,0x00000000ffb00000)
  to   space 36864K, 0% used [0x00000000fb300000,0x00000000fb300000,0x00000000fd700000)
 ParOldGen       total 107520K, used 47503K [0x00000000e0000000, 0x00000000e6900000, 0x00000000f5580000)
  object space 107520K, 44% used [0x00000000e0000000,0x00000000e2e63f18,0x00000000e6900000)
 Metaspace       used 86880K, capacity 93820K, committed 94080K, reserved 1130496K
  class space    used 10499K, capacity 12913K, committed 12928K, reserved 1048576K
Event: 7296.640 GC heap after
Heap after GC invocations=29 (full 4):
 PSYoungGen      total 110592K, used 17819K [0x00000000f5580000, 0x00000000ff500000, 0x0000000100000000)
  eden space 92672K, 0% used [0x00000000f5580000,0x00000000f5580000,0x00000000fb000000)
  from space 17920K, 99% used [0x00000000fb300000,0x00000000fc466e38,0x00000000fc480000)
  to   space 35328K, 0% used [0x00000000fd280000,0x00000000fd280000,0x00000000ff500000)
 ParOldGen       total 107520K, used 47511K [0x00000000e0000000, 0x00000000e6900000, 0x00000000f5580000)
  object space 107520K, 44% used [0x00000000e0000000,0x00000000e2e65f18,0x00000000e6900000)
 Metaspace       used 86880K, capacity 93820K, committed 94080K, reserved 1130496K
  class space    used 10499K, capacity 12913K, committed 12928K, reserved 1048576K
}

