# JRE version: Java(TM) SE Runtime Environment (8.0_66-b18) (build 1.8.0_66-b18)
# Java VM: Java HotSpot(TM) 64-Bit Server VM (25.66-b18 mixed mode windows-amd64 compressed oops)
Heap:
 PSYoungGen      total 103936K, used 37751K [0x00000000f5580000, 0x00000000fe000000, 0x0000000100000000)
  eden space 72704K, 17% used [0x00000000f5580000,0x00000000f61b74c8,0x00000000f9c80000)
  from space 31232K, 80% used [0x00000000fbd80000,0x00000000fd626790,0x00000000fdc00000)
  to   space 33792K, 0% used [0x00000000f9c80000,0x00000000f9c80000,0x00000000fbd80000)
 ParOldGen       total 117760K, used 43565K [0x00000000e0000000, 0x00000000e7300000, 0x00000000f5580000)
  object space 117760K, 36% used [0x00000000e0000000,0x00000000e2a8b500,0x00000000e7300000)
 Metaspace       used 85286K, capacity 92660K, committed 92760K, reserved 1128448K
  class space    used 10403K, capacity 12842K, committed 12928K, reserved 1048576K
GC Heap History (10 events):
Event: 32.346 GC heap before
{Heap before GC invocations=13 (full 3):
 PSYoungGen      total 75776K, used 57344K [0x00000000f5580000, 0x00000000fbe80000, 0x0000000100000000)
  eden space 57344K, 100% used [0x00000000f5580000,0x00000000f8d80000,0x00000000f8d80000)
  from space 18432K, 0% used [0x00000000f8d80000,0x00000000f8d80000,0x00000000f9f80000)
  to   space 20992K, 0% used [0x00000000faa00000,0x00000000faa00000,0x00000000fbe80000)
 ParOldGen       total 117760K, used 41743K [0x00000000e0000000, 0x00000000e7300000, 0x00000000f5580000)
  object space 117760K, 35% used [0x00000000e0000000,0x00000000e28c3dc0,0x00000000e7300000)
 Metaspace       used 64665K, capacity 69770K, committed 70104K, reserved 1110016K
  class space    used 7784K, capacity 9363K, committed 9472K, reserved 1048576K
Event: 32.403 GC heap after
Heap after GC invocations=13 (full 3):
 PSYoungGen      total 85504K, used 15473K [0x00000000f5580000, 0x00000000fbf80000, 0x0000000100000000)
  eden space 64512K, 0% used [0x00000000f5580000,0x00000000f5580000,0x00000000f9480000)
  from space 20992K, 73% used [0x00000000faa00000,0x00000000fb91c5f0,0x00000000fbe80000)
  to   space 22016K, 0% used [0x00000000f9480000,0x00000000f9480000,0x00000000faa00000)
 ParOldGen       total 117760K, used 41770K [0x00000000e0000000, 0x00000000e7300000, 0x00000000f5580000)
  object space 117760K, 35% used [0x00000000e0000000,0x00000000e28caa10,0x00000000e7300000)
 Metaspace       used 64665K, capacity 69770K, committed 70104K, reserved 1110016K
  class space    used 7784K, capacity 9363K, committed 9472K, reserved 1048576K
}
Event: 35.860 GC heap before
{Heap before GC invocations=14 (full 3):
 PSYoungGen      total 85504K, used 79985K [0x00000000f5580000, 0x00000000fbf80000, 0x0000000100000000)
  eden space 64512K, 100% used [0x00000000f5580000,0x00000000f9480000,0x00000000f9480000)
  from space 20992K, 73% used [0x00000000faa00000,0x00000000fb91c5f0,0x00000000fbe80000)
  to   space 22016K, 0% used [0x00000000f9480000,0x00000000f9480000,0x00000000faa00000)
 ParOldGen       total 117760K, used 41770K [0x00000000e0000000, 0x00000000e7300000, 0x00000000f5580000)
  object space 117760K, 35% used [0x00000000e0000000,0x00000000e28caa10,0x00000000e7300000)
 Metaspace       used 69385K, capacity 75378K, committed 75608K, reserved 1114112K
  class space    used 8370K, capacity 10253K, committed 10368K, reserved 1048576K
Event: 35.900 GC heap after
Heap after GC invocations=14 (full 3):
 PSYoungGen      total 86528K, used 18249K [0x00000000f5580000, 0x00000000fca80000, 0x0000000100000000)
  eden space 64512K, 0% used [0x00000000f5580000,0x00000000f5580000,0x00000000f9480000)
  from space 22016K, 82% used [0x00000000f9480000,0x00000000fa6526d0,0x00000000faa00000)
  to   space 23552K, 0% used [0x00000000fb380000,0x00000000fb380000,0x00000000fca80000)
 ParOldGen       total 117760K, used 41778K [0x00000000e0000000, 0x00000000e7300000, 0x00000000f5580000)
  object space 117760K, 35% used [0x00000000e0000000,0x00000000e28cca10,0x00000000e7300000)
 Metaspace       used 69385K, capacity 75378K, committed 75608K, reserved 1114112K
  class space    used 8370K, capacity 10253K, committed 10368K, reserved 1048576K
}
Event: 44.463 GC heap before
{Heap before GC invocations=15 (full 3):
 PSYoungGen      total 86528K, used 82761K [0x00000000f5580000, 0x00000000fca80000, 0x0000000100000000)
  eden space 64512K, 100% used [0x00000000f5580000,0x00000000f9480000,0x00000000f9480000)
  from space 22016K, 82% used [0x00000000f9480000,0x00000000fa6526d0,0x00000000faa00000)
  to   space 23552K, 0% used [0x00000000fb380000,0x00000000fb380000,0x00000000fca80000)
 ParOldGen       total 117760K, used 41778K [0x00000000e0000000, 0x00000000e7300000, 0x00000000f5580000)
  object space 117760K, 35% used [0x00000000e0000000,0x00000000e28cca10,0x00000000e7300000)
 Metaspace       used 75498K, capacity 81980K, committed 82136K, reserved 1120256K
  class space    used 9131K, capacity 11213K, committed 11264K, reserved 1048576K
Event: 44.527 GC heap after
Heap after GC invocations=15 (full 3):
 PSYoungGen      total 92672K, used 23524K [0x00000000f5580000, 0x00000000fd080000, 0x0000000100000000)
  eden space 69120K, 0% used [0x00000000f5580000,0x00000000f5580000,0x00000000f9900000)
  from space 23552K, 99% used [0x00000000fb380000,0x00000000fca79198,0x00000000fca80000)
  to   space 27136K, 0% used [0x00000000f9900000,0x00000000f9900000,0x00000000fb380000)
 ParOldGen       total 117760K, used 42587K [0x00000000e0000000, 0x00000000e7300000, 0x00000000f5580000)
  object space 117760K, 36% used [0x00000000e0000000,0x00000000e2996db0,0x00000000e7300000)
 Metaspace       used 75498K, capacity 81980K, committed 82136K, reserved 1120256K
  class space    used 9131K, capacity 11213K, committed 11264K, reserved 1048576K
}
Event: 137.697 GC heap before
{Heap before GC invocations=16 (full 3):
 PSYoungGen      total 92672K, used 92644K [0x00000000f5580000, 0x00000000fd080000, 0x0000000100000000)
  eden space 69120K, 100% used [0x00000000f5580000,0x00000000f9900000,0x00000000f9900000)
  from space 23552K, 99% used [0x00000000fb380000,0x00000000fca79198,0x00000000fca80000)
  to   space 27136K, 0% used [0x00000000f9900000,0x00000000f9900000,0x00000000fb380000)
 ParOldGen       total 117760K, used 42587K [0x00000000e0000000, 0x00000000e7300000, 0x00000000f5580000)
  object space 117760K, 36% used [0x00000000e0000000,0x00000000e2996db0,0x00000000e7300000)
 Metaspace       used 80993K, capacity 87968K, committed 88152K, reserved 1126400K
  class space    used 9897K, capacity 12097K, committed 12160K, reserved 1048576K
Event: 137.787 GC heap after
Heap after GC invocations=16 (full 3):
 PSYoungGen      total 96256K, used 27113K [0x00000000f5580000, 0x00000000fdc00000, 0x0000000100000000)
  eden space 69120K, 0% used [0x00000000f5580000,0x00000000f5580000,0x00000000f9900000)
  from space 27136K, 99% used [0x00000000f9900000,0x00000000fb37a4a8,0x00000000fb380000)
  to   space 31232K, 0% used [0x00000000fbd80000,0x00000000fbd80000,0x00000000fdc00000)
 ParOldGen       total 117760K, used 43557K [0x00000000e0000000, 0x00000000e7300000, 0x00000000f5580000)
  object space 117760K, 36% used [0x00000000e0000000,0x00000000e2a89500,0x00000000e7300000)
 Metaspace       used 80993K, capacity 87968K, committed 88152K, reserved 1126400K
  class space    used 9897K, capacity 12097K, committed 12160K, reserved 1048576K
}
Event: 309.576 GC heap before
{Heap before GC invocations=17 (full 3):
 PSYoungGen      total 96256K, used 96233K [0x00000000f5580000, 0x00000000fdc00000, 0x0000000100000000)
  eden space 69120K, 100% used [0x00000000f5580000,0x00000000f9900000,0x00000000f9900000)
  from space 27136K, 99% used [0x00000000f9900000,0x00000000fb37a4a8,0x00000000fb380000)
  to   space 31232K, 0% used [0x00000000fbd80000,0x00000000fbd80000,0x00000000fdc00000)
 ParOldGen       total 117760K, used 43557K [0x00000000e0000000, 0x00000000e7300000, 0x00000000f5580000)
  object space 117760K, 36% used [0x00000000e0000000,0x00000000e2a89500,0x00000000e7300000)
 Metaspace       used 84506K, capacity 91820K, committed 92120K, reserved 1128448K
  class space    used 10324K, capacity 12714K, committed 12800K, reserved 1048576K
Event: 309.647 GC heap after
Heap after GC invocations=17 (full 3):
 PSYoungGen      total 103936K, used 25241K [0x00000000f5580000, 0x00000000fe000000, 0x0000000100000000)
  eden space 72704K, 0% used [0x00000000f5580000,0x00000000f5580000,0x00000000f9c80000)
  from space 31232K, 80% used [0x00000000fbd80000,0x00000000fd626790,0x00000000fdc00000)
  to   space 33792K, 0% used [0x00000000f9c80000,0x00000000f9c80000,0x00000000fbd80000)
 ParOldGen       total 117760K, used 43565K [0x00000000e0000000, 0x00000000e7300000, 0x00000000f5580000)
  object space 117760K, 36% used [0x00000000e0000000,0x00000000e2a8b500,0x00000000e7300000)
 Metaspace       used 84506K, capacity 91820K, committed 92120K, reserved 1128448K
  class space    used 10324K, capacity 12714K, committed 12800K, reserved 1048576K
}

