# JRE version: Java(TM) SE Runtime Environment (8.0_66-b18) (build 1.8.0_66-b18)
# Java VM: Java HotSpot(TM) 64-Bit Server VM (25.66-b18 mixed mode windows-amd64 compressed oops)
Heap:
 PSYoungGen      total 115200K, used 39006K [0x00000000f5580000, 0x00000000fda00000, 0x0000000100000000)
  eden space 103936K, 31% used [0x00000000f5580000,0x00000000f75ae058,0x00000000fbb00000)
  from space 11264K, 53% used [0x00000000fcf00000,0x00000000fd4e9a60,0x00000000fda00000)
  to   space 15872K, 0% used [0x00000000fbb00000,0x00000000fbb00000,0x00000000fca80000)
 ParOldGen       total 106496K, used 45314K [0x00000000e0000000, 0x00000000e6800000, 0x00000000f5580000)
  object space 106496K, 42% used [0x00000000e0000000,0x00000000e2c40948,0x00000000e6800000)
 Metaspace       used 89797K, capacity 97062K, committed 97240K, reserved 1134592K
  class space    used 10511K, capacity 13008K, committed 13056K, reserved 1048576K
GC Heap History (10 events):
Event: 1036.043 GC heap before
{Heap before GC invocations=38 (full 12):
 PSYoungGen      total 131072K, used 130769K [0x00000000f5580000, 0x00000000ff700000, 0x0000000100000000)
  eden space 123392K, 100% used [0x00000000f5580000,0x00000000fce00000,0x00000000fce00000)
  from space 7680K, 96% used [0x00000000fd280000,0x00000000fd9b4550,0x00000000fda00000)
  to   space 20992K, 0% used [0x00000000fe280000,0x00000000fe280000,0x00000000ff700000)
 ParOldGen       total 106496K, used 45274K [0x00000000e0000000, 0x00000000e6800000, 0x00000000f5580000)
  object space 106496K, 42% used [0x00000000e0000000,0x00000000e2c36948,0x00000000e6800000)
 Metaspace       used 88151K, capacity 95646K, committed 95832K, reserved 1132544K
  class space    used 10406K, capacity 12842K, committed 12928K, reserved 1048576K
Event: 1036.051 GC heap after
Heap after GC invocations=38 (full 12):
 PSYoungGen      total 134144K, used 7597K [0x00000000f5580000, 0x00000000ff100000, 0x0000000100000000)
  eden space 119296K, 0% used [0x00000000f5580000,0x00000000f5580000,0x00000000fca00000)
  from space 14848K, 51% used [0x00000000fe280000,0x00000000fe9eb740,0x00000000ff100000)
  to   space 19968K, 0% used [0x00000000fca00000,0x00000000fca00000,0x00000000fdd80000)
 ParOldGen       total 106496K, used 45282K [0x00000000e0000000, 0x00000000e6800000, 0x00000000f5580000)
  object space 106496K, 42% used [0x00000000e0000000,0x00000000e2c38948,0x00000000e6800000)
 Metaspace       used 88151K, capacity 95646K, committed 95832K, reserved 1132544K
  class space    used 10406K, capacity 12842K, committed 12928K, reserved 1048576K
}
Event: 1160.192 GC heap before
{Heap before GC invocations=39 (full 12):
 PSYoungGen      total 134144K, used 126893K [0x00000000f5580000, 0x00000000ff100000, 0x0000000100000000)
  eden space 119296K, 100% used [0x00000000f5580000,0x00000000fca00000,0x00000000fca00000)
  from space 14848K, 51% used [0x00000000fe280000,0x00000000fe9eb740,0x00000000ff100000)
  to   space 19968K, 0% used [0x00000000fca00000,0x00000000fca00000,0x00000000fdd80000)
 ParOldGen       total 106496K, used 45282K [0x00000000e0000000, 0x00000000e6800000, 0x00000000f5580000)
  object space 106496K, 42% used [0x00000000e0000000,0x00000000e2c38948,0x00000000e6800000)
 Metaspace       used 88382K, capacity 95774K, committed 96088K, reserved 1132544K
  class space    used 10406K, capacity 12842K, committed 12928K, reserved 1048576K
Event: 1160.200 GC heap after
Heap after GC invocations=39 (full 12):
 PSYoungGen      total 123392K, used 7873K [0x00000000f5580000, 0x00000000fec00000, 0x0000000100000000)
  eden space 115200K, 0% used [0x00000000f5580000,0x00000000f5580000,0x00000000fc600000)
  from space 8192K, 96% used [0x00000000fca00000,0x00000000fd1b05b0,0x00000000fd200000)
  to   space 19456K, 0% used [0x00000000fd900000,0x00000000fd900000,0x00000000fec00000)
 ParOldGen       total 106496K, used 45290K [0x00000000e0000000, 0x00000000e6800000, 0x00000000f5580000)
  object space 106496K, 42% used [0x00000000e0000000,0x00000000e2c3a948,0x00000000e6800000)
 Metaspace       used 88382K, capacity 95774K, committed 96088K, reserved 1132544K
  class space    used 10406K, capacity 12842K, committed 12928K, reserved 1048576K
}
Event: 1329.746 GC heap before
{Heap before GC invocations=40 (full 12):
 PSYoungGen      total 123392K, used 123073K [0x00000000f5580000, 0x00000000fec00000, 0x0000000100000000)
  eden space 115200K, 100% used [0x00000000f5580000,0x00000000fc600000,0x00000000fc600000)
  from space 8192K, 96% used [0x00000000fca00000,0x00000000fd1b05b0,0x00000000fd200000)
  to   space 19456K, 0% used [0x00000000fd900000,0x00000000fd900000,0x00000000fec00000)
 ParOldGen       total 106496K, used 45290K [0x00000000e0000000, 0x00000000e6800000, 0x00000000f5580000)
  object space 106496K, 42% used [0x00000000e0000000,0x00000000e2c3a948,0x00000000e6800000)
 Metaspace       used 88605K, capacity 96030K, committed 96344K, reserved 1132544K
  class space    used 10407K, capacity 12842K, committed 12928K, reserved 1048576K
Event: 1329.755 GC heap after
Heap after GC invocations=40 (full 12):
 PSYoungGen      total 123392K, used 6653K [0x00000000f5580000, 0x00000000fe500000, 0x0000000100000000)
  eden space 111104K, 0% used [0x00000000f5580000,0x00000000f5580000,0x00000000fc200000)
  from space 12288K, 54% used [0x00000000fd900000,0x00000000fdf7f420,0x00000000fe500000)
  to   space 17920K, 0% used [0x00000000fc200000,0x00000000fc200000,0x00000000fd380000)
 ParOldGen       total 106496K, used 45298K [0x00000000e0000000, 0x00000000e6800000, 0x00000000f5580000)
  object space 106496K, 42% used [0x00000000e0000000,0x00000000e2c3c948,0x00000000e6800000)
 Metaspace       used 88605K, capacity 96030K, committed 96344K, reserved 1132544K
  class space    used 10407K, capacity 12842K, committed 12928K, reserved 1048576K
}
Event: 1506.637 GC heap before
{Heap before GC invocations=41 (full 12):
 PSYoungGen      total 123392K, used 117757K [0x00000000f5580000, 0x00000000fe500000, 0x0000000100000000)
  eden space 111104K, 100% used [0x00000000f5580000,0x00000000fc200000,0x00000000fc200000)
  from space 12288K, 54% used [0x00000000fd900000,0x00000000fdf7f420,0x00000000fe500000)
  to   space 17920K, 0% used [0x00000000fc200000,0x00000000fc200000,0x00000000fd380000)
 ParOldGen       total 106496K, used 45298K [0x00000000e0000000, 0x00000000e6800000, 0x00000000f5580000)
  object space 106496K, 42% used [0x00000000e0000000,0x00000000e2c3c948,0x00000000e6800000)
 Metaspace       used 88822K, capacity 96170K, committed 96344K, reserved 1132544K
  class space    used 10408K, capacity 12844K, committed 12928K, reserved 1048576K
Event: 1506.644 GC heap after
Heap after GC invocations=41 (full 12):
 PSYoungGen      total 113664K, used 6057K [0x00000000f5580000, 0x00000000fdf80000, 0x0000000100000000)
  eden space 107520K, 0% used [0x00000000f5580000,0x00000000f5580000,0x00000000fbe80000)
  from space 6144K, 98% used [0x00000000fc200000,0x00000000fc7ea4c8,0x00000000fc800000)
  to   space 16896K, 0% used [0x00000000fcf00000,0x00000000fcf00000,0x00000000fdf80000)
 ParOldGen       total 106496K, used 45306K [0x00000000e0000000, 0x00000000e6800000, 0x00000000f5580000)
  object space 106496K, 42% used [0x00000000e0000000,0x00000000e2c3e948,0x00000000e6800000)
 Metaspace       used 88822K, capacity 96170K, committed 96344K, reserved 1132544K
  class space    used 10408K, capacity 12844K, committed 12928K, reserved 1048576K
}
Event: 1610.943 GC heap before
{Heap before GC invocations=42 (full 12):
 PSYoungGen      total 113664K, used 113577K [0x00000000f5580000, 0x00000000fdf80000, 0x0000000100000000)
  eden space 107520K, 100% used [0x00000000f5580000,0x00000000fbe80000,0x00000000fbe80000)
  from space 6144K, 98% used [0x00000000fc200000,0x00000000fc7ea4c8,0x00000000fc800000)
  to   space 16896K, 0% used [0x00000000fcf00000,0x00000000fcf00000,0x00000000fdf80000)
 ParOldGen       total 106496K, used 45306K [0x00000000e0000000, 0x00000000e6800000, 0x00000000f5580000)
  object space 106496K, 42% used [0x00000000e0000000,0x00000000e2c3e948,0x00000000e6800000)
 Metaspace       used 89047K, capacity 96284K, committed 96600K, reserved 1132544K
  class space    used 10419K, capacity 12879K, committed 12928K, reserved 1048576K
Event: 1610.950 GC heap after
Heap after GC invocations=42 (full 12):
 PSYoungGen      total 115200K, used 6054K [0x00000000f5580000, 0x00000000fda00000, 0x0000000100000000)
  eden space 103936K, 0% used [0x00000000f5580000,0x00000000f5580000,0x00000000fbb00000)
  from space 11264K, 53% used [0x00000000fcf00000,0x00000000fd4e9a60,0x00000000fda00000)
  to   space 15872K, 0% used [0x00000000fbb00000,0x00000000fbb00000,0x00000000fca80000)
 ParOldGen       total 106496K, used 45314K [0x00000000e0000000, 0x00000000e6800000, 0x00000000f5580000)
  object space 106496K, 42% used [0x00000000e0000000,0x00000000e2c40948,0x00000000e6800000)
 Metaspace       used 89047K, capacity 96284K, committed 96600K, reserved 1132544K
  class space    used 10419K, capacity 12879K, committed 12928K, reserved 1048576K
}

