# JRE version: Java(TM) SE Runtime Environment (8.0_66-b18) (build 1.8.0_66-b18)
# Java VM: Java HotSpot(TM) 64-Bit Server VM (25.66-b18 mixed mode windows-amd64 compressed oops)
Heap:
 PSYoungGen      total 125440K, used 42561K [0x00000000f5580000, 0x00000000fd180000, 0x0000000100000000)
  eden space 123904K, 34% used [0x00000000f5580000,0x00000000f7f10788,0x00000000fce80000)
  from space 1536K, 0% used [0x00000000fd000000,0x00000000fd000000,0x00000000fd180000)
  to   space 1536K, 0% used [0x00000000fce80000,0x00000000fce80000,0x00000000fd000000)
 ParOldGen       total 101888K, used 35317K [0x00000000e0000000, 0x00000000e6380000, 0x00000000f5580000)
  object space 101888K, 34% used [0x00000000e0000000,0x00000000e227d630,0x00000000e6380000)
 Metaspace       used 75084K, capacity 81930K, committed 82304K, reserved 1120256K
  class space    used 8984K, capacity 11340K, committed 11392K, reserved 1048576K
GC Heap History (10 events):
Event: 3330.148 GC heap before
{Heap before GC invocations=122 (full 58):
 PSYoungGen      total 125440K, used 448K [0x00000000f5580000, 0x00000000fd180000, 0x0000000100000000)
  eden space 123904K, 0% used [0x00000000f5580000,0x00000000f5580000,0x00000000fce80000)
  from space 1536K, 29% used [0x00000000fd000000,0x00000000fd070000,0x00000000fd180000)
  to   space 1536K, 0% used [0x00000000fce80000,0x00000000fce80000,0x00000000fd000000)
 ParOldGen       total 101888K, used 35317K [0x00000000e0000000, 0x00000000e6380000, 0x00000000f5580000)
  object space 101888K, 34% used [0x00000000e0000000,0x00000000e227d590,0x00000000e6380000)
 Metaspace       used 74149K, capacity 81006K, committed 81408K, reserved 1120256K
  class space    used 8889K, capacity 11208K, committed 11264K, reserved 1048576K
Event: 3330.241 GC heap after
Heap after GC invocations=122 (full 58):
 PSYoungGen      total 125440K, used 0K [0x00000000f5580000, 0x00000000fd180000, 0x0000000100000000)
  eden space 123904K, 0% used [0x00000000f5580000,0x00000000f5580000,0x00000000fce80000)
  from space 1536K, 0% used [0x00000000fd000000,0x00000000fd000000,0x00000000fd180000)
  to   space 1536K, 0% used [0x00000000fce80000,0x00000000fce80000,0x00000000fd000000)
 ParOldGen       total 101888K, used 35462K [0x00000000e0000000, 0x00000000e6380000, 0x00000000f5580000)
  object space 101888K, 34% used [0x00000000e0000000,0x00000000e22a18c8,0x00000000e6380000)
 Metaspace       used 74149K, capacity 81006K, committed 81408K, reserved 1120256K
  class space    used 8889K, capacity 11208K, committed 11264K, reserved 1048576K
}
Event: 3390.128 GC heap before
{Heap before GC invocations=123 (full 58):
 PSYoungGen      total 125440K, used 6535K [0x00000000f5580000, 0x00000000fd180000, 0x0000000100000000)
  eden space 123904K, 5% used [0x00000000f5580000,0x00000000f5be1c50,0x00000000fce80000)
  from space 1536K, 0% used [0x00000000fd000000,0x00000000fd000000,0x00000000fd180000)
  to   space 1536K, 0% used [0x00000000fce80000,0x00000000fce80000,0x00000000fd000000)
 ParOldGen       total 101888K, used 35462K [0x00000000e0000000, 0x00000000e6380000, 0x00000000f5580000)
  object space 101888K, 34% used [0x00000000e0000000,0x00000000e22a18c8,0x00000000e6380000)
 Metaspace       used 74152K, capacity 81006K, committed 81408K, reserved 1120256K
  class space    used 8889K, capacity 11208K, committed 11264K, reserved 1048576K
Event: 3390.130 GC heap after
Heap after GC invocations=123 (full 58):
 PSYoungGen      total 125440K, used 160K [0x00000000f5580000, 0x00000000fd180000, 0x0000000100000000)
  eden space 123904K, 0% used [0x00000000f5580000,0x00000000f5580000,0x00000000fce80000)
  from space 1536K, 10% used [0x00000000fce80000,0x00000000fcea8000,0x00000000fd000000)
  to   space 1536K, 0% used [0x00000000fd000000,0x00000000fd000000,0x00000000fd180000)
 ParOldGen       total 101888K, used 35462K [0x00000000e0000000, 0x00000000e6380000, 0x00000000f5580000)
  object space 101888K, 34% used [0x00000000e0000000,0x00000000e22a18c8,0x00000000e6380000)
 Metaspace       used 74152K, capacity 81006K, committed 81408K, reserved 1120256K
  class space    used 8889K, capacity 11208K, committed 11264K, reserved 1048576K
}
Event: 3390.130 GC heap before
{Heap before GC invocations=124 (full 59):
 PSYoungGen      total 125440K, used 160K [0x00000000f5580000, 0x00000000fd180000, 0x0000000100000000)
  eden space 123904K, 0% used [0x00000000f5580000,0x00000000f5580000,0x00000000fce80000)
  from space 1536K, 10% used [0x00000000fce80000,0x00000000fcea8000,0x00000000fd000000)
  to   space 1536K, 0% used [0x00000000fd000000,0x00000000fd000000,0x00000000fd180000)
 ParOldGen       total 101888K, used 35462K [0x00000000e0000000, 0x00000000e6380000, 0x00000000f5580000)
  object space 101888K, 34% used [0x00000000e0000000,0x00000000e22a18c8,0x00000000e6380000)
 Metaspace       used 74152K, capacity 81006K, committed 81408K, reserved 1120256K
  class space    used 8889K, capacity 11208K, committed 11264K, reserved 1048576K
Event: 3390.182 GC heap after
Heap after GC invocations=124 (full 59):
 PSYoungGen      total 125440K, used 0K [0x00000000f5580000, 0x00000000fd180000, 0x0000000100000000)
  eden space 123904K, 0% used [0x00000000f5580000,0x00000000f5580000,0x00000000fce80000)
  from space 1536K, 0% used [0x00000000fce80000,0x00000000fce80000,0x00000000fd000000)
  to   space 1536K, 0% used [0x00000000fd000000,0x00000000fd000000,0x00000000fd180000)
 ParOldGen       total 101888K, used 35317K [0x00000000e0000000, 0x00000000e6380000, 0x00000000f5580000)
  object space 101888K, 34% used [0x00000000e0000000,0x00000000e227d5d8,0x00000000e6380000)
 Metaspace       used 74152K, capacity 81006K, committed 81408K, reserved 1120256K
  class space    used 8889K, capacity 11208K, committed 11264K, reserved 1048576K
}
Event: 3450.142 GC heap before
{Heap before GC invocations=125 (full 59):
 PSYoungGen      total 125440K, used 5873K [0x00000000f5580000, 0x00000000fd180000, 0x0000000100000000)
  eden space 123904K, 4% used [0x00000000f5580000,0x00000000f5b3c660,0x00000000fce80000)
  from space 1536K, 0% used [0x00000000fce80000,0x00000000fce80000,0x00000000fd000000)
  to   space 1536K, 0% used [0x00000000fd000000,0x00000000fd000000,0x00000000fd180000)
 ParOldGen       total 101888K, used 35317K [0x00000000e0000000, 0x00000000e6380000, 0x00000000f5580000)
  object space 101888K, 34% used [0x00000000e0000000,0x00000000e227d5d8,0x00000000e6380000)
 Metaspace       used 74157K, capacity 81006K, committed 81408K, reserved 1120256K
  class space    used 8889K, capacity 11208K, committed 11264K, reserved 1048576K
Event: 3450.174 GC heap after
Heap after GC invocations=125 (full 59):
 PSYoungGen      total 125440K, used 160K [0x00000000f5580000, 0x00000000fd180000, 0x0000000100000000)
  eden space 123904K, 0% used [0x00000000f5580000,0x00000000f5580000,0x00000000fce80000)
  from space 1536K, 10% used [0x00000000fd000000,0x00000000fd028000,0x00000000fd180000)
  to   space 1536K, 0% used [0x00000000fce80000,0x00000000fce80000,0x00000000fd000000)
 ParOldGen       total 101888K, used 35325K [0x00000000e0000000, 0x00000000e6380000, 0x00000000f5580000)
  object space 101888K, 34% used [0x00000000e0000000,0x00000000e227f5d8,0x00000000e6380000)
 Metaspace       used 74157K, capacity 81006K, committed 81408K, reserved 1120256K
  class space    used 8889K, capacity 11208K, committed 11264K, reserved 1048576K
}
Event: 3450.174 GC heap before
{Heap before GC invocations=126 (full 60):
 PSYoungGen      total 125440K, used 160K [0x00000000f5580000, 0x00000000fd180000, 0x0000000100000000)
  eden space 123904K, 0% used [0x00000000f5580000,0x00000000f5580000,0x00000000fce80000)
  from space 1536K, 10% used [0x00000000fd000000,0x00000000fd028000,0x00000000fd180000)
  to   space 1536K, 0% used [0x00000000fce80000,0x00000000fce80000,0x00000000fd000000)
 ParOldGen       total 101888K, used 35325K [0x00000000e0000000, 0x00000000e6380000, 0x00000000f5580000)
  object space 101888K, 34% used [0x00000000e0000000,0x00000000e227f5d8,0x00000000e6380000)
 Metaspace       used 74157K, capacity 81006K, committed 81408K, reserved 1120256K
  class space    used 8889K, capacity 11208K, committed 11264K, reserved 1048576K
Event: 3450.234 GC heap after
Heap after GC invocations=126 (full 60):
 PSYoungGen      total 125440K, used 0K [0x00000000f5580000, 0x00000000fd180000, 0x0000000100000000)
  eden space 123904K, 0% used [0x00000000f5580000,0x00000000f5580000,0x00000000fce80000)
  from space 1536K, 0% used [0x00000000fd000000,0x00000000fd000000,0x00000000fd180000)
  to   space 1536K, 0% used [0x00000000fce80000,0x00000000fce80000,0x00000000fd000000)
 ParOldGen       total 101888K, used 35317K [0x00000000e0000000, 0x00000000e6380000, 0x00000000f5580000)
  object space 101888K, 34% used [0x00000000e0000000,0x00000000e227d630,0x00000000e6380000)
 Metaspace       used 74157K, capacity 81006K, committed 81408K, reserved 1120256K
  class space    used 8889K, capacity 11208K, committed 11264K, reserved 1048576K
}

