# JRE version: Java(TM) SE Runtime Environment (8.0_45-b15) (build 1.8.0_45-b15)
# Java VM: Java HotSpot(TM) 64-Bit Server VM (25.45-b02 mixed mode windows-amd64 compressed oops)
Heap:
 PSYoungGen      total 114688K, used 26668K [0x00000000f5580000, 0x00000000ffd00000, 0x0000000100000000)
  eden space 114176K, 23% used [0x00000000f5580000,0x00000000f6f8b140,0x00000000fc500000)
  from space 512K, 0% used [0x00000000fc500000,0x00000000fc500000,0x00000000fc580000)
  to   space 28672K, 0% used [0x00000000fe100000,0x00000000fe100000,0x00000000ffd00000)
 ParOldGen       total 114176K, used 46015K [0x00000000e0000000, 0x00000000e6f80000, 0x00000000f5580000)
  object space 114176K, 40% used [0x00000000e0000000,0x00000000e2cefe78,0x00000000e6f80000)
 Metaspace       used 78426K, capacity 84648K, committed 84952K, reserved 1122304K
  class space    used 9448K, capacity 11257K, committed 11264K, reserved 1048576K
GC Heap History (10 events):
Event: 276.614 GC heap before
{Heap before GC invocations=26 (full 7):
 PSYoungGen      total 143360K, used 2267K [0x00000000f5580000, 0x00000000fff00000, 0x0000000100000000)
  eden space 113664K, 0% used [0x00000000f5580000,0x00000000f5580000,0x00000000fc480000)
  from space 29696K, 7% used [0x00000000fc480000,0x00000000fc6b6d00,0x00000000fe180000)
  to   space 29696K, 0% used [0x00000000fe200000,0x00000000fe200000,0x00000000fff00000)
 ParOldGen       total 114176K, used 44579K [0x00000000e0000000, 0x00000000e6f80000, 0x00000000f5580000)
  object space 114176K, 39% used [0x00000000e0000000,0x00000000e2b88e68,0x00000000e6f80000)
 Metaspace       used 77257K, capacity 83344K, committed 83544K, reserved 1122304K
  class space    used 9345K, capacity 11124K, committed 11136K, reserved 1048576K
Event: 276.981 GC heap after
Heap after GC invocations=26 (full 7):
 PSYoungGen      total 143360K, used 0K [0x00000000f5580000, 0x00000000fff00000, 0x0000000100000000)
  eden space 113664K, 0% used [0x00000000f5580000,0x00000000f5580000,0x00000000fc480000)
  from space 29696K, 0% used [0x00000000fc480000,0x00000000fc480000,0x00000000fe180000)
  to   space 29696K, 0% used [0x00000000fe200000,0x00000000fe200000,0x00000000fff00000)
 ParOldGen       total 114176K, used 46540K [0x00000000e0000000, 0x00000000e6f80000, 0x00000000f5580000)
  object space 114176K, 40% used [0x00000000e0000000,0x00000000e2d732d8,0x00000000e6f80000)
 Metaspace       used 77257K, capacity 83344K, committed 83544K, reserved 1122304K
  class space    used 9345K, capacity 11124K, committed 11136K, reserved 1048576K
}
Event: 336.615 GC heap before
{Heap before GC invocations=27 (full 7):
 PSYoungGen      total 143360K, used 9138K [0x00000000f5580000, 0x00000000fff00000, 0x0000000100000000)
  eden space 113664K, 8% used [0x00000000f5580000,0x00000000f5e6c9d0,0x00000000fc480000)
  from space 29696K, 0% used [0x00000000fc480000,0x00000000fc480000,0x00000000fe180000)
  to   space 29696K, 0% used [0x00000000fe200000,0x00000000fe200000,0x00000000fff00000)
 ParOldGen       total 114176K, used 46540K [0x00000000e0000000, 0x00000000e6f80000, 0x00000000f5580000)
  object space 114176K, 40% used [0x00000000e0000000,0x00000000e2d732d8,0x00000000e6f80000)
 Metaspace       used 77693K, capacity 83824K, committed 84184K, reserved 1122304K
  class space    used 9379K, capacity 11156K, committed 11264K, reserved 1048576K
Event: 336.621 GC heap after
Heap after GC invocations=27 (full 7):
 PSYoungGen      total 142848K, used 848K [0x00000000f5580000, 0x00000000ffe00000, 0x0000000100000000)
  eden space 114176K, 0% used [0x00000000f5580000,0x00000000f5580000,0x00000000fc500000)
  from space 28672K, 2% used [0x00000000fe200000,0x00000000fe2d4068,0x00000000ffe00000)
  to   space 29184K, 0% used [0x00000000fc500000,0x00000000fc500000,0x00000000fe180000)
 ParOldGen       total 114176K, used 46612K [0x00000000e0000000, 0x00000000e6f80000, 0x00000000f5580000)
  object space 114176K, 40% used [0x00000000e0000000,0x00000000e2d852e8,0x00000000e6f80000)
 Metaspace       used 77693K, capacity 83824K, committed 84184K, reserved 1122304K
  class space    used 9379K, capacity 11156K, committed 11264K, reserved 1048576K
}
Event: 336.621 GC heap before
{Heap before GC invocations=28 (full 8):
 PSYoungGen      total 142848K, used 848K [0x00000000f5580000, 0x00000000ffe00000, 0x0000000100000000)
  eden space 114176K, 0% used [0x00000000f5580000,0x00000000f5580000,0x00000000fc500000)
  from space 28672K, 2% used [0x00000000fe200000,0x00000000fe2d4068,0x00000000ffe00000)
  to   space 29184K, 0% used [0x00000000fc500000,0x00000000fc500000,0x00000000fe180000)
 ParOldGen       total 114176K, used 46612K [0x00000000e0000000, 0x00000000e6f80000, 0x00000000f5580000)
  object space 114176K, 40% used [0x00000000e0000000,0x00000000e2d852e8,0x00000000e6f80000)
 Metaspace       used 77693K, capacity 83824K, committed 84184K, reserved 1122304K
  class space    used 9379K, capacity 11156K, committed 11264K, reserved 1048576K
Event: 336.913 GC heap after
Heap after GC invocations=28 (full 8):
 PSYoungGen      total 142848K, used 0K [0x00000000f5580000, 0x00000000ffe00000, 0x0000000100000000)
  eden space 114176K, 0% used [0x00000000f5580000,0x00000000f5580000,0x00000000fc500000)
  from space 28672K, 0% used [0x00000000fe200000,0x00000000fe200000,0x00000000ffe00000)
  to   space 29184K, 0% used [0x00000000fc500000,0x00000000fc500000,0x00000000fe180000)
 ParOldGen       total 114176K, used 46319K [0x00000000e0000000, 0x00000000e6f80000, 0x00000000f5580000)
  object space 114176K, 40% used [0x00000000e0000000,0x00000000e2d3bc08,0x00000000e6f80000)
 Metaspace       used 77693K, capacity 83824K, committed 84184K, reserved 1122304K
  class space    used 9379K, capacity 11156K, committed 11264K, reserved 1048576K
}
Event: 396.641 GC heap before
{Heap before GC invocations=29 (full 8):
 PSYoungGen      total 142848K, used 4627K [0x00000000f5580000, 0x00000000ffe00000, 0x0000000100000000)
  eden space 114176K, 4% used [0x00000000f5580000,0x00000000f5a04e78,0x00000000fc500000)
  from space 28672K, 0% used [0x00000000fe200000,0x00000000fe200000,0x00000000ffe00000)
  to   space 29184K, 0% used [0x00000000fc500000,0x00000000fc500000,0x00000000fe180000)
 ParOldGen       total 114176K, used 46319K [0x00000000e0000000, 0x00000000e6f80000, 0x00000000f5580000)
  object space 114176K, 40% used [0x00000000e0000000,0x00000000e2d3bc08,0x00000000e6f80000)
 Metaspace       used 77728K, capacity 83824K, committed 84184K, reserved 1122304K
  class space    used 9380K, capacity 11156K, committed 11264K, reserved 1048576K
Event: 396.646 GC heap after
Heap after GC invocations=29 (full 8):
 PSYoungGen      total 114688K, used 192K [0x00000000f5580000, 0x00000000ffd00000, 0x0000000100000000)
  eden space 114176K, 0% used [0x00000000f5580000,0x00000000f5580000,0x00000000fc500000)
  from space 512K, 37% used [0x00000000fc500000,0x00000000fc530000,0x00000000fc580000)
  to   space 28672K, 0% used [0x00000000fe100000,0x00000000fe100000,0x00000000ffd00000)
 ParOldGen       total 114176K, used 46319K [0x00000000e0000000, 0x00000000e6f80000, 0x00000000f5580000)
  object space 114176K, 40% used [0x00000000e0000000,0x00000000e2d3bc08,0x00000000e6f80000)
 Metaspace       used 77728K, capacity 83824K, committed 84184K, reserved 1122304K
  class space    used 9380K, capacity 11156K, committed 11264K, reserved 1048576K
}
Event: 396.646 GC heap before
{Heap before GC invocations=30 (full 9):
 PSYoungGen      total 114688K, used 192K [0x00000000f5580000, 0x00000000ffd00000, 0x0000000100000000)
  eden space 114176K, 0% used [0x00000000f5580000,0x00000000f5580000,0x00000000fc500000)
  from space 512K, 37% used [0x00000000fc500000,0x00000000fc530000,0x00000000fc580000)
  to   space 28672K, 0% used [0x00000000fe100000,0x00000000fe100000,0x00000000ffd00000)
 ParOldGen       total 114176K, used 46319K [0x00000000e0000000, 0x00000000e6f80000, 0x00000000f5580000)
  object space 114176K, 40% used [0x00000000e0000000,0x00000000e2d3bc08,0x00000000e6f80000)
 Metaspace       used 77728K, capacity 83824K, committed 84184K, reserved 1122304K
  class space    used 9380K, capacity 11156K, committed 11264K, reserved 1048576K
Event: 396.939 GC heap after
Heap after GC invocations=30 (full 9):
 PSYoungGen      total 114688K, used 0K [0x00000000f5580000, 0x00000000ffd00000, 0x0000000100000000)
  eden space 114176K, 0% used [0x00000000f5580000,0x00000000f5580000,0x00000000fc500000)
  from space 512K, 0% used [0x00000000fc500000,0x00000000fc500000,0x00000000fc580000)
  to   space 28672K, 0% used [0x00000000fe100000,0x00000000fe100000,0x00000000ffd00000)
 ParOldGen       total 114176K, used 46015K [0x00000000e0000000, 0x00000000e6f80000, 0x00000000f5580000)
  object space 114176K, 40% used [0x00000000e0000000,0x00000000e2cefe78,0x00000000e6f80000)
 Metaspace       used 77728K, capacity 83824K, committed 84184K, reserved 1122304K
  class space    used 9380K, capacity 11156K, committed 11264K, reserved 1048576K
}

