# JRE version: Java(TM) SE Runtime Environment (8.0_66-b18) (build 1.8.0_66-b18)
# Java VM: Java HotSpot(TM) 64-Bit Server VM (25.66-b18 mixed mode windows-amd64 compressed oops)
Heap:
 PSYoungGen      total 146944K, used 100646K [0x00000000f5580000, 0x0000000100000000, 0x0000000100000000)
  eden space 120320K, 83% used [0x00000000f5580000,0x00000000fb7c9948,0x00000000fcb00000)
  from space 26624K, 0% used [0x00000000fcb00000,0x00000000fcb00000,0x00000000fe500000)
  to   space 25600K, 0% used [0x00000000fe700000,0x00000000fe700000,0x0000000100000000)
 ParOldGen       total 126976K, used 63963K [0x00000000e0000000, 0x00000000e7c00000, 0x00000000f5580000)
  object space 126976K, 50% used [0x00000000e0000000,0x00000000e3e76d90,0x00000000e7c00000)
 Metaspace       used 88176K, capacity 95836K, committed 95960K, reserved 1132544K
  class space    used 10544K, capacity 13009K, committed 13056K, reserved 1048576K
GC Heap History (10 events):
Event: 142.121 GC heap before
{Heap before GC invocations=20 (full 5):
 PSYoungGen      total 144384K, used 4848K [0x00000000f5580000, 0x0000000100000000, 0x0000000100000000)
  eden space 115712K, 0% used [0x00000000f5580000,0x00000000f5580000,0x00000000fc680000)
  from space 28672K, 16% used [0x00000000fc680000,0x00000000fcb3c2b0,0x00000000fe280000)
  to   space 27648K, 0% used [0x00000000fe500000,0x00000000fe500000,0x0000000100000000)
 ParOldGen       total 126976K, used 55668K [0x00000000e0000000, 0x00000000e7c00000, 0x00000000f5580000)
  object space 126976K, 43% used [0x00000000e0000000,0x00000000e365d328,0x00000000e7c00000)
 Metaspace       used 80985K, capacity 87768K, committed 87768K, reserved 1126400K
  class space    used 9681K, capacity 11776K, committed 11776K, reserved 1048576K
Event: 142.430 GC heap after
Heap after GC invocations=20 (full 5):
 PSYoungGen      total 144384K, used 0K [0x00000000f5580000, 0x0000000100000000, 0x0000000100000000)
  eden space 115712K, 0% used [0x00000000f5580000,0x00000000f5580000,0x00000000fc680000)
  from space 28672K, 0% used [0x00000000fc680000,0x00000000fc680000,0x00000000fe280000)
  to   space 27648K, 0% used [0x00000000fe500000,0x00000000fe500000,0x0000000100000000)
 ParOldGen       total 126976K, used 58337K [0x00000000e0000000, 0x00000000e7c00000, 0x00000000f5580000)
  object space 126976K, 45% used [0x00000000e0000000,0x00000000e38f8618,0x00000000e7c00000)
 Metaspace       used 80985K, capacity 87768K, committed 87768K, reserved 1126400K
  class space    used 9681K, capacity 11776K, committed 11776K, reserved 1048576K
}
Event: 202.125 GC heap before
{Heap before GC invocations=21 (full 5):
 PSYoungGen      total 144384K, used 88674K [0x00000000f5580000, 0x0000000100000000, 0x0000000100000000)
  eden space 115712K, 76% used [0x00000000f5580000,0x00000000fac188d0,0x00000000fc680000)
  from space 28672K, 0% used [0x00000000fc680000,0x00000000fc680000,0x00000000fe280000)
  to   space 27648K, 0% used [0x00000000fe500000,0x00000000fe500000,0x0000000100000000)
 ParOldGen       total 126976K, used 58337K [0x00000000e0000000, 0x00000000e7c00000, 0x00000000f5580000)
  object space 126976K, 45% used [0x00000000e0000000,0x00000000e38f8618,0x00000000e7c00000)
 Metaspace       used 83934K, capacity 90892K, committed 91224K, reserved 1128448K
  class space    used 10055K, capacity 12300K, committed 12416K, reserved 1048576K
Event: 202.130 GC heap after
Heap after GC invocations=21 (full 5):
 PSYoungGen      total 147968K, used 5201K [0x00000000f5580000, 0x0000000100000000, 0x0000000100000000)
  eden space 120320K, 0% used [0x00000000f5580000,0x00000000f5580000,0x00000000fcb00000)
  from space 27648K, 18% used [0x00000000fe500000,0x00000000fea14710,0x0000000100000000)
  to   space 26624K, 0% used [0x00000000fcb00000,0x00000000fcb00000,0x00000000fe500000)
 ParOldGen       total 126976K, used 58345K [0x00000000e0000000, 0x00000000e7c00000, 0x00000000f5580000)
  object space 126976K, 45% used [0x00000000e0000000,0x00000000e38fa618,0x00000000e7c00000)
 Metaspace       used 83934K, capacity 90892K, committed 91224K, reserved 1128448K
  class space    used 10055K, capacity 12300K, committed 12416K, reserved 1048576K
}
Event: 202.130 GC heap before
{Heap before GC invocations=22 (full 6):
 PSYoungGen      total 147968K, used 5201K [0x00000000f5580000, 0x0000000100000000, 0x0000000100000000)
  eden space 120320K, 0% used [0x00000000f5580000,0x00000000f5580000,0x00000000fcb00000)
  from space 27648K, 18% used [0x00000000fe500000,0x00000000fea14710,0x0000000100000000)
  to   space 26624K, 0% used [0x00000000fcb00000,0x00000000fcb00000,0x00000000fe500000)
 ParOldGen       total 126976K, used 58345K [0x00000000e0000000, 0x00000000e7c00000, 0x00000000f5580000)
  object space 126976K, 45% used [0x00000000e0000000,0x00000000e38fa618,0x00000000e7c00000)
 Metaspace       used 83934K, capacity 90892K, committed 91224K, reserved 1128448K
  class space    used 10055K, capacity 12300K, committed 12416K, reserved 1048576K
Event: 202.439 GC heap after
Heap after GC invocations=22 (full 6):
 PSYoungGen      total 147968K, used 0K [0x00000000f5580000, 0x0000000100000000, 0x0000000100000000)
  eden space 120320K, 0% used [0x00000000f5580000,0x00000000f5580000,0x00000000fcb00000)
  from space 27648K, 0% used [0x00000000fe500000,0x00000000fe500000,0x0000000100000000)
  to   space 26624K, 0% used [0x00000000fcb00000,0x00000000fcb00000,0x00000000fe500000)
 ParOldGen       total 126976K, used 62668K [0x00000000e0000000, 0x00000000e7c00000, 0x00000000f5580000)
  object space 126976K, 49% used [0x00000000e0000000,0x00000000e3d332a8,0x00000000e7c00000)
 Metaspace       used 83934K, capacity 90892K, committed 91224K, reserved 1128448K
  class space    used 10055K, capacity 12300K, committed 12416K, reserved 1048576K
}
Event: 295.056 GC heap before
{Heap before GC invocations=23 (full 6):
 PSYoungGen      total 147968K, used 103762K [0x00000000f5580000, 0x0000000100000000, 0x0000000100000000)
  eden space 120320K, 86% used [0x00000000f5580000,0x00000000fbad4a10,0x00000000fcb00000)
  from space 27648K, 0% used [0x00000000fe500000,0x00000000fe500000,0x0000000100000000)
  to   space 26624K, 0% used [0x00000000fcb00000,0x00000000fcb00000,0x00000000fe500000)
 ParOldGen       total 126976K, used 62668K [0x00000000e0000000, 0x00000000e7c00000, 0x00000000f5580000)
  object space 126976K, 49% used [0x00000000e0000000,0x00000000e3d332a8,0x00000000e7c00000)
 Metaspace       used 86655K, capacity 94348K, committed 94552K, reserved 1130496K
  class space    used 10396K, capacity 12815K, committed 12928K, reserved 1048576K
Event: 295.062 GC heap after
Heap after GC invocations=23 (full 6):
 PSYoungGen      total 146944K, used 4569K [0x00000000f5580000, 0x0000000100000000, 0x0000000100000000)
  eden space 120320K, 0% used [0x00000000f5580000,0x00000000f5580000,0x00000000fcb00000)
  from space 26624K, 17% used [0x00000000fcb00000,0x00000000fcf76690,0x00000000fe500000)
  to   space 25600K, 0% used [0x00000000fe700000,0x00000000fe700000,0x0000000100000000)
 ParOldGen       total 126976K, used 62676K [0x00000000e0000000, 0x00000000e7c00000, 0x00000000f5580000)
  object space 126976K, 49% used [0x00000000e0000000,0x00000000e3d352a8,0x00000000e7c00000)
 Metaspace       used 86655K, capacity 94348K, committed 94552K, reserved 1130496K
  class space    used 10396K, capacity 12815K, committed 12928K, reserved 1048576K
}
Event: 295.062 GC heap before
{Heap before GC invocations=24 (full 7):
 PSYoungGen      total 146944K, used 4569K [0x00000000f5580000, 0x0000000100000000, 0x0000000100000000)
  eden space 120320K, 0% used [0x00000000f5580000,0x00000000f5580000,0x00000000fcb00000)
  from space 26624K, 17% used [0x00000000fcb00000,0x00000000fcf76690,0x00000000fe500000)
  to   space 25600K, 0% used [0x00000000fe700000,0x00000000fe700000,0x0000000100000000)
 ParOldGen       total 126976K, used 62676K [0x00000000e0000000, 0x00000000e7c00000, 0x00000000f5580000)
  object space 126976K, 49% used [0x00000000e0000000,0x00000000e3d352a8,0x00000000e7c00000)
 Metaspace       used 86655K, capacity 94348K, committed 94552K, reserved 1130496K
  class space    used 10396K, capacity 12815K, committed 12928K, reserved 1048576K
Event: 295.349 GC heap after
Heap after GC invocations=24 (full 7):
 PSYoungGen      total 146944K, used 0K [0x00000000f5580000, 0x0000000100000000, 0x0000000100000000)
  eden space 120320K, 0% used [0x00000000f5580000,0x00000000f5580000,0x00000000fcb00000)
  from space 26624K, 0% used [0x00000000fcb00000,0x00000000fcb00000,0x00000000fe500000)
  to   space 25600K, 0% used [0x00000000fe700000,0x00000000fe700000,0x0000000100000000)
 ParOldGen       total 126976K, used 63963K [0x00000000e0000000, 0x00000000e7c00000, 0x00000000f5580000)
  object space 126976K, 50% used [0x00000000e0000000,0x00000000e3e76d90,0x00000000e7c00000)
 Metaspace       used 86655K, capacity 94348K, committed 94552K, reserved 1130496K
  class space    used 10396K, capacity 12815K, committed 12928K, reserved 1048576K
}

