# JRE version: Java(TM) SE Runtime Environment (8.0_66-b18) (build 1.8.0_66-b18)
# Java VM: Java HotSpot(TM) 64-Bit Server VM (25.66-b18 mixed mode windows-amd64 compressed oops)
Heap:
 PSYoungGen      total 139776K, used 23049K [0x00000000f5580000, 0x00000000ffc80000, 0x0000000100000000)
  eden space 113664K, 15% used [0x00000000f5580000,0x00000000f666ab80,0x00000000fc480000)
  from space 26112K, 21% used [0x00000000fe300000,0x00000000fe8979c8,0x00000000ffc80000)
  to   space 28672K, 0% used [0x00000000fc480000,0x00000000fc480000,0x00000000fe080000)
 ParOldGen       total 102912K, used 64371K [0x00000000e0000000, 0x00000000e6480000, 0x00000000f5580000)
  object space 102912K, 62% used [0x00000000e0000000,0x00000000e3edcd38,0x00000000e6480000)
 Metaspace       used 86467K, capacity 93856K, committed 93952K, reserved 1130496K
  class space    used 10405K, capacity 12795K, committed 12800K, reserved 1048576K
GC Heap History (10 events):
Event: 251.697 GC heap before
{Heap before GC invocations=25 (full 5):
 PSYoungGen      total 142848K, used 16122K [0x00000000f5580000, 0x0000000100000000, 0x0000000100000000)
  eden space 111104K, 14% used [0x00000000f5580000,0x00000000f653eb18,0x00000000fc200000)
  from space 31744K, 0% used [0x00000000fc200000,0x00000000fc200000,0x00000000fe100000)
  to   space 30720K, 0% used [0x00000000fe200000,0x00000000fe200000,0x0000000100000000)
 ParOldGen       total 102912K, used 62001K [0x00000000e0000000, 0x00000000e6480000, 0x00000000f5580000)
  object space 102912K, 60% used [0x00000000e0000000,0x00000000e3c8c430,0x00000000e6480000)
 Metaspace       used 78691K, capacity 85408K, committed 85632K, reserved 1122304K
  class space    used 9503K, capacity 11778K, committed 11904K, reserved 1048576K
Event: 251.700 GC heap after
Heap after GC invocations=25 (full 5):
 PSYoungGen      total 142848K, used 361K [0x00000000f5580000, 0x0000000100000000, 0x0000000100000000)
  eden space 112128K, 0% used [0x00000000f5580000,0x00000000f5580000,0x00000000fc300000)
  from space 30720K, 1% used [0x00000000fe200000,0x00000000fe25a5f0,0x0000000100000000)
  to   space 31232K, 0% used [0x00000000fc300000,0x00000000fc300000,0x00000000fe180000)
 ParOldGen       total 102912K, used 62009K [0x00000000e0000000, 0x00000000e6480000, 0x00000000f5580000)
  object space 102912K, 60% used [0x00000000e0000000,0x00000000e3c8e430,0x00000000e6480000)
 Metaspace       used 78691K, capacity 85408K, committed 85632K, reserved 1122304K
  class space    used 9503K, capacity 11778K, committed 11904K, reserved 1048576K
}
Event: 251.700 GC heap before
{Heap before GC invocations=26 (full 6):
 PSYoungGen      total 142848K, used 361K [0x00000000f5580000, 0x0000000100000000, 0x0000000100000000)
  eden space 112128K, 0% used [0x00000000f5580000,0x00000000f5580000,0x00000000fc300000)
  from space 30720K, 1% used [0x00000000fe200000,0x00000000fe25a5f0,0x0000000100000000)
  to   space 31232K, 0% used [0x00000000fc300000,0x00000000fc300000,0x00000000fe180000)
 ParOldGen       total 102912K, used 62009K [0x00000000e0000000, 0x00000000e6480000, 0x00000000f5580000)
  object space 102912K, 60% used [0x00000000e0000000,0x00000000e3c8e430,0x00000000e6480000)
 Metaspace       used 78691K, capacity 85408K, committed 85632K, reserved 1122304K
  class space    used 9503K, capacity 11778K, committed 11904K, reserved 1048576K
Event: 251.948 GC heap after
Heap after GC invocations=26 (full 6):
 PSYoungGen      total 142848K, used 0K [0x00000000f5580000, 0x0000000100000000, 0x0000000100000000)
  eden space 112128K, 0% used [0x00000000f5580000,0x00000000f5580000,0x00000000fc300000)
  from space 30720K, 0% used [0x00000000fe200000,0x00000000fe200000,0x0000000100000000)
  to   space 31232K, 0% used [0x00000000fc300000,0x00000000fc300000,0x00000000fe180000)
 ParOldGen       total 102912K, used 59008K [0x00000000e0000000, 0x00000000e6480000, 0x00000000f5580000)
  object space 102912K, 57% used [0x00000000e0000000,0x00000000e39a00e0,0x00000000e6480000)
 Metaspace       used 78691K, capacity 85408K, committed 85632K, reserved 1122304K
  class space    used 9503K, capacity 11778K, committed 11904K, reserved 1048576K
}
Event: 311.696 GC heap before
{Heap before GC invocations=27 (full 6):
 PSYoungGen      total 142848K, used 88880K [0x00000000f5580000, 0x0000000100000000, 0x0000000100000000)
  eden space 112128K, 79% used [0x00000000f5580000,0x00000000fac4c000,0x00000000fc300000)
  from space 30720K, 0% used [0x00000000fe200000,0x00000000fe200000,0x0000000100000000)
  to   space 31232K, 0% used [0x00000000fc300000,0x00000000fc300000,0x00000000fe180000)
 ParOldGen       total 102912K, used 59008K [0x00000000e0000000, 0x00000000e6480000, 0x00000000f5580000)
  object space 102912K, 57% used [0x00000000e0000000,0x00000000e39a00e0,0x00000000e6480000)
 Metaspace       used 82329K, capacity 89348K, committed 89600K, reserved 1126400K
  class space    used 9948K, capacity 12213K, committed 12288K, reserved 1048576K
Event: 311.703 GC heap after
Heap after GC invocations=27 (full 6):
 PSYoungGen      total 143360K, used 7011K [0x00000000f5580000, 0x0000000100000000, 0x0000000100000000)
  eden space 112128K, 0% used [0x00000000f5580000,0x00000000f5580000,0x00000000fc300000)
  from space 31232K, 22% used [0x00000000fc300000,0x00000000fc9d8cf8,0x00000000fe180000)
  to   space 29696K, 0% used [0x00000000fe300000,0x00000000fe300000,0x0000000100000000)
 ParOldGen       total 102912K, used 59016K [0x00000000e0000000, 0x00000000e6480000, 0x00000000f5580000)
  object space 102912K, 57% used [0x00000000e0000000,0x00000000e39a20e0,0x00000000e6480000)
 Metaspace       used 82329K, capacity 89348K, committed 89600K, reserved 1126400K
  class space    used 9948K, capacity 12213K, committed 12288K, reserved 1048576K
}
Event: 311.703 GC heap before
{Heap before GC invocations=28 (full 7):
 PSYoungGen      total 143360K, used 7011K [0x00000000f5580000, 0x0000000100000000, 0x0000000100000000)
  eden space 112128K, 0% used [0x00000000f5580000,0x00000000f5580000,0x00000000fc300000)
  from space 31232K, 22% used [0x00000000fc300000,0x00000000fc9d8cf8,0x00000000fe180000)
  to   space 29696K, 0% used [0x00000000fe300000,0x00000000fe300000,0x0000000100000000)
 ParOldGen       total 102912K, used 59016K [0x00000000e0000000, 0x00000000e6480000, 0x00000000f5580000)
  object space 102912K, 57% used [0x00000000e0000000,0x00000000e39a20e0,0x00000000e6480000)
 Metaspace       used 82329K, capacity 89348K, committed 89600K, reserved 1126400K
  class space    used 9948K, capacity 12213K, committed 12288K, reserved 1048576K
Event: 311.960 GC heap after
Heap after GC invocations=28 (full 7):
 PSYoungGen      total 143360K, used 0K [0x00000000f5580000, 0x0000000100000000, 0x0000000100000000)
  eden space 112128K, 0% used [0x00000000f5580000,0x00000000f5580000,0x00000000fc300000)
  from space 31232K, 0% used [0x00000000fc300000,0x00000000fc300000,0x00000000fe180000)
  to   space 29696K, 0% used [0x00000000fe300000,0x00000000fe300000,0x0000000100000000)
 ParOldGen       total 102912K, used 64299K [0x00000000e0000000, 0x00000000e6480000, 0x00000000f5580000)
  object space 102912K, 62% used [0x00000000e0000000,0x00000000e3ecad28,0x00000000e6480000)
 Metaspace       used 82329K, capacity 89348K, committed 89600K, reserved 1126400K
  class space    used 9948K, capacity 12213K, committed 12288K, reserved 1048576K
}
Event: 1334.550 GC heap before
{Heap before GC invocations=29 (full 7):
 PSYoungGen      total 143360K, used 112128K [0x00000000f5580000, 0x0000000100000000, 0x0000000100000000)
  eden space 112128K, 100% used [0x00000000f5580000,0x00000000fc300000,0x00000000fc300000)
  from space 31232K, 0% used [0x00000000fc300000,0x00000000fc300000,0x00000000fe180000)
  to   space 29696K, 0% used [0x00000000fe300000,0x00000000fe300000,0x0000000100000000)
 ParOldGen       total 102912K, used 64299K [0x00000000e0000000, 0x00000000e6480000, 0x00000000f5580000)
  object space 102912K, 62% used [0x00000000e0000000,0x00000000e3ecad28,0x00000000e6480000)
 Metaspace       used 85868K, capacity 93244K, committed 93440K, reserved 1130496K
  class space    used 10342K, capacity 12699K, committed 12800K, reserved 1048576K
Event: 1334.575 GC heap after
Heap after GC invocations=29 (full 7):
 PSYoungGen      total 139776K, used 5726K [0x00000000f5580000, 0x00000000ffc80000, 0x0000000100000000)
  eden space 113664K, 0% used [0x00000000f5580000,0x00000000f5580000,0x00000000fc480000)
  from space 26112K, 21% used [0x00000000fe300000,0x00000000fe8979c8,0x00000000ffc80000)
  to   space 28672K, 0% used [0x00000000fc480000,0x00000000fc480000,0x00000000fe080000)
 ParOldGen       total 102912K, used 64371K [0x00000000e0000000, 0x00000000e6480000, 0x00000000f5580000)
  object space 102912K, 62% used [0x00000000e0000000,0x00000000e3edcd38,0x00000000e6480000)
 Metaspace       used 85868K, capacity 93244K, committed 93440K, reserved 1130496K
  class space    used 10342K, capacity 12699K, committed 12800K, reserved 1048576K
}

