# JRE version: Java(TM) SE Runtime Environment (8.0_66-b18) (build 1.8.0_66-b18)
# Java VM: Java HotSpot(TM) 64-Bit Server VM (25.66-b18 mixed mode windows-amd64 compressed oops)
Heap:
 PSYoungGen      total 143872K, used 103322K [0x00000000f5580000, 0x00000000ffd00000, 0x0000000100000000)
  eden space 119296K, 77% used [0x00000000f5580000,0x00000000fafd30a8,0x00000000fca00000)
  from space 24576K, 44% used [0x00000000fe500000,0x00000000fef93ac0,0x00000000ffd00000)
  to   space 26112K, 0% used [0x00000000fca00000,0x00000000fca00000,0x00000000fe380000)
 ParOldGen       total 98816K, used 47981K [0x00000000e0000000, 0x00000000e6080000, 0x00000000f5580000)
  object space 98816K, 48% used [0x00000000e0000000,0x00000000e2edb6e0,0x00000000e6080000)
 Metaspace       used 76261K, capacity 83052K, committed 83160K, reserved 1120256K
  class space    used 9010K, capacity 11447K, committed 11520K, reserved 1048576K
GC Heap History (10 events):
Event: 33.390 GC heap before
{Heap before GC invocations=18 (full 3):
 PSYoungGen      total 147968K, used 129536K [0x00000000f5580000, 0x0000000100000000, 0x0000000100000000)
  eden space 129536K, 100% used [0x00000000f5580000,0x00000000fd400000,0x00000000fd400000)
  from space 18432K, 0% used [0x00000000fee00000,0x00000000fee00000,0x0000000100000000)
  to   space 22528K, 0% used [0x00000000fd400000,0x00000000fd400000,0x00000000fea00000)
 ParOldGen       total 85504K, used 46427K [0x00000000e0000000, 0x00000000e5380000, 0x00000000f5580000)
  object space 85504K, 54% used [0x00000000e0000000,0x00000000e2d56f78,0x00000000e5380000)
 Metaspace       used 61060K, capacity 66864K, committed 67072K, reserved 1107968K
  class space    used 7290K, capacity 9105K, committed 9216K, reserved 1048576K
Event: 33.405 GC heap after
Heap after GC invocations=18 (full 3):
 PSYoungGen      total 152064K, used 22522K [0x00000000f5580000, 0x0000000100000000, 0x0000000100000000)
  eden space 129536K, 0% used [0x00000000f5580000,0x00000000f5580000,0x00000000fd400000)
  from space 22528K, 99% used [0x00000000fd400000,0x00000000fe9fe8a0,0x00000000fea00000)
  to   space 22528K, 0% used [0x00000000fea00000,0x00000000fea00000,0x0000000100000000)
 ParOldGen       total 85504K, used 51476K [0x00000000e0000000, 0x00000000e5380000, 0x00000000f5580000)
  object space 85504K, 60% used [0x00000000e0000000,0x00000000e32452b0,0x00000000e5380000)
 Metaspace       used 61060K, capacity 66864K, committed 67072K, reserved 1107968K
  class space    used 7290K, capacity 9105K, committed 9216K, reserved 1048576K
}
Event: 34.115 GC heap before
{Heap before GC invocations=19 (full 3):
 PSYoungGen      total 152064K, used 52977K [0x00000000f5580000, 0x0000000100000000, 0x0000000100000000)
  eden space 129536K, 23% used [0x00000000f5580000,0x00000000f733dd20,0x00000000fd400000)
  from space 22528K, 99% used [0x00000000fd400000,0x00000000fe9fe8a0,0x00000000fea00000)
  to   space 22528K, 0% used [0x00000000fea00000,0x00000000fea00000,0x0000000100000000)
 ParOldGen       total 85504K, used 51476K [0x00000000e0000000, 0x00000000e5380000, 0x00000000f5580000)
  object space 85504K, 60% used [0x00000000e0000000,0x00000000e32452b0,0x00000000e5380000)
 Metaspace       used 63336K, capacity 69314K, committed 69336K, reserved 1110016K
  class space    used 7552K, capacity 9472K, committed 9472K, reserved 1048576K
Event: 34.125 GC heap after
Heap after GC invocations=19 (full 3):
 PSYoungGen      total 141824K, used 4122K [0x00000000f5580000, 0x0000000100000000, 0x0000000100000000)
  eden space 119296K, 0% used [0x00000000f5580000,0x00000000f5580000,0x00000000fca00000)
  from space 22528K, 18% used [0x00000000fea00000,0x00000000fee06a40,0x0000000100000000)
  to   space 27648K, 0% used [0x00000000fca00000,0x00000000fca00000,0x00000000fe500000)
 ParOldGen       total 85504K, used 60930K [0x00000000e0000000, 0x00000000e5380000, 0x00000000f5580000)
  object space 85504K, 71% used [0x00000000e0000000,0x00000000e3b80b50,0x00000000e5380000)
 Metaspace       used 63336K, capacity 69314K, committed 69336K, reserved 1110016K
  class space    used 7552K, capacity 9472K, committed 9472K, reserved 1048576K
}
Event: 34.125 GC heap before
{Heap before GC invocations=20 (full 4):
 PSYoungGen      total 141824K, used 4122K [0x00000000f5580000, 0x0000000100000000, 0x0000000100000000)
  eden space 119296K, 0% used [0x00000000f5580000,0x00000000f5580000,0x00000000fca00000)
  from space 22528K, 18% used [0x00000000fea00000,0x00000000fee06a40,0x0000000100000000)
  to   space 27648K, 0% used [0x00000000fca00000,0x00000000fca00000,0x00000000fe500000)
 ParOldGen       total 85504K, used 60930K [0x00000000e0000000, 0x00000000e5380000, 0x00000000f5580000)
  object space 85504K, 71% used [0x00000000e0000000,0x00000000e3b80b50,0x00000000e5380000)
 Metaspace       used 63336K, capacity 69314K, committed 69336K, reserved 1110016K
  class space    used 7552K, capacity 9472K, committed 9472K, reserved 1048576K
Event: 34.215 GC heap after
Heap after GC invocations=20 (full 4):
 PSYoungGen      total 141824K, used 0K [0x00000000f5580000, 0x0000000100000000, 0x0000000100000000)
  eden space 119296K, 0% used [0x00000000f5580000,0x00000000f5580000,0x00000000fca00000)
  from space 22528K, 0% used [0x00000000fea00000,0x00000000fea00000,0x0000000100000000)
  to   space 27648K, 0% used [0x00000000fca00000,0x00000000fca00000,0x00000000fe500000)
 ParOldGen       total 98816K, used 47965K [0x00000000e0000000, 0x00000000e6080000, 0x00000000f5580000)
  object space 98816K, 48% used [0x00000000e0000000,0x00000000e2ed76e0,0x00000000e6080000)
 Metaspace       used 63336K, capacity 69314K, committed 69336K, reserved 1110016K
  class space    used 7552K, capacity 9472K, committed 9472K, reserved 1048576K
}
Event: 319.317 GC heap before
{Heap before GC invocations=21 (full 4):
 PSYoungGen      total 141824K, used 119296K [0x00000000f5580000, 0x0000000100000000, 0x0000000100000000)
  eden space 119296K, 100% used [0x00000000f5580000,0x00000000fca00000,0x00000000fca00000)
  from space 22528K, 0% used [0x00000000fea00000,0x00000000fea00000,0x0000000100000000)
  to   space 27648K, 0% used [0x00000000fca00000,0x00000000fca00000,0x00000000fe500000)
 ParOldGen       total 98816K, used 47965K [0x00000000e0000000, 0x00000000e6080000, 0x00000000f5580000)
  object space 98816K, 48% used [0x00000000e0000000,0x00000000e2ed76e0,0x00000000e6080000)
 Metaspace       used 74546K, capacity 81404K, committed 81624K, reserved 1120256K
  class space    used 8894K, capacity 11157K, committed 11264K, reserved 1048576K
Event: 319.328 GC heap after
Heap after GC invocations=21 (full 4):
 PSYoungGen      total 146944K, used 15799K [0x00000000f5580000, 0x0000000100000000, 0x0000000100000000)
  eden space 119296K, 0% used [0x00000000f5580000,0x00000000f5580000,0x00000000fca00000)
  from space 27648K, 57% used [0x00000000fca00000,0x00000000fd96dea8,0x00000000fe500000)
  to   space 27648K, 0% used [0x00000000fe500000,0x00000000fe500000,0x0000000100000000)
 ParOldGen       total 98816K, used 47973K [0x00000000e0000000, 0x00000000e6080000, 0x00000000f5580000)
  object space 98816K, 48% used [0x00000000e0000000,0x00000000e2ed96e0,0x00000000e6080000)
 Metaspace       used 74546K, capacity 81404K, committed 81624K, reserved 1120256K
  class space    used 8894K, capacity 11157K, committed 11264K, reserved 1048576K
}
Event: 2734.314 GC heap before
{Heap before GC invocations=22 (full 4):
 PSYoungGen      total 146944K, used 135095K [0x00000000f5580000, 0x0000000100000000, 0x0000000100000000)
  eden space 119296K, 100% used [0x00000000f5580000,0x00000000fca00000,0x00000000fca00000)
  from space 27648K, 57% used [0x00000000fca00000,0x00000000fd96dea8,0x00000000fe500000)
  to   space 27648K, 0% used [0x00000000fe500000,0x00000000fe500000,0x0000000100000000)
 ParOldGen       total 98816K, used 47973K [0x00000000e0000000, 0x00000000e6080000, 0x00000000f5580000)
  object space 98816K, 48% used [0x00000000e0000000,0x00000000e2ed96e0,0x00000000e6080000)
 Metaspace       used 75318K, capacity 82108K, committed 82392K, reserved 1120256K
  class space    used 8929K, capacity 11221K, committed 11264K, reserved 1048576K
Event: 2734.325 GC heap after
Heap after GC invocations=22 (full 4):
 PSYoungGen      total 143872K, used 10830K [0x00000000f5580000, 0x00000000ffd00000, 0x0000000100000000)
  eden space 119296K, 0% used [0x00000000f5580000,0x00000000f5580000,0x00000000fca00000)
  from space 24576K, 44% used [0x00000000fe500000,0x00000000fef93ac0,0x00000000ffd00000)
  to   space 26112K, 0% used [0x00000000fca00000,0x00000000fca00000,0x00000000fe380000)
 ParOldGen       total 98816K, used 47981K [0x00000000e0000000, 0x00000000e6080000, 0x00000000f5580000)
  object space 98816K, 48% used [0x00000000e0000000,0x00000000e2edb6e0,0x00000000e6080000)
 Metaspace       used 75318K, capacity 82108K, committed 82392K, reserved 1120256K
  class space    used 8929K, capacity 11221K, committed 11264K, reserved 1048576K
}

