# JRE version: Java(TM) SE Runtime Environment (8.0_66-b18) (build 1.8.0_66-b18)
# Java VM: Java HotSpot(TM) 64-Bit Server VM (25.66-b18 mixed mode windows-amd64 compressed oops)
Heap:
 PSYoungGen      total 134656K, used 105818K [0x00000000f5580000, 0x0000000100000000, 0x0000000100000000)
  eden space 112128K, 94% used [0x00000000f5580000,0x00000000fbcd6b18,0x00000000fc300000)
  from space 22528K, 0% used [0x00000000fc300000,0x00000000fc300000,0x00000000fd900000)
  to   space 32768K, 0% used [0x00000000fe000000,0x00000000fe000000,0x0000000100000000)
 ParOldGen       total 124928K, used 59214K [0x00000000e0000000, 0x00000000e7a00000, 0x00000000f5580000)
  object space 124928K, 47% used [0x00000000e0000000,0x00000000e39d3a90,0x00000000e7a00000)
 Metaspace       used 83691K, capacity 90990K, committed 91304K, reserved 1128448K
  class space    used 10196K, capacity 12628K, committed 12720K, reserved 1048576K
GC Heap History (10 events):
Event: 4.233 GC heap before
{Heap before GC invocations=11 (full 3):
 PSYoungGen      total 135168K, used 15168K [0x00000000f5580000, 0x00000000ff580000, 0x0000000100000000)
  eden space 110080K, 0% used [0x00000000f5580000,0x00000000f5580000,0x00000000fc100000)
  from space 25088K, 60% used [0x00000000fda00000,0x00000000fe8d02d0,0x00000000ff280000)
  to   space 25600K, 0% used [0x00000000fc100000,0x00000000fc100000,0x00000000fda00000)
 ParOldGen       total 98816K, used 37486K [0x00000000e0000000, 0x00000000e6080000, 0x00000000f5580000)
  object space 98816K, 37% used [0x00000000e0000000,0x00000000e249b9e0,0x00000000e6080000)
 Metaspace       used 54669K, capacity 59036K, committed 59160K, reserved 1101824K
  class space    used 6420K, capacity 7805K, committed 7856K, reserved 1048576K
Event: 4.426 GC heap after
Heap after GC invocations=11 (full 3):
 PSYoungGen      total 135168K, used 0K [0x00000000f5580000, 0x00000000ff580000, 0x0000000100000000)
  eden space 110080K, 0% used [0x00000000f5580000,0x00000000f5580000,0x00000000fc100000)
  from space 25088K, 0% used [0x00000000fda00000,0x00000000fda00000,0x00000000ff280000)
  to   space 25600K, 0% used [0x00000000fc100000,0x00000000fc100000,0x00000000fda00000)
 ParOldGen       total 124928K, used 40622K [0x00000000e0000000, 0x00000000e7a00000, 0x00000000f5580000)
  object space 124928K, 32% used [0x00000000e0000000,0x00000000e27ab928,0x00000000e7a00000)
 Metaspace       used 54669K, capacity 59036K, committed 59160K, reserved 1101824K
  class space    used 6420K, capacity 7805K, committed 7856K, reserved 1048576K
}
Event: 5.706 GC heap before
{Heap before GC invocations=12 (full 3):
 PSYoungGen      total 135168K, used 110080K [0x00000000f5580000, 0x00000000ff580000, 0x0000000100000000)
  eden space 110080K, 100% used [0x00000000f5580000,0x00000000fc100000,0x00000000fc100000)
  from space 25088K, 0% used [0x00000000fda00000,0x00000000fda00000,0x00000000ff280000)
  to   space 25600K, 0% used [0x00000000fc100000,0x00000000fc100000,0x00000000fda00000)
 ParOldGen       total 124928K, used 40622K [0x00000000e0000000, 0x00000000e7a00000, 0x00000000f5580000)
  object space 124928K, 32% used [0x00000000e0000000,0x00000000e27ab928,0x00000000e7a00000)
 Metaspace       used 72056K, capacity 78272K, committed 78632K, reserved 1118208K
  class space    used 8766K, capacity 10688K, committed 10800K, reserved 1048576K
Event: 5.751 GC heap after
Heap after GC invocations=12 (full 3):
 PSYoungGen      total 135680K, used 25587K [0x00000000f5580000, 0x0000000100000000, 0x0000000100000000)
  eden space 110080K, 0% used [0x00000000f5580000,0x00000000f5580000,0x00000000fc100000)
  from space 25600K, 99% used [0x00000000fc100000,0x00000000fd9fce50,0x00000000fda00000)
  to   space 29696K, 0% used [0x00000000fe300000,0x00000000fe300000,0x0000000100000000)
 ParOldGen       total 124928K, used 40786K [0x00000000e0000000, 0x00000000e7a00000, 0x00000000f5580000)
  object space 124928K, 32% used [0x00000000e0000000,0x00000000e27d4b90,0x00000000e7a00000)
 Metaspace       used 72056K, capacity 78272K, committed 78632K, reserved 1118208K
  class space    used 8766K, capacity 10688K, committed 10800K, reserved 1048576K
}
Event: 30.762 GC heap before
{Heap before GC invocations=13 (full 3):
 PSYoungGen      total 135680K, used 135667K [0x00000000f5580000, 0x0000000100000000, 0x0000000100000000)
  eden space 110080K, 100% used [0x00000000f5580000,0x00000000fc100000,0x00000000fc100000)
  from space 25600K, 99% used [0x00000000fc100000,0x00000000fd9fce50,0x00000000fda00000)
  to   space 29696K, 0% used [0x00000000fe300000,0x00000000fe300000,0x0000000100000000)
 ParOldGen       total 124928K, used 40786K [0x00000000e0000000, 0x00000000e7a00000, 0x00000000f5580000)
  object space 124928K, 32% used [0x00000000e0000000,0x00000000e27d4b90,0x00000000e7a00000)
 Metaspace       used 77127K, capacity 83594K, committed 83752K, reserved 1122304K
  class space    used 9404K, capacity 11492K, committed 11568K, reserved 1048576K
Event: 30.775 GC heap after
Heap after GC invocations=13 (full 3):
 PSYoungGen      total 141824K, used 22367K [0x00000000f5580000, 0x0000000100000000, 0x0000000100000000)
  eden space 112128K, 0% used [0x00000000f5580000,0x00000000f5580000,0x00000000fc300000)
  from space 29696K, 75% used [0x00000000fe300000,0x00000000ff8d7ed8,0x0000000100000000)
  to   space 31232K, 0% used [0x00000000fc300000,0x00000000fc300000,0x00000000fe180000)
 ParOldGen       total 124928K, used 40813K [0x00000000e0000000, 0x00000000e7a00000, 0x00000000f5580000)
  object space 124928K, 32% used [0x00000000e0000000,0x00000000e27db7e0,0x00000000e7a00000)
 Metaspace       used 77127K, capacity 83594K, committed 83752K, reserved 1122304K
  class space    used 9404K, capacity 11492K, committed 11568K, reserved 1048576K
}
Event: 61.931 GC heap before
{Heap before GC invocations=14 (full 3):
 PSYoungGen      total 141824K, used 75110K [0x00000000f5580000, 0x0000000100000000, 0x0000000100000000)
  eden space 112128K, 47% used [0x00000000f5580000,0x00000000f8901c50,0x00000000fc300000)
  from space 29696K, 75% used [0x00000000fe300000,0x00000000ff8d7ed8,0x0000000100000000)
  to   space 31232K, 0% used [0x00000000fc300000,0x00000000fc300000,0x00000000fe180000)
 ParOldGen       total 124928K, used 40813K [0x00000000e0000000, 0x00000000e7a00000, 0x00000000f5580000)
  object space 124928K, 32% used [0x00000000e0000000,0x00000000e27db7e0,0x00000000e7a00000)
 Metaspace       used 79559K, capacity 86124K, committed 86440K, reserved 1124352K
  class space    used 9702K, capacity 11923K, committed 11952K, reserved 1048576K
Event: 61.944 GC heap after
Heap after GC invocations=14 (full 3):
 PSYoungGen      total 134656K, used 22295K [0x00000000f5580000, 0x0000000100000000, 0x0000000100000000)
  eden space 112128K, 0% used [0x00000000f5580000,0x00000000f5580000,0x00000000fc300000)
  from space 22528K, 98% used [0x00000000fc300000,0x00000000fd8c5ce0,0x00000000fd900000)
  to   space 32768K, 0% used [0x00000000fe000000,0x00000000fe000000,0x0000000100000000)
 ParOldGen       total 124928K, used 40821K [0x00000000e0000000, 0x00000000e7a00000, 0x00000000f5580000)
  object space 124928K, 32% used [0x00000000e0000000,0x00000000e27dd7e0,0x00000000e7a00000)
 Metaspace       used 79559K, capacity 86124K, committed 86440K, reserved 1124352K
  class space    used 9702K, capacity 11923K, committed 11952K, reserved 1048576K
}
Event: 61.944 GC heap before
{Heap before GC invocations=15 (full 4):
 PSYoungGen      total 134656K, used 22295K [0x00000000f5580000, 0x0000000100000000, 0x0000000100000000)
  eden space 112128K, 0% used [0x00000000f5580000,0x00000000f5580000,0x00000000fc300000)
  from space 22528K, 98% used [0x00000000fc300000,0x00000000fd8c5ce0,0x00000000fd900000)
  to   space 32768K, 0% used [0x00000000fe000000,0x00000000fe000000,0x0000000100000000)
 ParOldGen       total 124928K, used 40821K [0x00000000e0000000, 0x00000000e7a00000, 0x00000000f5580000)
  object space 124928K, 32% used [0x00000000e0000000,0x00000000e27dd7e0,0x00000000e7a00000)
 Metaspace       used 79559K, capacity 86124K, committed 86440K, reserved 1124352K
  class space    used 9702K, capacity 11923K, committed 11952K, reserved 1048576K
Event: 62.232 GC heap after
Heap after GC invocations=15 (full 4):
 PSYoungGen      total 134656K, used 0K [0x00000000f5580000, 0x0000000100000000, 0x0000000100000000)
  eden space 112128K, 0% used [0x00000000f5580000,0x00000000f5580000,0x00000000fc300000)
  from space 22528K, 0% used [0x00000000fc300000,0x00000000fc300000,0x00000000fd900000)
  to   space 32768K, 0% used [0x00000000fe000000,0x00000000fe000000,0x0000000100000000)
 ParOldGen       total 124928K, used 59214K [0x00000000e0000000, 0x00000000e7a00000, 0x00000000f5580000)
  object space 124928K, 47% used [0x00000000e0000000,0x00000000e39d3a90,0x00000000e7a00000)
 Metaspace       used 79559K, capacity 86124K, committed 86440K, reserved 1124352K
  class space    used 9702K, capacity 11923K, committed 11952K, reserved 1048576K
}

