# JRE version: Java(TM) SE Runtime Environment (8.0_66-b18) (build 1.8.0_66-b18)
# Java VM: Java HotSpot(TM) 64-Bit Server VM (25.66-b18 mixed mode windows-amd64 compressed oops)
Heap:
 PSYoungGen      total 146944K, used 99875K [0x00000000f5580000, 0x0000000100000000, 0x0000000100000000)
  eden space 117760K, 74% used [0x00000000f5580000,0x00000000fab8d250,0x00000000fc880000)
  from space 29184K, 40% used [0x00000000fe380000,0x00000000feefbae0,0x0000000100000000)
  to   space 27648K, 0% used [0x00000000fc880000,0x00000000fc880000,0x00000000fe380000)
 ParOldGen       total 100864K, used 48047K [0x00000000e0000000, 0x00000000e6280000, 0x00000000f5580000)
  object space 100864K, 47% used [0x00000000e0000000,0x00000000e2eebfe8,0x00000000e6280000)
 Metaspace       used 78883K, capacity 85838K, committed 86104K, reserved 1124352K
  class space    used 9370K, capacity 11788K, committed 11904K, reserved 1048576K
GC Heap History (10 events):
Event: 36.078 GC heap before
{Heap before GC invocations=20 (full 3):
 PSYoungGen      total 147968K, used 129536K [0x00000000f5580000, 0x0000000100000000, 0x0000000100000000)
  eden space 129536K, 100% used [0x00000000f5580000,0x00000000fd400000,0x00000000fd400000)
  from space 18432K, 0% used [0x00000000fee00000,0x00000000fee00000,0x0000000100000000)
  to   space 22528K, 0% used [0x00000000fd400000,0x00000000fd400000,0x00000000fea00000)
 ParOldGen       total 87552K, used 46541K [0x00000000e0000000, 0x00000000e5580000, 0x00000000f5580000)
  object space 87552K, 53% used [0x00000000e0000000,0x00000000e2d736e0,0x00000000e5580000)
 Metaspace       used 60874K, capacity 66634K, committed 66688K, reserved 1107968K
  class space    used 7264K, capacity 9072K, committed 9088K, reserved 1048576K
Event: 36.106 GC heap after
Heap after GC invocations=20 (full 3):
 PSYoungGen      total 152064K, used 22507K [0x00000000f5580000, 0x0000000100000000, 0x0000000100000000)
  eden space 129536K, 0% used [0x00000000f5580000,0x00000000f5580000,0x00000000fd400000)
  from space 22528K, 99% used [0x00000000fd400000,0x00000000fe9fac48,0x00000000fea00000)
  to   space 22528K, 0% used [0x00000000fea00000,0x00000000fea00000,0x0000000100000000)
 ParOldGen       total 87552K, used 51681K [0x00000000e0000000, 0x00000000e5580000, 0x00000000f5580000)
  object space 87552K, 59% used [0x00000000e0000000,0x00000000e3278698,0x00000000e5580000)
 Metaspace       used 60874K, capacity 66634K, committed 66688K, reserved 1107968K
  class space    used 7264K, capacity 9072K, committed 9088K, reserved 1048576K
}
Event: 37.091 GC heap before
{Heap before GC invocations=21 (full 3):
 PSYoungGen      total 152064K, used 50777K [0x00000000f5580000, 0x0000000100000000, 0x0000000100000000)
  eden space 129536K, 21% used [0x00000000f5580000,0x00000000f711b828,0x00000000fd400000)
  from space 22528K, 99% used [0x00000000fd400000,0x00000000fe9fac48,0x00000000fea00000)
  to   space 22528K, 0% used [0x00000000fea00000,0x00000000fea00000,0x0000000100000000)
 ParOldGen       total 87552K, used 51681K [0x00000000e0000000, 0x00000000e5580000, 0x00000000f5580000)
  object space 87552K, 59% used [0x00000000e0000000,0x00000000e3278698,0x00000000e5580000)
 Metaspace       used 63235K, capacity 69122K, committed 69336K, reserved 1110016K
  class space    used 7531K, capacity 9471K, committed 9472K, reserved 1048576K
Event: 37.103 GC heap after
Heap after GC invocations=21 (full 3):
 PSYoungGen      total 141824K, used 3844K [0x00000000f5580000, 0x0000000100000000, 0x0000000100000000)
  eden space 119296K, 0% used [0x00000000f5580000,0x00000000f5580000,0x00000000fca00000)
  from space 22528K, 17% used [0x00000000fea00000,0x00000000fedc1280,0x0000000100000000)
  to   space 27648K, 0% used [0x00000000fca00000,0x00000000fca00000,0x00000000fe500000)
 ParOldGen       total 87552K, used 61330K [0x00000000e0000000, 0x00000000e5580000, 0x00000000f5580000)
  object space 87552K, 70% used [0x00000000e0000000,0x00000000e3be4858,0x00000000e5580000)
 Metaspace       used 63235K, capacity 69122K, committed 69336K, reserved 1110016K
  class space    used 7531K, capacity 9471K, committed 9472K, reserved 1048576K
}
Event: 37.103 GC heap before
{Heap before GC invocations=22 (full 4):
 PSYoungGen      total 141824K, used 3844K [0x00000000f5580000, 0x0000000100000000, 0x0000000100000000)
  eden space 119296K, 0% used [0x00000000f5580000,0x00000000f5580000,0x00000000fca00000)
  from space 22528K, 17% used [0x00000000fea00000,0x00000000fedc1280,0x0000000100000000)
  to   space 27648K, 0% used [0x00000000fca00000,0x00000000fca00000,0x00000000fe500000)
 ParOldGen       total 87552K, used 61330K [0x00000000e0000000, 0x00000000e5580000, 0x00000000f5580000)
  object space 87552K, 70% used [0x00000000e0000000,0x00000000e3be4858,0x00000000e5580000)
 Metaspace       used 63235K, capacity 69122K, committed 69336K, reserved 1110016K
  class space    used 7531K, capacity 9471K, committed 9472K, reserved 1048576K
Event: 37.191 GC heap after
Heap after GC invocations=22 (full 4):
 PSYoungGen      total 141824K, used 0K [0x00000000f5580000, 0x0000000100000000, 0x0000000100000000)
  eden space 119296K, 0% used [0x00000000f5580000,0x00000000f5580000,0x00000000fca00000)
  from space 22528K, 0% used [0x00000000fea00000,0x00000000fea00000,0x0000000100000000)
  to   space 27648K, 0% used [0x00000000fca00000,0x00000000fca00000,0x00000000fe500000)
 ParOldGen       total 100864K, used 48031K [0x00000000e0000000, 0x00000000e6280000, 0x00000000f5580000)
  object space 100864K, 47% used [0x00000000e0000000,0x00000000e2ee7fe8,0x00000000e6280000)
 Metaspace       used 63235K, capacity 69122K, committed 69336K, reserved 1110016K
  class space    used 7531K, capacity 9471K, committed 9472K, reserved 1048576K
}
Event: 65.212 GC heap before
{Heap before GC invocations=23 (full 4):
 PSYoungGen      total 141824K, used 119296K [0x00000000f5580000, 0x0000000100000000, 0x0000000100000000)
  eden space 119296K, 100% used [0x00000000f5580000,0x00000000fca00000,0x00000000fca00000)
  from space 22528K, 0% used [0x00000000fea00000,0x00000000fea00000,0x0000000100000000)
  to   space 27648K, 0% used [0x00000000fca00000,0x00000000fca00000,0x00000000fe500000)
 ParOldGen       total 100864K, used 48031K [0x00000000e0000000, 0x00000000e6280000, 0x00000000f5580000)
  object space 100864K, 47% used [0x00000000e0000000,0x00000000e2ee7fe8,0x00000000e6280000)
 Metaspace       used 77013K, capacity 84146K, committed 84312K, reserved 1122304K
  class space    used 9235K, capacity 11591K, committed 11648K, reserved 1048576K
Event: 65.223 GC heap after
Heap after GC invocations=23 (full 4):
 PSYoungGen      total 138240K, used 18858K [0x00000000f5580000, 0x0000000100000000, 0x0000000100000000)
  eden space 119296K, 0% used [0x00000000f5580000,0x00000000f5580000,0x00000000fca00000)
  from space 18944K, 99% used [0x00000000fca00000,0x00000000fdc6ab00,0x00000000fdc80000)
  to   space 29184K, 0% used [0x00000000fe380000,0x00000000fe380000,0x0000000100000000)
 ParOldGen       total 100864K, used 48039K [0x00000000e0000000, 0x00000000e6280000, 0x00000000f5580000)
  object space 100864K, 47% used [0x00000000e0000000,0x00000000e2ee9fe8,0x00000000e6280000)
 Metaspace       used 77013K, capacity 84146K, committed 84312K, reserved 1122304K
  class space    used 9235K, capacity 11591K, committed 11648K, reserved 1048576K
}
Event: 2628.281 GC heap before
{Heap before GC invocations=24 (full 4):
 PSYoungGen      total 138240K, used 138154K [0x00000000f5580000, 0x0000000100000000, 0x0000000100000000)
  eden space 119296K, 100% used [0x00000000f5580000,0x00000000fca00000,0x00000000fca00000)
  from space 18944K, 99% used [0x00000000fca00000,0x00000000fdc6ab00,0x00000000fdc80000)
  to   space 29184K, 0% used [0x00000000fe380000,0x00000000fe380000,0x0000000100000000)
 ParOldGen       total 100864K, used 48039K [0x00000000e0000000, 0x00000000e6280000, 0x00000000f5580000)
  object space 100864K, 47% used [0x00000000e0000000,0x00000000e2ee9fe8,0x00000000e6280000)
 Metaspace       used 78023K, capacity 85108K, committed 85336K, reserved 1122304K
  class space    used 9284K, capacity 11593K, committed 11648K, reserved 1048576K
Event: 2628.292 GC heap after
Heap after GC invocations=24 (full 4):
 PSYoungGen      total 146944K, used 11758K [0x00000000f5580000, 0x0000000100000000, 0x0000000100000000)
  eden space 117760K, 0% used [0x00000000f5580000,0x00000000f5580000,0x00000000fc880000)
  from space 29184K, 40% used [0x00000000fe380000,0x00000000feefbae0,0x0000000100000000)
  to   space 27648K, 0% used [0x00000000fc880000,0x00000000fc880000,0x00000000fe380000)
 ParOldGen       total 100864K, used 48047K [0x00000000e0000000, 0x00000000e6280000, 0x00000000f5580000)
  object space 100864K, 47% used [0x00000000e0000000,0x00000000e2eebfe8,0x00000000e6280000)
 Metaspace       used 78023K, capacity 85108K, committed 85336K, reserved 1122304K
  class space    used 9284K, capacity 11593K, committed 11648K, reserved 1048576K
}

