# JRE version: Java(TM) SE Runtime Environment (8.0_66-b18) (build 1.8.0_66-b18)
# Java VM: Java HotSpot(TM) 64-Bit Server VM (25.66-b18 mixed mode windows-amd64 compressed oops)
Heap:
 PSYoungGen      total 123904K, used 43794K [0x00000000f5580000, 0x00000000fcf80000, 0x0000000100000000)
  eden space 123392K, 35% used [0x00000000f5580000,0x00000000f80449c8,0x00000000fce00000)
  from space 512K, 0% used [0x00000000fcf00000,0x00000000fcf00000,0x00000000fcf80000)
  to   space 512K, 0% used [0x00000000fce80000,0x00000000fce80000,0x00000000fcf00000)
 ParOldGen       total 110592K, used 46400K [0x00000000e0000000, 0x00000000e6c00000, 0x00000000f5580000)
  object space 110592K, 41% used [0x00000000e0000000,0x00000000e2d50220,0x00000000e6c00000)
 Metaspace       used 78024K, capacity 85136K, committed 85376K, reserved 1122304K
  class space    used 9201K, capacity 11615K, committed 11648K, reserved 1048576K
GC Heap History (10 events):
Event: 6711.060 GC heap before
{Heap before GC invocations=198 (full 92):
 PSYoungGen      total 124416K, used 192K [0x00000000f5580000, 0x00000000fd000000, 0x0000000100000000)
  eden space 123392K, 0% used [0x00000000f5580000,0x00000000f5580000,0x00000000fce00000)
  from space 1024K, 18% used [0x00000000fcf00000,0x00000000fcf30000,0x00000000fd000000)
  to   space 1024K, 0% used [0x00000000fce00000,0x00000000fce00000,0x00000000fcf00000)
 ParOldGen       total 110592K, used 46544K [0x00000000e0000000, 0x00000000e6c00000, 0x00000000f5580000)
  object space 110592K, 42% used [0x00000000e0000000,0x00000000e2d74348,0x00000000e6c00000)
 Metaspace       used 77249K, capacity 84390K, committed 84736K, reserved 1122304K
  class space    used 9120K, capacity 11454K, committed 11520K, reserved 1048576K
Event: 6711.152 GC heap after
Heap after GC invocations=198 (full 92):
 PSYoungGen      total 124416K, used 0K [0x00000000f5580000, 0x00000000fd000000, 0x0000000100000000)
  eden space 123392K, 0% used [0x00000000f5580000,0x00000000f5580000,0x00000000fce00000)
  from space 1024K, 0% used [0x00000000fcf00000,0x00000000fcf00000,0x00000000fd000000)
  to   space 1024K, 0% used [0x00000000fce00000,0x00000000fce00000,0x00000000fcf00000)
 ParOldGen       total 110592K, used 46400K [0x00000000e0000000, 0x00000000e6c00000, 0x00000000f5580000)
  object space 110592K, 41% used [0x00000000e0000000,0x00000000e2d50220,0x00000000e6c00000)
 Metaspace       used 77249K, capacity 84390K, committed 84736K, reserved 1122304K
  class space    used 9120K, capacity 11454K, committed 11520K, reserved 1048576K
}
Event: 6771.060 GC heap before
{Heap before GC invocations=199 (full 92):
 PSYoungGen      total 124416K, used 3226K [0x00000000f5580000, 0x00000000fd000000, 0x0000000100000000)
  eden space 123392K, 2% used [0x00000000f5580000,0x00000000f58a6898,0x00000000fce00000)
  from space 1024K, 0% used [0x00000000fcf00000,0x00000000fcf00000,0x00000000fd000000)
  to   space 1024K, 0% used [0x00000000fce00000,0x00000000fce00000,0x00000000fcf00000)
 ParOldGen       total 110592K, used 46400K [0x00000000e0000000, 0x00000000e6c00000, 0x00000000f5580000)
  object space 110592K, 41% used [0x00000000e0000000,0x00000000e2d50220,0x00000000e6c00000)
 Metaspace       used 77249K, capacity 84390K, committed 84736K, reserved 1122304K
  class space    used 9120K, capacity 11454K, committed 11520K, reserved 1048576K
Event: 6771.063 GC heap after
Heap after GC invocations=199 (full 92):
 PSYoungGen      total 124416K, used 160K [0x00000000f5580000, 0x00000000fd000000, 0x0000000100000000)
  eden space 123392K, 0% used [0x00000000f5580000,0x00000000f5580000,0x00000000fce00000)
  from space 1024K, 15% used [0x00000000fce00000,0x00000000fce28000,0x00000000fcf00000)
  to   space 1024K, 0% used [0x00000000fcf00000,0x00000000fcf00000,0x00000000fd000000)
 ParOldGen       total 110592K, used 46400K [0x00000000e0000000, 0x00000000e6c00000, 0x00000000f5580000)
  object space 110592K, 41% used [0x00000000e0000000,0x00000000e2d50220,0x00000000e6c00000)
 Metaspace       used 77249K, capacity 84390K, committed 84736K, reserved 1122304K
  class space    used 9120K, capacity 11454K, committed 11520K, reserved 1048576K
}
Event: 6771.063 GC heap before
{Heap before GC invocations=200 (full 93):
 PSYoungGen      total 124416K, used 160K [0x00000000f5580000, 0x00000000fd000000, 0x0000000100000000)
  eden space 123392K, 0% used [0x00000000f5580000,0x00000000f5580000,0x00000000fce00000)
  from space 1024K, 15% used [0x00000000fce00000,0x00000000fce28000,0x00000000fcf00000)
  to   space 1024K, 0% used [0x00000000fcf00000,0x00000000fcf00000,0x00000000fd000000)
 ParOldGen       total 110592K, used 46400K [0x00000000e0000000, 0x00000000e6c00000, 0x00000000f5580000)
  object space 110592K, 41% used [0x00000000e0000000,0x00000000e2d50220,0x00000000e6c00000)
 Metaspace       used 77249K, capacity 84390K, committed 84736K, reserved 1122304K
  class space    used 9120K, capacity 11454K, committed 11520K, reserved 1048576K
Event: 6771.155 GC heap after
Heap after GC invocations=200 (full 93):
 PSYoungGen      total 124416K, used 0K [0x00000000f5580000, 0x00000000fd000000, 0x0000000100000000)
  eden space 123392K, 0% used [0x00000000f5580000,0x00000000f5580000,0x00000000fce00000)
  from space 1024K, 0% used [0x00000000fce00000,0x00000000fce00000,0x00000000fcf00000)
  to   space 1024K, 0% used [0x00000000fcf00000,0x00000000fcf00000,0x00000000fd000000)
 ParOldGen       total 110592K, used 46400K [0x00000000e0000000, 0x00000000e6c00000, 0x00000000f5580000)
  object space 110592K, 41% used [0x00000000e0000000,0x00000000e2d50220,0x00000000e6c00000)
 Metaspace       used 77249K, capacity 84390K, committed 84736K, reserved 1122304K
  class space    used 9120K, capacity 11454K, committed 11520K, reserved 1048576K
}
Event: 6831.072 GC heap before
{Heap before GC invocations=201 (full 93):
 PSYoungGen      total 124416K, used 3387K [0x00000000f5580000, 0x00000000fd000000, 0x0000000100000000)
  eden space 123392K, 2% used [0x00000000f5580000,0x00000000f58cecb8,0x00000000fce00000)
  from space 1024K, 0% used [0x00000000fce00000,0x00000000fce00000,0x00000000fcf00000)
  to   space 1024K, 0% used [0x00000000fcf00000,0x00000000fcf00000,0x00000000fd000000)
 ParOldGen       total 110592K, used 46400K [0x00000000e0000000, 0x00000000e6c00000, 0x00000000f5580000)
  object space 110592K, 41% used [0x00000000e0000000,0x00000000e2d50220,0x00000000e6c00000)
 Metaspace       used 77249K, capacity 84390K, committed 84736K, reserved 1122304K
  class space    used 9120K, capacity 11454K, committed 11520K, reserved 1048576K
Event: 6831.074 GC heap after
Heap after GC invocations=201 (full 93):
 PSYoungGen      total 123904K, used 192K [0x00000000f5580000, 0x00000000fcf80000, 0x0000000100000000)
  eden space 123392K, 0% used [0x00000000f5580000,0x00000000f5580000,0x00000000fce00000)
  from space 512K, 37% used [0x00000000fcf00000,0x00000000fcf30000,0x00000000fcf80000)
  to   space 512K, 0% used [0x00000000fce80000,0x00000000fce80000,0x00000000fcf00000)
 ParOldGen       total 110592K, used 46400K [0x00000000e0000000, 0x00000000e6c00000, 0x00000000f5580000)
  object space 110592K, 41% used [0x00000000e0000000,0x00000000e2d50220,0x00000000e6c00000)
 Metaspace       used 77249K, capacity 84390K, committed 84736K, reserved 1122304K
  class space    used 9120K, capacity 11454K, committed 11520K, reserved 1048576K
}
Event: 6831.074 GC heap before
{Heap before GC invocations=202 (full 94):
 PSYoungGen      total 123904K, used 192K [0x00000000f5580000, 0x00000000fcf80000, 0x0000000100000000)
  eden space 123392K, 0% used [0x00000000f5580000,0x00000000f5580000,0x00000000fce00000)
  from space 512K, 37% used [0x00000000fcf00000,0x00000000fcf30000,0x00000000fcf80000)
  to   space 512K, 0% used [0x00000000fce80000,0x00000000fce80000,0x00000000fcf00000)
 ParOldGen       total 110592K, used 46400K [0x00000000e0000000, 0x00000000e6c00000, 0x00000000f5580000)
  object space 110592K, 41% used [0x00000000e0000000,0x00000000e2d50220,0x00000000e6c00000)
 Metaspace       used 77249K, capacity 84390K, committed 84736K, reserved 1122304K
  class space    used 9120K, capacity 11454K, committed 11520K, reserved 1048576K
Event: 6831.151 GC heap after
Heap after GC invocations=202 (full 94):
 PSYoungGen      total 123904K, used 0K [0x00000000f5580000, 0x00000000fcf80000, 0x0000000100000000)
  eden space 123392K, 0% used [0x00000000f5580000,0x00000000f5580000,0x00000000fce00000)
  from space 512K, 0% used [0x00000000fcf00000,0x00000000fcf00000,0x00000000fcf80000)
  to   space 512K, 0% used [0x00000000fce80000,0x00000000fce80000,0x00000000fcf00000)
 ParOldGen       total 110592K, used 46400K [0x00000000e0000000, 0x00000000e6c00000, 0x00000000f5580000)
  object space 110592K, 41% used [0x00000000e0000000,0x00000000e2d50220,0x00000000e6c00000)
 Metaspace       used 77249K, capacity 84390K, committed 84736K, reserved 1122304K
  class space    used 9120K, capacity 11454K, committed 11520K, reserved 1048576K
}

