# JRE version: Java(TM) SE Runtime Environment (8.0_66-b18) (build 1.8.0_66-b18)
# Java VM: Java HotSpot(TM) 64-Bit Server VM (25.66-b18 mixed mode windows-amd64 compressed oops)
Heap:
 PSYoungGen      total 138752K, used 76611K [0x00000000f5580000, 0x00000000ff800000, 0x0000000100000000)
  eden space 127488K, 51% used [0x00000000f5580000,0x00000000f9581820,0x00000000fd200000)
  from space 11264K, 98% used [0x00000000fed00000,0x00000000ff7cf700,0x00000000ff800000)
  to   space 18432K, 0% used [0x00000000fd400000,0x00000000fd400000,0x00000000fe600000)
 ParOldGen       total 96768K, used 62177K [0x00000000e0000000, 0x00000000e5e80000, 0x00000000f5580000)
  object space 96768K, 64% used [0x00000000e0000000,0x00000000e3cb8688,0x00000000e5e80000)
 Metaspace       used 89959K, capacity 97720K, committed 97960K, reserved 1134592K
  class space    used 10638K, capacity 13110K, committed 13232K, reserved 1048576K
GC Heap History (10 events):
Event: 265.256 GC heap before
{Heap before GC invocations=19 (full 3):
 PSYoungGen      total 145920K, used 132841K [0x00000000f5580000, 0x0000000100000000, 0x0000000100000000)
  eden space 123392K, 99% used [0x00000000f5580000,0x00000000fcdfd770,0x00000000fce00000)
  from space 22528K, 41% used [0x00000000fce00000,0x00000000fd73cfc8,0x00000000fe400000)
  to   space 22016K, 0% used [0x00000000fea80000,0x00000000fea80000,0x0000000100000000)
 ParOldGen       total 96768K, used 62073K [0x00000000e0000000, 0x00000000e5e80000, 0x00000000f5580000)
  object space 96768K, 64% used [0x00000000e0000000,0x00000000e3c9e678,0x00000000e5e80000)
 Metaspace       used 86641K, capacity 93952K, committed 94120K, reserved 1130496K
  class space    used 10456K, capacity 12894K, committed 12976K, reserved 1048576K
Event: 265.264 GC heap after
Heap after GC invocations=19 (full 3):
 PSYoungGen      total 150528K, used 7199K [0x00000000f5580000, 0x00000000ffe80000, 0x0000000100000000)
  eden space 130048K, 0% used [0x00000000f5580000,0x00000000f5580000,0x00000000fd480000)
  from space 20480K, 35% used [0x00000000fea80000,0x00000000ff187c40,0x00000000ffe80000)
  to   space 21504K, 0% used [0x00000000fd480000,0x00000000fd480000,0x00000000fe980000)
 ParOldGen       total 96768K, used 62081K [0x00000000e0000000, 0x00000000e5e80000, 0x00000000f5580000)
  object space 96768K, 64% used [0x00000000e0000000,0x00000000e3ca0678,0x00000000e5e80000)
 Metaspace       used 86641K, capacity 93952K, committed 94120K, reserved 1130496K
  class space    used 10456K, capacity 12894K, committed 12976K, reserved 1048576K
}
Event: 318.107 GC heap before
{Heap before GC invocations=20 (full 3):
 PSYoungGen      total 150528K, used 137247K [0x00000000f5580000, 0x00000000ffe80000, 0x0000000100000000)
  eden space 130048K, 100% used [0x00000000f5580000,0x00000000fd480000,0x00000000fd480000)
  from space 20480K, 35% used [0x00000000fea80000,0x00000000ff187c40,0x00000000ffe80000)
  to   space 21504K, 0% used [0x00000000fd480000,0x00000000fd480000,0x00000000fe980000)
 ParOldGen       total 96768K, used 62081K [0x00000000e0000000, 0x00000000e5e80000, 0x00000000f5580000)
  object space 96768K, 64% used [0x00000000e0000000,0x00000000e3ca0678,0x00000000e5e80000)
 Metaspace       used 87451K, capacity 94732K, committed 94888K, reserved 1130496K
  class space    used 10502K, capacity 12961K, committed 12976K, reserved 1048576K
Event: 318.115 GC heap after
Heap after GC invocations=20 (full 3):
 PSYoungGen      total 151552K, used 8706K [0x00000000f5580000, 0x0000000100000000, 0x0000000100000000)
  eden space 130048K, 0% used [0x00000000f5580000,0x00000000f5580000,0x00000000fd480000)
  from space 21504K, 40% used [0x00000000fd480000,0x00000000fdd00968,0x00000000fe980000)
  to   space 20992K, 0% used [0x00000000feb80000,0x00000000feb80000,0x0000000100000000)
 ParOldGen       total 96768K, used 62153K [0x00000000e0000000, 0x00000000e5e80000, 0x00000000f5580000)
  object space 96768K, 64% used [0x00000000e0000000,0x00000000e3cb2688,0x00000000e5e80000)
 Metaspace       used 87451K, capacity 94732K, committed 94888K, reserved 1130496K
  class space    used 10502K, capacity 12961K, committed 12976K, reserved 1048576K
}
Event: 359.761 GC heap before
{Heap before GC invocations=21 (full 3):
 PSYoungGen      total 151552K, used 138754K [0x00000000f5580000, 0x0000000100000000, 0x0000000100000000)
  eden space 130048K, 100% used [0x00000000f5580000,0x00000000fd480000,0x00000000fd480000)
  from space 21504K, 40% used [0x00000000fd480000,0x00000000fdd00968,0x00000000fe980000)
  to   space 20992K, 0% used [0x00000000feb80000,0x00000000feb80000,0x0000000100000000)
 ParOldGen       total 96768K, used 62153K [0x00000000e0000000, 0x00000000e5e80000, 0x00000000f5580000)
  object space 96768K, 64% used [0x00000000e0000000,0x00000000e3cb2688,0x00000000e5e80000)
 Metaspace       used 88072K, capacity 95614K, committed 95784K, reserved 1132544K
  class space    used 10520K, capacity 12998K, committed 13104K, reserved 1048576K
Event: 359.771 GC heap after
Heap after GC invocations=21 (full 3):
 PSYoungGen      total 150528K, used 10497K [0x00000000f5580000, 0x00000000ffd80000, 0x0000000100000000)
  eden space 132096K, 0% used [0x00000000f5580000,0x00000000f5580000,0x00000000fd680000)
  from space 18432K, 56% used [0x00000000feb80000,0x00000000ff5c0540,0x00000000ffd80000)
  to   space 19968K, 0% used [0x00000000fd680000,0x00000000fd680000,0x00000000fea00000)
 ParOldGen       total 96768K, used 62161K [0x00000000e0000000, 0x00000000e5e80000, 0x00000000f5580000)
  object space 96768K, 64% used [0x00000000e0000000,0x00000000e3cb4688,0x00000000e5e80000)
 Metaspace       used 88072K, capacity 95614K, committed 95784K, reserved 1132544K
  class space    used 10520K, capacity 12998K, committed 13104K, reserved 1048576K
}
Event: 526.810 GC heap before
{Heap before GC invocations=22 (full 3):
 PSYoungGen      total 150528K, used 142593K [0x00000000f5580000, 0x00000000ffd80000, 0x0000000100000000)
  eden space 132096K, 100% used [0x00000000f5580000,0x00000000fd680000,0x00000000fd680000)
  from space 18432K, 56% used [0x00000000feb80000,0x00000000ff5c0540,0x00000000ffd80000)
  to   space 19968K, 0% used [0x00000000fd680000,0x00000000fd680000,0x00000000fea00000)
 ParOldGen       total 96768K, used 62161K [0x00000000e0000000, 0x00000000e5e80000, 0x00000000f5580000)
  object space 96768K, 64% used [0x00000000e0000000,0x00000000e3cb4688,0x00000000e5e80000)
 Metaspace       used 88549K, capacity 96106K, committed 96296K, reserved 1132544K
  class space    used 10532K, capacity 13007K, committed 13104K, reserved 1048576K
Event: 526.822 GC heap after
Heap after GC invocations=22 (full 3):
 PSYoungGen      total 152064K, used 10823K [0x00000000f5580000, 0x00000000fff80000, 0x0000000100000000)
  eden space 132096K, 0% used [0x00000000f5580000,0x00000000f5580000,0x00000000fd680000)
  from space 19968K, 54% used [0x00000000fd680000,0x00000000fe111e58,0x00000000fea00000)
  to   space 18944K, 0% used [0x00000000fed00000,0x00000000fed00000,0x00000000fff80000)
 ParOldGen       total 96768K, used 62169K [0x00000000e0000000, 0x00000000e5e80000, 0x00000000f5580000)
  object space 96768K, 64% used [0x00000000e0000000,0x00000000e3cb6688,0x00000000e5e80000)
 Metaspace       used 88549K, capacity 96106K, committed 96296K, reserved 1132544K
  class space    used 10532K, capacity 13007K, committed 13104K, reserved 1048576K
}
Event: 617.170 GC heap before
{Heap before GC invocations=23 (full 3):
 PSYoungGen      total 152064K, used 142919K [0x00000000f5580000, 0x00000000fff80000, 0x0000000100000000)
  eden space 132096K, 100% used [0x00000000f5580000,0x00000000fd680000,0x00000000fd680000)
  from space 19968K, 54% used [0x00000000fd680000,0x00000000fe111e58,0x00000000fea00000)
  to   space 18944K, 0% used [0x00000000fed00000,0x00000000fed00000,0x00000000fff80000)
 ParOldGen       total 96768K, used 62169K [0x00000000e0000000, 0x00000000e5e80000, 0x00000000f5580000)
  object space 96768K, 64% used [0x00000000e0000000,0x00000000e3cb6688,0x00000000e5e80000)
 Metaspace       used 89002K, capacity 96654K, committed 96808K, reserved 1132544K
  class space    used 10536K, capacity 13013K, committed 13104K, reserved 1048576K
Event: 617.183 GC heap after
Heap after GC invocations=23 (full 3):
 PSYoungGen      total 138752K, used 11069K [0x00000000f5580000, 0x00000000ff800000, 0x0000000100000000)
  eden space 127488K, 0% used [0x00000000f5580000,0x00000000f5580000,0x00000000fd200000)
  from space 11264K, 98% used [0x00000000fed00000,0x00000000ff7cf700,0x00000000ff800000)
  to   space 18432K, 0% used [0x00000000fd400000,0x00000000fd400000,0x00000000fe600000)
 ParOldGen       total 96768K, used 62177K [0x00000000e0000000, 0x00000000e5e80000, 0x00000000f5580000)
  object space 96768K, 64% used [0x00000000e0000000,0x00000000e3cb8688,0x00000000e5e80000)
 Metaspace       used 89002K, capacity 96654K, committed 96808K, reserved 1132544K
  class space    used 10536K, capacity 13013K, committed 13104K, reserved 1048576K
}

