# JRE version: Java(TM) SE Runtime Environment (8.0_66-b18) (build 1.8.0_66-b18)
# Java VM: Java HotSpot(TM) 64-Bit Server VM (25.66-b18 mixed mode windows-amd64 compressed oops)
Heap:
 PSYoungGen      total 60928K, used 40573K [0x00000000f5580000, 0x00000000f9200000, 0x0000000100000000)
  eden space 60416K, 66% used [0x00000000f5580000,0x00000000f7c9f640,0x00000000f9080000)
  from space 512K, 100% used [0x00000000f9080000,0x00000000f9100000,0x00000000f9100000)
  to   space 512K, 0% used [0x00000000f9180000,0x00000000f9180000,0x00000000f9200000)
 ParOldGen       total 112128K, used 59571K [0x00000000e0000000, 0x00000000e6d80000, 0x00000000f5580000)
  object space 112128K, 53% used [0x00000000e0000000,0x00000000e3a2cd28,0x00000000e6d80000)
 Metaspace       used 92352K, capacity 99922K, committed 100392K, reserved 1136640K
  class space    used 10782K, capacity 13235K, committed 13360K, reserved 1048576K
GC Heap History (10 events):
Event: 4729.064 GC heap before
{Heap before GC invocations=125 (full 6):
 PSYoungGen      total 59904K, used 59520K [0x00000000f5580000, 0x00000000f9080000, 0x0000000100000000)
  eden space 59392K, 100% used [0x00000000f5580000,0x00000000f8f80000,0x00000000f8f80000)
  from space 512K, 25% used [0x00000000f9000000,0x00000000f9020000,0x00000000f9080000)
  to   space 512K, 0% used [0x00000000f8f80000,0x00000000f8f80000,0x00000000f9000000)
 ParOldGen       total 112128K, used 59511K [0x00000000e0000000, 0x00000000e6d80000, 0x00000000f5580000)
  object space 112128K, 53% used [0x00000000e0000000,0x00000000e3a1dff8,0x00000000e6d80000)
 Metaspace       used 91688K, capacity 99280K, committed 99752K, reserved 1136640K
  class space    used 10706K, capacity 13134K, committed 13232K, reserved 1048576K
Event: 4729.067 GC heap after
Heap after GC invocations=125 (full 6):
 PSYoungGen      total 59904K, used 96K [0x00000000f5580000, 0x00000000f9100000, 0x0000000100000000)
  eden space 59392K, 0% used [0x00000000f5580000,0x00000000f5580000,0x00000000f8f80000)
  from space 512K, 18% used [0x00000000f8f80000,0x00000000f8f98000,0x00000000f9000000)
  to   space 512K, 0% used [0x00000000f9080000,0x00000000f9080000,0x00000000f9100000)
 ParOldGen       total 112128K, used 59511K [0x00000000e0000000, 0x00000000e6d80000, 0x00000000f5580000)
  object space 112128K, 53% used [0x00000000e0000000,0x00000000e3a1dff8,0x00000000e6d80000)
 Metaspace       used 91688K, capacity 99280K, committed 99752K, reserved 1136640K
  class space    used 10706K, capacity 13134K, committed 13232K, reserved 1048576K
}
Event: 4731.080 GC heap before
{Heap before GC invocations=126 (full 6):
 PSYoungGen      total 59904K, used 59488K [0x00000000f5580000, 0x00000000f9100000, 0x0000000100000000)
  eden space 59392K, 100% used [0x00000000f5580000,0x00000000f8f80000,0x00000000f8f80000)
  from space 512K, 18% used [0x00000000f8f80000,0x00000000f8f98000,0x00000000f9000000)
  to   space 512K, 0% used [0x00000000f9080000,0x00000000f9080000,0x00000000f9100000)
 ParOldGen       total 112128K, used 59511K [0x00000000e0000000, 0x00000000e6d80000, 0x00000000f5580000)
  object space 112128K, 53% used [0x00000000e0000000,0x00000000e3a1dff8,0x00000000e6d80000)
 Metaspace       used 91689K, capacity 99280K, committed 99752K, reserved 1136640K
  class space    used 10706K, capacity 13134K, committed 13232K, reserved 1048576K
Event: 4731.083 GC heap after
Heap after GC invocations=126 (full 6):
 PSYoungGen      total 60416K, used 128K [0x00000000f5580000, 0x00000000f9100000, 0x0000000100000000)
  eden space 59904K, 0% used [0x00000000f5580000,0x00000000f5580000,0x00000000f9000000)
  from space 512K, 25% used [0x00000000f9080000,0x00000000f90a0000,0x00000000f9100000)
  to   space 512K, 0% used [0x00000000f9000000,0x00000000f9000000,0x00000000f9080000)
 ParOldGen       total 112128K, used 59511K [0x00000000e0000000, 0x00000000e6d80000, 0x00000000f5580000)
  object space 112128K, 53% used [0x00000000e0000000,0x00000000e3a1dff8,0x00000000e6d80000)
 Metaspace       used 91689K, capacity 99280K, committed 99752K, reserved 1136640K
  class space    used 10706K, capacity 13134K, committed 13232K, reserved 1048576K
}
Event: 4733.123 GC heap before
{Heap before GC invocations=127 (full 6):
 PSYoungGen      total 60416K, used 60032K [0x00000000f5580000, 0x00000000f9100000, 0x0000000100000000)
  eden space 59904K, 100% used [0x00000000f5580000,0x00000000f9000000,0x00000000f9000000)
  from space 512K, 25% used [0x00000000f9080000,0x00000000f90a0000,0x00000000f9100000)
  to   space 512K, 0% used [0x00000000f9000000,0x00000000f9000000,0x00000000f9080000)
 ParOldGen       total 112128K, used 59511K [0x00000000e0000000, 0x00000000e6d80000, 0x00000000f5580000)
  object space 112128K, 53% used [0x00000000e0000000,0x00000000e3a1dff8,0x00000000e6d80000)
 Metaspace       used 91689K, capacity 99280K, committed 99752K, reserved 1136640K
  class space    used 10706K, capacity 13134K, committed 13232K, reserved 1048576K
Event: 4733.125 GC heap after
Heap after GC invocations=127 (full 6):
 PSYoungGen      total 60416K, used 128K [0x00000000f5580000, 0x00000000f9180000, 0x0000000100000000)
  eden space 59904K, 0% used [0x00000000f5580000,0x00000000f5580000,0x00000000f9000000)
  from space 512K, 25% used [0x00000000f9000000,0x00000000f9020000,0x00000000f9080000)
  to   space 512K, 0% used [0x00000000f9100000,0x00000000f9100000,0x00000000f9180000)
 ParOldGen       total 112128K, used 59511K [0x00000000e0000000, 0x00000000e6d80000, 0x00000000f5580000)
  object space 112128K, 53% used [0x00000000e0000000,0x00000000e3a1dff8,0x00000000e6d80000)
 Metaspace       used 91689K, capacity 99280K, committed 99752K, reserved 1136640K
  class space    used 10706K, capacity 13134K, committed 13232K, reserved 1048576K
}
Event: 4735.089 GC heap before
{Heap before GC invocations=128 (full 6):
 PSYoungGen      total 60416K, used 60032K [0x00000000f5580000, 0x00000000f9180000, 0x0000000100000000)
  eden space 59904K, 100% used [0x00000000f5580000,0x00000000f9000000,0x00000000f9000000)
  from space 512K, 25% used [0x00000000f9000000,0x00000000f9020000,0x00000000f9080000)
  to   space 512K, 0% used [0x00000000f9100000,0x00000000f9100000,0x00000000f9180000)
 ParOldGen       total 112128K, used 59511K [0x00000000e0000000, 0x00000000e6d80000, 0x00000000f5580000)
  object space 112128K, 53% used [0x00000000e0000000,0x00000000e3a1dff8,0x00000000e6d80000)
 Metaspace       used 91696K, capacity 99280K, committed 99752K, reserved 1136640K
  class space    used 10706K, capacity 13134K, committed 13232K, reserved 1048576K
Event: 4735.091 GC heap after
Heap after GC invocations=128 (full 6):
 PSYoungGen      total 60928K, used 320K [0x00000000f5580000, 0x00000000f9180000, 0x0000000100000000)
  eden space 60416K, 0% used [0x00000000f5580000,0x00000000f5580000,0x00000000f9080000)
  from space 512K, 62% used [0x00000000f9100000,0x00000000f9150000,0x00000000f9180000)
  to   space 512K, 0% used [0x00000000f9080000,0x00000000f9080000,0x00000000f9100000)
 ParOldGen       total 112128K, used 59511K [0x00000000e0000000, 0x00000000e6d80000, 0x00000000f5580000)
  object space 112128K, 53% used [0x00000000e0000000,0x00000000e3a1dff8,0x00000000e6d80000)
 Metaspace       used 91696K, capacity 99280K, committed 99752K, reserved 1136640K
  class space    used 10706K, capacity 13134K, committed 13232K, reserved 1048576K
}
Event: 4736.836 GC heap before
{Heap before GC invocations=129 (full 6):
 PSYoungGen      total 60928K, used 60736K [0x00000000f5580000, 0x00000000f9180000, 0x0000000100000000)
  eden space 60416K, 100% used [0x00000000f5580000,0x00000000f9080000,0x00000000f9080000)
  from space 512K, 62% used [0x00000000f9100000,0x00000000f9150000,0x00000000f9180000)
  to   space 512K, 0% used [0x00000000f9080000,0x00000000f9080000,0x00000000f9100000)
 ParOldGen       total 112128K, used 59511K [0x00000000e0000000, 0x00000000e6d80000, 0x00000000f5580000)
  object space 112128K, 53% used [0x00000000e0000000,0x00000000e3a1dff8,0x00000000e6d80000)
 Metaspace       used 91778K, capacity 99394K, committed 99752K, reserved 1136640K
  class space    used 10720K, capacity 13169K, committed 13232K, reserved 1048576K
Event: 4736.839 GC heap after
Heap after GC invocations=129 (full 6):
 PSYoungGen      total 60928K, used 512K [0x00000000f5580000, 0x00000000f9200000, 0x0000000100000000)
  eden space 60416K, 0% used [0x00000000f5580000,0x00000000f5580000,0x00000000f9080000)
  from space 512K, 100% used [0x00000000f9080000,0x00000000f9100000,0x00000000f9100000)
  to   space 512K, 0% used [0x00000000f9180000,0x00000000f9180000,0x00000000f9200000)
 ParOldGen       total 112128K, used 59571K [0x00000000e0000000, 0x00000000e6d80000, 0x00000000f5580000)
  object space 112128K, 53% used [0x00000000e0000000,0x00000000e3a2cd28,0x00000000e6d80000)
 Metaspace       used 91778K, capacity 99394K, committed 99752K, reserved 1136640K
  class space    used 10720K, capacity 13169K, committed 13232K, reserved 1048576K
}

