# JRE version: Java(TM) SE Runtime Environment (8.0_66-b18) (build 1.8.0_66-b18)
# Java VM: Java HotSpot(TM) 64-Bit Server VM (25.66-b18 mixed mode windows-amd64 compressed oops)
Heap:
 PSYoungGen      total 122368K, used 45931K [0x00000000f5580000, 0x00000000fd280000, 0x0000000100000000)
  eden space 117760K, 39% used [0x00000000f5580000,0x00000000f825ad50,0x00000000fc880000)
  from space 4608K, 0% used [0x00000000fce00000,0x00000000fce00000,0x00000000fd280000)
  to   space 5120K, 0% used [0x00000000fc880000,0x00000000fc880000,0x00000000fcd80000)
 ParOldGen       total 108544K, used 47118K [0x00000000e0000000, 0x00000000e6a00000, 0x00000000f5580000)
  object space 108544K, 43% used [0x00000000e0000000,0x00000000e2e03a40,0x00000000e6a00000)
 Metaspace       used 87202K, capacity 94552K, committed 95064K, reserved 1130496K
  class space    used 10529K, capacity 13055K, committed 13184K, reserved 1048576K
GC Heap History (10 events):
Event: 3148.372 GC heap before
{Heap before GC invocations=81 (full 35):
 PSYoungGen      total 122880K, used 224K [0x00000000f5580000, 0x00000000fd380000, 0x0000000100000000)
  eden space 117760K, 0% used [0x00000000f5580000,0x00000000f5580000,0x00000000fc880000)
  from space 5120K, 4% used [0x00000000fce80000,0x00000000fceb8000,0x00000000fd380000)
  to   space 5632K, 0% used [0x00000000fc880000,0x00000000fc880000,0x00000000fce00000)
 ParOldGen       total 108544K, used 47065K [0x00000000e0000000, 0x00000000e6a00000, 0x00000000f5580000)
  object space 108544K, 43% used [0x00000000e0000000,0x00000000e2df6570,0x00000000e6a00000)
 Metaspace       used 86193K, capacity 93304K, committed 93784K, reserved 1130496K
  class space    used 10422K, capacity 12795K, committed 12928K, reserved 1048576K
Event: 3148.464 GC heap after
Heap after GC invocations=81 (full 35):
 PSYoungGen      total 122880K, used 0K [0x00000000f5580000, 0x00000000fd380000, 0x0000000100000000)
  eden space 117760K, 0% used [0x00000000f5580000,0x00000000f5580000,0x00000000fc880000)
  from space 5120K, 0% used [0x00000000fce80000,0x00000000fce80000,0x00000000fd380000)
  to   space 5632K, 0% used [0x00000000fc880000,0x00000000fc880000,0x00000000fce00000)
 ParOldGen       total 108544K, used 47057K [0x00000000e0000000, 0x00000000e6a00000, 0x00000000f5580000)
  object space 108544K, 43% used [0x00000000e0000000,0x00000000e2df45f0,0x00000000e6a00000)
 Metaspace       used 86193K, capacity 93304K, committed 93784K, reserved 1130496K
  class space    used 10422K, capacity 12795K, committed 12928K, reserved 1048576K
}
Event: 3208.381 GC heap before
{Heap before GC invocations=82 (full 35):
 PSYoungGen      total 122880K, used 5607K [0x00000000f5580000, 0x00000000fd380000, 0x0000000100000000)
  eden space 117760K, 4% used [0x00000000f5580000,0x00000000f5af9f38,0x00000000fc880000)
  from space 5120K, 0% used [0x00000000fce80000,0x00000000fce80000,0x00000000fd380000)
  to   space 5632K, 0% used [0x00000000fc880000,0x00000000fc880000,0x00000000fce00000)
 ParOldGen       total 108544K, used 47057K [0x00000000e0000000, 0x00000000e6a00000, 0x00000000f5580000)
  object space 108544K, 43% used [0x00000000e0000000,0x00000000e2df45f0,0x00000000e6a00000)
 Metaspace       used 86199K, capacity 93304K, committed 93784K, reserved 1130496K
  class space    used 10423K, capacity 12795K, committed 12928K, reserved 1048576K
Event: 3208.384 GC heap after
Heap after GC invocations=82 (full 35):
 PSYoungGen      total 123392K, used 288K [0x00000000f5580000, 0x00000000fd380000, 0x0000000100000000)
  eden space 117760K, 0% used [0x00000000f5580000,0x00000000f5580000,0x00000000fc880000)
  from space 5632K, 5% used [0x00000000fc880000,0x00000000fc8c8000,0x00000000fce00000)
  to   space 5632K, 0% used [0x00000000fce00000,0x00000000fce00000,0x00000000fd380000)
 ParOldGen       total 108544K, used 47057K [0x00000000e0000000, 0x00000000e6a00000, 0x00000000f5580000)
  object space 108544K, 43% used [0x00000000e0000000,0x00000000e2df45f0,0x00000000e6a00000)
 Metaspace       used 86199K, capacity 93304K, committed 93784K, reserved 1130496K
  class space    used 10423K, capacity 12795K, committed 12928K, reserved 1048576K
}
Event: 3208.384 GC heap before
{Heap before GC invocations=83 (full 36):
 PSYoungGen      total 123392K, used 288K [0x00000000f5580000, 0x00000000fd380000, 0x0000000100000000)
  eden space 117760K, 0% used [0x00000000f5580000,0x00000000f5580000,0x00000000fc880000)
  from space 5632K, 5% used [0x00000000fc880000,0x00000000fc8c8000,0x00000000fce00000)
  to   space 5632K, 0% used [0x00000000fce00000,0x00000000fce00000,0x00000000fd380000)
 ParOldGen       total 108544K, used 47057K [0x00000000e0000000, 0x00000000e6a00000, 0x00000000f5580000)
  object space 108544K, 43% used [0x00000000e0000000,0x00000000e2df45f0,0x00000000e6a00000)
 Metaspace       used 86199K, capacity 93304K, committed 93784K, reserved 1130496K
  class space    used 10423K, capacity 12795K, committed 12928K, reserved 1048576K
Event: 3208.507 GC heap after
Heap after GC invocations=83 (full 36):
 PSYoungGen      total 123392K, used 0K [0x00000000f5580000, 0x00000000fd380000, 0x0000000100000000)
  eden space 117760K, 0% used [0x00000000f5580000,0x00000000f5580000,0x00000000fc880000)
  from space 5632K, 0% used [0x00000000fc880000,0x00000000fc880000,0x00000000fce00000)
  to   space 5632K, 0% used [0x00000000fce00000,0x00000000fce00000,0x00000000fd380000)
 ParOldGen       total 108544K, used 47123K [0x00000000e0000000, 0x00000000e6a00000, 0x00000000f5580000)
  object space 108544K, 43% used [0x00000000e0000000,0x00000000e2e04df8,0x00000000e6a00000)
 Metaspace       used 86199K, capacity 93304K, committed 93784K, reserved 1130496K
  class space    used 10423K, capacity 12795K, committed 12928K, reserved 1048576K
}
Event: 3268.401 GC heap before
{Heap before GC invocations=84 (full 36):
 PSYoungGen      total 123392K, used 4308K [0x00000000f5580000, 0x00000000fd380000, 0x0000000100000000)
  eden space 117760K, 3% used [0x00000000f5580000,0x00000000f59b5250,0x00000000fc880000)
  from space 5632K, 0% used [0x00000000fc880000,0x00000000fc880000,0x00000000fce00000)
  to   space 5632K, 0% used [0x00000000fce00000,0x00000000fce00000,0x00000000fd380000)
 ParOldGen       total 108544K, used 47123K [0x00000000e0000000, 0x00000000e6a00000, 0x00000000f5580000)
  object space 108544K, 43% used [0x00000000e0000000,0x00000000e2e04df8,0x00000000e6a00000)
 Metaspace       used 86199K, capacity 93304K, committed 93784K, reserved 1130496K
  class space    used 10423K, capacity 12795K, committed 12928K, reserved 1048576K
Event: 3268.403 GC heap after
Heap after GC invocations=84 (full 36):
 PSYoungGen      total 122368K, used 256K [0x00000000f5580000, 0x00000000fd280000, 0x0000000100000000)
  eden space 117760K, 0% used [0x00000000f5580000,0x00000000f5580000,0x00000000fc880000)
  from space 4608K, 5% used [0x00000000fce00000,0x00000000fce40000,0x00000000fd280000)
  to   space 5120K, 0% used [0x00000000fc880000,0x00000000fc880000,0x00000000fcd80000)
 ParOldGen       total 108544K, used 47123K [0x00000000e0000000, 0x00000000e6a00000, 0x00000000f5580000)
  object space 108544K, 43% used [0x00000000e0000000,0x00000000e2e04df8,0x00000000e6a00000)
 Metaspace       used 86199K, capacity 93304K, committed 93784K, reserved 1130496K
  class space    used 10423K, capacity 12795K, committed 12928K, reserved 1048576K
}
Event: 3268.403 GC heap before
{Heap before GC invocations=85 (full 37):
 PSYoungGen      total 122368K, used 256K [0x00000000f5580000, 0x00000000fd280000, 0x0000000100000000)
  eden space 117760K, 0% used [0x00000000f5580000,0x00000000f5580000,0x00000000fc880000)
  from space 4608K, 5% used [0x00000000fce00000,0x00000000fce40000,0x00000000fd280000)
  to   space 5120K, 0% used [0x00000000fc880000,0x00000000fc880000,0x00000000fcd80000)
 ParOldGen       total 108544K, used 47123K [0x00000000e0000000, 0x00000000e6a00000, 0x00000000f5580000)
  object space 108544K, 43% used [0x00000000e0000000,0x00000000e2e04df8,0x00000000e6a00000)
 Metaspace       used 86199K, capacity 93304K, committed 93784K, reserved 1130496K
  class space    used 10423K, capacity 12795K, committed 12928K, reserved 1048576K
Event: 3268.497 GC heap after
Heap after GC invocations=85 (full 37):
 PSYoungGen      total 122368K, used 0K [0x00000000f5580000, 0x00000000fd280000, 0x0000000100000000)
  eden space 117760K, 0% used [0x00000000f5580000,0x00000000f5580000,0x00000000fc880000)
  from space 4608K, 0% used [0x00000000fce00000,0x00000000fce00000,0x00000000fd280000)
  to   space 5120K, 0% used [0x00000000fc880000,0x00000000fc880000,0x00000000fcd80000)
 ParOldGen       total 108544K, used 47118K [0x00000000e0000000, 0x00000000e6a00000, 0x00000000f5580000)
  object space 108544K, 43% used [0x00000000e0000000,0x00000000e2e03a40,0x00000000e6a00000)
 Metaspace       used 86199K, capacity 93304K, committed 93784K, reserved 1130496K
  class space    used 10423K, capacity 12795K, committed 12928K, reserved 1048576K
}

