# JRE version: Java(TM) SE Runtime Environment (8.0_66-b18) (build 1.8.0_66-b18)
# Java VM: Java HotSpot(TM) 64-Bit Server VM (25.66-b18 mixed mode windows-amd64 compressed oops)
Heap:
 PSYoungGen      total 122368K, used 40061K [0x00000000f5580000, 0x00000000fce80000, 0x0000000100000000)
  eden space 120832K, 33% used [0x00000000f5580000,0x00000000f7c9f5c0,0x00000000fcb80000)
  from space 1536K, 0% used [0x00000000fcb80000,0x00000000fcb80000,0x00000000fcd00000)
  to   space 1536K, 0% used [0x00000000fcd00000,0x00000000fcd00000,0x00000000fce80000)
 ParOldGen       total 114688K, used 45266K [0x00000000e0000000, 0x00000000e7000000, 0x00000000f5580000)
  object space 114688K, 39% used [0x00000000e0000000,0x00000000e2c34998,0x00000000e7000000)
 Metaspace       used 82703K, capacity 89986K, committed 90136K, reserved 1126400K
  class space    used 9975K, capacity 12527K, committed 12592K, reserved 1048576K
GC Heap History (10 events):
Event: 5617.350 GC heap before
{Heap before GC invocations=127 (full 60):
 PSYoungGen      total 122368K, used 192K [0x00000000f5580000, 0x00000000fce80000, 0x0000000100000000)
  eden space 120832K, 0% used [0x00000000f5580000,0x00000000f5580000,0x00000000fcb80000)
  from space 1536K, 12% used [0x00000000fcb80000,0x00000000fcbb0000,0x00000000fcd00000)
  to   space 1536K, 0% used [0x00000000fcd00000,0x00000000fcd00000,0x00000000fce80000)
 ParOldGen       total 114688K, used 45007K [0x00000000e0000000, 0x00000000e7000000, 0x00000000f5580000)
  object space 114688K, 39% used [0x00000000e0000000,0x00000000e2bf3e70,0x00000000e7000000)
 Metaspace       used 81536K, capacity 88742K, committed 89112K, reserved 1126400K
  class space    used 9844K, capacity 12267K, committed 12336K, reserved 1048576K
Event: 5617.429 GC heap after
Heap after GC invocations=127 (full 60):
 PSYoungGen      total 122368K, used 0K [0x00000000f5580000, 0x00000000fce80000, 0x0000000100000000)
  eden space 120832K, 0% used [0x00000000f5580000,0x00000000f5580000,0x00000000fcb80000)
  from space 1536K, 0% used [0x00000000fcb80000,0x00000000fcb80000,0x00000000fcd00000)
  to   space 1536K, 0% used [0x00000000fcd00000,0x00000000fcd00000,0x00000000fce80000)
 ParOldGen       total 114688K, used 45007K [0x00000000e0000000, 0x00000000e7000000, 0x00000000f5580000)
  object space 114688K, 39% used [0x00000000e0000000,0x00000000e2bf3db0,0x00000000e7000000)
 Metaspace       used 81536K, capacity 88742K, committed 89112K, reserved 1126400K
  class space    used 9844K, capacity 12267K, committed 12336K, reserved 1048576K
}
Event: 5677.359 GC heap before
{Heap before GC invocations=128 (full 60):
 PSYoungGen      total 122368K, used 3684K [0x00000000f5580000, 0x00000000fce80000, 0x0000000100000000)
  eden space 120832K, 3% used [0x00000000f5580000,0x00000000f5919198,0x00000000fcb80000)
  from space 1536K, 0% used [0x00000000fcb80000,0x00000000fcb80000,0x00000000fcd00000)
  to   space 1536K, 0% used [0x00000000fcd00000,0x00000000fcd00000,0x00000000fce80000)
 ParOldGen       total 114688K, used 45007K [0x00000000e0000000, 0x00000000e7000000, 0x00000000f5580000)
  object space 114688K, 39% used [0x00000000e0000000,0x00000000e2bf3db0,0x00000000e7000000)
 Metaspace       used 81536K, capacity 88742K, committed 89112K, reserved 1126400K
  class space    used 9844K, capacity 12267K, committed 12336K, reserved 1048576K
Event: 5677.361 GC heap after
Heap after GC invocations=128 (full 60):
 PSYoungGen      total 122368K, used 160K [0x00000000f5580000, 0x00000000fce80000, 0x0000000100000000)
  eden space 120832K, 0% used [0x00000000f5580000,0x00000000f5580000,0x00000000fcb80000)
  from space 1536K, 10% used [0x00000000fcd00000,0x00000000fcd28000,0x00000000fce80000)
  to   space 1536K, 0% used [0x00000000fcb80000,0x00000000fcb80000,0x00000000fcd00000)
 ParOldGen       total 114688K, used 45007K [0x00000000e0000000, 0x00000000e7000000, 0x00000000f5580000)
  object space 114688K, 39% used [0x00000000e0000000,0x00000000e2bf3db0,0x00000000e7000000)
 Metaspace       used 81536K, capacity 88742K, committed 89112K, reserved 1126400K
  class space    used 9844K, capacity 12267K, committed 12336K, reserved 1048576K
}
Event: 5677.361 GC heap before
{Heap before GC invocations=129 (full 61):
 PSYoungGen      total 122368K, used 160K [0x00000000f5580000, 0x00000000fce80000, 0x0000000100000000)
  eden space 120832K, 0% used [0x00000000f5580000,0x00000000f5580000,0x00000000fcb80000)
  from space 1536K, 10% used [0x00000000fcd00000,0x00000000fcd28000,0x00000000fce80000)
  to   space 1536K, 0% used [0x00000000fcb80000,0x00000000fcb80000,0x00000000fcd00000)
 ParOldGen       total 114688K, used 45007K [0x00000000e0000000, 0x00000000e7000000, 0x00000000f5580000)
  object space 114688K, 39% used [0x00000000e0000000,0x00000000e2bf3db0,0x00000000e7000000)
 Metaspace       used 81536K, capacity 88742K, committed 89112K, reserved 1126400K
  class space    used 9844K, capacity 12267K, committed 12336K, reserved 1048576K
Event: 5677.453 GC heap after
Heap after GC invocations=129 (full 61):
 PSYoungGen      total 122368K, used 0K [0x00000000f5580000, 0x00000000fce80000, 0x0000000100000000)
  eden space 120832K, 0% used [0x00000000f5580000,0x00000000f5580000,0x00000000fcb80000)
  from space 1536K, 0% used [0x00000000fcd00000,0x00000000fcd00000,0x00000000fce80000)
  to   space 1536K, 0% used [0x00000000fcb80000,0x00000000fcb80000,0x00000000fcd00000)
 ParOldGen       total 114688K, used 45007K [0x00000000e0000000, 0x00000000e7000000, 0x00000000f5580000)
  object space 114688K, 39% used [0x00000000e0000000,0x00000000e2bf3db0,0x00000000e7000000)
 Metaspace       used 81536K, capacity 88742K, committed 89112K, reserved 1126400K
  class space    used 9844K, capacity 12267K, committed 12336K, reserved 1048576K
}
Event: 5737.374 GC heap before
{Heap before GC invocations=130 (full 61):
 PSYoungGen      total 122368K, used 12468K [0x00000000f5580000, 0x00000000fce80000, 0x0000000100000000)
  eden space 120832K, 10% used [0x00000000f5580000,0x00000000f61ad030,0x00000000fcb80000)
  from space 1536K, 0% used [0x00000000fcd00000,0x00000000fcd00000,0x00000000fce80000)
  to   space 1536K, 0% used [0x00000000fcb80000,0x00000000fcb80000,0x00000000fcd00000)
 ParOldGen       total 114688K, used 45007K [0x00000000e0000000, 0x00000000e7000000, 0x00000000f5580000)
  object space 114688K, 39% used [0x00000000e0000000,0x00000000e2bf3db0,0x00000000e7000000)
 Metaspace       used 81567K, capacity 88748K, committed 89112K, reserved 1126400K
  class space    used 9848K, capacity 12268K, committed 12336K, reserved 1048576K
Event: 5737.377 GC heap after
Heap after GC invocations=130 (full 61):
 PSYoungGen      total 122368K, used 640K [0x00000000f5580000, 0x00000000fce80000, 0x0000000100000000)
  eden space 120832K, 0% used [0x00000000f5580000,0x00000000f5580000,0x00000000fcb80000)
  from space 1536K, 41% used [0x00000000fcb80000,0x00000000fcc20000,0x00000000fcd00000)
  to   space 1536K, 0% used [0x00000000fcd00000,0x00000000fcd00000,0x00000000fce80000)
 ParOldGen       total 114688K, used 45015K [0x00000000e0000000, 0x00000000e7000000, 0x00000000f5580000)
  object space 114688K, 39% used [0x00000000e0000000,0x00000000e2bf5db0,0x00000000e7000000)
 Metaspace       used 81567K, capacity 88748K, committed 89112K, reserved 1126400K
  class space    used 9848K, capacity 12268K, committed 12336K, reserved 1048576K
}
Event: 5737.377 GC heap before
{Heap before GC invocations=131 (full 62):
 PSYoungGen      total 122368K, used 640K [0x00000000f5580000, 0x00000000fce80000, 0x0000000100000000)
  eden space 120832K, 0% used [0x00000000f5580000,0x00000000f5580000,0x00000000fcb80000)
  from space 1536K, 41% used [0x00000000fcb80000,0x00000000fcc20000,0x00000000fcd00000)
  to   space 1536K, 0% used [0x00000000fcd00000,0x00000000fcd00000,0x00000000fce80000)
 ParOldGen       total 114688K, used 45015K [0x00000000e0000000, 0x00000000e7000000, 0x00000000f5580000)
  object space 114688K, 39% used [0x00000000e0000000,0x00000000e2bf5db0,0x00000000e7000000)
 Metaspace       used 81567K, capacity 88748K, committed 89112K, reserved 1126400K
  class space    used 9848K, capacity 12268K, committed 12336K, reserved 1048576K
Event: 5737.531 GC heap after
Heap after GC invocations=131 (full 62):
 PSYoungGen      total 122368K, used 0K [0x00000000f5580000, 0x00000000fce80000, 0x0000000100000000)
  eden space 120832K, 0% used [0x00000000f5580000,0x00000000f5580000,0x00000000fcb80000)
  from space 1536K, 0% used [0x00000000fcb80000,0x00000000fcb80000,0x00000000fcd00000)
  to   space 1536K, 0% used [0x00000000fcd00000,0x00000000fcd00000,0x00000000fce80000)
 ParOldGen       total 114688K, used 45266K [0x00000000e0000000, 0x00000000e7000000, 0x00000000f5580000)
  object space 114688K, 39% used [0x00000000e0000000,0x00000000e2c34998,0x00000000e7000000)
 Metaspace       used 81567K, capacity 88748K, committed 89112K, reserved 1126400K
  class space    used 9848K, capacity 12268K, committed 12336K, reserved 1048576K
}

