# JRE version: Java(TM) SE Runtime Environment (8.0_66-b18) (build 1.8.0_66-b18)
# Java VM: Java HotSpot(TM) 64-Bit Server VM (25.66-b18 mixed mode windows-amd64 compressed oops)
Heap:
 PSYoungGen      total 128000K, used 114361K [0x00000000f5580000, 0x00000000ffe00000, 0x0000000100000000)
  eden space 104960K, 87% used [0x00000000f5580000,0x00000000faeae758,0x00000000fbc00000)
  from space 23040K, 99% used [0x00000000fbc00000,0x00000000fd27fe10,0x00000000fd280000)
  to   space 27136K, 0% used [0x00000000fe380000,0x00000000fe380000,0x00000000ffe00000)
 ParOldGen       total 120832K, used 37993K [0x00000000e0000000, 0x00000000e7600000, 0x00000000f5580000)
  object space 120832K, 31% used [0x00000000e0000000,0x00000000e251a640,0x00000000e7600000)
 Metaspace       used 74092K, capacity 81270K, committed 81576K, reserved 1120256K
  class space    used 8887K, capacity 11345K, committed 11440K, reserved 1048576K
GC Heap History (10 events):
Event: 2.847 GC heap before
{Heap before GC invocations=8 (full 2):
 PSYoungGen      total 103936K, used 6053K [0x00000000f5580000, 0x00000000fd000000, 0x0000000100000000)
  eden space 85504K, 0% used [0x00000000f5580000,0x00000000f5580000,0x00000000fa900000)
  from space 18432K, 32% used [0x00000000fbe00000,0x00000000fc3e96c0,0x00000000fd000000)
  to   space 19968K, 0% used [0x00000000fa900000,0x00000000fa900000,0x00000000fbc80000)
 ParOldGen       total 59904K, used 36768K [0x00000000e0000000, 0x00000000e3a80000, 0x00000000f5580000)
  object space 59904K, 61% used [0x00000000e0000000,0x00000000e23e83a0,0x00000000e3a80000)
 Metaspace       used 32469K, capacity 35314K, committed 35496K, reserved 1079296K
  class space    used 3847K, capacity 4768K, committed 4784K, reserved 1048576K
Event: 2.914 GC heap after
Heap after GC invocations=8 (full 2):
 PSYoungGen      total 103936K, used 0K [0x00000000f5580000, 0x00000000fd000000, 0x0000000100000000)
  eden space 85504K, 0% used [0x00000000f5580000,0x00000000f5580000,0x00000000fa900000)
  from space 18432K, 0% used [0x00000000fbe00000,0x00000000fbe00000,0x00000000fd000000)
  to   space 19968K, 0% used [0x00000000fa900000,0x00000000fa900000,0x00000000fbc80000)
 ParOldGen       total 99328K, used 34926K [0x00000000e0000000, 0x00000000e6100000, 0x00000000f5580000)
  object space 99328K, 35% used [0x00000000e0000000,0x00000000e221b850,0x00000000e6100000)
 Metaspace       used 32469K, capacity 35314K, committed 35496K, reserved 1079296K
  class space    used 3847K, capacity 4768K, committed 4784K, reserved 1048576K
}
Event: 4.379 GC heap before
{Heap before GC invocations=9 (full 2):
 PSYoungGen      total 103936K, used 85504K [0x00000000f5580000, 0x00000000fd000000, 0x0000000100000000)
  eden space 85504K, 100% used [0x00000000f5580000,0x00000000fa900000,0x00000000fa900000)
  from space 18432K, 0% used [0x00000000fbe00000,0x00000000fbe00000,0x00000000fd000000)
  to   space 19968K, 0% used [0x00000000fa900000,0x00000000fa900000,0x00000000fbc80000)
 ParOldGen       total 99328K, used 34926K [0x00000000e0000000, 0x00000000e6100000, 0x00000000f5580000)
  object space 99328K, 35% used [0x00000000e0000000,0x00000000e221b850,0x00000000e6100000)
 Metaspace       used 50834K, capacity 55364K, committed 55720K, reserved 1097728K
  class space    used 6003K, capacity 7497K, committed 7600K, reserved 1048576K
Event: 4.391 GC heap after
Heap after GC invocations=9 (full 2):
 PSYoungGen      total 105472K, used 19965K [0x00000000f5580000, 0x00000000ff000000, 0x0000000100000000)
  eden space 85504K, 0% used [0x00000000f5580000,0x00000000f5580000,0x00000000fa900000)
  from space 19968K, 99% used [0x00000000fa900000,0x00000000fbc7f630,0x00000000fbc80000)
  to   space 24576K, 0% used [0x00000000fd800000,0x00000000fd800000,0x00000000ff000000)
 ParOldGen       total 99328K, used 36579K [0x00000000e0000000, 0x00000000e6100000, 0x00000000f5580000)
  object space 99328K, 36% used [0x00000000e0000000,0x00000000e23b8c08,0x00000000e6100000)
 Metaspace       used 50834K, capacity 55364K, committed 55720K, reserved 1097728K
  class space    used 6003K, capacity 7497K, committed 7600K, reserved 1048576K
}
Event: 8.116 GC heap before
{Heap before GC invocations=10 (full 2):
 PSYoungGen      total 105472K, used 43087K [0x00000000f5580000, 0x00000000ff000000, 0x0000000100000000)
  eden space 85504K, 27% used [0x00000000f5580000,0x00000000f6c146d0,0x00000000fa900000)
  from space 19968K, 99% used [0x00000000fa900000,0x00000000fbc7f630,0x00000000fbc80000)
  to   space 24576K, 0% used [0x00000000fd800000,0x00000000fd800000,0x00000000ff000000)
 ParOldGen       total 99328K, used 36579K [0x00000000e0000000, 0x00000000e6100000, 0x00000000f5580000)
  object space 99328K, 36% used [0x00000000e0000000,0x00000000e23b8c08,0x00000000e6100000)
 Metaspace       used 54223K, capacity 59124K, committed 59160K, reserved 1099776K
  class space    used 6486K, capacity 8112K, committed 8112K, reserved 1048576K
Event: 8.123 GC heap after
Heap after GC invocations=10 (full 2):
 PSYoungGen      total 122368K, used 11256K [0x00000000f5580000, 0x00000000fe900000, 0x0000000100000000)
  eden space 104960K, 0% used [0x00000000f5580000,0x00000000f5580000,0x00000000fbc00000)
  from space 17408K, 64% used [0x00000000fd800000,0x00000000fe2fe060,0x00000000fe900000)
  to   space 23040K, 0% used [0x00000000fbc00000,0x00000000fbc00000,0x00000000fd280000)
 ParOldGen       total 99328K, used 36587K [0x00000000e0000000, 0x00000000e6100000, 0x00000000f5580000)
  object space 99328K, 36% used [0x00000000e0000000,0x00000000e23bac08,0x00000000e6100000)
 Metaspace       used 54223K, capacity 59124K, committed 59160K, reserved 1099776K
  class space    used 6486K, capacity 8112K, committed 8112K, reserved 1048576K
}
Event: 8.123 GC heap before
{Heap before GC invocations=11 (full 3):
 PSYoungGen      total 122368K, used 11256K [0x00000000f5580000, 0x00000000fe900000, 0x0000000100000000)
  eden space 104960K, 0% used [0x00000000f5580000,0x00000000f5580000,0x00000000fbc00000)
  from space 17408K, 64% used [0x00000000fd800000,0x00000000fe2fe060,0x00000000fe900000)
  to   space 23040K, 0% used [0x00000000fbc00000,0x00000000fbc00000,0x00000000fd280000)
 ParOldGen       total 99328K, used 36587K [0x00000000e0000000, 0x00000000e6100000, 0x00000000f5580000)
  object space 99328K, 36% used [0x00000000e0000000,0x00000000e23bac08,0x00000000e6100000)
 Metaspace       used 54223K, capacity 59124K, committed 59160K, reserved 1099776K
  class space    used 6486K, capacity 8112K, committed 8112K, reserved 1048576K
Event: 8.285 GC heap after
Heap after GC invocations=11 (full 3):
 PSYoungGen      total 122368K, used 0K [0x00000000f5580000, 0x00000000fe900000, 0x0000000100000000)
  eden space 104960K, 0% used [0x00000000f5580000,0x00000000f5580000,0x00000000fbc00000)
  from space 17408K, 0% used [0x00000000fd800000,0x00000000fd800000,0x00000000fe900000)
  to   space 23040K, 0% used [0x00000000fbc00000,0x00000000fbc00000,0x00000000fd280000)
 ParOldGen       total 120832K, used 36643K [0x00000000e0000000, 0x00000000e7600000, 0x00000000f5580000)
  object space 120832K, 30% used [0x00000000e0000000,0x00000000e23c8d70,0x00000000e7600000)
 Metaspace       used 54223K, capacity 59124K, committed 59160K, reserved 1099776K
  class space    used 6486K, capacity 8112K, committed 8112K, reserved 1048576K
}
Event: 21.045 GC heap before
{Heap before GC invocations=12 (full 3):
 PSYoungGen      total 122368K, used 104960K [0x00000000f5580000, 0x00000000fe900000, 0x0000000100000000)
  eden space 104960K, 100% used [0x00000000f5580000,0x00000000fbc00000,0x00000000fbc00000)
  from space 17408K, 0% used [0x00000000fd800000,0x00000000fd800000,0x00000000fe900000)
  to   space 23040K, 0% used [0x00000000fbc00000,0x00000000fbc00000,0x00000000fd280000)
 ParOldGen       total 120832K, used 36643K [0x00000000e0000000, 0x00000000e7600000, 0x00000000f5580000)
  object space 120832K, 30% used [0x00000000e0000000,0x00000000e23c8d70,0x00000000e7600000)
 Metaspace       used 69706K, capacity 76462K, committed 76712K, reserved 1116160K
  class space    used 8416K, capacity 10652K, committed 10672K, reserved 1048576K
Event: 21.059 GC heap after
Heap after GC invocations=12 (full 3):
 PSYoungGen      total 128000K, used 23039K [0x00000000f5580000, 0x00000000ffe00000, 0x0000000100000000)
  eden space 104960K, 0% used [0x00000000f5580000,0x00000000f5580000,0x00000000fbc00000)
  from space 23040K, 99% used [0x00000000fbc00000,0x00000000fd27fe10,0x00000000fd280000)
  to   space 27136K, 0% used [0x00000000fe380000,0x00000000fe380000,0x00000000ffe00000)
 ParOldGen       total 120832K, used 37993K [0x00000000e0000000, 0x00000000e7600000, 0x00000000f5580000)
  object space 120832K, 31% used [0x00000000e0000000,0x00000000e251a640,0x00000000e7600000)
 Metaspace       used 69706K, capacity 76462K, committed 76712K, reserved 1116160K
  class space    used 8416K, capacity 10652K, committed 10672K, reserved 1048576K
}

