# JRE version: Java(TM) SE Runtime Environment (8.0_66-b18) (build 1.8.0_66-b18)
# Java VM: Java HotSpot(TM) 64-Bit Server VM (25.66-b18 mixed mode windows-amd64 compressed oops)
Heap:
 PSYoungGen      total 140288K, used 35246K [0x00000000f5580000, 0x00000000ff800000, 0x0000000100000000)
  eden space 117248K, 30% used [0x00000000f5580000,0x00000000f77eb8f0,0x00000000fc800000)
  from space 23040K, 0% used [0x00000000fe180000,0x00000000fe180000,0x00000000ff800000)
  to   space 24576K, 0% used [0x00000000fc800000,0x00000000fc800000,0x00000000fe000000)
 ParOldGen       total 96256K, used 46928K [0x00000000e0000000, 0x00000000e5e00000, 0x00000000f5580000)
  object space 96256K, 48% used [0x00000000e0000000,0x00000000e2dd43a0,0x00000000e5e00000)
 Metaspace       used 85619K, capacity 93006K, committed 93480K, reserved 1130496K
  class space    used 10271K, capacity 12718K, committed 12848K, reserved 1048576K
GC Heap History (10 events):
Event: 1315.199 GC heap before
{Heap before GC invocations=41 (full 17):
 PSYoungGen      total 142848K, used 160K [0x00000000f5580000, 0x00000000ffd00000, 0x0000000100000000)
  eden space 117248K, 0% used [0x00000000f5580000,0x00000000f5580000,0x00000000fc800000)
  from space 25600K, 0% used [0x00000000fe400000,0x00000000fe428000,0x00000000ffd00000)
  to   space 27136K, 0% used [0x00000000fc800000,0x00000000fc800000,0x00000000fe280000)
 ParOldGen       total 96256K, used 47074K [0x00000000e0000000, 0x00000000e5e00000, 0x00000000f5580000)
  object space 96256K, 48% used [0x00000000e0000000,0x00000000e2df8b78,0x00000000e5e00000)
 Metaspace       used 84686K, capacity 92170K, committed 92456K, reserved 1128448K
  class space    used 10167K, capacity 12526K, committed 12592K, reserved 1048576K
Event: 1315.284 GC heap after
Heap after GC invocations=41 (full 17):
 PSYoungGen      total 142848K, used 0K [0x00000000f5580000, 0x00000000ffd00000, 0x0000000100000000)
  eden space 117248K, 0% used [0x00000000f5580000,0x00000000f5580000,0x00000000fc800000)
  from space 25600K, 0% used [0x00000000fe400000,0x00000000fe400000,0x00000000ffd00000)
  to   space 27136K, 0% used [0x00000000fc800000,0x00000000fc800000,0x00000000fe280000)
 ParOldGen       total 96256K, used 46928K [0x00000000e0000000, 0x00000000e5e00000, 0x00000000f5580000)
  object space 96256K, 48% used [0x00000000e0000000,0x00000000e2dd4240,0x00000000e5e00000)
 Metaspace       used 84686K, capacity 92170K, committed 92456K, reserved 1128448K
  class space    used 10167K, capacity 12526K, committed 12592K, reserved 1048576K
}
Event: 1375.205 GC heap before
{Heap before GC invocations=42 (full 17):
 PSYoungGen      total 142848K, used 3593K [0x00000000f5580000, 0x00000000ffd00000, 0x0000000100000000)
  eden space 117248K, 3% used [0x00000000f5580000,0x00000000f59024a8,0x00000000fc800000)
  from space 25600K, 0% used [0x00000000fe400000,0x00000000fe400000,0x00000000ffd00000)
  to   space 27136K, 0% used [0x00000000fc800000,0x00000000fc800000,0x00000000fe280000)
 ParOldGen       total 96256K, used 46928K [0x00000000e0000000, 0x00000000e5e00000, 0x00000000f5580000)
  object space 96256K, 48% used [0x00000000e0000000,0x00000000e2dd4240,0x00000000e5e00000)
 Metaspace       used 84698K, capacity 92170K, committed 92456K, reserved 1128448K
  class space    used 10167K, capacity 12526K, committed 12592K, reserved 1048576K
Event: 1375.208 GC heap after
Heap after GC invocations=42 (full 17):
 PSYoungGen      total 117760K, used 160K [0x00000000f5580000, 0x00000000ffb00000, 0x0000000100000000)
  eden space 117248K, 0% used [0x00000000f5580000,0x00000000f5580000,0x00000000fc800000)
  from space 512K, 31% used [0x00000000fc800000,0x00000000fc828000,0x00000000fc880000)
  to   space 26112K, 0% used [0x00000000fe180000,0x00000000fe180000,0x00000000ffb00000)
 ParOldGen       total 96256K, used 46936K [0x00000000e0000000, 0x00000000e5e00000, 0x00000000f5580000)
  object space 96256K, 48% used [0x00000000e0000000,0x00000000e2dd6240,0x00000000e5e00000)
 Metaspace       used 84698K, capacity 92170K, committed 92456K, reserved 1128448K
  class space    used 10167K, capacity 12526K, committed 12592K, reserved 1048576K
}
Event: 1375.208 GC heap before
{Heap before GC invocations=43 (full 18):
 PSYoungGen      total 117760K, used 160K [0x00000000f5580000, 0x00000000ffb00000, 0x0000000100000000)
  eden space 117248K, 0% used [0x00000000f5580000,0x00000000f5580000,0x00000000fc800000)
  from space 512K, 31% used [0x00000000fc800000,0x00000000fc828000,0x00000000fc880000)
  to   space 26112K, 0% used [0x00000000fe180000,0x00000000fe180000,0x00000000ffb00000)
 ParOldGen       total 96256K, used 46936K [0x00000000e0000000, 0x00000000e5e00000, 0x00000000f5580000)
  object space 96256K, 48% used [0x00000000e0000000,0x00000000e2dd6240,0x00000000e5e00000)
 Metaspace       used 84698K, capacity 92170K, committed 92456K, reserved 1128448K
  class space    used 10167K, capacity 12526K, committed 12592K, reserved 1048576K
Event: 1375.316 GC heap after
Heap after GC invocations=43 (full 18):
 PSYoungGen      total 117760K, used 0K [0x00000000f5580000, 0x00000000ffb00000, 0x0000000100000000)
  eden space 117248K, 0% used [0x00000000f5580000,0x00000000f5580000,0x00000000fc800000)
  from space 512K, 0% used [0x00000000fc800000,0x00000000fc800000,0x00000000fc880000)
  to   space 26112K, 0% used [0x00000000fe180000,0x00000000fe180000,0x00000000ffb00000)
 ParOldGen       total 96256K, used 46928K [0x00000000e0000000, 0x00000000e5e00000, 0x00000000f5580000)
  object space 96256K, 48% used [0x00000000e0000000,0x00000000e2dd43a0,0x00000000e5e00000)
 Metaspace       used 84698K, capacity 92170K, committed 92456K, reserved 1128448K
  class space    used 10167K, capacity 12526K, committed 12592K, reserved 1048576K
}
Event: 1435.222 GC heap before
{Heap before GC invocations=44 (full 18):
 PSYoungGen      total 117760K, used 3556K [0x00000000f5580000, 0x00000000ffb00000, 0x0000000100000000)
  eden space 117248K, 3% used [0x00000000f5580000,0x00000000f58f9240,0x00000000fc800000)
  from space 512K, 0% used [0x00000000fc800000,0x00000000fc800000,0x00000000fc880000)
  to   space 26112K, 0% used [0x00000000fe180000,0x00000000fe180000,0x00000000ffb00000)
 ParOldGen       total 96256K, used 46928K [0x00000000e0000000, 0x00000000e5e00000, 0x00000000f5580000)
  object space 96256K, 48% used [0x00000000e0000000,0x00000000e2dd43a0,0x00000000e5e00000)
 Metaspace       used 84698K, capacity 92170K, committed 92456K, reserved 1128448K
  class space    used 10167K, capacity 12526K, committed 12592K, reserved 1048576K
Event: 1435.225 GC heap after
Heap after GC invocations=44 (full 18):
 PSYoungGen      total 140288K, used 160K [0x00000000f5580000, 0x00000000ff800000, 0x0000000100000000)
  eden space 117248K, 0% used [0x00000000f5580000,0x00000000f5580000,0x00000000fc800000)
  from space 23040K, 0% used [0x00000000fe180000,0x00000000fe1a8000,0x00000000ff800000)
  to   space 24576K, 0% used [0x00000000fc800000,0x00000000fc800000,0x00000000fe000000)
 ParOldGen       total 96256K, used 46928K [0x00000000e0000000, 0x00000000e5e00000, 0x00000000f5580000)
  object space 96256K, 48% used [0x00000000e0000000,0x00000000e2dd43a0,0x00000000e5e00000)
 Metaspace       used 84698K, capacity 92170K, committed 92456K, reserved 1128448K
  class space    used 10167K, capacity 12526K, committed 12592K, reserved 1048576K
}
Event: 1435.225 GC heap before
{Heap before GC invocations=45 (full 19):
 PSYoungGen      total 140288K, used 160K [0x00000000f5580000, 0x00000000ff800000, 0x0000000100000000)
  eden space 117248K, 0% used [0x00000000f5580000,0x00000000f5580000,0x00000000fc800000)
  from space 23040K, 0% used [0x00000000fe180000,0x00000000fe1a8000,0x00000000ff800000)
  to   space 24576K, 0% used [0x00000000fc800000,0x00000000fc800000,0x00000000fe000000)
 ParOldGen       total 96256K, used 46928K [0x00000000e0000000, 0x00000000e5e00000, 0x00000000f5580000)
  object space 96256K, 48% used [0x00000000e0000000,0x00000000e2dd43a0,0x00000000e5e00000)
 Metaspace       used 84698K, capacity 92170K, committed 92456K, reserved 1128448K
  class space    used 10167K, capacity 12526K, committed 12592K, reserved 1048576K
Event: 1435.316 GC heap after
Heap after GC invocations=45 (full 19):
 PSYoungGen      total 140288K, used 0K [0x00000000f5580000, 0x00000000ff800000, 0x0000000100000000)
  eden space 117248K, 0% used [0x00000000f5580000,0x00000000f5580000,0x00000000fc800000)
  from space 23040K, 0% used [0x00000000fe180000,0x00000000fe180000,0x00000000ff800000)
  to   space 24576K, 0% used [0x00000000fc800000,0x00000000fc800000,0x00000000fe000000)
 ParOldGen       total 96256K, used 46928K [0x00000000e0000000, 0x00000000e5e00000, 0x00000000f5580000)
  object space 96256K, 48% used [0x00000000e0000000,0x00000000e2dd43a0,0x00000000e5e00000)
 Metaspace       used 84698K, capacity 92170K, committed 92456K, reserved 1128448K
  class space    used 10167K, capacity 12526K, committed 12592K, reserved 1048576K
}

