# JRE version: Java(TM) SE Runtime Environment (8.0_66-b18) (build 1.8.0_66-b18)
# Java VM: Java HotSpot(TM) 64-Bit Server VM (25.66-b18 mixed mode windows-amd64 compressed oops)
Heap:
 PSYoungGen      total 99840K, used 39060K [0x00000000f5580000, 0x00000000fb880000, 0x0000000100000000)
  eden space 99328K, 39% used [0x00000000f5580000,0x00000000f7ba5250,0x00000000fb680000)
  from space 512K, 0% used [0x00000000fb780000,0x00000000fb780000,0x00000000fb800000)
  to   space 1024K, 0% used [0x00000000fb680000,0x00000000fb680000,0x00000000fb780000)
 ParOldGen       total 95232K, used 49314K [0x00000000e0000000, 0x00000000e5d00000, 0x00000000f5580000)
  object space 95232K, 51% used [0x00000000e0000000,0x00000000e3028940,0x00000000e5d00000)
 Metaspace       used 90193K, capacity 97700K, committed 97968K, reserved 1134592K
  class space    used 10841K, capacity 13361K, committed 13488K, reserved 1048576K
GC Heap History (10 events):
Event: 7097.743 GC heap before
{Heap before GC invocations=195 (full 93):
 PSYoungGen      total 100352K, used 160K [0x00000000f5580000, 0x00000000fb880000, 0x0000000100000000)
  eden space 99328K, 0% used [0x00000000f5580000,0x00000000f5580000,0x00000000fb680000)
  from space 1024K, 15% used [0x00000000fb780000,0x00000000fb7a8000,0x00000000fb880000)
  to   space 1024K, 0% used [0x00000000fb680000,0x00000000fb680000,0x00000000fb780000)
 ParOldGen       total 95232K, used 49168K [0x00000000e0000000, 0x00000000e5d00000, 0x00000000f5580000)
  object space 95232K, 51% used [0x00000000e0000000,0x00000000e3004330,0x00000000e5d00000)
 Metaspace       used 89331K, capacity 96942K, committed 97200K, reserved 1132544K
  class space    used 10737K, capacity 13134K, committed 13232K, reserved 1048576K
Event: 7097.841 GC heap after
Heap after GC invocations=195 (full 93):
 PSYoungGen      total 100352K, used 0K [0x00000000f5580000, 0x00000000fb880000, 0x0000000100000000)
  eden space 99328K, 0% used [0x00000000f5580000,0x00000000f5580000,0x00000000fb680000)
  from space 1024K, 0% used [0x00000000fb780000,0x00000000fb780000,0x00000000fb880000)
  to   space 1024K, 0% used [0x00000000fb680000,0x00000000fb680000,0x00000000fb780000)
 ParOldGen       total 95232K, used 49168K [0x00000000e0000000, 0x00000000e5d00000, 0x00000000f5580000)
  object space 95232K, 51% used [0x00000000e0000000,0x00000000e3004330,0x00000000e5d00000)
 Metaspace       used 89331K, capacity 96942K, committed 97200K, reserved 1132544K
  class space    used 10737K, capacity 13134K, committed 13232K, reserved 1048576K
}
Event: 7157.750 GC heap before
{Heap before GC invocations=196 (full 93):
 PSYoungGen      total 100352K, used 2382K [0x00000000f5580000, 0x00000000fb880000, 0x0000000100000000)
  eden space 99328K, 2% used [0x00000000f5580000,0x00000000f57d3ac0,0x00000000fb680000)
  from space 1024K, 0% used [0x00000000fb780000,0x00000000fb780000,0x00000000fb880000)
  to   space 1024K, 0% used [0x00000000fb680000,0x00000000fb680000,0x00000000fb780000)
 ParOldGen       total 95232K, used 49168K [0x00000000e0000000, 0x00000000e5d00000, 0x00000000f5580000)
  object space 95232K, 51% used [0x00000000e0000000,0x00000000e3004330,0x00000000e5d00000)
 Metaspace       used 89331K, capacity 96942K, committed 97200K, reserved 1132544K
  class space    used 10737K, capacity 13134K, committed 13232K, reserved 1048576K
Event: 7157.753 GC heap after
Heap after GC invocations=196 (full 93):
 PSYoungGen      total 100352K, used 160K [0x00000000f5580000, 0x00000000fb800000, 0x0000000100000000)
  eden space 99328K, 0% used [0x00000000f5580000,0x00000000f5580000,0x00000000fb680000)
  from space 1024K, 15% used [0x00000000fb680000,0x00000000fb6a8000,0x00000000fb780000)
  to   space 512K, 0% used [0x00000000fb780000,0x00000000fb780000,0x00000000fb800000)
 ParOldGen       total 95232K, used 49168K [0x00000000e0000000, 0x00000000e5d00000, 0x00000000f5580000)
  object space 95232K, 51% used [0x00000000e0000000,0x00000000e3004330,0x00000000e5d00000)
 Metaspace       used 89331K, capacity 96942K, committed 97200K, reserved 1132544K
  class space    used 10737K, capacity 13134K, committed 13232K, reserved 1048576K
}
Event: 7157.753 GC heap before
{Heap before GC invocations=197 (full 94):
 PSYoungGen      total 100352K, used 160K [0x00000000f5580000, 0x00000000fb800000, 0x0000000100000000)
  eden space 99328K, 0% used [0x00000000f5580000,0x00000000f5580000,0x00000000fb680000)
  from space 1024K, 15% used [0x00000000fb680000,0x00000000fb6a8000,0x00000000fb780000)
  to   space 512K, 0% used [0x00000000fb780000,0x00000000fb780000,0x00000000fb800000)
 ParOldGen       total 95232K, used 49168K [0x00000000e0000000, 0x00000000e5d00000, 0x00000000f5580000)
  object space 95232K, 51% used [0x00000000e0000000,0x00000000e3004330,0x00000000e5d00000)
 Metaspace       used 89331K, capacity 96942K, committed 97200K, reserved 1132544K
  class space    used 10737K, capacity 13134K, committed 13232K, reserved 1048576K
Event: 7157.832 GC heap after
Heap after GC invocations=197 (full 94):
 PSYoungGen      total 100352K, used 0K [0x00000000f5580000, 0x00000000fb800000, 0x0000000100000000)
  eden space 99328K, 0% used [0x00000000f5580000,0x00000000f5580000,0x00000000fb680000)
  from space 1024K, 0% used [0x00000000fb680000,0x00000000fb680000,0x00000000fb780000)
  to   space 512K, 0% used [0x00000000fb780000,0x00000000fb780000,0x00000000fb800000)
 ParOldGen       total 95232K, used 49168K [0x00000000e0000000, 0x00000000e5d00000, 0x00000000f5580000)
  object space 95232K, 51% used [0x00000000e0000000,0x00000000e3004330,0x00000000e5d00000)
 Metaspace       used 89331K, capacity 96942K, committed 97200K, reserved 1132544K
  class space    used 10737K, capacity 13134K, committed 13232K, reserved 1048576K
}
Event: 7217.769 GC heap before
{Heap before GC invocations=198 (full 94):
 PSYoungGen      total 100352K, used 7628K [0x00000000f5580000, 0x00000000fb800000, 0x0000000100000000)
  eden space 99328K, 7% used [0x00000000f5580000,0x00000000f5cf3178,0x00000000fb680000)
  from space 1024K, 0% used [0x00000000fb680000,0x00000000fb680000,0x00000000fb780000)
  to   space 512K, 0% used [0x00000000fb780000,0x00000000fb780000,0x00000000fb800000)
 ParOldGen       total 95232K, used 49168K [0x00000000e0000000, 0x00000000e5d00000, 0x00000000f5580000)
  object space 95232K, 51% used [0x00000000e0000000,0x00000000e3004330,0x00000000e5d00000)
 Metaspace       used 89331K, capacity 96942K, committed 97200K, reserved 1132544K
  class space    used 10737K, capacity 13134K, committed 13232K, reserved 1048576K
Event: 7217.771 GC heap after
Heap after GC invocations=198 (full 94):
 PSYoungGen      total 99840K, used 448K [0x00000000f5580000, 0x00000000fb880000, 0x0000000100000000)
  eden space 99328K, 0% used [0x00000000f5580000,0x00000000f5580000,0x00000000fb680000)
  from space 512K, 87% used [0x00000000fb780000,0x00000000fb7f0000,0x00000000fb800000)
  to   space 1024K, 0% used [0x00000000fb680000,0x00000000fb680000,0x00000000fb780000)
 ParOldGen       total 95232K, used 49168K [0x00000000e0000000, 0x00000000e5d00000, 0x00000000f5580000)
  object space 95232K, 51% used [0x00000000e0000000,0x00000000e3004330,0x00000000e5d00000)
 Metaspace       used 89331K, capacity 96942K, committed 97200K, reserved 1132544K
  class space    used 10737K, capacity 13134K, committed 13232K, reserved 1048576K
}
Event: 7217.771 GC heap before
{Heap before GC invocations=199 (full 95):
 PSYoungGen      total 99840K, used 448K [0x00000000f5580000, 0x00000000fb880000, 0x0000000100000000)
  eden space 99328K, 0% used [0x00000000f5580000,0x00000000f5580000,0x00000000fb680000)
  from space 512K, 87% used [0x00000000fb780000,0x00000000fb7f0000,0x00000000fb800000)
  to   space 1024K, 0% used [0x00000000fb680000,0x00000000fb680000,0x00000000fb780000)
 ParOldGen       total 95232K, used 49168K [0x00000000e0000000, 0x00000000e5d00000, 0x00000000f5580000)
  object space 95232K, 51% used [0x00000000e0000000,0x00000000e3004330,0x00000000e5d00000)
 Metaspace       used 89331K, capacity 96942K, committed 97200K, reserved 1132544K
  class space    used 10737K, capacity 13134K, committed 13232K, reserved 1048576K
Event: 7217.860 GC heap after
Heap after GC invocations=199 (full 95):
 PSYoungGen      total 99840K, used 0K [0x00000000f5580000, 0x00000000fb880000, 0x0000000100000000)
  eden space 99328K, 0% used [0x00000000f5580000,0x00000000f5580000,0x00000000fb680000)
  from space 512K, 0% used [0x00000000fb780000,0x00000000fb780000,0x00000000fb800000)
  to   space 1024K, 0% used [0x00000000fb680000,0x00000000fb680000,0x00000000fb780000)
 ParOldGen       total 95232K, used 49314K [0x00000000e0000000, 0x00000000e5d00000, 0x00000000f5580000)
  object space 95232K, 51% used [0x00000000e0000000,0x00000000e3028940,0x00000000e5d00000)
 Metaspace       used 89331K, capacity 96942K, committed 97200K, reserved 1132544K
  class space    used 10737K, capacity 13134K, committed 13232K, reserved 1048576K
}

