# JRE version: Java(TM) SE Runtime Environment (8.0_66-b18) (build 1.8.0_66-b18)
# Java VM: Java HotSpot(TM) 64-Bit Server VM (25.66-b18 mixed mode windows-amd64 compressed oops)
Heap:
 PSYoungGen      total 144384K, used 49938K [0x00000000f5580000, 0x0000000100000000, 0x0000000100000000)
  eden space 117760K, 30% used [0x00000000f5580000,0x00000000f7917240,0x00000000fc880000)
  from space 26624K, 50% used [0x00000000fc880000,0x00000000fd5ad910,0x00000000fe280000)
  to   space 25600K, 0% used [0x00000000fe700000,0x00000000fe700000,0x0000000100000000)
 ParOldGen       total 108032K, used 83401K [0x00000000e0000000, 0x00000000e6980000, 0x00000000f5580000)
  object space 108032K, 77% used [0x00000000e0000000,0x00000000e5172400,0x00000000e6980000)
 Metaspace       used 85517K, capacity 92492K, committed 92672K, reserved 1128448K
  class space    used 10238K, capacity 12682K, committed 12800K, reserved 1048576K
GC Heap History (10 events):
Event: 5.274 GC heap before
{Heap before GC invocations=14 (full 3):
 PSYoungGen      total 159232K, used 15357K [0x00000000f5580000, 0x0000000100000000, 0x0000000100000000)
  eden space 143872K, 0% used [0x00000000f5580000,0x00000000f5580000,0x00000000fe200000)
  from space 15360K, 99% used [0x00000000fe200000,0x00000000ff0ff410,0x00000000ff100000)
  to   space 15360K, 0% used [0x00000000ff100000,0x00000000ff100000,0x0000000100000000)
 ParOldGen       total 75776K, used 45737K [0x00000000e0000000, 0x00000000e4a00000, 0x00000000f5580000)
  object space 75776K, 60% used [0x00000000e0000000,0x00000000e2caa698,0x00000000e4a00000)
 Metaspace       used 54251K, capacity 58916K, committed 59028K, reserved 1099776K
  class space    used 6360K, capacity 7862K, committed 7936K, reserved 1048576K
Event: 5.433 GC heap after
Heap after GC invocations=14 (full 3):
 PSYoungGen      total 159232K, used 0K [0x00000000f5580000, 0x0000000100000000, 0x0000000100000000)
  eden space 143872K, 0% used [0x00000000f5580000,0x00000000f5580000,0x00000000fe200000)
  from space 15360K, 0% used [0x00000000fe200000,0x00000000fe200000,0x00000000ff100000)
  to   space 15360K, 0% used [0x00000000ff100000,0x00000000ff100000,0x0000000100000000)
 ParOldGen       total 108032K, used 50950K [0x00000000e0000000, 0x00000000e6980000, 0x00000000f5580000)
  object space 108032K, 47% used [0x00000000e0000000,0x00000000e31c1bb8,0x00000000e6980000)
 Metaspace       used 54251K, capacity 58916K, committed 59028K, reserved 1099776K
  class space    used 6360K, capacity 7862K, committed 7936K, reserved 1048576K
}
Event: 7.359 GC heap before
{Heap before GC invocations=15 (full 3):
 PSYoungGen      total 159232K, used 143872K [0x00000000f5580000, 0x0000000100000000, 0x0000000100000000)
  eden space 143872K, 100% used [0x00000000f5580000,0x00000000fe200000,0x00000000fe200000)
  from space 15360K, 0% used [0x00000000fe200000,0x00000000fe200000,0x00000000ff100000)
  to   space 15360K, 0% used [0x00000000ff100000,0x00000000ff100000,0x0000000100000000)
 ParOldGen       total 108032K, used 50950K [0x00000000e0000000, 0x00000000e6980000, 0x00000000f5580000)
  object space 108032K, 47% used [0x00000000e0000000,0x00000000e31c1bb8,0x00000000e6980000)
 Metaspace       used 73042K, capacity 79300K, committed 79488K, reserved 1118208K
  class space    used 8863K, capacity 10865K, committed 10880K, reserved 1048576K
Event: 7.385 GC heap after
Heap after GC invocations=15 (full 3):
 PSYoungGen      total 131584K, used 15336K [0x00000000f5580000, 0x0000000100000000, 0x0000000100000000)
  eden space 116224K, 0% used [0x00000000f5580000,0x00000000f5580000,0x00000000fc700000)
  from space 15360K, 99% used [0x00000000ff100000,0x00000000ffffa3e8,0x0000000100000000)
  to   space 29184K, 0% used [0x00000000fc700000,0x00000000fc700000,0x00000000fe380000)
 ParOldGen       total 108032K, used 68873K [0x00000000e0000000, 0x00000000e6980000, 0x00000000f5580000)
  object space 108032K, 63% used [0x00000000e0000000,0x00000000e4342680,0x00000000e6980000)
 Metaspace       used 73042K, capacity 79300K, committed 79488K, reserved 1118208K
  class space    used 8863K, capacity 10865K, committed 10880K, reserved 1048576K
}
Event: 45.353 GC heap before
{Heap before GC invocations=16 (full 3):
 PSYoungGen      total 131584K, used 131560K [0x00000000f5580000, 0x0000000100000000, 0x0000000100000000)
  eden space 116224K, 100% used [0x00000000f5580000,0x00000000fc700000,0x00000000fc700000)
  from space 15360K, 99% used [0x00000000ff100000,0x00000000ffffa3e8,0x0000000100000000)
  to   space 29184K, 0% used [0x00000000fc700000,0x00000000fc700000,0x00000000fe380000)
 ParOldGen       total 108032K, used 68873K [0x00000000e0000000, 0x00000000e6980000, 0x00000000f5580000)
  object space 108032K, 63% used [0x00000000e0000000,0x00000000e4342680,0x00000000e6980000)
 Metaspace       used 78219K, capacity 84528K, committed 84736K, reserved 1122304K
  class space    used 9410K, capacity 11487K, committed 11520K, reserved 1048576K
Event: 45.373 GC heap after
Heap after GC invocations=16 (full 3):
 PSYoungGen      total 145408K, used 9599K [0x00000000f5580000, 0x0000000100000000, 0x0000000100000000)
  eden space 116224K, 0% used [0x00000000f5580000,0x00000000f5580000,0x00000000fc700000)
  from space 29184K, 32% used [0x00000000fc700000,0x00000000fd05ff40,0x00000000fe380000)
  to   space 27648K, 0% used [0x00000000fe500000,0x00000000fe500000,0x0000000100000000)
 ParOldGen       total 108032K, used 83385K [0x00000000e0000000, 0x00000000e6980000, 0x00000000f5580000)
  object space 108032K, 77% used [0x00000000e0000000,0x00000000e516e400,0x00000000e6980000)
 Metaspace       used 78219K, capacity 84528K, committed 84736K, reserved 1122304K
  class space    used 9410K, capacity 11487K, committed 11520K, reserved 1048576K
}
Event: 146.781 GC heap before
{Heap before GC invocations=17 (full 3):
 PSYoungGen      total 145408K, used 125823K [0x00000000f5580000, 0x0000000100000000, 0x0000000100000000)
  eden space 116224K, 100% used [0x00000000f5580000,0x00000000fc700000,0x00000000fc700000)
  from space 29184K, 32% used [0x00000000fc700000,0x00000000fd05ff40,0x00000000fe380000)
  to   space 27648K, 0% used [0x00000000fe500000,0x00000000fe500000,0x0000000100000000)
 ParOldGen       total 108032K, used 83385K [0x00000000e0000000, 0x00000000e6980000, 0x00000000f5580000)
  object space 108032K, 77% used [0x00000000e0000000,0x00000000e516e400,0x00000000e6980000)
 Metaspace       used 83754K, capacity 90588K, committed 90880K, reserved 1128448K
  class space    used 10083K, capacity 12456K, committed 12544K, reserved 1048576K
Event: 146.792 GC heap after
Heap after GC invocations=17 (full 3):
 PSYoungGen      total 141824K, used 12681K [0x00000000f5580000, 0x00000000ffc80000, 0x0000000100000000)
  eden space 117760K, 0% used [0x00000000f5580000,0x00000000f5580000,0x00000000fc880000)
  from space 24064K, 52% used [0x00000000fe500000,0x00000000ff1624d8,0x00000000ffc80000)
  to   space 26624K, 0% used [0x00000000fc880000,0x00000000fc880000,0x00000000fe280000)
 ParOldGen       total 108032K, used 83393K [0x00000000e0000000, 0x00000000e6980000, 0x00000000f5580000)
  object space 108032K, 77% used [0x00000000e0000000,0x00000000e5170400,0x00000000e6980000)
 Metaspace       used 83754K, capacity 90588K, committed 90880K, reserved 1128448K
  class space    used 10083K, capacity 12456K, committed 12544K, reserved 1048576K
}
Event: 1989.437 GC heap before
{Heap before GC invocations=18 (full 3):
 PSYoungGen      total 141824K, used 130441K [0x00000000f5580000, 0x00000000ffc80000, 0x0000000100000000)
  eden space 117760K, 100% used [0x00000000f5580000,0x00000000fc880000,0x00000000fc880000)
  from space 24064K, 52% used [0x00000000fe500000,0x00000000ff1624d8,0x00000000ffc80000)
  to   space 26624K, 0% used [0x00000000fc880000,0x00000000fc880000,0x00000000fe280000)
 ParOldGen       total 108032K, used 83393K [0x00000000e0000000, 0x00000000e6980000, 0x00000000f5580000)
  object space 108032K, 77% used [0x00000000e0000000,0x00000000e5170400,0x00000000e6980000)
 Metaspace       used 84496K, capacity 91356K, committed 91392K, reserved 1128448K
  class space    used 10120K, capacity 12520K, committed 12544K, reserved 1048576K
Event: 1989.471 GC heap after
Heap after GC invocations=18 (full 3):
 PSYoungGen      total 144384K, used 13494K [0x00000000f5580000, 0x0000000100000000, 0x0000000100000000)
  eden space 117760K, 0% used [0x00000000f5580000,0x00000000f5580000,0x00000000fc880000)
  from space 26624K, 50% used [0x00000000fc880000,0x00000000fd5ad910,0x00000000fe280000)
  to   space 25600K, 0% used [0x00000000fe700000,0x00000000fe700000,0x0000000100000000)
 ParOldGen       total 108032K, used 83401K [0x00000000e0000000, 0x00000000e6980000, 0x00000000f5580000)
  object space 108032K, 77% used [0x00000000e0000000,0x00000000e5172400,0x00000000e6980000)
 Metaspace       used 84496K, capacity 91356K, committed 91392K, reserved 1128448K
  class space    used 10120K, capacity 12520K, committed 12544K, reserved 1048576K
}

