# JRE version: Java(TM) SE Runtime Environment (8.0_66-b18) (build 1.8.0_66-b18)
# Java VM: Java HotSpot(TM) 64-Bit Server VM (25.66-b18 mixed mode windows-amd64 compressed oops)
Heap:
 PSYoungGen      total 172032K, used 167746K [0x00000000f5580000, 0x0000000100000000, 0x0000000100000000)
  eden space 169472K, 98% used [0x00000000f5580000,0x00000000ff7d2ba0,0x00000000ffb00000)
  from space 2560K, 59% used [0x00000000ffd80000,0x00000000ffefdc70,0x0000000100000000)
  to   space 2560K, 0% used [0x00000000ffb00000,0x00000000ffb00000,0x00000000ffd80000)
 ParOldGen       total 118784K, used 68947K [0x00000000e0000000, 0x00000000e7400000, 0x00000000f5580000)
  object space 118784K, 58% used [0x00000000e0000000,0x00000000e4354f90,0x00000000e7400000)
 Metaspace       used 93297K, capacity 100758K, committed 100864K, reserved 1136640K
  class space    used 10853K, capacity 13289K, committed 13312K, reserved 1048576K
GC Heap History (10 events):
Event: 5439.802 GC heap before
{Heap before GC invocations=333 (full 25):
 PSYoungGen      total 170496K, used 168631K [0x00000000f5580000, 0x0000000100000000, 0x0000000100000000)
  eden space 167424K, 100% used [0x00000000f5580000,0x00000000ff900000,0x00000000ff900000)
  from space 3072K, 39% used [0x00000000ff900000,0x00000000ffa2dc70,0x00000000ffc00000)
  to   space 3072K, 0% used [0x00000000ffd00000,0x00000000ffd00000,0x0000000100000000)
 ParOldGen       total 118784K, used 68947K [0x00000000e0000000, 0x00000000e7400000, 0x00000000f5580000)
  object space 118784K, 58% used [0x00000000e0000000,0x00000000e4354f90,0x00000000e7400000)
 Metaspace       used 92319K, capacity 99814K, committed 99968K, reserved 1136640K
  class space    used 10740K, capacity 13127K, committed 13184K, reserved 1048576K
Event: 5439.805 GC heap after
Heap after GC invocations=333 (full 25):
 PSYoungGen      total 171520K, used 1251K [0x00000000f5580000, 0x0000000100000000, 0x0000000100000000)
  eden space 168448K, 0% used [0x00000000f5580000,0x00000000f5580000,0x00000000ffa00000)
  from space 3072K, 40% used [0x00000000ffd00000,0x00000000ffe38e40,0x0000000100000000)
  to   space 3072K, 0% used [0x00000000ffa00000,0x00000000ffa00000,0x00000000ffd00000)
 ParOldGen       total 118784K, used 68947K [0x00000000e0000000, 0x00000000e7400000, 0x00000000f5580000)
  object space 118784K, 58% used [0x00000000e0000000,0x00000000e4354f90,0x00000000e7400000)
 Metaspace       used 92319K, capacity 99814K, committed 99968K, reserved 1136640K
  class space    used 10740K, capacity 13127K, committed 13184K, reserved 1048576K
}
Event: 5446.043 GC heap before
{Heap before GC invocations=334 (full 25):
 PSYoungGen      total 171520K, used 169699K [0x00000000f5580000, 0x0000000100000000, 0x0000000100000000)
  eden space 168448K, 100% used [0x00000000f5580000,0x00000000ffa00000,0x00000000ffa00000)
  from space 3072K, 40% used [0x00000000ffd00000,0x00000000ffe38e40,0x0000000100000000)
  to   space 3072K, 0% used [0x00000000ffa00000,0x00000000ffa00000,0x00000000ffd00000)
 ParOldGen       total 118784K, used 68947K [0x00000000e0000000, 0x00000000e7400000, 0x00000000f5580000)
  object space 118784K, 58% used [0x00000000e0000000,0x00000000e4354f90,0x00000000e7400000)
 Metaspace       used 92331K, capacity 99814K, committed 99968K, reserved 1136640K
  class space    used 10740K, capacity 13127K, committed 13184K, reserved 1048576K
Event: 5446.047 GC heap after
Heap after GC invocations=334 (full 25):
 PSYoungGen      total 171520K, used 1271K [0x00000000f5580000, 0x0000000100000000, 0x0000000100000000)
  eden space 168448K, 0% used [0x00000000f5580000,0x00000000f5580000,0x00000000ffa00000)
  from space 3072K, 41% used [0x00000000ffa00000,0x00000000ffb3dc70,0x00000000ffd00000)
  to   space 3072K, 0% used [0x00000000ffd00000,0x00000000ffd00000,0x0000000100000000)
 ParOldGen       total 118784K, used 68947K [0x00000000e0000000, 0x00000000e7400000, 0x00000000f5580000)
  object space 118784K, 58% used [0x00000000e0000000,0x00000000e4354f90,0x00000000e7400000)
 Metaspace       used 92331K, capacity 99814K, committed 99968K, reserved 1136640K
  class space    used 10740K, capacity 13127K, committed 13184K, reserved 1048576K
}
Event: 5452.554 GC heap before
{Heap before GC invocations=335 (full 25):
 PSYoungGen      total 171520K, used 169719K [0x00000000f5580000, 0x0000000100000000, 0x0000000100000000)
  eden space 168448K, 100% used [0x00000000f5580000,0x00000000ffa00000,0x00000000ffa00000)
  from space 3072K, 41% used [0x00000000ffa00000,0x00000000ffb3dc70,0x00000000ffd00000)
  to   space 3072K, 0% used [0x00000000ffd00000,0x00000000ffd00000,0x0000000100000000)
 ParOldGen       total 118784K, used 68947K [0x00000000e0000000, 0x00000000e7400000, 0x00000000f5580000)
  object space 118784K, 58% used [0x00000000e0000000,0x00000000e4354f90,0x00000000e7400000)
 Metaspace       used 92331K, capacity 99814K, committed 99968K, reserved 1136640K
  class space    used 10740K, capacity 13127K, committed 13184K, reserved 1048576K
Event: 5452.557 GC heap after
Heap after GC invocations=335 (full 25):
 PSYoungGen      total 170496K, used 1271K [0x00000000f5580000, 0x00000000fff00000, 0x0000000100000000)
  eden space 168448K, 0% used [0x00000000f5580000,0x00000000f5580000,0x00000000ffa00000)
  from space 2048K, 62% used [0x00000000ffd00000,0x00000000ffe3dc70,0x00000000fff00000)
  to   space 2560K, 0% used [0x00000000ffa00000,0x00000000ffa00000,0x00000000ffc80000)
 ParOldGen       total 118784K, used 68947K [0x00000000e0000000, 0x00000000e7400000, 0x00000000f5580000)
  object space 118784K, 58% used [0x00000000e0000000,0x00000000e4354f90,0x00000000e7400000)
 Metaspace       used 92331K, capacity 99814K, committed 99968K, reserved 1136640K
  class space    used 10740K, capacity 13127K, committed 13184K, reserved 1048576K
}
Event: 5459.084 GC heap before
{Heap before GC invocations=336 (full 25):
 PSYoungGen      total 170496K, used 169719K [0x00000000f5580000, 0x00000000fff00000, 0x0000000100000000)
  eden space 168448K, 100% used [0x00000000f5580000,0x00000000ffa00000,0x00000000ffa00000)
  from space 2048K, 62% used [0x00000000ffd00000,0x00000000ffe3dc70,0x00000000fff00000)
  to   space 2560K, 0% used [0x00000000ffa00000,0x00000000ffa00000,0x00000000ffc80000)
 ParOldGen       total 118784K, used 68947K [0x00000000e0000000, 0x00000000e7400000, 0x00000000f5580000)
  object space 118784K, 58% used [0x00000000e0000000,0x00000000e4354f90,0x00000000e7400000)
 Metaspace       used 92331K, capacity 99814K, committed 99968K, reserved 1136640K
  class space    used 10740K, capacity 13127K, committed 13184K, reserved 1048576K
Event: 5459.087 GC heap after
Heap after GC invocations=336 (full 25):
 PSYoungGen      total 171008K, used 1319K [0x00000000f5580000, 0x0000000100000000, 0x0000000100000000)
  eden space 168448K, 0% used [0x00000000f5580000,0x00000000f5580000,0x00000000ffa00000)
  from space 2560K, 51% used [0x00000000ffa00000,0x00000000ffb49c60,0x00000000ffc80000)
  to   space 2560K, 0% used [0x00000000ffd80000,0x00000000ffd80000,0x0000000100000000)
 ParOldGen       total 118784K, used 68947K [0x00000000e0000000, 0x00000000e7400000, 0x00000000f5580000)
  object space 118784K, 58% used [0x00000000e0000000,0x00000000e4354f90,0x00000000e7400000)
 Metaspace       used 92331K, capacity 99814K, committed 99968K, reserved 1136640K
  class space    used 10740K, capacity 13127K, committed 13184K, reserved 1048576K
}
Event: 5465.321 GC heap before
{Heap before GC invocations=337 (full 25):
 PSYoungGen      total 171008K, used 169767K [0x00000000f5580000, 0x0000000100000000, 0x0000000100000000)
  eden space 168448K, 100% used [0x00000000f5580000,0x00000000ffa00000,0x00000000ffa00000)
  from space 2560K, 51% used [0x00000000ffa00000,0x00000000ffb49c60,0x00000000ffc80000)
  to   space 2560K, 0% used [0x00000000ffd80000,0x00000000ffd80000,0x0000000100000000)
 ParOldGen       total 118784K, used 68947K [0x00000000e0000000, 0x00000000e7400000, 0x00000000f5580000)
  object space 118784K, 58% used [0x00000000e0000000,0x00000000e4354f90,0x00000000e7400000)
 Metaspace       used 92423K, capacity 99820K, committed 99968K, reserved 1136640K
  class space    used 10752K, capacity 13128K, committed 13184K, reserved 1048576K
Event: 5465.324 GC heap after
Heap after GC invocations=337 (full 25):
 PSYoungGen      total 172032K, used 1527K [0x00000000f5580000, 0x0000000100000000, 0x0000000100000000)
  eden space 169472K, 0% used [0x00000000f5580000,0x00000000f5580000,0x00000000ffb00000)
  from space 2560K, 59% used [0x00000000ffd80000,0x00000000ffefdc70,0x0000000100000000)
  to   space 2560K, 0% used [0x00000000ffb00000,0x00000000ffb00000,0x00000000ffd80000)
 ParOldGen       total 118784K, used 68947K [0x00000000e0000000, 0x00000000e7400000, 0x00000000f5580000)
  object space 118784K, 58% used [0x00000000e0000000,0x00000000e4354f90,0x00000000e7400000)
 Metaspace       used 92423K, capacity 99820K, committed 99968K, reserved 1136640K
  class space    used 10752K, capacity 13128K, committed 13184K, reserved 1048576K
}

