# JRE version: Java(TM) SE Runtime Environment (8.0_66-b18) (build 1.8.0_66-b18)
# Java VM: Java HotSpot(TM) 64-Bit Server VM (25.66-b18 mixed mode windows-amd64 compressed oops)
Heap:
 PSYoungGen      total 135680K, used 95632K [0x00000000f5580000, 0x0000000100000000, 0x0000000100000000)
  eden space 120320K, 66% used [0x00000000f5580000,0x00000000fa3e8b78,0x00000000fcb00000)
  from space 15360K, 99% used [0x00000000ff100000,0x00000000ffffb708,0x0000000100000000)
  to   space 27136K, 0% used [0x00000000fcb00000,0x00000000fcb00000,0x00000000fe580000)
 ParOldGen       total 104960K, used 62897K [0x00000000e0000000, 0x00000000e6680000, 0x00000000f5580000)
  object space 104960K, 59% used [0x00000000e0000000,0x00000000e3d6c7d0,0x00000000e6680000)
 Metaspace       used 75497K, capacity 82750K, committed 82904K, reserved 1120256K
  class space    used 9043K, capacity 11489K, committed 11520K, reserved 1048576K
GC Heap History (10 events):
Event: 3.297 GC heap before
{Heap before GC invocations=11 (full 1):
 PSYoungGen      total 139264K, used 74786K [0x00000000f5580000, 0x0000000100000000, 0x0000000100000000)
  eden space 129024K, 57% used [0x00000000f5580000,0x00000000f9e88a88,0x00000000fd380000)
  from space 10240K, 0% used [0x00000000fd380000,0x00000000fd380000,0x00000000fdd80000)
  to   space 10240K, 0% used [0x00000000ff600000,0x00000000ff600000,0x0000000100000000)
 ParOldGen       total 48128K, used 19799K [0x00000000e0000000, 0x00000000e2f00000, 0x00000000f5580000)
  object space 48128K, 41% used [0x00000000e0000000,0x00000000e1355f88,0x00000000e2f00000)
 Metaspace       used 32403K, capacity 35214K, committed 35416K, reserved 1079296K
  class space    used 3813K, capacity 4736K, committed 4736K, reserved 1048576K
Event: 3.312 GC heap after
Heap after GC invocations=11 (full 1):
 PSYoungGen      total 154112K, used 10211K [0x00000000f5580000, 0x0000000100000000, 0x0000000100000000)
  eden space 143872K, 0% used [0x00000000f5580000,0x00000000f5580000,0x00000000fe200000)
  from space 10240K, 99% used [0x00000000ff600000,0x00000000ffff8e38,0x0000000100000000)
  to   space 15360K, 0% used [0x00000000fe200000,0x00000000fe200000,0x00000000ff100000)
 ParOldGen       total 48128K, used 30824K [0x00000000e0000000, 0x00000000e2f00000, 0x00000000f5580000)
  object space 48128K, 64% used [0x00000000e0000000,0x00000000e1e1a2d0,0x00000000e2f00000)
 Metaspace       used 32403K, capacity 35214K, committed 35416K, reserved 1079296K
  class space    used 3813K, capacity 4736K, committed 4736K, reserved 1048576K
}
Event: 3.312 GC heap before
{Heap before GC invocations=12 (full 2):
 PSYoungGen      total 154112K, used 10211K [0x00000000f5580000, 0x0000000100000000, 0x0000000100000000)
  eden space 143872K, 0% used [0x00000000f5580000,0x00000000f5580000,0x00000000fe200000)
  from space 10240K, 99% used [0x00000000ff600000,0x00000000ffff8e38,0x0000000100000000)
  to   space 15360K, 0% used [0x00000000fe200000,0x00000000fe200000,0x00000000ff100000)
 ParOldGen       total 48128K, used 30824K [0x00000000e0000000, 0x00000000e2f00000, 0x00000000f5580000)
  object space 48128K, 64% used [0x00000000e0000000,0x00000000e1e1a2d0,0x00000000e2f00000)
 Metaspace       used 32403K, capacity 35214K, committed 35416K, reserved 1079296K
  class space    used 3813K, capacity 4736K, committed 4736K, reserved 1048576K
Event: 3.384 GC heap after
Heap after GC invocations=12 (full 2):
 PSYoungGen      total 154112K, used 0K [0x00000000f5580000, 0x0000000100000000, 0x0000000100000000)
  eden space 143872K, 0% used [0x00000000f5580000,0x00000000f5580000,0x00000000fe200000)
  from space 10240K, 0% used [0x00000000ff600000,0x00000000ff600000,0x0000000100000000)
  to   space 15360K, 0% used [0x00000000fe200000,0x00000000fe200000,0x00000000ff100000)
 ParOldGen       total 76288K, used 34037K [0x00000000e0000000, 0x00000000e4a80000, 0x00000000f5580000)
  object space 76288K, 44% used [0x00000000e0000000,0x00000000e213d498,0x00000000e4a80000)
 Metaspace       used 32403K, capacity 35214K, committed 35416K, reserved 1079296K
  class space    used 3813K, capacity 4736K, committed 4736K, reserved 1048576K
}
Event: 8.473 GC heap before
{Heap before GC invocations=13 (full 2):
 PSYoungGen      total 154112K, used 116110K [0x00000000f5580000, 0x0000000100000000, 0x0000000100000000)
  eden space 143872K, 80% used [0x00000000f5580000,0x00000000fc6e3808,0x00000000fe200000)
  from space 10240K, 0% used [0x00000000ff600000,0x00000000ff600000,0x0000000100000000)
  to   space 15360K, 0% used [0x00000000fe200000,0x00000000fe200000,0x00000000ff100000)
 ParOldGen       total 76288K, used 34037K [0x00000000e0000000, 0x00000000e4a80000, 0x00000000f5580000)
  object space 76288K, 44% used [0x00000000e0000000,0x00000000e213d498,0x00000000e4a80000)
 Metaspace       used 54228K, capacity 58914K, committed 58968K, reserved 1099776K
  class space    used 6462K, capacity 8041K, committed 8064K, reserved 1048576K
Event: 8.488 GC heap after
Heap after GC invocations=13 (full 2):
 PSYoungGen      total 159232K, used 15353K [0x00000000f5580000, 0x0000000100000000, 0x0000000100000000)
  eden space 143872K, 0% used [0x00000000f5580000,0x00000000f5580000,0x00000000fe200000)
  from space 15360K, 99% used [0x00000000fe200000,0x00000000ff0fe658,0x00000000ff100000)
  to   space 15360K, 0% used [0x00000000ff100000,0x00000000ff100000,0x0000000100000000)
 ParOldGen       total 76288K, used 45043K [0x00000000e0000000, 0x00000000e4a80000, 0x00000000f5580000)
  object space 76288K, 59% used [0x00000000e0000000,0x00000000e2bfcef8,0x00000000e4a80000)
 Metaspace       used 54228K, capacity 58914K, committed 58968K, reserved 1099776K
  class space    used 6462K, capacity 8041K, committed 8064K, reserved 1048576K
}
Event: 8.488 GC heap before
{Heap before GC invocations=14 (full 3):
 PSYoungGen      total 159232K, used 15353K [0x00000000f5580000, 0x0000000100000000, 0x0000000100000000)
  eden space 143872K, 0% used [0x00000000f5580000,0x00000000f5580000,0x00000000fe200000)
  from space 15360K, 99% used [0x00000000fe200000,0x00000000ff0fe658,0x00000000ff100000)
  to   space 15360K, 0% used [0x00000000ff100000,0x00000000ff100000,0x0000000100000000)
 ParOldGen       total 76288K, used 45043K [0x00000000e0000000, 0x00000000e4a80000, 0x00000000f5580000)
  object space 76288K, 59% used [0x00000000e0000000,0x00000000e2bfcef8,0x00000000e4a80000)
 Metaspace       used 54228K, capacity 58914K, committed 58968K, reserved 1099776K
  class space    used 6462K, capacity 8041K, committed 8064K, reserved 1048576K
Event: 8.624 GC heap after
Heap after GC invocations=14 (full 3):
 PSYoungGen      total 159232K, used 0K [0x00000000f5580000, 0x0000000100000000, 0x0000000100000000)
  eden space 143872K, 0% used [0x00000000f5580000,0x00000000f5580000,0x00000000fe200000)
  from space 15360K, 0% used [0x00000000fe200000,0x00000000fe200000,0x00000000ff100000)
  to   space 15360K, 0% used [0x00000000ff100000,0x00000000ff100000,0x0000000100000000)
 ParOldGen       total 104960K, used 50369K [0x00000000e0000000, 0x00000000e6680000, 0x00000000f5580000)
  object space 104960K, 47% used [0x00000000e0000000,0x00000000e31305b0,0x00000000e6680000)
 Metaspace       used 54228K, capacity 58914K, committed 58968K, reserved 1099776K
  class space    used 6462K, capacity 8041K, committed 8064K, reserved 1048576K
}
Event: 21.275 GC heap before
{Heap before GC invocations=15 (full 3):
 PSYoungGen      total 159232K, used 143872K [0x00000000f5580000, 0x0000000100000000, 0x0000000100000000)
  eden space 143872K, 100% used [0x00000000f5580000,0x00000000fe200000,0x00000000fe200000)
  from space 15360K, 0% used [0x00000000fe200000,0x00000000fe200000,0x00000000ff100000)
  to   space 15360K, 0% used [0x00000000ff100000,0x00000000ff100000,0x0000000100000000)
 ParOldGen       total 104960K, used 50369K [0x00000000e0000000, 0x00000000e6680000, 0x00000000f5580000)
  object space 104960K, 47% used [0x00000000e0000000,0x00000000e31305b0,0x00000000e6680000)
 Metaspace       used 72696K, capacity 79484K, committed 79704K, reserved 1118208K
  class space    used 8747K, capacity 11046K, committed 11136K, reserved 1048576K
Event: 21.292 GC heap after
Heap after GC invocations=15 (full 3):
 PSYoungGen      total 135680K, used 15341K [0x00000000f5580000, 0x0000000100000000, 0x0000000100000000)
  eden space 120320K, 0% used [0x00000000f5580000,0x00000000f5580000,0x00000000fcb00000)
  from space 15360K, 99% used [0x00000000ff100000,0x00000000ffffb708,0x0000000100000000)
  to   space 27136K, 0% used [0x00000000fcb00000,0x00000000fcb00000,0x00000000fe580000)
 ParOldGen       total 104960K, used 62897K [0x00000000e0000000, 0x00000000e6680000, 0x00000000f5580000)
  object space 104960K, 59% used [0x00000000e0000000,0x00000000e3d6c7d0,0x00000000e6680000)
 Metaspace       used 72696K, capacity 79484K, committed 79704K, reserved 1118208K
  class space    used 8747K, capacity 11046K, committed 11136K, reserved 1048576K
}

