# JRE version: Java(TM) SE Runtime Environment (8.0_66-b18) (build 1.8.0_66-b18)
# Java VM: Java HotSpot(TM) 64-Bit Server VM (25.66-b18 mixed mode windows-amd64 compressed oops)
Heap:
 PSYoungGen      total 65024K, used 41060K [0x00000000f5580000, 0x00000000fb180000, 0x0000000100000000)
  eden space 64512K, 63% used [0x00000000f5580000,0x00000000f7d99190,0x00000000f9480000)
  from space 512K, 0% used [0x00000000f9480000,0x00000000f9480000,0x00000000f9500000)
  to   space 14848K, 0% used [0x00000000fa300000,0x00000000fa300000,0x00000000fb180000)
 ParOldGen       total 115200K, used 45960K [0x00000000e0000000, 0x00000000e7080000, 0x00000000f5580000)
  object space 115200K, 39% used [0x00000000e0000000,0x00000000e2ce2010,0x00000000e7080000)
 Metaspace       used 83743K, capacity 90956K, committed 91304K, reserved 1128448K
  class space    used 10178K, capacity 12685K, committed 12720K, reserved 1048576K
GC Heap History (10 events):
Event: 4179.498 GC heap before
{Heap before GC invocations=55 (full 22):
 PSYoungGen      total 65024K, used 160K [0x00000000f5580000, 0x00000000fb580000, 0x0000000100000000)
  eden space 64512K, 0% used [0x00000000f5580000,0x00000000f5580000,0x00000000f9480000)
  from space 512K, 31% used [0x00000000f9480000,0x00000000f94a8000,0x00000000f9500000)
  to   space 16896K, 0% used [0x00000000fa500000,0x00000000fa500000,0x00000000fb580000)
 ParOldGen       total 115200K, used 45958K [0x00000000e0000000, 0x00000000e7080000, 0x00000000f5580000)
  object space 115200K, 39% used [0x00000000e0000000,0x00000000e2ce1aa0,0x00000000e7080000)
 Metaspace       used 82704K, capacity 89628K, committed 90024K, reserved 1126400K
  class space    used 10067K, capacity 12395K, committed 12464K, reserved 1048576K
Event: 4179.589 GC heap after
Heap after GC invocations=55 (full 22):
 PSYoungGen      total 65024K, used 0K [0x00000000f5580000, 0x00000000fb580000, 0x0000000100000000)
  eden space 64512K, 0% used [0x00000000f5580000,0x00000000f5580000,0x00000000f9480000)
  from space 512K, 0% used [0x00000000f9480000,0x00000000f9480000,0x00000000f9500000)
  to   space 16896K, 0% used [0x00000000fa500000,0x00000000fa500000,0x00000000fb580000)
 ParOldGen       total 115200K, used 45958K [0x00000000e0000000, 0x00000000e7080000, 0x00000000f5580000)
  object space 115200K, 39% used [0x00000000e0000000,0x00000000e2ce1ac8,0x00000000e7080000)
 Metaspace       used 82704K, capacity 89628K, committed 90024K, reserved 1126400K
  class space    used 10067K, capacity 12395K, committed 12464K, reserved 1048576K
}
Event: 4239.507 GC heap before
{Heap before GC invocations=56 (full 22):
 PSYoungGen      total 65024K, used 7852K [0x00000000f5580000, 0x00000000fb580000, 0x0000000100000000)
  eden space 64512K, 12% used [0x00000000f5580000,0x00000000f5d2b1c0,0x00000000f9480000)
  from space 512K, 0% used [0x00000000f9480000,0x00000000f9480000,0x00000000f9500000)
  to   space 16896K, 0% used [0x00000000fa500000,0x00000000fa500000,0x00000000fb580000)
 ParOldGen       total 115200K, used 45958K [0x00000000e0000000, 0x00000000e7080000, 0x00000000f5580000)
  object space 115200K, 39% used [0x00000000e0000000,0x00000000e2ce1ac8,0x00000000e7080000)
 Metaspace       used 82715K, capacity 89628K, committed 90024K, reserved 1126400K
  class space    used 10067K, capacity 12395K, committed 12464K, reserved 1048576K
Event: 4239.523 GC heap after
Heap after GC invocations=56 (full 22):
 PSYoungGen      total 79360K, used 448K [0x00000000f5580000, 0x00000000fb380000, 0x0000000100000000)
  eden space 64512K, 0% used [0x00000000f5580000,0x00000000f5580000,0x00000000f9480000)
  from space 14848K, 3% used [0x00000000fa500000,0x00000000fa570000,0x00000000fb380000)
  to   space 15872K, 0% used [0x00000000f9480000,0x00000000f9480000,0x00000000fa400000)
 ParOldGen       total 115200K, used 45958K [0x00000000e0000000, 0x00000000e7080000, 0x00000000f5580000)
  object space 115200K, 39% used [0x00000000e0000000,0x00000000e2ce1ac8,0x00000000e7080000)
 Metaspace       used 82715K, capacity 89628K, committed 90024K, reserved 1126400K
  class space    used 10067K, capacity 12395K, committed 12464K, reserved 1048576K
}
Event: 4239.523 GC heap before
{Heap before GC invocations=57 (full 23):
 PSYoungGen      total 79360K, used 448K [0x00000000f5580000, 0x00000000fb380000, 0x0000000100000000)
  eden space 64512K, 0% used [0x00000000f5580000,0x00000000f5580000,0x00000000f9480000)
  from space 14848K, 3% used [0x00000000fa500000,0x00000000fa570000,0x00000000fb380000)
  to   space 15872K, 0% used [0x00000000f9480000,0x00000000f9480000,0x00000000fa400000)
 ParOldGen       total 115200K, used 45958K [0x00000000e0000000, 0x00000000e7080000, 0x00000000f5580000)
  object space 115200K, 39% used [0x00000000e0000000,0x00000000e2ce1ac8,0x00000000e7080000)
 Metaspace       used 82715K, capacity 89628K, committed 90024K, reserved 1126400K
  class space    used 10067K, capacity 12395K, committed 12464K, reserved 1048576K
Event: 4239.612 GC heap after
Heap after GC invocations=57 (full 23):
 PSYoungGen      total 79360K, used 0K [0x00000000f5580000, 0x00000000fb380000, 0x0000000100000000)
  eden space 64512K, 0% used [0x00000000f5580000,0x00000000f5580000,0x00000000f9480000)
  from space 14848K, 0% used [0x00000000fa500000,0x00000000fa500000,0x00000000fb380000)
  to   space 15872K, 0% used [0x00000000f9480000,0x00000000f9480000,0x00000000fa400000)
 ParOldGen       total 115200K, used 46106K [0x00000000e0000000, 0x00000000e7080000, 0x00000000f5580000)
  object space 115200K, 40% used [0x00000000e0000000,0x00000000e2d069a8,0x00000000e7080000)
 Metaspace       used 82715K, capacity 89628K, committed 90024K, reserved 1126400K
  class space    used 10067K, capacity 12395K, committed 12464K, reserved 1048576K
}
Event: 4299.512 GC heap before
{Heap before GC invocations=58 (full 23):
 PSYoungGen      total 79360K, used 2530K [0x00000000f5580000, 0x00000000fb380000, 0x0000000100000000)
  eden space 64512K, 3% used [0x00000000f5580000,0x00000000f57f8b20,0x00000000f9480000)
  from space 14848K, 0% used [0x00000000fa500000,0x00000000fa500000,0x00000000fb380000)
  to   space 15872K, 0% used [0x00000000f9480000,0x00000000f9480000,0x00000000fa400000)
 ParOldGen       total 115200K, used 46106K [0x00000000e0000000, 0x00000000e7080000, 0x00000000f5580000)
  object space 115200K, 40% used [0x00000000e0000000,0x00000000e2d069a8,0x00000000e7080000)
 Metaspace       used 82715K, capacity 89628K, committed 90024K, reserved 1126400K
  class space    used 10067K, capacity 12395K, committed 12464K, reserved 1048576K
Event: 4299.515 GC heap after
Heap after GC invocations=58 (full 23):
 PSYoungGen      total 65024K, used 160K [0x00000000f5580000, 0x00000000fb180000, 0x0000000100000000)
  eden space 64512K, 0% used [0x00000000f5580000,0x00000000f5580000,0x00000000f9480000)
  from space 512K, 31% used [0x00000000f9480000,0x00000000f94a8000,0x00000000f9500000)
  to   space 14848K, 0% used [0x00000000fa300000,0x00000000fa300000,0x00000000fb180000)
 ParOldGen       total 115200K, used 46106K [0x00000000e0000000, 0x00000000e7080000, 0x00000000f5580000)
  object space 115200K, 40% used [0x00000000e0000000,0x00000000e2d069a8,0x00000000e7080000)
 Metaspace       used 82715K, capacity 89628K, committed 90024K, reserved 1126400K
  class space    used 10067K, capacity 12395K, committed 12464K, reserved 1048576K
}
Event: 4299.515 GC heap before
{Heap before GC invocations=59 (full 24):
 PSYoungGen      total 65024K, used 160K [0x00000000f5580000, 0x00000000fb180000, 0x0000000100000000)
  eden space 64512K, 0% used [0x00000000f5580000,0x00000000f5580000,0x00000000f9480000)
  from space 512K, 31% used [0x00000000f9480000,0x00000000f94a8000,0x00000000f9500000)
  to   space 14848K, 0% used [0x00000000fa300000,0x00000000fa300000,0x00000000fb180000)
 ParOldGen       total 115200K, used 46106K [0x00000000e0000000, 0x00000000e7080000, 0x00000000f5580000)
  object space 115200K, 40% used [0x00000000e0000000,0x00000000e2d069a8,0x00000000e7080000)
 Metaspace       used 82715K, capacity 89628K, committed 90024K, reserved 1126400K
  class space    used 10067K, capacity 12395K, committed 12464K, reserved 1048576K
Event: 4299.611 GC heap after
Heap after GC invocations=59 (full 24):
 PSYoungGen      total 65024K, used 0K [0x00000000f5580000, 0x00000000fb180000, 0x0000000100000000)
  eden space 64512K, 0% used [0x00000000f5580000,0x00000000f5580000,0x00000000f9480000)
  from space 512K, 0% used [0x00000000f9480000,0x00000000f9480000,0x00000000f9500000)
  to   space 14848K, 0% used [0x00000000fa300000,0x00000000fa300000,0x00000000fb180000)
 ParOldGen       total 115200K, used 45960K [0x00000000e0000000, 0x00000000e7080000, 0x00000000f5580000)
  object space 115200K, 39% used [0x00000000e0000000,0x00000000e2ce2010,0x00000000e7080000)
 Metaspace       used 82715K, capacity 89628K, committed 90024K, reserved 1126400K
  class space    used 10067K, capacity 12395K, committed 12464K, reserved 1048576K
}

