# JRE version: Java(TM) SE Runtime Environment (8.0_66-b18) (build 1.8.0_66-b18)
# Java VM: Java HotSpot(TM) 64-Bit Server VM (25.66-b18 mixed mode windows-amd64 compressed oops)
Heap:
 PSYoungGen      total 152064K, used 67672K [0x00000000f5580000, 0x00000000fff80000, 0x0000000100000000)
  eden space 133632K, 48% used [0x00000000f5580000,0x00000000f94fc3e8,0x00000000fd800000)
  from space 18432K, 14% used [0x00000000fd800000,0x00000000fda99c60,0x00000000fea00000)
  to   space 17408K, 0% used [0x00000000fee80000,0x00000000fee80000,0x00000000fff80000)
 ParOldGen       total 94208K, used 61015K [0x00000000e0000000, 0x00000000e5c00000, 0x00000000f5580000)
  object space 94208K, 64% used [0x00000000e0000000,0x00000000e3b95c10,0x00000000e5c00000)
 Metaspace       used 92222K, capacity 99478K, committed 99584K, reserved 1136640K
  class space    used 10903K, capacity 13274K, committed 13312K, reserved 1048576K
GC Heap History (10 events):
Event: 735.358 GC heap before
{Heap before GC invocations=50 (full 14):
 PSYoungGen      total 124416K, used 22445K [0x00000000f5580000, 0x00000000ff880000, 0x0000000100000000)
  eden space 122880K, 18% used [0x00000000f5580000,0x00000000f6b6b580,0x00000000fcd80000)
  from space 1536K, 0% used [0x00000000fcd80000,0x00000000fcd80000,0x00000000fcf00000)
  to   space 22016K, 0% used [0x00000000fe300000,0x00000000fe300000,0x00000000ff880000)
 ParOldGen       total 94208K, used 59648K [0x00000000e0000000, 0x00000000e5c00000, 0x00000000f5580000)
  object space 94208K, 63% used [0x00000000e0000000,0x00000000e3a40268,0x00000000e5c00000)
 Metaspace       used 89232K, capacity 96664K, committed 97024K, reserved 1132544K
  class space    used 10646K, capacity 12964K, committed 13056K, reserved 1048576K
Event: 735.361 GC heap after
Heap after GC invocations=50 (full 14):
 PSYoungGen      total 142848K, used 695K [0x00000000f5580000, 0x00000000ff680000, 0x0000000100000000)
  eden space 122880K, 0% used [0x00000000f5580000,0x00000000f5580000,0x00000000fcd80000)
  from space 19968K, 3% used [0x00000000fe300000,0x00000000fe3add20,0x00000000ff680000)
  to   space 20992K, 0% used [0x00000000fcd80000,0x00000000fcd80000,0x00000000fe200000)
 ParOldGen       total 94208K, used 59656K [0x00000000e0000000, 0x00000000e5c00000, 0x00000000f5580000)
  object space 94208K, 63% used [0x00000000e0000000,0x00000000e3a42268,0x00000000e5c00000)
 Metaspace       used 89232K, capacity 96664K, committed 97024K, reserved 1132544K
  class space    used 10646K, capacity 12964K, committed 13056K, reserved 1048576K
}
Event: 735.361 GC heap before
{Heap before GC invocations=51 (full 15):
 PSYoungGen      total 142848K, used 695K [0x00000000f5580000, 0x00000000ff680000, 0x0000000100000000)
  eden space 122880K, 0% used [0x00000000f5580000,0x00000000f5580000,0x00000000fcd80000)
  from space 19968K, 3% used [0x00000000fe300000,0x00000000fe3add20,0x00000000ff680000)
  to   space 20992K, 0% used [0x00000000fcd80000,0x00000000fcd80000,0x00000000fe200000)
 ParOldGen       total 94208K, used 59656K [0x00000000e0000000, 0x00000000e5c00000, 0x00000000f5580000)
  object space 94208K, 63% used [0x00000000e0000000,0x00000000e3a42268,0x00000000e5c00000)
 Metaspace       used 89232K, capacity 96664K, committed 97024K, reserved 1132544K
  class space    used 10646K, capacity 12964K, committed 13056K, reserved 1048576K
Event: 735.515 GC heap after
Heap after GC invocations=51 (full 15):
 PSYoungGen      total 142848K, used 0K [0x00000000f5580000, 0x00000000ff680000, 0x0000000100000000)
  eden space 122880K, 0% used [0x00000000f5580000,0x00000000f5580000,0x00000000fcd80000)
  from space 19968K, 0% used [0x00000000fe300000,0x00000000fe300000,0x00000000ff680000)
  to   space 20992K, 0% used [0x00000000fcd80000,0x00000000fcd80000,0x00000000fe200000)
 ParOldGen       total 94208K, used 59216K [0x00000000e0000000, 0x00000000e5c00000, 0x00000000f5580000)
  object space 94208K, 62% used [0x00000000e0000000,0x00000000e39d4150,0x00000000e5c00000)
 Metaspace       used 89232K, capacity 96664K, committed 97024K, reserved 1132544K
  class space    used 10646K, capacity 12964K, committed 13056K, reserved 1048576K
}
Event: 796.788 GC heap before
{Heap before GC invocations=52 (full 15):
 PSYoungGen      total 142848K, used 122880K [0x00000000f5580000, 0x00000000ff680000, 0x0000000100000000)
  eden space 122880K, 100% used [0x00000000f5580000,0x00000000fcd80000,0x00000000fcd80000)
  from space 19968K, 0% used [0x00000000fe300000,0x00000000fe300000,0x00000000ff680000)
  to   space 20992K, 0% used [0x00000000fcd80000,0x00000000fcd80000,0x00000000fe200000)
 ParOldGen       total 94208K, used 59216K [0x00000000e0000000, 0x00000000e5c00000, 0x00000000f5580000)
  object space 94208K, 62% used [0x00000000e0000000,0x00000000e39d4150,0x00000000e5c00000)
 Metaspace       used 89952K, capacity 97506K, committed 97920K, reserved 1134592K
  class space    used 10723K, capacity 13074K, committed 13184K, reserved 1048576K
Event: 796.794 GC heap after
Heap after GC invocations=52 (full 15):
 PSYoungGen      total 143872K, used 2848K [0x00000000f5580000, 0x00000000fff00000, 0x0000000100000000)
  eden space 122880K, 0% used [0x00000000f5580000,0x00000000f5580000,0x00000000fcd80000)
  from space 20992K, 13% used [0x00000000fcd80000,0x00000000fd0483b8,0x00000000fe200000)
  to   space 19968K, 0% used [0x00000000feb80000,0x00000000feb80000,0x00000000fff00000)
 ParOldGen       total 94208K, used 59224K [0x00000000e0000000, 0x00000000e5c00000, 0x00000000f5580000)
  object space 94208K, 62% used [0x00000000e0000000,0x00000000e39d6150,0x00000000e5c00000)
 Metaspace       used 89952K, capacity 97506K, committed 97920K, reserved 1134592K
  class space    used 10723K, capacity 13074K, committed 13184K, reserved 1048576K
}
Event: 914.298 GC heap before
{Heap before GC invocations=53 (full 15):
 PSYoungGen      total 143872K, used 125728K [0x00000000f5580000, 0x00000000fff00000, 0x0000000100000000)
  eden space 122880K, 100% used [0x00000000f5580000,0x00000000fcd80000,0x00000000fcd80000)
  from space 20992K, 13% used [0x00000000fcd80000,0x00000000fd0483b8,0x00000000fe200000)
  to   space 19968K, 0% used [0x00000000feb80000,0x00000000feb80000,0x00000000fff00000)
 ParOldGen       total 94208K, used 59224K [0x00000000e0000000, 0x00000000e5c00000, 0x00000000f5580000)
  object space 94208K, 62% used [0x00000000e0000000,0x00000000e39d6150,0x00000000e5c00000)
 Metaspace       used 90552K, capacity 97914K, committed 98176K, reserved 1134592K
  class space    used 10748K, capacity 13078K, committed 13184K, reserved 1048576K
Event: 914.304 GC heap after
Heap after GC invocations=53 (full 15):
 PSYoungGen      total 150528K, used 2475K [0x00000000f5580000, 0x00000000ffc00000, 0x0000000100000000)
  eden space 133632K, 0% used [0x00000000f5580000,0x00000000f5580000,0x00000000fd800000)
  from space 16896K, 14% used [0x00000000feb80000,0x00000000fedeadc8,0x00000000ffc00000)
  to   space 18432K, 0% used [0x00000000fd800000,0x00000000fd800000,0x00000000fea00000)
 ParOldGen       total 94208K, used 60280K [0x00000000e0000000, 0x00000000e5c00000, 0x00000000f5580000)
  object space 94208K, 63% used [0x00000000e0000000,0x00000000e3ade170,0x00000000e5c00000)
 Metaspace       used 90552K, capacity 97914K, committed 98176K, reserved 1134592K
  class space    used 10748K, capacity 13078K, committed 13184K, reserved 1048576K
}
Event: 1058.515 GC heap before
{Heap before GC invocations=54 (full 15):
 PSYoungGen      total 150528K, used 136107K [0x00000000f5580000, 0x00000000ffc00000, 0x0000000100000000)
  eden space 133632K, 100% used [0x00000000f5580000,0x00000000fd800000,0x00000000fd800000)
  from space 16896K, 14% used [0x00000000feb80000,0x00000000fedeadc8,0x00000000ffc00000)
  to   space 18432K, 0% used [0x00000000fd800000,0x00000000fd800000,0x00000000fea00000)
 ParOldGen       total 94208K, used 60280K [0x00000000e0000000, 0x00000000e5c00000, 0x00000000f5580000)
  object space 94208K, 63% used [0x00000000e0000000,0x00000000e3ade170,0x00000000e5c00000)
 Metaspace       used 91259K, capacity 98688K, committed 98944K, reserved 1134592K
  class space    used 10802K, capacity 13143K, committed 13184K, reserved 1048576K
Event: 1058.520 GC heap after
Heap after GC invocations=54 (full 15):
 PSYoungGen      total 152064K, used 2663K [0x00000000f5580000, 0x00000000fff80000, 0x0000000100000000)
  eden space 133632K, 0% used [0x00000000f5580000,0x00000000f5580000,0x00000000fd800000)
  from space 18432K, 14% used [0x00000000fd800000,0x00000000fda99c60,0x00000000fea00000)
  to   space 17408K, 0% used [0x00000000fee80000,0x00000000fee80000,0x00000000fff80000)
 ParOldGen       total 94208K, used 61015K [0x00000000e0000000, 0x00000000e5c00000, 0x00000000f5580000)
  object space 94208K, 64% used [0x00000000e0000000,0x00000000e3b95c10,0x00000000e5c00000)
 Metaspace       used 91259K, capacity 98688K, committed 98944K, reserved 1134592K
  class space    used 10802K, capacity 13143K, committed 13184K, reserved 1048576K
}

