# JRE version: Java(TM) SE Runtime Environment (8.0_45-b15) (build 1.8.0_45-b15)
# Java VM: Java HotSpot(TM) 64-Bit Server VM (25.45-b02 mixed mode windows-amd64 compressed oops)
Heap:
 PSYoungGen      total 82944K, used 65139K [0x00000000f5580000, 0x00000000fc780000, 0x0000000100000000)
  eden space 66560K, 97% used [0x00000000f5580000,0x00000000f951cdd0,0x00000000f9680000)
  from space 16384K, 0% used [0x00000000f9680000,0x00000000f9680000,0x00000000fa680000)
  to   space 19456K, 0% used [0x00000000fb480000,0x00000000fb480000,0x00000000fc780000)
 ParOldGen       total 102912K, used 37454K [0x00000000e0000000, 0x00000000e6480000, 0x00000000f5580000)
  object space 102912K, 36% used [0x00000000e0000000,0x00000000e2493ae0,0x00000000e6480000)
 Metaspace       used 63346K, capacity 68870K, committed 69120K, reserved 1110016K
  class space    used 7768K, capacity 9455K, committed 9472K, reserved 1048576K
GC Heap History (10 events):
Event: 5.749 GC heap before
{Heap before GC invocations=8 (full 1):
 PSYoungGen      total 56832K, used 19760K [0x00000000f5580000, 0x00000000fa300000, 0x0000000100000000)
  eden space 44544K, 16% used [0x00000000f5580000,0x00000000f5cd0200,0x00000000f8100000)
  from space 12288K, 99% used [0x00000000f8f80000,0x00000000f9b7bf18,0x00000000f9b80000)
  to   space 14848K, 0% used [0x00000000f8100000,0x00000000f8100000,0x00000000f8f80000)
 ParOldGen       total 44544K, used 21147K [0x00000000e0000000, 0x00000000e2b80000, 0x00000000f5580000)
  object space 44544K, 47% used [0x00000000e0000000,0x00000000e14a6ea8,0x00000000e2b80000)
 Metaspace       used 32874K, capacity 35402K, committed 35496K, reserved 1079296K
  class space    used 3982K, capacity 4815K, committed 4864K, reserved 1048576K
Event: 5.768 GC heap after
Heap after GC invocations=8 (full 1):
 PSYoungGen      total 59392K, used 9574K [0x00000000f5580000, 0x00000000fb800000, 0x0000000100000000)
  eden space 44544K, 0% used [0x00000000f5580000,0x00000000f5580000,0x00000000f8100000)
  from space 14848K, 64% used [0x00000000f8100000,0x00000000f8a59ba0,0x00000000f8f80000)
  to   space 14848K, 0% used [0x00000000fa980000,0x00000000fa980000,0x00000000fb800000)
 ParOldGen       total 44544K, used 21155K [0x00000000e0000000, 0x00000000e2b80000, 0x00000000f5580000)
  object space 44544K, 47% used [0x00000000e0000000,0x00000000e14a8ea8,0x00000000e2b80000)
 Metaspace       used 32874K, capacity 35402K, committed 35496K, reserved 1079296K
  class space    used 3982K, capacity 4815K, committed 4864K, reserved 1048576K
}
Event: 5.768 GC heap before
{Heap before GC invocations=9 (full 2):
 PSYoungGen      total 59392K, used 9574K [0x00000000f5580000, 0x00000000fb800000, 0x0000000100000000)
  eden space 44544K, 0% used [0x00000000f5580000,0x00000000f5580000,0x00000000f8100000)
  from space 14848K, 64% used [0x00000000f8100000,0x00000000f8a59ba0,0x00000000f8f80000)
  to   space 14848K, 0% used [0x00000000fa980000,0x00000000fa980000,0x00000000fb800000)
 ParOldGen       total 44544K, used 21155K [0x00000000e0000000, 0x00000000e2b80000, 0x00000000f5580000)
  object space 44544K, 47% used [0x00000000e0000000,0x00000000e14a8ea8,0x00000000e2b80000)
 Metaspace       used 32874K, capacity 35402K, committed 35496K, reserved 1079296K
  class space    used 3982K, capacity 4815K, committed 4864K, reserved 1048576K
Event: 5.920 GC heap after
Heap after GC invocations=9 (full 2):
 PSYoungGen      total 59392K, used 0K [0x00000000f5580000, 0x00000000fb800000, 0x0000000100000000)
  eden space 44544K, 0% used [0x00000000f5580000,0x00000000f5580000,0x00000000f8100000)
  from space 14848K, 0% used [0x00000000f8100000,0x00000000f8100000,0x00000000f8f80000)
  to   space 14848K, 0% used [0x00000000fa980000,0x00000000fa980000,0x00000000fb800000)
 ParOldGen       total 70144K, used 20347K [0x00000000e0000000, 0x00000000e4480000, 0x00000000f5580000)
  object space 70144K, 29% used [0x00000000e0000000,0x00000000e13ded40,0x00000000e4480000)
 Metaspace       used 32874K, capacity 35402K, committed 35496K, reserved 1079296K
  class space    used 3982K, capacity 4815K, committed 4864K, reserved 1048576K
}
Event: 6.993 GC heap before
{Heap before GC invocations=10 (full 2):
 PSYoungGen      total 59392K, used 44544K [0x00000000f5580000, 0x00000000fb800000, 0x0000000100000000)
  eden space 44544K, 100% used [0x00000000f5580000,0x00000000f8100000,0x00000000f8100000)
  from space 14848K, 0% used [0x00000000f8100000,0x00000000f8100000,0x00000000f8f80000)
  to   space 14848K, 0% used [0x00000000fa980000,0x00000000fa980000,0x00000000fb800000)
 ParOldGen       total 70144K, used 20347K [0x00000000e0000000, 0x00000000e4480000, 0x00000000f5580000)
  object space 70144K, 29% used [0x00000000e0000000,0x00000000e13ded40,0x00000000e4480000)
 Metaspace       used 42174K, capacity 45644K, committed 45952K, reserved 1089536K
  class space    used 5062K, capacity 6148K, committed 6272K, reserved 1048576K
Event: 7.008 GC heap after
Heap after GC invocations=10 (full 2):
 PSYoungGen      total 76800K, used 12950K [0x00000000f5580000, 0x00000000fb680000, 0x0000000100000000)
  eden space 63488K, 0% used [0x00000000f5580000,0x00000000f5580000,0x00000000f9380000)
  from space 13312K, 97% used [0x00000000fa980000,0x00000000fb625880,0x00000000fb680000)
  to   space 16384K, 0% used [0x00000000f9680000,0x00000000f9680000,0x00000000fa680000)
 ParOldGen       total 70144K, used 20355K [0x00000000e0000000, 0x00000000e4480000, 0x00000000f5580000)
  object space 70144K, 29% used [0x00000000e0000000,0x00000000e13e0d40,0x00000000e4480000)
 Metaspace       used 42174K, capacity 45644K, committed 45952K, reserved 1089536K
  class space    used 5062K, capacity 6148K, committed 6272K, reserved 1048576K
}
Event: 12.032 GC heap before
{Heap before GC invocations=11 (full 2):
 PSYoungGen      total 76800K, used 64602K [0x00000000f5580000, 0x00000000fb680000, 0x0000000100000000)
  eden space 63488K, 81% used [0x00000000f5580000,0x00000000f87f10a8,0x00000000f9380000)
  from space 13312K, 97% used [0x00000000fa980000,0x00000000fb625880,0x00000000fb680000)
  to   space 16384K, 0% used [0x00000000f9680000,0x00000000f9680000,0x00000000fa680000)
 ParOldGen       total 70144K, used 20355K [0x00000000e0000000, 0x00000000e4480000, 0x00000000f5580000)
  object space 70144K, 29% used [0x00000000e0000000,0x00000000e13e0d40,0x00000000e4480000)
 Metaspace       used 53629K, capacity 58994K, committed 59136K, reserved 1099776K
  class space    used 6660K, capacity 8362K, committed 8448K, reserved 1048576K
Event: 12.061 GC heap after
Heap after GC invocations=11 (full 2):
 PSYoungGen      total 82944K, used 16369K [0x00000000f5580000, 0x00000000fc780000, 0x0000000100000000)
  eden space 66560K, 0% used [0x00000000f5580000,0x00000000f5580000,0x00000000f9680000)
  from space 16384K, 99% used [0x00000000f9680000,0x00000000fa67c540,0x00000000fa680000)
  to   space 19456K, 0% used [0x00000000fb480000,0x00000000fb480000,0x00000000fc780000)
 ParOldGen       total 70144K, used 22661K [0x00000000e0000000, 0x00000000e4480000, 0x00000000f5580000)
  object space 70144K, 32% used [0x00000000e0000000,0x00000000e1621540,0x00000000e4480000)
 Metaspace       used 53629K, capacity 58994K, committed 59136K, reserved 1099776K
  class space    used 6660K, capacity 8362K, committed 8448K, reserved 1048576K
}
Event: 12.061 GC heap before
{Heap before GC invocations=12 (full 3):
 PSYoungGen      total 82944K, used 16369K [0x00000000f5580000, 0x00000000fc780000, 0x0000000100000000)
  eden space 66560K, 0% used [0x00000000f5580000,0x00000000f5580000,0x00000000f9680000)
  from space 16384K, 99% used [0x00000000f9680000,0x00000000fa67c540,0x00000000fa680000)
  to   space 19456K, 0% used [0x00000000fb480000,0x00000000fb480000,0x00000000fc780000)
 ParOldGen       total 70144K, used 22661K [0x00000000e0000000, 0x00000000e4480000, 0x00000000f5580000)
  object space 70144K, 32% used [0x00000000e0000000,0x00000000e1621540,0x00000000e4480000)
 Metaspace       used 53629K, capacity 58994K, committed 59136K, reserved 1099776K
  class space    used 6660K, capacity 8362K, committed 8448K, reserved 1048576K
Event: 12.402 GC heap after
Heap after GC invocations=12 (full 3):
 PSYoungGen      total 82944K, used 0K [0x00000000f5580000, 0x00000000fc780000, 0x0000000100000000)
  eden space 66560K, 0% used [0x00000000f5580000,0x00000000f5580000,0x00000000f9680000)
  from space 16384K, 0% used [0x00000000f9680000,0x00000000f9680000,0x00000000fa680000)
  to   space 19456K, 0% used [0x00000000fb480000,0x00000000fb480000,0x00000000fc780000)
 ParOldGen       total 102912K, used 37454K [0x00000000e0000000, 0x00000000e6480000, 0x00000000f5580000)
  object space 102912K, 36% used [0x00000000e0000000,0x00000000e2493ae0,0x00000000e6480000)
 Metaspace       used 53629K, capacity 58994K, committed 59136K, reserved 1099776K
  class space    used 6660K, capacity 8362K, committed 8448K, reserved 1048576K
}

