# JRE version: Java(TM) SE Runtime Environment (8.0_66-b18) (build 1.8.0_66-b18)
# Java VM: Java HotSpot(TM) 64-Bit Server VM (25.66-b18 mixed mode windows-amd64 compressed oops)
Heap:
 PSYoungGen      total 143872K, used 53113K [0x00000000f5580000, 0x0000000100000000, 0x0000000100000000)
  eden space 113152K, 46% used [0x00000000f5580000,0x00000000f895e700,0x00000000fc400000)
  from space 30720K, 0% used [0x00000000fc400000,0x00000000fc400000,0x00000000fe200000)
  to   space 29184K, 0% used [0x00000000fe380000,0x00000000fe380000,0x0000000100000000)
 ParOldGen       total 109568K, used 37987K [0x00000000e0000000, 0x00000000e6b00000, 0x00000000f5580000)
  object space 109568K, 34% used [0x00000000e0000000,0x00000000e2518d78,0x00000000e6b00000)
 Metaspace       used 76410K, capacity 83524K, committed 83880K, reserved 1122304K
  class space    used 9156K, capacity 11632K, committed 11696K, reserved 1048576K
GC Heap History (10 events):
Event: 8.019 GC heap before
{Heap before GC invocations=11 (full 3):
 PSYoungGen      total 141824K, used 10409K [0x00000000f5580000, 0x00000000ffb00000, 0x0000000100000000)
  eden space 121344K, 0% used [0x00000000f5580000,0x00000000f5580000,0x00000000fcc00000)
  from space 20480K, 50% used [0x00000000fe700000,0x00000000ff12a708,0x00000000ffb00000)
  to   space 24064K, 0% used [0x00000000fcc00000,0x00000000fcc00000,0x00000000fe380000)
 ParOldGen       total 88576K, used 33157K [0x00000000e0000000, 0x00000000e5680000, 0x00000000f5580000)
  object space 88576K, 37% used [0x00000000e0000000,0x00000000e2061610,0x00000000e5680000)
 Metaspace       used 54292K, capacity 59124K, committed 59160K, reserved 1099776K
  class space    used 6497K, capacity 8112K, committed 8112K, reserved 1048576K
Event: 8.179 GC heap after
Heap after GC invocations=11 (full 3):
 PSYoungGen      total 141824K, used 0K [0x00000000f5580000, 0x00000000ffb00000, 0x0000000100000000)
  eden space 121344K, 0% used [0x00000000f5580000,0x00000000f5580000,0x00000000fcc00000)
  from space 20480K, 0% used [0x00000000fe700000,0x00000000fe700000,0x00000000ffb00000)
  to   space 24064K, 0% used [0x00000000fcc00000,0x00000000fcc00000,0x00000000fe380000)
 ParOldGen       total 109568K, used 35878K [0x00000000e0000000, 0x00000000e6b00000, 0x00000000f5580000)
  object space 109568K, 32% used [0x00000000e0000000,0x00000000e2309ad0,0x00000000e6b00000)
 Metaspace       used 54292K, capacity 59124K, committed 59160K, reserved 1099776K
  class space    used 6497K, capacity 8112K, committed 8112K, reserved 1048576K
}
Event: 38.914 GC heap before
{Heap before GC invocations=12 (full 3):
 PSYoungGen      total 141824K, used 121344K [0x00000000f5580000, 0x00000000ffb00000, 0x0000000100000000)
  eden space 121344K, 100% used [0x00000000f5580000,0x00000000fcc00000,0x00000000fcc00000)
  from space 20480K, 0% used [0x00000000fe700000,0x00000000fe700000,0x00000000ffb00000)
  to   space 24064K, 0% used [0x00000000fcc00000,0x00000000fcc00000,0x00000000fe380000)
 ParOldGen       total 109568K, used 35882K [0x00000000e0000000, 0x00000000e6b00000, 0x00000000f5580000)
  object space 109568K, 32% used [0x00000000e0000000,0x00000000e230a850,0x00000000e6b00000)
 Metaspace       used 71655K, capacity 78472K, committed 78760K, reserved 1118208K
  class space    used 8647K, capacity 10860K, committed 10928K, reserved 1048576K
Event: 38.932 GC heap after
Heap after GC invocations=12 (full 3):
 PSYoungGen      total 145408K, used 24062K [0x00000000f5580000, 0x0000000100000000, 0x0000000100000000)
  eden space 121344K, 0% used [0x00000000f5580000,0x00000000f5580000,0x00000000fcc00000)
  from space 24064K, 99% used [0x00000000fcc00000,0x00000000fe37fb28,0x00000000fe380000)
  to   space 29184K, 0% used [0x00000000fe380000,0x00000000fe380000,0x0000000100000000)
 ParOldGen       total 109568K, used 39425K [0x00000000e0000000, 0x00000000e6b00000, 0x00000000f5580000)
  object space 109568K, 35% used [0x00000000e0000000,0x00000000e2680570,0x00000000e6b00000)
 Metaspace       used 71655K, capacity 78472K, committed 78760K, reserved 1118208K
  class space    used 8647K, capacity 10860K, committed 10928K, reserved 1048576K
}
Event: 1801.012 GC heap before
{Heap before GC invocations=13 (full 3):
 PSYoungGen      total 145408K, used 145406K [0x00000000f5580000, 0x0000000100000000, 0x0000000100000000)
  eden space 121344K, 100% used [0x00000000f5580000,0x00000000fcc00000,0x00000000fcc00000)
  from space 24064K, 99% used [0x00000000fcc00000,0x00000000fe37fb28,0x00000000fe380000)
  to   space 29184K, 0% used [0x00000000fe380000,0x00000000fe380000,0x0000000100000000)
 ParOldGen       total 109568K, used 39425K [0x00000000e0000000, 0x00000000e6b00000, 0x00000000f5580000)
  object space 109568K, 35% used [0x00000000e0000000,0x00000000e2680570,0x00000000e6b00000)
 Metaspace       used 75448K, capacity 82534K, committed 82856K, reserved 1120256K
  class space    used 9073K, capacity 11358K, committed 11440K, reserved 1048576K
Event: 1801.027 GC heap after
Heap after GC invocations=13 (full 3):
 PSYoungGen      total 142336K, used 20489K [0x00000000f5580000, 0x0000000100000000, 0x0000000100000000)
  eden space 113152K, 0% used [0x00000000f5580000,0x00000000f5580000,0x00000000fc400000)
  from space 29184K, 70% used [0x00000000fe380000,0x00000000ff782530,0x0000000100000000)
  to   space 30720K, 0% used [0x00000000fc400000,0x00000000fc400000,0x00000000fe200000)
 ParOldGen       total 109568K, used 39433K [0x00000000e0000000, 0x00000000e6b00000, 0x00000000f5580000)
  object space 109568K, 35% used [0x00000000e0000000,0x00000000e2682570,0x00000000e6b00000)
 Metaspace       used 75448K, capacity 82534K, committed 82856K, reserved 1120256K
  class space    used 9073K, capacity 11358K, committed 11440K, reserved 1048576K
}
Event: 2357.086 GC heap before
{Heap before GC invocations=14 (full 3):
 PSYoungGen      total 142336K, used 51443K [0x00000000f5580000, 0x0000000100000000, 0x0000000100000000)
  eden space 113152K, 27% used [0x00000000f5580000,0x00000000f73baa48,0x00000000fc400000)
  from space 29184K, 70% used [0x00000000fe380000,0x00000000ff782530,0x0000000100000000)
  to   space 30720K, 0% used [0x00000000fc400000,0x00000000fc400000,0x00000000fe200000)
 ParOldGen       total 109568K, used 39433K [0x00000000e0000000, 0x00000000e6b00000, 0x00000000f5580000)
  object space 109568K, 35% used [0x00000000e0000000,0x00000000e2682570,0x00000000e6b00000)
 Metaspace       used 75583K, capacity 82682K, committed 82856K, reserved 1120256K
  class space    used 9079K, capacity 11427K, committed 11440K, reserved 1048576K
Event: 2357.096 GC heap after
Heap after GC invocations=14 (full 3):
 PSYoungGen      total 143872K, used 11547K [0x00000000f5580000, 0x0000000100000000, 0x0000000100000000)
  eden space 113152K, 0% used [0x00000000f5580000,0x00000000f5580000,0x00000000fc400000)
  from space 30720K, 37% used [0x00000000fc400000,0x00000000fcf46ee0,0x00000000fe200000)
  to   space 29184K, 0% used [0x00000000fe380000,0x00000000fe380000,0x0000000100000000)
 ParOldGen       total 109568K, used 39441K [0x00000000e0000000, 0x00000000e6b00000, 0x00000000f5580000)
  object space 109568K, 35% used [0x00000000e0000000,0x00000000e2684570,0x00000000e6b00000)
 Metaspace       used 75583K, capacity 82682K, committed 82856K, reserved 1120256K
  class space    used 9079K, capacity 11427K, committed 11440K, reserved 1048576K
}
Event: 2357.096 GC heap before
{Heap before GC invocations=15 (full 4):
 PSYoungGen      total 143872K, used 11547K [0x00000000f5580000, 0x0000000100000000, 0x0000000100000000)
  eden space 113152K, 0% used [0x00000000f5580000,0x00000000f5580000,0x00000000fc400000)
  from space 30720K, 37% used [0x00000000fc400000,0x00000000fcf46ee0,0x00000000fe200000)
  to   space 29184K, 0% used [0x00000000fe380000,0x00000000fe380000,0x0000000100000000)
 ParOldGen       total 109568K, used 39441K [0x00000000e0000000, 0x00000000e6b00000, 0x00000000f5580000)
  object space 109568K, 35% used [0x00000000e0000000,0x00000000e2684570,0x00000000e6b00000)
 Metaspace       used 75583K, capacity 82682K, committed 82856K, reserved 1120256K
  class space    used 9079K, capacity 11427K, committed 11440K, reserved 1048576K
Event: 2357.249 GC heap after
Heap after GC invocations=15 (full 4):
 PSYoungGen      total 143872K, used 0K [0x00000000f5580000, 0x0000000100000000, 0x0000000100000000)
  eden space 113152K, 0% used [0x00000000f5580000,0x00000000f5580000,0x00000000fc400000)
  from space 30720K, 0% used [0x00000000fc400000,0x00000000fc400000,0x00000000fe200000)
  to   space 29184K, 0% used [0x00000000fe380000,0x00000000fe380000,0x0000000100000000)
 ParOldGen       total 109568K, used 37987K [0x00000000e0000000, 0x00000000e6b00000, 0x00000000f5580000)
  object space 109568K, 34% used [0x00000000e0000000,0x00000000e2518d78,0x00000000e6b00000)
 Metaspace       used 75511K, capacity 82558K, committed 82856K, reserved 1120256K
  class space    used 9066K, capacity 11403K, committed 11440K, reserved 1048576K
}

