# JRE version: Java(TM) SE Runtime Environment (8.0_66-b18) (build 1.8.0_66-b18)
# Java VM: Java HotSpot(TM) 64-Bit Server VM (25.66-b18 mixed mode windows-amd64 compressed oops)
Heap:
 PSYoungGen      total 139776K, used 70377K [0x00000000f5580000, 0x00000000ffe80000, 0x0000000100000000)
  eden space 115712K, 54% used [0x00000000f5580000,0x00000000f92deda0,0x00000000fc680000)
  from space 24064K, 31% used [0x00000000fc680000,0x00000000fcddb900,0x00000000fde00000)
  to   space 23040K, 0% used [0x00000000fe800000,0x00000000fe800000,0x00000000ffe80000)
 ParOldGen       total 103936K, used 59103K [0x00000000e0000000, 0x00000000e6580000, 0x00000000f5580000)
  object space 103936K, 56% used [0x00000000e0000000,0x00000000e39b7e88,0x00000000e6580000)
 Metaspace       used 84413K, capacity 91730K, committed 91816K, reserved 1128448K
  class space    used 10221K, capacity 12663K, committed 12720K, reserved 1048576K
GC Heap History (10 events):
Event: 5.704 GC heap before
{Heap before GC invocations=15 (full 3):
 PSYoungGen      total 88064K, used 84140K [0x00000000f5580000, 0x00000000fda80000, 0x0000000100000000)
  eden space 66560K, 100% used [0x00000000f5580000,0x00000000f9680000,0x00000000f9680000)
  from space 21504K, 81% used [0x00000000f9680000,0x00000000fa7ab3d8,0x00000000fab80000)
  to   space 23040K, 0% used [0x00000000fc400000,0x00000000fc400000,0x00000000fda80000)
 ParOldGen       total 103936K, used 37787K [0x00000000e0000000, 0x00000000e6580000, 0x00000000f5580000)
  object space 103936K, 36% used [0x00000000e0000000,0x00000000e24e6eb8,0x00000000e6580000)
 Metaspace       used 72002K, capacity 78246K, committed 78376K, reserved 1116160K
  class space    used 8753K, capacity 10682K, committed 10800K, reserved 1048576K
Event: 5.730 GC heap after
Heap after GC invocations=15 (full 3):
 PSYoungGen      total 111616K, used 18345K [0x00000000f5580000, 0x00000000fdd80000, 0x0000000100000000)
  eden space 88576K, 0% used [0x00000000f5580000,0x00000000f5580000,0x00000000fac00000)
  from space 23040K, 79% used [0x00000000fc400000,0x00000000fd5ea668,0x00000000fda80000)
  to   space 24576K, 0% used [0x00000000fac00000,0x00000000fac00000,0x00000000fc400000)
 ParOldGen       total 103936K, used 37795K [0x00000000e0000000, 0x00000000e6580000, 0x00000000f5580000)
  object space 103936K, 36% used [0x00000000e0000000,0x00000000e24e8eb8,0x00000000e6580000)
 Metaspace       used 72002K, capacity 78246K, committed 78376K, reserved 1116160K
  class space    used 8753K, capacity 10682K, committed 10800K, reserved 1048576K
}
Event: 36.025 GC heap before
{Heap before GC invocations=16 (full 3):
 PSYoungGen      total 111616K, used 106921K [0x00000000f5580000, 0x00000000fdd80000, 0x0000000100000000)
  eden space 88576K, 100% used [0x00000000f5580000,0x00000000fac00000,0x00000000fac00000)
  from space 23040K, 79% used [0x00000000fc400000,0x00000000fd5ea668,0x00000000fda80000)
  to   space 24576K, 0% used [0x00000000fac00000,0x00000000fac00000,0x00000000fc400000)
 ParOldGen       total 103936K, used 37795K [0x00000000e0000000, 0x00000000e6580000, 0x00000000f5580000)
  object space 103936K, 36% used [0x00000000e0000000,0x00000000e24e8eb8,0x00000000e6580000)
 Metaspace       used 77486K, capacity 83984K, committed 84264K, reserved 1122304K
  class space    used 9422K, capacity 11496K, committed 11568K, reserved 1048576K
Event: 36.041 GC heap after
Heap after GC invocations=16 (full 3):
 PSYoungGen      total 113152K, used 9076K [0x00000000f5580000, 0x00000000ff500000, 0x0000000100000000)
  eden space 88576K, 0% used [0x00000000f5580000,0x00000000f5580000,0x00000000fac00000)
  from space 24576K, 36% used [0x00000000fac00000,0x00000000fb4dd160,0x00000000fc400000)
  to   space 23552K, 0% used [0x00000000fde00000,0x00000000fde00000,0x00000000ff500000)
 ParOldGen       total 103936K, used 51241K [0x00000000e0000000, 0x00000000e6580000, 0x00000000f5580000)
  object space 103936K, 49% used [0x00000000e0000000,0x00000000e320a6b0,0x00000000e6580000)
 Metaspace       used 77486K, capacity 83984K, committed 84264K, reserved 1122304K
  class space    used 9422K, capacity 11496K, committed 11568K, reserved 1048576K
}
Event: 61.922 GC heap before
{Heap before GC invocations=17 (full 3):
 PSYoungGen      total 113152K, used 47739K [0x00000000f5580000, 0x00000000ff500000, 0x0000000100000000)
  eden space 88576K, 43% used [0x00000000f5580000,0x00000000f7b41b60,0x00000000fac00000)
  from space 24576K, 36% used [0x00000000fac00000,0x00000000fb4dd160,0x00000000fc400000)
  to   space 23552K, 0% used [0x00000000fde00000,0x00000000fde00000,0x00000000ff500000)
 ParOldGen       total 103936K, used 51241K [0x00000000e0000000, 0x00000000e6580000, 0x00000000f5580000)
  object space 103936K, 49% used [0x00000000e0000000,0x00000000e320a6b0,0x00000000e6580000)
 Metaspace       used 79676K, capacity 86378K, committed 86696K, reserved 1124352K
  class space    used 9697K, capacity 11861K, committed 11952K, reserved 1048576K
Event: 61.933 GC heap after
Heap after GC invocations=17 (full 3):
 PSYoungGen      total 139264K, used 3589K [0x00000000f5580000, 0x00000000ff600000, 0x0000000100000000)
  eden space 115712K, 0% used [0x00000000f5580000,0x00000000f5580000,0x00000000fc680000)
  from space 23552K, 15% used [0x00000000fde00000,0x00000000fe181428,0x00000000ff500000)
  to   space 24064K, 0% used [0x00000000fc680000,0x00000000fc680000,0x00000000fde00000)
 ParOldGen       total 103936K, used 56393K [0x00000000e0000000, 0x00000000e6580000, 0x00000000f5580000)
  object space 103936K, 54% used [0x00000000e0000000,0x00000000e3712498,0x00000000e6580000)
 Metaspace       used 79676K, capacity 86378K, committed 86696K, reserved 1124352K
  class space    used 9697K, capacity 11861K, committed 11952K, reserved 1048576K
}
Event: 61.933 GC heap before
{Heap before GC invocations=18 (full 4):
 PSYoungGen      total 139264K, used 3589K [0x00000000f5580000, 0x00000000ff600000, 0x0000000100000000)
  eden space 115712K, 0% used [0x00000000f5580000,0x00000000f5580000,0x00000000fc680000)
  from space 23552K, 15% used [0x00000000fde00000,0x00000000fe181428,0x00000000ff500000)
  to   space 24064K, 0% used [0x00000000fc680000,0x00000000fc680000,0x00000000fde00000)
 ParOldGen       total 103936K, used 56393K [0x00000000e0000000, 0x00000000e6580000, 0x00000000f5580000)
  object space 103936K, 54% used [0x00000000e0000000,0x00000000e3712498,0x00000000e6580000)
 Metaspace       used 79676K, capacity 86378K, committed 86696K, reserved 1124352K
  class space    used 9697K, capacity 11861K, committed 11952K, reserved 1048576K
Event: 62.323 GC heap after
Heap after GC invocations=18 (full 4):
 PSYoungGen      total 139264K, used 0K [0x00000000f5580000, 0x00000000ff600000, 0x0000000100000000)
  eden space 115712K, 0% used [0x00000000f5580000,0x00000000f5580000,0x00000000fc680000)
  from space 23552K, 0% used [0x00000000fde00000,0x00000000fde00000,0x00000000ff500000)
  to   space 24064K, 0% used [0x00000000fc680000,0x00000000fc680000,0x00000000fde00000)
 ParOldGen       total 103936K, used 59095K [0x00000000e0000000, 0x00000000e6580000, 0x00000000f5580000)
  object space 103936K, 56% used [0x00000000e0000000,0x00000000e39b5e88,0x00000000e6580000)
 Metaspace       used 79676K, capacity 86378K, committed 86696K, reserved 1124352K
  class space    used 9697K, capacity 11861K, committed 11952K, reserved 1048576K
}
Event: 902.052 GC heap before
{Heap before GC invocations=19 (full 4):
 PSYoungGen      total 139264K, used 115712K [0x00000000f5580000, 0x00000000ff600000, 0x0000000100000000)
  eden space 115712K, 100% used [0x00000000f5580000,0x00000000fc680000,0x00000000fc680000)
  from space 23552K, 0% used [0x00000000fde00000,0x00000000fde00000,0x00000000ff500000)
  to   space 24064K, 0% used [0x00000000fc680000,0x00000000fc680000,0x00000000fde00000)
 ParOldGen       total 103936K, used 59095K [0x00000000e0000000, 0x00000000e6580000, 0x00000000f5580000)
  object space 103936K, 56% used [0x00000000e0000000,0x00000000e39b5e88,0x00000000e6580000)
 Metaspace       used 83304K, capacity 90568K, committed 90920K, reserved 1128448K
  class space    used 10103K, capacity 12470K, committed 12592K, reserved 1048576K
Event: 902.060 GC heap after
Heap after GC invocations=19 (full 4):
 PSYoungGen      total 139776K, used 7534K [0x00000000f5580000, 0x00000000ffe80000, 0x0000000100000000)
  eden space 115712K, 0% used [0x00000000f5580000,0x00000000f5580000,0x00000000fc680000)
  from space 24064K, 31% used [0x00000000fc680000,0x00000000fcddb900,0x00000000fde00000)
  to   space 23040K, 0% used [0x00000000fe800000,0x00000000fe800000,0x00000000ffe80000)
 ParOldGen       total 103936K, used 59103K [0x00000000e0000000, 0x00000000e6580000, 0x00000000f5580000)
  object space 103936K, 56% used [0x00000000e0000000,0x00000000e39b7e88,0x00000000e6580000)
 Metaspace       used 83304K, capacity 90568K, committed 90920K, reserved 1128448K
  class space    used 10103K, capacity 12470K, committed 12592K, reserved 1048576K
}

