# JRE version: Java(TM) SE Runtime Environment (8.0_66-b18) (build 1.8.0_66-b18)
# Java VM: Java HotSpot(TM) 64-Bit Server VM (25.66-b18 mixed mode windows-amd64 compressed oops)
Heap:
 PSYoungGen      total 128000K, used 92569K [0x00000000f5580000, 0x0000000100000000, 0x0000000100000000)
  eden space 103936K, 66% used [0x00000000f5580000,0x00000000f98dd8a0,0x00000000fbb00000)
  from space 24064K, 98% used [0x00000000fbb00000,0x00000000fd208da8,0x00000000fd280000)
  to   space 36352K, 0% used [0x00000000fdc80000,0x00000000fdc80000,0x0000000100000000)
 ParOldGen       total 117760K, used 45027K [0x00000000e0000000, 0x00000000e7300000, 0x00000000f5580000)
  object space 117760K, 38% used [0x00000000e0000000,0x00000000e2bf8da0,0x00000000e7300000)
 Metaspace       used 85562K, capacity 93202K, committed 93336K, reserved 1130496K
  class space    used 10425K, capacity 12954K, committed 12976K, reserved 1048576K
GC Heap History (10 events):
Event: 4.815 GC heap before
{Heap before GC invocations=10 (full 2):
 PSYoungGen      total 109568K, used 41554K [0x00000000f5580000, 0x00000000ffc00000, 0x0000000100000000)
  eden space 89088K, 23% used [0x00000000f5580000,0x00000000f6a16608,0x00000000fac80000)
  from space 20480K, 99% used [0x00000000fac80000,0x00000000fc07e240,0x00000000fc080000)
  to   space 25088K, 0% used [0x00000000fe380000,0x00000000fe380000,0x00000000ffc00000)
 ParOldGen       total 89088K, used 29164K [0x00000000e0000000, 0x00000000e5700000, 0x00000000f5580000)
  object space 89088K, 32% used [0x00000000e0000000,0x00000000e1c7b208,0x00000000e5700000)
 Metaspace       used 54383K, capacity 58984K, committed 59160K, reserved 1099776K
  class space    used 6387K, capacity 7888K, committed 7984K, reserved 1048576K
Event: 4.823 GC heap after
Heap after GC invocations=10 (full 2):
 PSYoungGen      total 145920K, used 13878K [0x00000000f5580000, 0x00000000ffd80000, 0x0000000100000000)
  eden space 120832K, 0% used [0x00000000f5580000,0x00000000f5580000,0x00000000fcb80000)
  from space 25088K, 55% used [0x00000000fe380000,0x00000000ff10d850,0x00000000ffc00000)
  to   space 24576K, 0% used [0x00000000fcb80000,0x00000000fcb80000,0x00000000fe380000)
 ParOldGen       total 89088K, used 29172K [0x00000000e0000000, 0x00000000e5700000, 0x00000000f5580000)
  object space 89088K, 32% used [0x00000000e0000000,0x00000000e1c7d208,0x00000000e5700000)
 Metaspace       used 54383K, capacity 58984K, committed 59160K, reserved 1099776K
  class space    used 6387K, capacity 7888K, committed 7984K, reserved 1048576K
}
Event: 4.823 GC heap before
{Heap before GC invocations=11 (full 3):
 PSYoungGen      total 145920K, used 13878K [0x00000000f5580000, 0x00000000ffd80000, 0x0000000100000000)
  eden space 120832K, 0% used [0x00000000f5580000,0x00000000f5580000,0x00000000fcb80000)
  from space 25088K, 55% used [0x00000000fe380000,0x00000000ff10d850,0x00000000ffc00000)
  to   space 24576K, 0% used [0x00000000fcb80000,0x00000000fcb80000,0x00000000fe380000)
 ParOldGen       total 89088K, used 29172K [0x00000000e0000000, 0x00000000e5700000, 0x00000000f5580000)
  object space 89088K, 32% used [0x00000000e0000000,0x00000000e1c7d208,0x00000000e5700000)
 Metaspace       used 54383K, capacity 58984K, committed 59160K, reserved 1099776K
  class space    used 6387K, capacity 7888K, committed 7984K, reserved 1048576K
Event: 5.028 GC heap after
Heap after GC invocations=11 (full 3):
 PSYoungGen      total 145920K, used 0K [0x00000000f5580000, 0x00000000ffd80000, 0x0000000100000000)
  eden space 120832K, 0% used [0x00000000f5580000,0x00000000f5580000,0x00000000fcb80000)
  from space 25088K, 0% used [0x00000000fe380000,0x00000000fe380000,0x00000000ffc00000)
  to   space 24576K, 0% used [0x00000000fcb80000,0x00000000fcb80000,0x00000000fe380000)
 ParOldGen       total 117760K, used 39156K [0x00000000e0000000, 0x00000000e7300000, 0x00000000f5580000)
  object space 117760K, 33% used [0x00000000e0000000,0x00000000e263d0c0,0x00000000e7300000)
 Metaspace       used 54383K, capacity 58984K, committed 59160K, reserved 1099776K
  class space    used 6387K, capacity 7888K, committed 7984K, reserved 1048576K
}
Event: 6.584 GC heap before
{Heap before GC invocations=12 (full 3):
 PSYoungGen      total 145920K, used 120832K [0x00000000f5580000, 0x00000000ffd80000, 0x0000000100000000)
  eden space 120832K, 100% used [0x00000000f5580000,0x00000000fcb80000,0x00000000fcb80000)
  from space 25088K, 0% used [0x00000000fe380000,0x00000000fe380000,0x00000000ffc00000)
  to   space 24576K, 0% used [0x00000000fcb80000,0x00000000fcb80000,0x00000000fe380000)
 ParOldGen       total 117760K, used 39156K [0x00000000e0000000, 0x00000000e7300000, 0x00000000f5580000)
  object space 117760K, 33% used [0x00000000e0000000,0x00000000e263d0c0,0x00000000e7300000)
 Metaspace       used 72557K, capacity 79028K, committed 79256K, reserved 1118208K
  class space    used 8850K, capacity 10863K, committed 10928K, reserved 1048576K
Event: 6.612 GC heap after
Heap after GC invocations=12 (full 3):
 PSYoungGen      total 145408K, used 24547K [0x00000000f5580000, 0x0000000100000000, 0x0000000100000000)
  eden space 120832K, 0% used [0x00000000f5580000,0x00000000f5580000,0x00000000fcb80000)
  from space 24576K, 99% used [0x00000000fcb80000,0x00000000fe378fa8,0x00000000fe380000)
  to   space 29184K, 0% used [0x00000000fe380000,0x00000000fe380000,0x0000000100000000)
 ParOldGen       total 117760K, used 43744K [0x00000000e0000000, 0x00000000e7300000, 0x00000000f5580000)
  object space 117760K, 37% used [0x00000000e0000000,0x00000000e2ab81f0,0x00000000e7300000)
 Metaspace       used 72557K, capacity 79028K, committed 79256K, reserved 1118208K
  class space    used 8850K, capacity 10863K, committed 10928K, reserved 1048576K
}
Event: 22.904 GC heap before
{Heap before GC invocations=13 (full 3):
 PSYoungGen      total 145408K, used 145379K [0x00000000f5580000, 0x0000000100000000, 0x0000000100000000)
  eden space 120832K, 100% used [0x00000000f5580000,0x00000000fcb80000,0x00000000fcb80000)
  from space 24576K, 99% used [0x00000000fcb80000,0x00000000fe378fa8,0x00000000fe380000)
  to   space 29184K, 0% used [0x00000000fe380000,0x00000000fe380000,0x0000000100000000)
 ParOldGen       total 117760K, used 43744K [0x00000000e0000000, 0x00000000e7300000, 0x00000000f5580000)
  object space 117760K, 37% used [0x00000000e0000000,0x00000000e2ab81f0,0x00000000e7300000)
 Metaspace       used 82848K, capacity 90318K, committed 90392K, reserved 1126400K
  class space    used 10209K, capacity 12583K, committed 12592K, reserved 1048576K
Event: 22.925 GC heap after
Heap after GC invocations=13 (full 3):
 PSYoungGen      total 133120K, used 29161K [0x00000000f5580000, 0x0000000100000000, 0x0000000100000000)
  eden space 103936K, 0% used [0x00000000f5580000,0x00000000f5580000,0x00000000fbb00000)
  from space 29184K, 99% used [0x00000000fe380000,0x00000000ffffa708,0x0000000100000000)
  to   space 35328K, 0% used [0x00000000fbb00000,0x00000000fbb00000,0x00000000fdd80000)
 ParOldGen       total 117760K, used 45019K [0x00000000e0000000, 0x00000000e7300000, 0x00000000f5580000)
  object space 117760K, 38% used [0x00000000e0000000,0x00000000e2bf6da0,0x00000000e7300000)
 Metaspace       used 82848K, capacity 90318K, committed 90392K, reserved 1126400K
  class space    used 10209K, capacity 12583K, committed 12592K, reserved 1048576K
}
Event: 50.893 GC heap before
{Heap before GC invocations=14 (full 3):
 PSYoungGen      total 133120K, used 133097K [0x00000000f5580000, 0x0000000100000000, 0x0000000100000000)
  eden space 103936K, 100% used [0x00000000f5580000,0x00000000fbb00000,0x00000000fbb00000)
  from space 29184K, 99% used [0x00000000fe380000,0x00000000ffffa708,0x0000000100000000)
  to   space 35328K, 0% used [0x00000000fbb00000,0x00000000fbb00000,0x00000000fdd80000)
 ParOldGen       total 117760K, used 45019K [0x00000000e0000000, 0x00000000e7300000, 0x00000000f5580000)
  object space 117760K, 38% used [0x00000000e0000000,0x00000000e2bf6da0,0x00000000e7300000)
 Metaspace       used 84062K, capacity 91410K, committed 91544K, reserved 1128448K
  class space    used 10279K, capacity 12662K, committed 12720K, reserved 1048576K
Event: 50.907 GC heap after
Heap after GC invocations=14 (full 3):
 PSYoungGen      total 128000K, used 23587K [0x00000000f5580000, 0x0000000100000000, 0x0000000100000000)
  eden space 103936K, 0% used [0x00000000f5580000,0x00000000f5580000,0x00000000fbb00000)
  from space 24064K, 98% used [0x00000000fbb00000,0x00000000fd208da8,0x00000000fd280000)
  to   space 36352K, 0% used [0x00000000fdc80000,0x00000000fdc80000,0x0000000100000000)
 ParOldGen       total 117760K, used 45027K [0x00000000e0000000, 0x00000000e7300000, 0x00000000f5580000)
  object space 117760K, 38% used [0x00000000e0000000,0x00000000e2bf8da0,0x00000000e7300000)
 Metaspace       used 84062K, capacity 91410K, committed 91544K, reserved 1128448K
  class space    used 10279K, capacity 12662K, committed 12720K, reserved 1048576K
}

